#
# There is insufficient memory for the Java Runtime Environment to continue.
# Native memory allocation (malloc) failed to allocate 568096 bytes for Chunk::new
# Possible reasons:
#   The system is out of physical RAM or swap space
#   The process is running with CompressedOops enabled, and the Java Heap may be blocking the growth of the native heap
# Possible solutions:
#   Reduce memory load on the system
#   Increase physical memory or swap space
#   Check if swap backing store is full
#   Decrease Java heap size (-Xmx/-Xms)
#   Decrease number of Java threads
#   Decrease Java thread stack sizes (-Xss)
#   Set larger code cache with -XX:ReservedCodeCacheSize=
#   JVM is running with Unscaled Compressed Oops mode in which the Java heap is
#     placed in the first 4GB address space. The Java Heap base address is the
#     maximum limit for the native heap growth. Please use -XX:HeapBaseMinAddress
#     to set the Java Heap base and to place the Java Heap above 4GB virtual address.
# This output file may be truncated or incomplete.
#
#  Out of Memory Error (arena.cpp:189), pid=11748, tid=13288
#
# JRE version: Java(TM) SE Runtime Environment (17.0.10+11) (build 17.0.10+11-LTS-240)
# Java VM: Java HotSpot(TM) 64-Bit Server VM (17.0.10+11-LTS-240, mixed mode, sharing, tiered, compressed oops, compressed class ptrs, g1 gc, windows-amd64)
# No core dump will be written. Minidumps are not enabled by default on client versions of Windows
#

---------------  S U M M A R Y ------------

Command Line: --add-opens=java.base/java.util=ALL-UNNAMED --add-opens=java.base/java.lang=ALL-UNNAMED --add-opens=java.base/java.lang.invoke=ALL-UNNAMED --add-opens=java.prefs/java.util.prefs=ALL-UNNAMED --add-opens=java.base/java.nio.charset=ALL-UNNAMED --add-opens=java.base/java.net=ALL-UNNAMED --add-opens=java.base/java.util.concurrent.atomic=ALL-UNNAMED -XX:MaxMetaspaceSize=384m -XX:+HeapDumpOnOutOfMemoryError -Xms256m -Xmx512m -Dfile.encoding=windows-1252 -Duser.country=US -Duser.language=en -Duser.variant -javaagent:C:\Java\gradle-8.5\lib\agents\gradle-instrumentation-agent-8.5.jar org.gradle.launcher.daemon.bootstrap.GradleDaemon 8.5

Host: Intel(R) Core(TM) i5-10400 CPU @ 2.90GHz, 12 cores, 7G,  Windows 10 , 64 bit Build 19041 (10.0.19041.804)
Time: Fri Mar 15 16:39:44 2024 SE Asia Standard Time elapsed time: 23.953031 seconds (0d 0h 0m 23s)

---------------  T H R E A D  ---------------

Current thread (0x00000131a1be8cd0):  JavaThread "C2 CompilerThread0" daemon [_thread_in_native, id=13288, stack(0x0000000b17d00000,0x0000000b17e00000)]


Current CompileTask:
C2:  23953 3847       4       org.codehaus.groovy.runtime.metaclass.MetaMethodIndex::addMethodToList (128 bytes)

Stack: [0x0000000b17d00000,0x0000000b17e00000]
Native frames: (J=compiled Java code, j=interpreted, Vv=VM code, C=native code)
V  [jvm.dll+0x677a5a]
V  [jvm.dll+0x7d8b2d]
V  [jvm.dll+0x7da48e]
V  [jvm.dll+0x7daaf3]
V  [jvm.dll+0x2455ff]
V  [jvm.dll+0xaaafb]
V  [jvm.dll+0xab09c]
V  [jvm.dll+0x2aafef]
V  [jvm.dll+0x57fd55]
V  [jvm.dll+0x220472]
V  [jvm.dll+0x21954d]
V  [jvm.dll+0x216c79]
V  [jvm.dll+0x1a3410]
V  [jvm.dll+0x226aeb]
V  [jvm.dll+0x224cab]
V  [jvm.dll+0x78e45c]
V  [jvm.dll+0x78888a]
V  [jvm.dll+0x676935]
C  [ucrtbase.dll+0x21bb2]
C  [KERNEL32.DLL+0x17034]
C  [ntdll.dll+0x52651]


---------------  P R O C E S S  ---------------

Threads class SMR info:
_java_thread_list=0x00000131bb5e35d0, length=40, elements={
0x0000013186e429c0, 0x00000131a1bcab60, 0x00000131a1bcb6f0, 0x00000131a1be55a0,
0x00000131a1be5e70, 0x00000131a1be7750, 0x00000131a1be8020, 0x00000131a1be8cd0,
0x00000131a1be9690, 0x00000131a1bf5a40, 0x00000131a1bb7700, 0x00000131bb1eecd0,
0x00000131bca71d20, 0x00000131bd3e68b0, 0x00000131bcd547a0, 0x00000131bd2b4e00,
0x00000131bcb5d300, 0x00000131bd0c7b50, 0x00000131bd0ca3d0, 0x00000131bd0c7640,
0x00000131bd0c99b0, 0x00000131bd0ca8e0, 0x00000131bd0c8060, 0x00000131bd0c8570,
0x00000131bd0c8a80, 0x00000131bd0c94a0, 0x00000131bd0c8f90, 0x00000131bd0c9ec0,
0x00000131bbe9c970, 0x00000131bbea0630, 0x00000131bbe9b020, 0x00000131bbe9d390,
0x00000131bbe9e7d0, 0x00000131bbe9f700, 0x00000131bbe9fc10, 0x00000131bbe9c460,
0x00000131bbe9ab10, 0x00000131bbe9f1f0, 0x00000131bbe9e2c0, 0x00000131bbea0120
}

Java Threads: ( => current thread )
  0x0000013186e429c0 JavaThread "main" [_thread_blocked, id=12864, stack(0x0000000b17000000,0x0000000b17100000)]
  0x00000131a1bcab60 JavaThread "Reference Handler" daemon [_thread_blocked, id=10712, stack(0x0000000b17700000,0x0000000b17800000)]
  0x00000131a1bcb6f0 JavaThread "Finalizer" daemon [_thread_blocked, id=11092, stack(0x0000000b17800000,0x0000000b17900000)]
  0x00000131a1be55a0 JavaThread "Signal Dispatcher" daemon [_thread_blocked, id=14244, stack(0x0000000b17900000,0x0000000b17a00000)]
  0x00000131a1be5e70 JavaThread "Attach Listener" daemon [_thread_blocked, id=3020, stack(0x0000000b17a00000,0x0000000b17b00000)]
  0x00000131a1be7750 JavaThread "Service Thread" daemon [_thread_blocked, id=12740, stack(0x0000000b17b00000,0x0000000b17c00000)]
  0x00000131a1be8020 JavaThread "Monitor Deflation Thread" daemon [_thread_blocked, id=12720, stack(0x0000000b17c00000,0x0000000b17d00000)]
=>0x00000131a1be8cd0 JavaThread "C2 CompilerThread0" daemon [_thread_in_native, id=13288, stack(0x0000000b17d00000,0x0000000b17e00000)]
  0x00000131a1be9690 JavaThread "C1 CompilerThread0" daemon [_thread_blocked, id=11976, stack(0x0000000b17e00000,0x0000000b17f00000)]
  0x00000131a1bf5a40 JavaThread "Sweeper thread" daemon [_thread_blocked, id=11028, stack(0x0000000b17f00000,0x0000000b18000000)]
  0x00000131a1bb7700 JavaThread "Common-Cleaner" daemon [_thread_blocked, id=3224, stack(0x0000000b18000000,0x0000000b18100000)]
  0x00000131bb1eecd0 JavaThread "Notification Thread" daemon [_thread_blocked, id=11392, stack(0x0000000b18200000,0x0000000b18300000)]
  0x00000131bca71d20 JavaThread "Daemon health stats" [_thread_blocked, id=3192, stack(0x0000000b18900000,0x0000000b18a00000)]
  0x00000131bd3e68b0 JavaThread "Incoming local TCP Connector on port 52214" [_thread_in_native, id=11288, stack(0x0000000b18a00000,0x0000000b18b00000)]
  0x00000131bcd547a0 JavaThread "Daemon periodic checks" [_thread_blocked, id=4208, stack(0x0000000b18b00000,0x0000000b18c00000)]
  0x00000131bd2b4e00 JavaThread "Daemon" [_thread_blocked, id=1308, stack(0x0000000b18c00000,0x0000000b18d00000)]
  0x00000131bcb5d300 JavaThread "Handler for socket connection from /127.0.0.1:52214 to /127.0.0.1:52218" [_thread_in_native, id=12632, stack(0x0000000b18d00000,0x0000000b18e00000)]
  0x00000131bd0c7b50 JavaThread "Cancel handler" [_thread_blocked, id=7280, stack(0x0000000b18e00000,0x0000000b18f00000)]
  0x00000131bd0ca3d0 JavaThread "Daemon worker" [_thread_in_native, id=11736, stack(0x0000000b18f00000,0x0000000b19000000)]
  0x00000131bd0c7640 JavaThread "Asynchronous log dispatcher for DefaultDaemonConnection: socket connection from /127.0.0.1:52214 to /127.0.0.1:52218" [_thread_blocked, id=3788, stack(0x0000000b19000000,0x0000000b19100000)]
  0x00000131bd0c99b0 JavaThread "Stdin handler" [_thread_blocked, id=32, stack(0x0000000b19100000,0x0000000b19200000)]
  0x00000131bd0ca8e0 JavaThread "Daemon client event forwarder" [_thread_blocked, id=14868, stack(0x0000000b19200000,0x0000000b19300000)]
  0x00000131bd0c8060 JavaThread "Cache worker for journal cache (C:\Java\gradle-8.5\caches\journal-1)" [_thread_blocked, id=14344, stack(0x0000000b18100000,0x0000000b18200000)]
  0x00000131bd0c8570 JavaThread "File lock request listener" [_thread_in_native, id=12876, stack(0x0000000b19300000,0x0000000b19400000)]
  0x00000131bd0c8a80 JavaThread "File lock release action executor" [_thread_blocked, id=14328, stack(0x0000000b19400000,0x0000000b19500000)]
  0x00000131bd0c94a0 JavaThread "Cache worker for file hash cache (C:\Java\gradle-8.5\caches\8.5\fileHashes)" [_thread_blocked, id=14008, stack(0x0000000b19500000,0x0000000b19600000)]
  0x00000131bd0c8f90 JavaThread "File watcher server" daemon [_thread_in_native, id=7148, stack(0x0000000b19600000,0x0000000b19700000)]
  0x00000131bd0c9ec0 JavaThread "File watcher consumer" daemon [_thread_blocked, id=10484, stack(0x0000000b19700000,0x0000000b19800000)]
  0x00000131bbe9c970 JavaThread "Cache worker for checksums cache (T:\STT12_PhamHaNam_week6\gateway\.gradle\8.5\checksums)" [_thread_blocked, id=6128, stack(0x0000000b19e00000,0x0000000b19f00000)]
  0x00000131bbea0630 JavaThread "Cache worker for file hash cache (T:\STT12_PhamHaNam_week6\gateway\.gradle\8.5\fileHashes)" [_thread_blocked, id=3624, stack(0x0000000b19f00000,0x0000000b1a000000)]
  0x00000131bbe9b020 JavaThread "Cache worker for cache directory md-supplier (C:\Java\gradle-8.5\caches\8.5\md-supplier)" [_thread_blocked, id=13904, stack(0x0000000b1a000000,0x0000000b1a100000)]
  0x00000131bbe9d390 JavaThread "Cache worker for cache directory md-rule (C:\Java\gradle-8.5\caches\8.5\md-rule)" [_thread_blocked, id=9332, stack(0x0000000b1a100000,0x0000000b1a200000)]
  0x00000131bbe9e7d0 JavaThread "Cache worker for file content cache (C:\Java\gradle-8.5\caches\8.5\fileContent)" [_thread_blocked, id=15032, stack(0x0000000b1a200000,0x0000000b1a300000)]
  0x00000131bbe9f700 JavaThread "Cache worker for execution history cache (C:\Java\gradle-8.5\caches\8.5\executionHistory)" [_thread_blocked, id=6168, stack(0x0000000b1a300000,0x0000000b1a400000)]
  0x00000131bbe9fc10 JavaThread "jar transforms" [_thread_blocked, id=3428, stack(0x0000000b1a400000,0x0000000b1a500000)]
  0x00000131bbe9c460 JavaThread "jar transforms Thread 2" [_thread_blocked, id=14664, stack(0x0000000b1a500000,0x0000000b1a600000)]
  0x00000131bbe9ab10 JavaThread "jar transforms Thread 3" [_thread_blocked, id=14192, stack(0x0000000b1a600000,0x0000000b1a700000)]
  0x00000131bbe9f1f0 JavaThread "jar transforms Thread 4" [_thread_blocked, id=7912, stack(0x0000000b1a700000,0x0000000b1a800000)]
  0x00000131bbe9e2c0 JavaThread "jar transforms Thread 5" [_thread_blocked, id=13428, stack(0x0000000b1a800000,0x0000000b1a900000)]
  0x00000131bbea0120 JavaThread "jar transforms Thread 6" [_thread_blocked, id=9276, stack(0x0000000b1a900000,0x0000000b1aa00000)]

Other Threads:
  0x00000131a1bc7150 VMThread "VM Thread" [stack: 0x0000000b17600000,0x0000000b17700000] [id=11240]
  0x0000013186e95780 WatcherThread [stack: 0x0000000b18300000,0x0000000b18400000] [id=2012]
  0x0000013186e71a40 GCTaskThread "GC Thread#0" [stack: 0x0000000b17100000,0x0000000b17200000] [id=4504]
  0x00000131bb526270 GCTaskThread "GC Thread#1" [stack: 0x0000000b18400000,0x0000000b18500000] [id=11960]
  0x00000131bb526530 GCTaskThread "GC Thread#2" [stack: 0x0000000b18500000,0x0000000b18600000] [id=13252]
  0x00000131bbd231f0 GCTaskThread "GC Thread#3" [stack: 0x0000000b18600000,0x0000000b18700000] [id=12680]
  0x00000131bbd234b0 GCTaskThread "GC Thread#4" [stack: 0x0000000b18700000,0x0000000b18800000] [id=8572]
  0x00000131bbcc5180 GCTaskThread "GC Thread#5" [stack: 0x0000000b18800000,0x0000000b18900000] [id=11424]
  0x00000131be284470 GCTaskThread "GC Thread#6" [stack: 0x0000000b19800000,0x0000000b19900000] [id=14048]
  0x00000131bd972080 GCTaskThread "GC Thread#7" [stack: 0x0000000b19900000,0x0000000b19a00000] [id=2464]
  0x00000131bdf78c90 GCTaskThread "GC Thread#8" [stack: 0x0000000b19a00000,0x0000000b19b00000] [id=11052]
  0x00000131be4f6000 GCTaskThread "GC Thread#9" [stack: 0x0000000b19b00000,0x0000000b19c00000] [id=11144]
  0x0000013186e787c0 ConcurrentGCThread "G1 Main Marker" [stack: 0x0000000b17200000,0x0000000b17300000] [id=13164]
  0x0000013186e78fe0 ConcurrentGCThread "G1 Conc#0" [stack: 0x0000000b17300000,0x0000000b17400000] [id=11980]
  0x00000131bb101650 ConcurrentGCThread "G1 Conc#1" [stack: 0x0000000b19c00000,0x0000000b19d00000] [id=9980]
  0x00000131bb101910 ConcurrentGCThread "G1 Conc#2" [stack: 0x0000000b19d00000,0x0000000b19e00000] [id=10592]
  0x0000013186f1e970 ConcurrentGCThread "G1 Refine#0" [stack: 0x0000000b17400000,0x0000000b17500000] [id=10284]
  0x00000131a1a8e5b0 ConcurrentGCThread "G1 Service" [stack: 0x0000000b17500000,0x0000000b17600000] [id=13368]

Threads with active compile tasks:
C2 CompilerThread0    26617 3847       4       org.codehaus.groovy.runtime.metaclass.MetaMethodIndex::addMethodToList (128 bytes)

VM state: not at safepoint (normal execution)

VM Mutex/Monitor currently owned by a thread: None

Heap address: 0x00000000e0000000, size: 512 MB, Compressed Oops mode: 32-bit

CDS archive(s) mapped at: [0x00000131a2000000-0x00000131a2bd0000-0x00000131a2bd0000), size 12386304, SharedBaseAddress: 0x00000131a2000000, ArchiveRelocationMode: 1.
Compressed class space mapped at: 0x00000131a3000000-0x00000131b7000000, reserved size: 335544320
Narrow klass base: 0x00000131a2000000, Narrow klass shift: 0, Narrow klass range: 0x100000000

GC Precious Log:
 CPUs: 12 total, 12 available
 Memory: 7939M
 Large Page Support: Disabled
 NUMA Support: Disabled
 Compressed Oops: Enabled (32-bit)
 Heap Region Size: 1M
 Heap Min Capacity: 256M
 Heap Initial Capacity: 256M
 Heap Max Capacity: 512M
 Pre-touch: Disabled
 Parallel Workers: 10
 Concurrent Workers: 3
 Concurrent Refinement Workers: 10
 Periodic GC: Disabled

Heap:
 garbage-first heap   total 262144K, used 123187K [0x00000000e0000000, 0x0000000100000000)
  region size 1024K, 107 young (109568K), 12 survivors (12288K)
 Metaspace       used 33898K, committed 34304K, reserved 393216K
  class space    used 4690K, committed 4928K, reserved 327680K

Heap Regions: E=young(eden), S=young(survivor), O=old, HS=humongous(starts), HC=humongous(continues), CS=collection set, F=free, OA=open archive, CA=closed archive, TAMS=top-at-mark-start (previous, next)
|   0|0x00000000e0000000, 0x00000000e0100000, 0x00000000e0100000|100%|HS|  |TAMS 0x00000000e0100000, 0x00000000e0000000| Complete 
|   1|0x00000000e0100000, 0x00000000e0200000, 0x00000000e0200000|100%|HC|  |TAMS 0x00000000e0200000, 0x00000000e0100000| Complete 
|   2|0x00000000e0200000, 0x00000000e0300000, 0x00000000e0300000|100%|HC|  |TAMS 0x00000000e0300000, 0x00000000e0200000| Complete 
|   3|0x00000000e0300000, 0x00000000e0400000, 0x00000000e0400000|100%|HC|  |TAMS 0x00000000e0400000, 0x00000000e0300000| Complete 
|   4|0x00000000e0400000, 0x00000000e0500000, 0x00000000e0500000|100%| O|  |TAMS 0x00000000e0500000, 0x00000000e0400000| Untracked 
|   5|0x00000000e0500000, 0x00000000e0600000, 0x00000000e0600000|100%| O|  |TAMS 0x00000000e0600000, 0x00000000e0500000| Untracked 
|   6|0x00000000e0600000, 0x00000000e0700000, 0x00000000e0700000|100%| O|  |TAMS 0x00000000e0700000, 0x00000000e0600000| Untracked 
|   7|0x00000000e0700000, 0x00000000e0800000, 0x00000000e0800000|100%| O|  |TAMS 0x00000000e0800000, 0x00000000e0700000| Untracked 
|   8|0x00000000e0800000, 0x00000000e0900000, 0x00000000e0900000|100%|HS|  |TAMS 0x00000000e0800000, 0x00000000e0800000| Complete 
|   9|0x00000000e0900000, 0x00000000e0a00000, 0x00000000e0a00000|100%| O|  |TAMS 0x00000000e0a00000, 0x00000000e0900000| Untracked 
|  10|0x00000000e0a00000, 0x00000000e0b00000, 0x00000000e0b00000|100%| O|  |TAMS 0x00000000e0b00000, 0x00000000e0a00000| Untracked 
|  11|0x00000000e0b00000, 0x00000000e0b61800, 0x00000000e0c00000| 38%| O|  |TAMS 0x00000000e0b61800, 0x00000000e0b00000| Untracked 
|  12|0x00000000e0c00000, 0x00000000e0d00000, 0x00000000e0d00000|100%|HS|  |TAMS 0x00000000e0c00000, 0x00000000e0c00000| Complete 
|  13|0x00000000e0d00000, 0x00000000e0e00000, 0x00000000e0e00000|100%|HC|  |TAMS 0x00000000e0d00000, 0x00000000e0d00000| Complete 
|  14|0x00000000e0e00000, 0x00000000e0f00000, 0x00000000e0f00000|100%|HS|  |TAMS 0x00000000e0e00000, 0x00000000e0e00000| Complete 
|  15|0x00000000e0f00000, 0x00000000e1000000, 0x00000000e1000000|100%|HC|  |TAMS 0x00000000e0f00000, 0x00000000e0f00000| Complete 
|  16|0x00000000e1000000, 0x00000000e1000000, 0x00000000e1100000|  0%| F|  |TAMS 0x00000000e1000000, 0x00000000e1000000| Untracked 
|  17|0x00000000e1100000, 0x00000000e1100000, 0x00000000e1200000|  0%| F|  |TAMS 0x00000000e1100000, 0x00000000e1100000| Untracked 
|  18|0x00000000e1200000, 0x00000000e1200000, 0x00000000e1300000|  0%| F|  |TAMS 0x00000000e1200000, 0x00000000e1200000| Untracked 
|  19|0x00000000e1300000, 0x00000000e1300000, 0x00000000e1400000|  0%| F|  |TAMS 0x00000000e1300000, 0x00000000e1300000| Untracked 
|  20|0x00000000e1400000, 0x00000000e1400000, 0x00000000e1500000|  0%| F|  |TAMS 0x00000000e1400000, 0x00000000e1400000| Untracked 
|  21|0x00000000e1500000, 0x00000000e1500000, 0x00000000e1600000|  0%| F|  |TAMS 0x00000000e1500000, 0x00000000e1500000| Untracked 
|  22|0x00000000e1600000, 0x00000000e1600000, 0x00000000e1700000|  0%| F|  |TAMS 0x00000000e1600000, 0x00000000e1600000| Untracked 
|  23|0x00000000e1700000, 0x00000000e1700000, 0x00000000e1800000|  0%| F|  |TAMS 0x00000000e1700000, 0x00000000e1700000| Untracked 
|  24|0x00000000e1800000, 0x00000000e1800000, 0x00000000e1900000|  0%| F|  |TAMS 0x00000000e1800000, 0x00000000e1800000| Untracked 
|  25|0x00000000e1900000, 0x00000000e1900000, 0x00000000e1a00000|  0%| F|  |TAMS 0x00000000e1900000, 0x00000000e1900000| Untracked 
|  26|0x00000000e1a00000, 0x00000000e1a00000, 0x00000000e1b00000|  0%| F|  |TAMS 0x00000000e1a00000, 0x00000000e1a00000| Untracked 
|  27|0x00000000e1b00000, 0x00000000e1b00000, 0x00000000e1c00000|  0%| F|  |TAMS 0x00000000e1b00000, 0x00000000e1b00000| Untracked 
|  28|0x00000000e1c00000, 0x00000000e1c00000, 0x00000000e1d00000|  0%| F|  |TAMS 0x00000000e1c00000, 0x00000000e1c00000| Untracked 
|  29|0x00000000e1d00000, 0x00000000e1d00000, 0x00000000e1e00000|  0%| F|  |TAMS 0x00000000e1d00000, 0x00000000e1d00000| Untracked 
|  30|0x00000000e1e00000, 0x00000000e1e00000, 0x00000000e1f00000|  0%| F|  |TAMS 0x00000000e1e00000, 0x00000000e1e00000| Untracked 
|  31|0x00000000e1f00000, 0x00000000e1f00000, 0x00000000e2000000|  0%| F|  |TAMS 0x00000000e1f00000, 0x00000000e1f00000| Untracked 
|  32|0x00000000e2000000, 0x00000000e2000000, 0x00000000e2100000|  0%| F|  |TAMS 0x00000000e2000000, 0x00000000e2000000| Untracked 
|  33|0x00000000e2100000, 0x00000000e2100000, 0x00000000e2200000|  0%| F|  |TAMS 0x00000000e2100000, 0x00000000e2100000| Untracked 
|  34|0x00000000e2200000, 0x00000000e2200000, 0x00000000e2300000|  0%| F|  |TAMS 0x00000000e2200000, 0x00000000e2200000| Untracked 
|  35|0x00000000e2300000, 0x00000000e2300000, 0x00000000e2400000|  0%| F|  |TAMS 0x00000000e2300000, 0x00000000e2300000| Untracked 
|  36|0x00000000e2400000, 0x00000000e2400000, 0x00000000e2500000|  0%| F|  |TAMS 0x00000000e2400000, 0x00000000e2400000| Untracked 
|  37|0x00000000e2500000, 0x00000000e2500000, 0x00000000e2600000|  0%| F|  |TAMS 0x00000000e2500000, 0x00000000e2500000| Untracked 
|  38|0x00000000e2600000, 0x00000000e2600000, 0x00000000e2700000|  0%| F|  |TAMS 0x00000000e2600000, 0x00000000e2600000| Untracked 
|  39|0x00000000e2700000, 0x00000000e2700000, 0x00000000e2800000|  0%| F|  |TAMS 0x00000000e2700000, 0x00000000e2700000| Untracked 
|  40|0x00000000e2800000, 0x00000000e2800000, 0x00000000e2900000|  0%| F|  |TAMS 0x00000000e2800000, 0x00000000e2800000| Untracked 
|  41|0x00000000e2900000, 0x00000000e2900000, 0x00000000e2a00000|  0%| F|  |TAMS 0x00000000e2900000, 0x00000000e2900000| Untracked 
|  42|0x00000000e2a00000, 0x00000000e2a00000, 0x00000000e2b00000|  0%| F|  |TAMS 0x00000000e2a00000, 0x00000000e2a00000| Untracked 
|  43|0x00000000e2b00000, 0x00000000e2b00000, 0x00000000e2c00000|  0%| F|  |TAMS 0x00000000e2b00000, 0x00000000e2b00000| Untracked 
|  44|0x00000000e2c00000, 0x00000000e2c00000, 0x00000000e2d00000|  0%| F|  |TAMS 0x00000000e2c00000, 0x00000000e2c00000| Untracked 
|  45|0x00000000e2d00000, 0x00000000e2d00000, 0x00000000e2e00000|  0%| F|  |TAMS 0x00000000e2d00000, 0x00000000e2d00000| Untracked 
|  46|0x00000000e2e00000, 0x00000000e2e00000, 0x00000000e2f00000|  0%| F|  |TAMS 0x00000000e2e00000, 0x00000000e2e00000| Untracked 
|  47|0x00000000e2f00000, 0x00000000e2f00000, 0x00000000e3000000|  0%| F|  |TAMS 0x00000000e2f00000, 0x00000000e2f00000| Untracked 
|  48|0x00000000e3000000, 0x00000000e3000000, 0x00000000e3100000|  0%| F|  |TAMS 0x00000000e3000000, 0x00000000e3000000| Untracked 
|  49|0x00000000e3100000, 0x00000000e3100000, 0x00000000e3200000|  0%| F|  |TAMS 0x00000000e3100000, 0x00000000e3100000| Untracked 
|  50|0x00000000e3200000, 0x00000000e3200000, 0x00000000e3300000|  0%| F|  |TAMS 0x00000000e3200000, 0x00000000e3200000| Untracked 
|  51|0x00000000e3300000, 0x00000000e3300000, 0x00000000e3400000|  0%| F|  |TAMS 0x00000000e3300000, 0x00000000e3300000| Untracked 
|  52|0x00000000e3400000, 0x00000000e3400000, 0x00000000e3500000|  0%| F|  |TAMS 0x00000000e3400000, 0x00000000e3400000| Untracked 
|  53|0x00000000e3500000, 0x00000000e3500000, 0x00000000e3600000|  0%| F|  |TAMS 0x00000000e3500000, 0x00000000e3500000| Untracked 
|  54|0x00000000e3600000, 0x00000000e3600000, 0x00000000e3700000|  0%| F|  |TAMS 0x00000000e3600000, 0x00000000e3600000| Untracked 
|  55|0x00000000e3700000, 0x00000000e3700000, 0x00000000e3800000|  0%| F|  |TAMS 0x00000000e3700000, 0x00000000e3700000| Untracked 
|  56|0x00000000e3800000, 0x00000000e3800000, 0x00000000e3900000|  0%| F|  |TAMS 0x00000000e3800000, 0x00000000e3800000| Untracked 
|  57|0x00000000e3900000, 0x00000000e3900000, 0x00000000e3a00000|  0%| F|  |TAMS 0x00000000e3900000, 0x00000000e3900000| Untracked 
|  58|0x00000000e3a00000, 0x00000000e3a00000, 0x00000000e3b00000|  0%| F|  |TAMS 0x00000000e3a00000, 0x00000000e3a00000| Untracked 
|  59|0x00000000e3b00000, 0x00000000e3b00000, 0x00000000e3c00000|  0%| F|  |TAMS 0x00000000e3b00000, 0x00000000e3b00000| Untracked 
|  60|0x00000000e3c00000, 0x00000000e3c00000, 0x00000000e3d00000|  0%| F|  |TAMS 0x00000000e3c00000, 0x00000000e3c00000| Untracked 
|  61|0x00000000e3d00000, 0x00000000e3d00000, 0x00000000e3e00000|  0%| F|  |TAMS 0x00000000e3d00000, 0x00000000e3d00000| Untracked 
|  62|0x00000000e3e00000, 0x00000000e3e00000, 0x00000000e3f00000|  0%| F|  |TAMS 0x00000000e3e00000, 0x00000000e3e00000| Untracked 
|  63|0x00000000e3f00000, 0x00000000e3f00000, 0x00000000e4000000|  0%| F|  |TAMS 0x00000000e3f00000, 0x00000000e3f00000| Untracked 
|  64|0x00000000e4000000, 0x00000000e4000000, 0x00000000e4100000|  0%| F|  |TAMS 0x00000000e4000000, 0x00000000e4000000| Untracked 
|  65|0x00000000e4100000, 0x00000000e4100000, 0x00000000e4200000|  0%| F|  |TAMS 0x00000000e4100000, 0x00000000e4100000| Untracked 
|  66|0x00000000e4200000, 0x00000000e4200000, 0x00000000e4300000|  0%| F|  |TAMS 0x00000000e4200000, 0x00000000e4200000| Untracked 
|  67|0x00000000e4300000, 0x00000000e4300000, 0x00000000e4400000|  0%| F|  |TAMS 0x00000000e4300000, 0x00000000e4300000| Untracked 
|  68|0x00000000e4400000, 0x00000000e4400000, 0x00000000e4500000|  0%| F|  |TAMS 0x00000000e4400000, 0x00000000e4400000| Untracked 
|  69|0x00000000e4500000, 0x00000000e4500000, 0x00000000e4600000|  0%| F|  |TAMS 0x00000000e4500000, 0x00000000e4500000| Untracked 
|  70|0x00000000e4600000, 0x00000000e4600000, 0x00000000e4700000|  0%| F|  |TAMS 0x00000000e4600000, 0x00000000e4600000| Untracked 
|  71|0x00000000e4700000, 0x00000000e4700000, 0x00000000e4800000|  0%| F|  |TAMS 0x00000000e4700000, 0x00000000e4700000| Untracked 
|  72|0x00000000e4800000, 0x00000000e4800000, 0x00000000e4900000|  0%| F|  |TAMS 0x00000000e4800000, 0x00000000e4800000| Untracked 
|  73|0x00000000e4900000, 0x00000000e4900000, 0x00000000e4a00000|  0%| F|  |TAMS 0x00000000e4900000, 0x00000000e4900000| Untracked 
|  74|0x00000000e4a00000, 0x00000000e4a00000, 0x00000000e4b00000|  0%| F|  |TAMS 0x00000000e4a00000, 0x00000000e4a00000| Untracked 
|  75|0x00000000e4b00000, 0x00000000e4b00000, 0x00000000e4c00000|  0%| F|  |TAMS 0x00000000e4b00000, 0x00000000e4b00000| Untracked 
|  76|0x00000000e4c00000, 0x00000000e4c00000, 0x00000000e4d00000|  0%| F|  |TAMS 0x00000000e4c00000, 0x00000000e4c00000| Untracked 
|  77|0x00000000e4d00000, 0x00000000e4d00000, 0x00000000e4e00000|  0%| F|  |TAMS 0x00000000e4d00000, 0x00000000e4d00000| Untracked 
|  78|0x00000000e4e00000, 0x00000000e4e00000, 0x00000000e4f00000|  0%| F|  |TAMS 0x00000000e4e00000, 0x00000000e4e00000| Untracked 
|  79|0x00000000e4f00000, 0x00000000e4f00000, 0x00000000e5000000|  0%| F|  |TAMS 0x00000000e4f00000, 0x00000000e4f00000| Untracked 
|  80|0x00000000e5000000, 0x00000000e5000000, 0x00000000e5100000|  0%| F|  |TAMS 0x00000000e5000000, 0x00000000e5000000| Untracked 
|  81|0x00000000e5100000, 0x00000000e5100000, 0x00000000e5200000|  0%| F|  |TAMS 0x00000000e5100000, 0x00000000e5100000| Untracked 
|  82|0x00000000e5200000, 0x00000000e5200000, 0x00000000e5300000|  0%| F|  |TAMS 0x00000000e5200000, 0x00000000e5200000| Untracked 
|  83|0x00000000e5300000, 0x00000000e5300000, 0x00000000e5400000|  0%| F|  |TAMS 0x00000000e5300000, 0x00000000e5300000| Untracked 
|  84|0x00000000e5400000, 0x00000000e5400000, 0x00000000e5500000|  0%| F|  |TAMS 0x00000000e5400000, 0x00000000e5400000| Untracked 
|  85|0x00000000e5500000, 0x00000000e5500000, 0x00000000e5600000|  0%| F|  |TAMS 0x00000000e5500000, 0x00000000e5500000| Untracked 
|  86|0x00000000e5600000, 0x00000000e5600000, 0x00000000e5700000|  0%| F|  |TAMS 0x00000000e5600000, 0x00000000e5600000| Untracked 
|  87|0x00000000e5700000, 0x00000000e5700000, 0x00000000e5800000|  0%| F|  |TAMS 0x00000000e5700000, 0x00000000e5700000| Untracked 
|  88|0x00000000e5800000, 0x00000000e5800000, 0x00000000e5900000|  0%| F|  |TAMS 0x00000000e5800000, 0x00000000e5800000| Untracked 
|  89|0x00000000e5900000, 0x00000000e5900000, 0x00000000e5a00000|  0%| F|  |TAMS 0x00000000e5900000, 0x00000000e5900000| Untracked 
|  90|0x00000000e5a00000, 0x00000000e5a00000, 0x00000000e5b00000|  0%| F|  |TAMS 0x00000000e5a00000, 0x00000000e5a00000| Untracked 
|  91|0x00000000e5b00000, 0x00000000e5b00000, 0x00000000e5c00000|  0%| F|  |TAMS 0x00000000e5b00000, 0x00000000e5b00000| Untracked 
|  92|0x00000000e5c00000, 0x00000000e5c00000, 0x00000000e5d00000|  0%| F|  |TAMS 0x00000000e5c00000, 0x00000000e5c00000| Untracked 
|  93|0x00000000e5d00000, 0x00000000e5d00000, 0x00000000e5e00000|  0%| F|  |TAMS 0x00000000e5d00000, 0x00000000e5d00000| Untracked 
|  94|0x00000000e5e00000, 0x00000000e5e00000, 0x00000000e5f00000|  0%| F|  |TAMS 0x00000000e5e00000, 0x00000000e5e00000| Untracked 
|  95|0x00000000e5f00000, 0x00000000e5f00000, 0x00000000e6000000|  0%| F|  |TAMS 0x00000000e5f00000, 0x00000000e5f00000| Untracked 
|  96|0x00000000e6000000, 0x00000000e6000000, 0x00000000e6100000|  0%| F|  |TAMS 0x00000000e6000000, 0x00000000e6000000| Untracked 
|  97|0x00000000e6100000, 0x00000000e6100000, 0x00000000e6200000|  0%| F|  |TAMS 0x00000000e6100000, 0x00000000e6100000| Untracked 
|  98|0x00000000e6200000, 0x00000000e6200000, 0x00000000e6300000|  0%| F|  |TAMS 0x00000000e6200000, 0x00000000e6200000| Untracked 
|  99|0x00000000e6300000, 0x00000000e6300000, 0x00000000e6400000|  0%| F|  |TAMS 0x00000000e6300000, 0x00000000e6300000| Untracked 
| 100|0x00000000e6400000, 0x00000000e6400000, 0x00000000e6500000|  0%| F|  |TAMS 0x00000000e6400000, 0x00000000e6400000| Untracked 
| 101|0x00000000e6500000, 0x00000000e6500000, 0x00000000e6600000|  0%| F|  |TAMS 0x00000000e6500000, 0x00000000e6500000| Untracked 
| 102|0x00000000e6600000, 0x00000000e6600000, 0x00000000e6700000|  0%| F|  |TAMS 0x00000000e6600000, 0x00000000e6600000| Untracked 
| 103|0x00000000e6700000, 0x00000000e6700000, 0x00000000e6800000|  0%| F|  |TAMS 0x00000000e6700000, 0x00000000e6700000| Untracked 
| 104|0x00000000e6800000, 0x00000000e6800000, 0x00000000e6900000|  0%| F|  |TAMS 0x00000000e6800000, 0x00000000e6800000| Untracked 
| 105|0x00000000e6900000, 0x00000000e6900000, 0x00000000e6a00000|  0%| F|  |TAMS 0x00000000e6900000, 0x00000000e6900000| Untracked 
| 106|0x00000000e6a00000, 0x00000000e6a00000, 0x00000000e6b00000|  0%| F|  |TAMS 0x00000000e6a00000, 0x00000000e6a00000| Untracked 
| 107|0x00000000e6b00000, 0x00000000e6b00000, 0x00000000e6c00000|  0%| F|  |TAMS 0x00000000e6b00000, 0x00000000e6b00000| Untracked 
| 108|0x00000000e6c00000, 0x00000000e6c00000, 0x00000000e6d00000|  0%| F|  |TAMS 0x00000000e6c00000, 0x00000000e6c00000| Untracked 
| 109|0x00000000e6d00000, 0x00000000e6d00000, 0x00000000e6e00000|  0%| F|  |TAMS 0x00000000e6d00000, 0x00000000e6d00000| Untracked 
| 110|0x00000000e6e00000, 0x00000000e6e00000, 0x00000000e6f00000|  0%| F|  |TAMS 0x00000000e6e00000, 0x00000000e6e00000| Untracked 
| 111|0x00000000e6f00000, 0x00000000e6f00000, 0x00000000e7000000|  0%| F|  |TAMS 0x00000000e6f00000, 0x00000000e6f00000| Untracked 
| 112|0x00000000e7000000, 0x00000000e7000000, 0x00000000e7100000|  0%| F|  |TAMS 0x00000000e7000000, 0x00000000e7000000| Untracked 
| 113|0x00000000e7100000, 0x00000000e7100000, 0x00000000e7200000|  0%| F|  |TAMS 0x00000000e7100000, 0x00000000e7100000| Untracked 
| 114|0x00000000e7200000, 0x00000000e7200000, 0x00000000e7300000|  0%| F|  |TAMS 0x00000000e7200000, 0x00000000e7200000| Untracked 
| 115|0x00000000e7300000, 0x00000000e7300000, 0x00000000e7400000|  0%| F|  |TAMS 0x00000000e7300000, 0x00000000e7300000| Untracked 
| 116|0x00000000e7400000, 0x00000000e7400000, 0x00000000e7500000|  0%| F|  |TAMS 0x00000000e7400000, 0x00000000e7400000| Untracked 
| 117|0x00000000e7500000, 0x00000000e7500000, 0x00000000e7600000|  0%| F|  |TAMS 0x00000000e7500000, 0x00000000e7500000| Untracked 
| 118|0x00000000e7600000, 0x00000000e7600000, 0x00000000e7700000|  0%| F|  |TAMS 0x00000000e7600000, 0x00000000e7600000| Untracked 
| 119|0x00000000e7700000, 0x00000000e7700000, 0x00000000e7800000|  0%| F|  |TAMS 0x00000000e7700000, 0x00000000e7700000| Untracked 
| 120|0x00000000e7800000, 0x00000000e7800000, 0x00000000e7900000|  0%| F|  |TAMS 0x00000000e7800000, 0x00000000e7800000| Untracked 
| 121|0x00000000e7900000, 0x00000000e7900000, 0x00000000e7a00000|  0%| F|  |TAMS 0x00000000e7900000, 0x00000000e7900000| Untracked 
| 122|0x00000000e7a00000, 0x00000000e7a00000, 0x00000000e7b00000|  0%| F|  |TAMS 0x00000000e7a00000, 0x00000000e7a00000| Untracked 
| 123|0x00000000e7b00000, 0x00000000e7b00000, 0x00000000e7c00000|  0%| F|  |TAMS 0x00000000e7b00000, 0x00000000e7b00000| Untracked 
| 124|0x00000000e7c00000, 0x00000000e7c00000, 0x00000000e7d00000|  0%| F|  |TAMS 0x00000000e7c00000, 0x00000000e7c00000| Untracked 
| 125|0x00000000e7d00000, 0x00000000e7d00000, 0x00000000e7e00000|  0%| F|  |TAMS 0x00000000e7d00000, 0x00000000e7d00000| Untracked 
| 126|0x00000000e7e00000, 0x00000000e7e00000, 0x00000000e7f00000|  0%| F|  |TAMS 0x00000000e7e00000, 0x00000000e7e00000| Untracked 
| 127|0x00000000e7f00000, 0x00000000e7f00000, 0x00000000e8000000|  0%| F|  |TAMS 0x00000000e7f00000, 0x00000000e7f00000| Untracked 
| 128|0x00000000e8000000, 0x00000000e8000000, 0x00000000e8100000|  0%| F|  |TAMS 0x00000000e8000000, 0x00000000e8000000| Untracked 
| 129|0x00000000e8100000, 0x00000000e8100000, 0x00000000e8200000|  0%| F|  |TAMS 0x00000000e8100000, 0x00000000e8100000| Untracked 
| 130|0x00000000e8200000, 0x00000000e8200000, 0x00000000e8300000|  0%| F|  |TAMS 0x00000000e8200000, 0x00000000e8200000| Untracked 
| 131|0x00000000e8300000, 0x00000000e8300000, 0x00000000e8400000|  0%| F|  |TAMS 0x00000000e8300000, 0x00000000e8300000| Untracked 
| 132|0x00000000e8400000, 0x00000000e8400000, 0x00000000e8500000|  0%| F|  |TAMS 0x00000000e8400000, 0x00000000e8400000| Untracked 
| 133|0x00000000e8500000, 0x00000000e8500000, 0x00000000e8600000|  0%| F|  |TAMS 0x00000000e8500000, 0x00000000e8500000| Untracked 
| 134|0x00000000e8600000, 0x00000000e86eb480, 0x00000000e8700000| 91%| S|CS|TAMS 0x00000000e8600000, 0x00000000e8600000| Complete 
| 135|0x00000000e8700000, 0x00000000e8800000, 0x00000000e8800000|100%| S|CS|TAMS 0x00000000e8700000, 0x00000000e8700000| Complete 
| 136|0x00000000e8800000, 0x00000000e8900000, 0x00000000e8900000|100%| S|CS|TAMS 0x00000000e8800000, 0x00000000e8800000| Complete 
| 137|0x00000000e8900000, 0x00000000e8a00000, 0x00000000e8a00000|100%| S|CS|TAMS 0x00000000e8900000, 0x00000000e8900000| Complete 
| 138|0x00000000e8a00000, 0x00000000e8b00000, 0x00000000e8b00000|100%| S|CS|TAMS 0x00000000e8a00000, 0x00000000e8a00000| Complete 
| 139|0x00000000e8b00000, 0x00000000e8c00000, 0x00000000e8c00000|100%| S|CS|TAMS 0x00000000e8b00000, 0x00000000e8b00000| Complete 
| 140|0x00000000e8c00000, 0x00000000e8d00000, 0x00000000e8d00000|100%| S|CS|TAMS 0x00000000e8c00000, 0x00000000e8c00000| Complete 
| 141|0x00000000e8d00000, 0x00000000e8e00000, 0x00000000e8e00000|100%| S|CS|TAMS 0x00000000e8d00000, 0x00000000e8d00000| Complete 
| 142|0x00000000e8e00000, 0x00000000e8f00000, 0x00000000e8f00000|100%| S|CS|TAMS 0x00000000e8e00000, 0x00000000e8e00000| Complete 
| 143|0x00000000e8f00000, 0x00000000e9000000, 0x00000000e9000000|100%| S|CS|TAMS 0x00000000e8f00000, 0x00000000e8f00000| Complete 
| 144|0x00000000e9000000, 0x00000000e9100000, 0x00000000e9100000|100%| S|CS|TAMS 0x00000000e9000000, 0x00000000e9000000| Complete 
| 145|0x00000000e9100000, 0x00000000e9200000, 0x00000000e9200000|100%| S|CS|TAMS 0x00000000e9100000, 0x00000000e9100000| Complete 
| 146|0x00000000e9200000, 0x00000000e9200000, 0x00000000e9300000|  0%| F|  |TAMS 0x00000000e9200000, 0x00000000e9200000| Untracked 
| 147|0x00000000e9300000, 0x00000000e9300000, 0x00000000e9400000|  0%| F|  |TAMS 0x00000000e9300000, 0x00000000e9300000| Untracked 
| 148|0x00000000e9400000, 0x00000000e9400000, 0x00000000e9500000|  0%| F|  |TAMS 0x00000000e9400000, 0x00000000e9400000| Untracked 
| 149|0x00000000e9500000, 0x00000000e9500000, 0x00000000e9600000|  0%| F|  |TAMS 0x00000000e9500000, 0x00000000e9500000| Untracked 
| 150|0x00000000e9600000, 0x00000000e9600000, 0x00000000e9700000|  0%| F|  |TAMS 0x00000000e9600000, 0x00000000e9600000| Untracked 
| 151|0x00000000e9700000, 0x00000000e9700000, 0x00000000e9800000|  0%| F|  |TAMS 0x00000000e9700000, 0x00000000e9700000| Untracked 
| 152|0x00000000e9800000, 0x00000000e9800000, 0x00000000e9900000|  0%| F|  |TAMS 0x00000000e9800000, 0x00000000e9800000| Untracked 
| 153|0x00000000e9900000, 0x00000000e9900000, 0x00000000e9a00000|  0%| F|  |TAMS 0x00000000e9900000, 0x00000000e9900000| Untracked 
| 154|0x00000000e9a00000, 0x00000000e9a00000, 0x00000000e9b00000|  0%| F|  |TAMS 0x00000000e9a00000, 0x00000000e9a00000| Untracked 
| 155|0x00000000e9b00000, 0x00000000e9b00000, 0x00000000e9c00000|  0%| F|  |TAMS 0x00000000e9b00000, 0x00000000e9b00000| Untracked 
| 156|0x00000000e9c00000, 0x00000000e9c00000, 0x00000000e9d00000|  0%| F|  |TAMS 0x00000000e9c00000, 0x00000000e9c00000| Untracked 
| 157|0x00000000e9d00000, 0x00000000e9d00000, 0x00000000e9e00000|  0%| F|  |TAMS 0x00000000e9d00000, 0x00000000e9d00000| Untracked 
| 158|0x00000000e9e00000, 0x00000000e9e00000, 0x00000000e9f00000|  0%| F|  |TAMS 0x00000000e9e00000, 0x00000000e9e00000| Untracked 
| 159|0x00000000e9f00000, 0x00000000e9f00000, 0x00000000ea000000|  0%| F|  |TAMS 0x00000000e9f00000, 0x00000000e9f00000| Untracked 
| 160|0x00000000ea000000, 0x00000000ea000000, 0x00000000ea100000|  0%| F|  |TAMS 0x00000000ea000000, 0x00000000ea000000| Untracked 
| 161|0x00000000ea100000, 0x00000000ea200000, 0x00000000ea200000|100%| E|  |TAMS 0x00000000ea100000, 0x00000000ea100000| Complete 
| 162|0x00000000ea200000, 0x00000000ea300000, 0x00000000ea300000|100%| E|CS|TAMS 0x00000000ea200000, 0x00000000ea200000| Complete 
| 163|0x00000000ea300000, 0x00000000ea400000, 0x00000000ea400000|100%| E|CS|TAMS 0x00000000ea300000, 0x00000000ea300000| Complete 
| 164|0x00000000ea400000, 0x00000000ea500000, 0x00000000ea500000|100%| E|CS|TAMS 0x00000000ea400000, 0x00000000ea400000| Complete 
| 165|0x00000000ea500000, 0x00000000ea600000, 0x00000000ea600000|100%| E|CS|TAMS 0x00000000ea500000, 0x00000000ea500000| Complete 
| 166|0x00000000ea600000, 0x00000000ea700000, 0x00000000ea700000|100%| E|CS|TAMS 0x00000000ea600000, 0x00000000ea600000| Complete 
| 167|0x00000000ea700000, 0x00000000ea800000, 0x00000000ea800000|100%| E|CS|TAMS 0x00000000ea700000, 0x00000000ea700000| Complete 
| 168|0x00000000ea800000, 0x00000000ea900000, 0x00000000ea900000|100%| E|CS|TAMS 0x00000000ea800000, 0x00000000ea800000| Complete 
| 169|0x00000000ea900000, 0x00000000eaa00000, 0x00000000eaa00000|100%| E|CS|TAMS 0x00000000ea900000, 0x00000000ea900000| Complete 
| 170|0x00000000eaa00000, 0x00000000eab00000, 0x00000000eab00000|100%| E|CS|TAMS 0x00000000eaa00000, 0x00000000eaa00000| Complete 
| 171|0x00000000eab00000, 0x00000000eac00000, 0x00000000eac00000|100%| E|CS|TAMS 0x00000000eab00000, 0x00000000eab00000| Complete 
| 172|0x00000000eac00000, 0x00000000ead00000, 0x00000000ead00000|100%| E|CS|TAMS 0x00000000eac00000, 0x00000000eac00000| Complete 
| 173|0x00000000ead00000, 0x00000000eae00000, 0x00000000eae00000|100%| E|CS|TAMS 0x00000000ead00000, 0x00000000ead00000| Complete 
| 174|0x00000000eae00000, 0x00000000eaf00000, 0x00000000eaf00000|100%| E|CS|TAMS 0x00000000eae00000, 0x00000000eae00000| Complete 
| 175|0x00000000eaf00000, 0x00000000eb000000, 0x00000000eb000000|100%| E|CS|TAMS 0x00000000eaf00000, 0x00000000eaf00000| Complete 
| 176|0x00000000eb000000, 0x00000000eb100000, 0x00000000eb100000|100%| E|CS|TAMS 0x00000000eb000000, 0x00000000eb000000| Complete 
| 177|0x00000000eb100000, 0x00000000eb200000, 0x00000000eb200000|100%| E|CS|TAMS 0x00000000eb100000, 0x00000000eb100000| Complete 
| 178|0x00000000eb200000, 0x00000000eb300000, 0x00000000eb300000|100%| E|CS|TAMS 0x00000000eb200000, 0x00000000eb200000| Complete 
| 179|0x00000000eb300000, 0x00000000eb400000, 0x00000000eb400000|100%| E|CS|TAMS 0x00000000eb300000, 0x00000000eb300000| Complete 
| 180|0x00000000eb400000, 0x00000000eb500000, 0x00000000eb500000|100%| E|CS|TAMS 0x00000000eb400000, 0x00000000eb400000| Complete 
| 181|0x00000000eb500000, 0x00000000eb600000, 0x00000000eb600000|100%| E|CS|TAMS 0x00000000eb500000, 0x00000000eb500000| Complete 
| 182|0x00000000eb600000, 0x00000000eb700000, 0x00000000eb700000|100%| E|CS|TAMS 0x00000000eb600000, 0x00000000eb600000| Complete 
| 183|0x00000000eb700000, 0x00000000eb800000, 0x00000000eb800000|100%| E|CS|TAMS 0x00000000eb700000, 0x00000000eb700000| Complete 
| 184|0x00000000eb800000, 0x00000000eb900000, 0x00000000eb900000|100%| E|CS|TAMS 0x00000000eb800000, 0x00000000eb800000| Complete 
| 185|0x00000000eb900000, 0x00000000eba00000, 0x00000000eba00000|100%| E|CS|TAMS 0x00000000eb900000, 0x00000000eb900000| Complete 
| 186|0x00000000eba00000, 0x00000000ebb00000, 0x00000000ebb00000|100%| E|CS|TAMS 0x00000000eba00000, 0x00000000eba00000| Complete 
| 187|0x00000000ebb00000, 0x00000000ebc00000, 0x00000000ebc00000|100%| E|CS|TAMS 0x00000000ebb00000, 0x00000000ebb00000| Complete 
| 188|0x00000000ebc00000, 0x00000000ebd00000, 0x00000000ebd00000|100%| E|CS|TAMS 0x00000000ebc00000, 0x00000000ebc00000| Complete 
| 189|0x00000000ebd00000, 0x00000000ebe00000, 0x00000000ebe00000|100%| E|CS|TAMS 0x00000000ebd00000, 0x00000000ebd00000| Complete 
| 190|0x00000000ebe00000, 0x00000000ebf00000, 0x00000000ebf00000|100%| E|CS|TAMS 0x00000000ebe00000, 0x00000000ebe00000| Complete 
| 191|0x00000000ebf00000, 0x00000000ec000000, 0x00000000ec000000|100%| E|CS|TAMS 0x00000000ebf00000, 0x00000000ebf00000| Complete 
| 192|0x00000000ec000000, 0x00000000ec100000, 0x00000000ec100000|100%| E|CS|TAMS 0x00000000ec000000, 0x00000000ec000000| Complete 
| 193|0x00000000ec100000, 0x00000000ec200000, 0x00000000ec200000|100%| E|CS|TAMS 0x00000000ec100000, 0x00000000ec100000| Complete 
| 194|0x00000000ec200000, 0x00000000ec300000, 0x00000000ec300000|100%| E|CS|TAMS 0x00000000ec200000, 0x00000000ec200000| Complete 
| 195|0x00000000ec300000, 0x00000000ec400000, 0x00000000ec400000|100%| E|CS|TAMS 0x00000000ec300000, 0x00000000ec300000| Complete 
| 196|0x00000000ec400000, 0x00000000ec500000, 0x00000000ec500000|100%| E|CS|TAMS 0x00000000ec400000, 0x00000000ec400000| Complete 
| 197|0x00000000ec500000, 0x00000000ec600000, 0x00000000ec600000|100%| E|CS|TAMS 0x00000000ec500000, 0x00000000ec500000| Complete 
| 198|0x00000000ec600000, 0x00000000ec700000, 0x00000000ec700000|100%| E|CS|TAMS 0x00000000ec600000, 0x00000000ec600000| Complete 
| 199|0x00000000ec700000, 0x00000000ec800000, 0x00000000ec800000|100%| E|CS|TAMS 0x00000000ec700000, 0x00000000ec700000| Complete 
| 200|0x00000000ec800000, 0x00000000ec900000, 0x00000000ec900000|100%| E|  |TAMS 0x00000000ec800000, 0x00000000ec800000| Complete 
| 201|0x00000000ec900000, 0x00000000eca00000, 0x00000000eca00000|100%| E|CS|TAMS 0x00000000ec900000, 0x00000000ec900000| Complete 
| 202|0x00000000eca00000, 0x00000000ecb00000, 0x00000000ecb00000|100%| E|CS|TAMS 0x00000000eca00000, 0x00000000eca00000| Complete 
| 203|0x00000000ecb00000, 0x00000000ecc00000, 0x00000000ecc00000|100%| E|CS|TAMS 0x00000000ecb00000, 0x00000000ecb00000| Complete 
| 204|0x00000000ecc00000, 0x00000000ecd00000, 0x00000000ecd00000|100%| E|CS|TAMS 0x00000000ecc00000, 0x00000000ecc00000| Complete 
| 205|0x00000000ecd00000, 0x00000000ece00000, 0x00000000ece00000|100%| E|CS|TAMS 0x00000000ecd00000, 0x00000000ecd00000| Complete 
| 206|0x00000000ece00000, 0x00000000ecf00000, 0x00000000ecf00000|100%| E|CS|TAMS 0x00000000ece00000, 0x00000000ece00000| Complete 
| 207|0x00000000ecf00000, 0x00000000ed000000, 0x00000000ed000000|100%| E|CS|TAMS 0x00000000ecf00000, 0x00000000ecf00000| Complete 
| 208|0x00000000ed000000, 0x00000000ed100000, 0x00000000ed100000|100%| E|CS|TAMS 0x00000000ed000000, 0x00000000ed000000| Complete 
| 209|0x00000000ed100000, 0x00000000ed200000, 0x00000000ed200000|100%| E|CS|TAMS 0x00000000ed100000, 0x00000000ed100000| Complete 
| 210|0x00000000ed200000, 0x00000000ed300000, 0x00000000ed300000|100%| E|CS|TAMS 0x00000000ed200000, 0x00000000ed200000| Complete 
| 211|0x00000000ed300000, 0x00000000ed400000, 0x00000000ed400000|100%| E|CS|TAMS 0x00000000ed300000, 0x00000000ed300000| Complete 
| 212|0x00000000ed400000, 0x00000000ed500000, 0x00000000ed500000|100%| E|CS|TAMS 0x00000000ed400000, 0x00000000ed400000| Complete 
| 213|0x00000000ed500000, 0x00000000ed600000, 0x00000000ed600000|100%| E|CS|TAMS 0x00000000ed500000, 0x00000000ed500000| Complete 
| 214|0x00000000ed600000, 0x00000000ed700000, 0x00000000ed700000|100%| E|CS|TAMS 0x00000000ed600000, 0x00000000ed600000| Complete 
| 215|0x00000000ed700000, 0x00000000ed800000, 0x00000000ed800000|100%| E|CS|TAMS 0x00000000ed700000, 0x00000000ed700000| Complete 
| 216|0x00000000ed800000, 0x00000000ed900000, 0x00000000ed900000|100%| E|CS|TAMS 0x00000000ed800000, 0x00000000ed800000| Complete 
| 217|0x00000000ed900000, 0x00000000eda00000, 0x00000000eda00000|100%| E|CS|TAMS 0x00000000ed900000, 0x00000000ed900000| Complete 
| 218|0x00000000eda00000, 0x00000000edb00000, 0x00000000edb00000|100%| E|CS|TAMS 0x00000000eda00000, 0x00000000eda00000| Complete 
| 219|0x00000000edb00000, 0x00000000edc00000, 0x00000000edc00000|100%| E|CS|TAMS 0x00000000edb00000, 0x00000000edb00000| Complete 
| 220|0x00000000edc00000, 0x00000000edd00000, 0x00000000edd00000|100%| E|CS|TAMS 0x00000000edc00000, 0x00000000edc00000| Complete 
| 221|0x00000000edd00000, 0x00000000ede00000, 0x00000000ede00000|100%| E|CS|TAMS 0x00000000edd00000, 0x00000000edd00000| Complete 
| 222|0x00000000ede00000, 0x00000000edf00000, 0x00000000edf00000|100%| E|CS|TAMS 0x00000000ede00000, 0x00000000ede00000| Complete 
| 223|0x00000000edf00000, 0x00000000ee000000, 0x00000000ee000000|100%| E|CS|TAMS 0x00000000edf00000, 0x00000000edf00000| Complete 
| 224|0x00000000ee000000, 0x00000000ee100000, 0x00000000ee100000|100%| E|CS|TAMS 0x00000000ee000000, 0x00000000ee000000| Complete 
| 225|0x00000000ee100000, 0x00000000ee200000, 0x00000000ee200000|100%| E|CS|TAMS 0x00000000ee100000, 0x00000000ee100000| Complete 
| 226|0x00000000ee200000, 0x00000000ee300000, 0x00000000ee300000|100%| E|CS|TAMS 0x00000000ee200000, 0x00000000ee200000| Complete 
| 227|0x00000000ee300000, 0x00000000ee400000, 0x00000000ee400000|100%| E|CS|TAMS 0x00000000ee300000, 0x00000000ee300000| Complete 
| 228|0x00000000ee400000, 0x00000000ee500000, 0x00000000ee500000|100%| E|CS|TAMS 0x00000000ee400000, 0x00000000ee400000| Complete 
| 229|0x00000000ee500000, 0x00000000ee600000, 0x00000000ee600000|100%| E|CS|TAMS 0x00000000ee500000, 0x00000000ee500000| Complete 
| 230|0x00000000ee600000, 0x00000000ee700000, 0x00000000ee700000|100%| E|CS|TAMS 0x00000000ee600000, 0x00000000ee600000| Complete 
| 231|0x00000000ee700000, 0x00000000ee800000, 0x00000000ee800000|100%| E|CS|TAMS 0x00000000ee700000, 0x00000000ee700000| Complete 
| 232|0x00000000ee800000, 0x00000000ee900000, 0x00000000ee900000|100%| E|CS|TAMS 0x00000000ee800000, 0x00000000ee800000| Complete 
| 233|0x00000000ee900000, 0x00000000eea00000, 0x00000000eea00000|100%| E|CS|TAMS 0x00000000ee900000, 0x00000000ee900000| Complete 
| 234|0x00000000eea00000, 0x00000000eeb00000, 0x00000000eeb00000|100%| E|CS|TAMS 0x00000000eea00000, 0x00000000eea00000| Complete 
| 235|0x00000000eeb00000, 0x00000000eec00000, 0x00000000eec00000|100%| E|CS|TAMS 0x00000000eeb00000, 0x00000000eeb00000| Complete 
| 236|0x00000000eec00000, 0x00000000eed00000, 0x00000000eed00000|100%| E|CS|TAMS 0x00000000eec00000, 0x00000000eec00000| Complete 
| 237|0x00000000eed00000, 0x00000000eee00000, 0x00000000eee00000|100%| E|CS|TAMS 0x00000000eed00000, 0x00000000eed00000| Complete 
| 238|0x00000000eee00000, 0x00000000eef00000, 0x00000000eef00000|100%| E|CS|TAMS 0x00000000eee00000, 0x00000000eee00000| Complete 
| 239|0x00000000eef00000, 0x00000000ef000000, 0x00000000ef000000|100%| E|CS|TAMS 0x00000000eef00000, 0x00000000eef00000| Complete 
| 240|0x00000000ef000000, 0x00000000ef100000, 0x00000000ef100000|100%| E|CS|TAMS 0x00000000ef000000, 0x00000000ef000000| Complete 
| 241|0x00000000ef100000, 0x00000000ef200000, 0x00000000ef200000|100%| E|CS|TAMS 0x00000000ef100000, 0x00000000ef100000| Complete 
| 242|0x00000000ef200000, 0x00000000ef300000, 0x00000000ef300000|100%| E|CS|TAMS 0x00000000ef200000, 0x00000000ef200000| Complete 
| 243|0x00000000ef300000, 0x00000000ef400000, 0x00000000ef400000|100%| E|CS|TAMS 0x00000000ef300000, 0x00000000ef300000| Complete 
| 244|0x00000000ef400000, 0x00000000ef500000, 0x00000000ef500000|100%| E|CS|TAMS 0x00000000ef400000, 0x00000000ef400000| Complete 
| 245|0x00000000ef500000, 0x00000000ef600000, 0x00000000ef600000|100%| E|CS|TAMS 0x00000000ef500000, 0x00000000ef500000| Complete 
| 246|0x00000000ef600000, 0x00000000ef700000, 0x00000000ef700000|100%| E|CS|TAMS 0x00000000ef600000, 0x00000000ef600000| Complete 
| 247|0x00000000ef700000, 0x00000000ef800000, 0x00000000ef800000|100%| E|CS|TAMS 0x00000000ef700000, 0x00000000ef700000| Complete 
| 248|0x00000000ef800000, 0x00000000ef900000, 0x00000000ef900000|100%| E|CS|TAMS 0x00000000ef800000, 0x00000000ef800000| Complete 
| 249|0x00000000ef900000, 0x00000000efa00000, 0x00000000efa00000|100%| E|CS|TAMS 0x00000000ef900000, 0x00000000ef900000| Complete 
| 250|0x00000000efa00000, 0x00000000efb00000, 0x00000000efb00000|100%| E|CS|TAMS 0x00000000efa00000, 0x00000000efa00000| Complete 
| 251|0x00000000efb00000, 0x00000000efc00000, 0x00000000efc00000|100%| E|CS|TAMS 0x00000000efb00000, 0x00000000efb00000| Complete 
| 252|0x00000000efc00000, 0x00000000efd00000, 0x00000000efd00000|100%| E|CS|TAMS 0x00000000efc00000, 0x00000000efc00000| Complete 
| 253|0x00000000efd00000, 0x00000000efe00000, 0x00000000efe00000|100%| E|CS|TAMS 0x00000000efd00000, 0x00000000efd00000| Complete 
| 254|0x00000000efe00000, 0x00000000eff00000, 0x00000000eff00000|100%| E|CS|TAMS 0x00000000efe00000, 0x00000000efe00000| Complete 
| 255|0x00000000eff00000, 0x00000000f0000000, 0x00000000f0000000|100%| E|CS|TAMS 0x00000000eff00000, 0x00000000eff00000| Complete 

Card table byte_map: [0x000001319dd70000,0x000001319de70000] _byte_map_base: 0x000001319d670000

Marking Bits (Prev, Next): (CMBitMap*) 0x0000013186e72ec0, (CMBitMap*) 0x0000013186e72e80
 Prev Bits: [0x000001319e770000, 0x000001319ef70000)
 Next Bits: [0x000001319df70000, 0x000001319e770000)

Polling page: 0x0000013184e40000

Metaspace:

Usage:
  Non-class:     28.52 MB used.
      Class:      4.58 MB used.
       Both:     33.10 MB used.

Virtual space:
  Non-class space:       64.00 MB reserved,      28.69 MB ( 45%) committed,  1 nodes.
      Class space:      320.00 MB reserved,       4.81 MB (  2%) committed,  1 nodes.
             Both:      384.00 MB reserved,      33.50 MB (  9%) committed. 

Chunk freelists:
   Non-Class:  2.89 MB
       Class:  11.05 MB
        Both:  13.94 MB

MaxMetaspaceSize: 384.00 MB
CompressedClassSpaceSize: 320.00 MB
Initial GC threshold: 21.00 MB
Current GC threshold: 35.12 MB
CDS: on
MetaspaceReclaimPolicy: balanced
 - commit_granule_bytes: 65536.
 - commit_granule_words: 8192.
 - virtual_space_node_default_size: 8388608.
 - enlarge_chunks_in_place: 1.
 - new_chunks_are_fully_committed: 0.
 - uncommit_free_chunks: 1.
 - use_allocation_guard: 0.
 - handle_deallocations: 1.


Internal statistics:

num_allocs_failed_limit: 3.
num_arena_births: 344.
num_arena_deaths: 0.
num_vsnodes_births: 2.
num_vsnodes_deaths: 0.
num_space_committed: 536.
num_space_uncommitted: 0.
num_chunks_returned_to_freelist: 3.
num_chunks_taken_from_freelist: 1536.
num_chunk_merges: 3.
num_chunk_splits: 1047.
num_chunks_enlarged: 757.
num_inconsistent_stats: 0.

CodeHeap 'non-profiled nmethods': size=120000Kb used=2188Kb max_used=2188Kb free=117811Kb
 bounds [0x00000131961d0000, 0x0000013196440000, 0x000001319d700000]
CodeHeap 'profiled nmethods': size=120000Kb used=8278Kb max_used=8278Kb free=111721Kb
 bounds [0x000001318e700000, 0x000001318ef20000, 0x0000013195c30000]
CodeHeap 'non-nmethods': size=5760Kb used=2287Kb max_used=2314Kb free=3472Kb
 bounds [0x0000013195c30000, 0x0000013195ea0000, 0x00000131961d0000]
 total_blobs=4806 nmethods=4011 adapters=706
 compilation: enabled
              stopped_count=0, restarted_count=0
 full_count=0

Compilation events (20 events):
Event: 23.547 Thread 0x00000131a1be9690 3857       3       java.lang.invoke.MethodHandles$Lookup::makeHiddenClassDefiner (22 bytes)
Event: 23.547 Thread 0x00000131a1be9690 nmethod 3857 0x000001318eec0b90 code [0x000001318eec0d40, 0x000001318eec0f28]
Event: 23.547 Thread 0x00000131a1be9690 3858       3       java.lang.invoke.MethodHandles$Lookup$ClassDefiner::defineClassAsLookup (19 bytes)
Event: 23.547 Thread 0x00000131a1be9690 nmethod 3858 0x000001318eec1090 code [0x000001318eec1240, 0x000001318eec1438]
Event: 23.549 Thread 0x00000131a1be9690 3860       3       java.util.stream.Collectors::joining (34 bytes)
Event: 23.550 Thread 0x00000131a1be9690 nmethod 3860 0x000001318eec1510 code [0x000001318eec17a0, 0x000001318eec2548]
Event: 23.550 Thread 0x00000131a1be9690 3861       3       java.util.stream.Collectors$$Lambda$43/0x800000051::<init> (20 bytes)
Event: 23.550 Thread 0x00000131a1be9690 nmethod 3861 0x000001318eec2990 code [0x000001318eec2b40, 0x000001318eec2db8]
Event: 23.550 Thread 0x00000131a1be9690 3862       3       com.sun.beans.TypeResolver::erase (32 bytes)
Event: 23.550 Thread 0x00000131a1be9690 nmethod 3862 0x000001318eec2e90 code [0x000001318eec3060, 0x000001318eec34a8]
Event: 23.550 Thread 0x00000131a1be9690 3866  s    3       java.beans.MethodDescriptor::setParams (74 bytes)
Event: 23.551 Thread 0x00000131a1be9690 nmethod 3866 0x000001318eec3610 code [0x000001318eec3860, 0x000001318eec4448]
Event: 23.551 Thread 0x00000131a1be9690 3863       3       java.beans.MethodDescriptor::<init> (7 bytes)
Event: 23.551 Thread 0x00000131a1be9690 nmethod 3863 0x000001318eec4790 code [0x000001318eec4940, 0x000001318eec4a88]
Event: 23.551 Thread 0x00000131a1be9690 3864       3       java.beans.MethodDescriptor::<init> (48 bytes)
Event: 23.551 Thread 0x00000131a1be9690 nmethod 3864 0x000001318eec4b10 code [0x000001318eec4d00, 0x000001318eec53b8]
Event: 23.551 Thread 0x00000131a1be9690 3865  s    3       java.beans.MethodDescriptor::setMethod (41 bytes)
Event: 23.553 Thread 0x00000131a1be9690 nmethod 3865 0x000001318eec5590 code [0x000001318eec58e0, 0x000001318eec7018]
Event: 23.553 Thread 0x00000131a1be9690 3867       3       sun.reflect.generics.reflectiveObjects.ParameterizedTypeImpl::<init> (35 bytes)
Event: 23.553 Thread 0x00000131a1be9690 nmethod 3867 0x000001318eec7690 code [0x000001318eec7860, 0x000001318eec7b98]

GC Heap History (6 events):
Event: 0.929 GC heap before
{Heap before GC invocations=0 (full 0):
 garbage-first heap   total 262144K, used 26624K [0x00000000e0000000, 0x0000000100000000)
  region size 1024K, 23 young (23552K), 0 survivors (0K)
 Metaspace       used 3095K, committed 3200K, reserved 393216K
  class space    used 393K, committed 448K, reserved 327680K
}
Event: 0.935 GC heap after
{Heap after GC invocations=1 (full 0):
 garbage-first heap   total 262144K, used 10493K [0x00000000e0000000, 0x0000000100000000)
  region size 1024K, 3 young (3072K), 3 survivors (3072K)
 Metaspace       used 3095K, committed 3200K, reserved 393216K
  class space    used 393K, committed 448K, reserved 327680K
}
Event: 1.431 GC heap before
{Heap before GC invocations=1 (full 0):
 garbage-first heap   total 262144K, used 39165K [0x00000000e0000000, 0x0000000100000000)
  region size 1024K, 30 young (30720K), 3 survivors (3072K)
 Metaspace       used 4055K, committed 4224K, reserved 393216K
  class space    used 493K, committed 576K, reserved 327680K
}
Event: 1.435 GC heap after
{Heap after GC invocations=2 (full 0):
 garbage-first heap   total 262144K, used 14726K [0x00000000e0000000, 0x0000000100000000)
  region size 1024K, 4 young (4096K), 4 survivors (4096K)
 Metaspace       used 4055K, committed 4224K, reserved 393216K
  class space    used 493K, committed 576K, reserved 327680K
}
Event: 7.433 GC heap before
{Heap before GC invocations=2 (full 0):
 garbage-first heap   total 262144K, used 122246K [0x00000000e0000000, 0x0000000100000000)
  region size 1024K, 110 young (112640K), 4 survivors (4096K)
 Metaspace       used 21243K, committed 21504K, reserved 393216K
  class space    used 3133K, committed 3264K, reserved 327680K
}
Event: 7.451 GC heap after
{Heap after GC invocations=3 (full 0):
 garbage-first heap   total 262144K, used 22835K [0x00000000e0000000, 0x0000000100000000)
  region size 1024K, 12 young (12288K), 12 survivors (12288K)
 Metaspace       used 21243K, committed 21504K, reserved 393216K
  class space    used 3133K, committed 3264K, reserved 327680K
}

Deoptimization events (20 events):
Event: 19.476 Thread 0x00000131bd0ca3d0 Uncommon trap: trap_request=0xffffffde fr.pc=0x00000131963c5104 relative=0x0000000000000424
Event: 19.476 Thread 0x00000131bd0ca3d0 Uncommon trap: reason=class_check action=maybe_recompile pc=0x00000131963c5104 method=java.util.regex.Pattern$Start.match(Ljava/util/regex/Matcher;ILjava/lang/CharSequence;)Z @ 44 c2
Event: 19.476 Thread 0x00000131bd0ca3d0 DEOPT PACKING pc=0x00000131963c5104 sp=0x0000000b18ff8f60
Event: 19.476 Thread 0x00000131bd0ca3d0 DEOPT UNPACKING pc=0x0000013195c823a3 sp=0x0000000b18ff8e90 mode 2
Event: 21.463 Thread 0x00000131bd0ca3d0 Uncommon trap: trap_request=0xffffffbe fr.pc=0x00000131963d5f8c relative=0x000000000000074c
Event: 21.463 Thread 0x00000131bd0ca3d0 Uncommon trap: reason=profile_predicate action=maybe_recompile pc=0x00000131963d5f8c method=java.lang.PublicMethods$MethodList.filter([Ljava/lang/reflect/Method;Ljava/lang/String;[Ljava/lang/Class;Z)Ljava/lang/PublicMethods$MethodList; @ 21 c2
Event: 21.463 Thread 0x00000131bd0ca3d0 DEOPT PACKING pc=0x00000131963d5f8c sp=0x0000000b18ff99e0
Event: 21.463 Thread 0x00000131bd0ca3d0 DEOPT UNPACKING pc=0x0000013195c823a3 sp=0x0000000b18ff9998 mode 2
Event: 21.463 Thread 0x00000131bd0ca3d0 Uncommon trap: trap_request=0xffffffbe fr.pc=0x00000131963d5f8c relative=0x000000000000074c
Event: 21.463 Thread 0x00000131bd0ca3d0 Uncommon trap: reason=profile_predicate action=maybe_recompile pc=0x00000131963d5f8c method=java.lang.PublicMethods$MethodList.filter([Ljava/lang/reflect/Method;Ljava/lang/String;[Ljava/lang/Class;Z)Ljava/lang/PublicMethods$MethodList; @ 21 c2
Event: 21.463 Thread 0x00000131bd0ca3d0 DEOPT PACKING pc=0x00000131963d5f8c sp=0x0000000b18ff99b0
Event: 21.463 Thread 0x00000131bd0ca3d0 DEOPT UNPACKING pc=0x0000013195c823a3 sp=0x0000000b18ff9968 mode 2
Event: 23.546 Thread 0x00000131bd0ca3d0 Uncommon trap: trap_request=0xffffffbe fr.pc=0x00000131963d5f8c relative=0x000000000000074c
Event: 23.546 Thread 0x00000131bd0ca3d0 Uncommon trap: reason=profile_predicate action=maybe_recompile pc=0x00000131963d5f8c method=java.lang.PublicMethods$MethodList.filter([Ljava/lang/reflect/Method;Ljava/lang/String;[Ljava/lang/Class;Z)Ljava/lang/PublicMethods$MethodList; @ 21 c2
Event: 23.546 Thread 0x00000131bd0ca3d0 DEOPT PACKING pc=0x00000131963d5f8c sp=0x0000000b18ff80f0
Event: 23.546 Thread 0x00000131bd0ca3d0 DEOPT UNPACKING pc=0x0000013195c823a3 sp=0x0000000b18ff80a8 mode 2
Event: 23.546 Thread 0x00000131bd0ca3d0 Uncommon trap: trap_request=0xffffffbe fr.pc=0x00000131963d5f8c relative=0x000000000000074c
Event: 23.546 Thread 0x00000131bd0ca3d0 Uncommon trap: reason=profile_predicate action=maybe_recompile pc=0x00000131963d5f8c method=java.lang.PublicMethods$MethodList.filter([Ljava/lang/reflect/Method;Ljava/lang/String;[Ljava/lang/Class;Z)Ljava/lang/PublicMethods$MethodList; @ 21 c2
Event: 23.546 Thread 0x00000131bd0ca3d0 DEOPT PACKING pc=0x00000131963d5f8c sp=0x0000000b18ff80f0
Event: 23.546 Thread 0x00000131bd0ca3d0 DEOPT UNPACKING pc=0x0000013195c823a3 sp=0x0000000b18ff80a8 mode 2

Classes unloaded (0 events):
No events

Classes redefined (0 events):
No events

Internal exceptions (20 events):
Event: 19.475 Thread 0x00000131bd0ca3d0 Exception <a 'java/lang/ClassNotFoundException'{0x00000000eb3c48c0}: org/gradle/groovy/scripts/DefaultScriptCustomizer> (0x00000000eb3c48c0) 
thrown [s\open\src\hotspot\share\classfile\systemDictionary.cpp, line 256]
Event: 19.478 Thread 0x00000131bd0ca3d0 Exception <a 'java/lang/ClassNotFoundException'{0x00000000eb3eb998}: org/gradle/initialization/InitScriptCustomizer> (0x00000000eb3eb998) 
thrown [s\open\src\hotspot\share\classfile\systemDictionary.cpp, line 256]
Event: 19.479 Thread 0x00000131bd0ca3d0 Exception <a 'java/lang/ClassNotFoundException'{0x00000000eb3f9ad0}: ijMapper1_bjj9jknpwl588yqvyqptlfkghCustomizer> (0x00000000eb3f9ad0) 
thrown [s\open\src\hotspot\share\classfile\systemDictionary.cpp, line 256]
Event: 19.496 Thread 0x00000131bd0ca3d0 Exception <a 'java/lang/ClassNotFoundException'{0x00000000eb2b1510}: org/gradle/internal/extensibility/DefaultExtraPropertiesExtensionBeanInfo> (0x00000000eb2b1510) 
thrown [s\open\src\hotspot\share\classfile\systemDictionary.cpp, line 256]
Event: 19.497 Thread 0x00000131bd0ca3d0 Exception <a 'java/lang/ClassNotFoundException'{0x00000000eb2bae38}: org/gradle/internal/extensibility/DefaultExtraPropertiesExtensionCustomizer> (0x00000000eb2bae38) 
thrown [s\open\src\hotspot\share\classfile\systemDictionary.cpp, line 256]
Event: 19.549 Thread 0x00000131bd0ca3d0 Exception <a 'java/lang/NoSuchMethodError'{0x00000000eb11c4a8}: 'void java.lang.invoke.Invokers$Holder.invoke_MT(java.lang.Object, java.lang.Object, java.lang.Object, java.lang.Object)'> (0x00000000eb11c4a8) 
thrown [s\open\src\hotspot\share\interpreter\linkResolver.cpp, line 759]
Event: 19.564 Thread 0x00000131bd0ca3d0 Exception <a 'java/lang/ClassNotFoundException'{0x00000000eb0616a8}: org/gradle/invocation/DefaultGradle_DecoratedBeanInfo> (0x00000000eb0616a8) 
thrown [s\open\src\hotspot\share\classfile\systemDictionary.cpp, line 256]
Event: 19.565 Thread 0x00000131bd0ca3d0 Exception <a 'java/lang/ClassNotFoundException'{0x00000000eb06fc58}: org/gradle/invocation/DefaultGradleBeanInfo> (0x00000000eb06fc58) 
thrown [s\open\src\hotspot\share\classfile\systemDictionary.cpp, line 256]
Event: 19.565 Thread 0x00000131bd0ca3d0 Exception <a 'java/lang/ClassNotFoundException'{0x00000000eb07ebb0}: org/gradle/api/internal/project/AbstractPluginAwareBeanInfo> (0x00000000eb07ebb0) 
thrown [s\open\src\hotspot\share\classfile\systemDictionary.cpp, line 256]
Event: 19.565 Thread 0x00000131bd0ca3d0 Exception <a 'java/lang/ClassNotFoundException'{0x00000000eb08d7a8}: org/gradle/api/internal/project/AbstractPluginAwareCustomizer> (0x00000000eb08d7a8) 
thrown [s\open\src\hotspot\share\classfile\systemDictionary.cpp, line 256]
Event: 19.566 Thread 0x00000131bd0ca3d0 Exception <a 'java/lang/ClassNotFoundException'{0x00000000eb0a1998}: org/gradle/invocation/DefaultGradleCustomizer> (0x00000000eb0a1998) 
thrown [s\open\src\hotspot\share\classfile\systemDictionary.cpp, line 256]
Event: 19.569 Thread 0x00000131bd0ca3d0 Exception <a 'java/lang/ClassNotFoundException'{0x00000000eb0e07c0}: org/gradle/invocation/DefaultGradle_DecoratedCustomizer> (0x00000000eb0e07c0) 
thrown [s\open\src\hotspot\share\classfile\systemDictionary.cpp, line 256]
Event: 21.228 Thread 0x00000131bd0ca3d0 Exception <a 'java/lang/ClassNotFoundException'{0x00000000eac90d08}: groovy/lang/Closure$1BeanInfo> (0x00000000eac90d08) 
thrown [s\open\src\hotspot\share\classfile\systemDictionary.cpp, line 256]
Event: 21.229 Thread 0x00000131bd0ca3d0 Exception <a 'java/lang/ClassNotFoundException'{0x00000000eacb2448}: groovy/lang/ClosureBeanInfo> (0x00000000eacb2448) 
thrown [s\open\src\hotspot\share\classfile\systemDictionary.cpp, line 256]
Event: 21.229 Thread 0x00000131bd0ca3d0 Exception <a 'java/lang/ClassNotFoundException'{0x00000000eacd3d70}: groovy/lang/ClosureCustomizer> (0x00000000eacd3d70) 
thrown [s\open\src\hotspot\share\classfile\systemDictionary.cpp, line 256]
Event: 21.234 Thread 0x00000131bd0ca3d0 Exception <a 'java/lang/ClassNotFoundException'{0x00000000eab18e38}: groovy/lang/Closure$1Customizer> (0x00000000eab18e38) 
thrown [s\open\src\hotspot\share\classfile\systemDictionary.cpp, line 256]
Event: 23.541 Thread 0x00000131bd0ca3d0 Exception <a 'java/lang/ClassNotFoundException'{0x00000000ea98a340}: ijresolvers1_wdfeyejcmffqmgjiis0f9cpzBeanInfo> (0x00000000ea98a340) 
thrown [s\open\src\hotspot\share\classfile\systemDictionary.cpp, line 256]
Event: 23.541 Thread 0x00000131bd0ca3d0 Exception <a 'java/lang/ClassNotFoundException'{0x00000000ea98ffa0}: ijresolvers1_wdfeyejcmffqmgjiis0f9cpzCustomizer> (0x00000000ea98ffa0) 
thrown [s\open\src\hotspot\share\classfile\systemDictionary.cpp, line 256]
Event: 23.550 Thread 0x00000131bd0ca3d0 Exception <a 'java/lang/ClassNotFoundException'{0x00000000ea843288}: org/gradle/execution/taskgraph/DefaultTaskExecutionGraphBeanInfo> (0x00000000ea843288) 
thrown [s\open\src\hotspot\share\classfile\systemDictionary.cpp, line 256]
Event: 23.550 Thread 0x00000131bd0ca3d0 Exception <a 'java/lang/ClassNotFoundException'{0x00000000ea851d58}: org/gradle/execution/taskgraph/DefaultTaskExecutionGraphCustomizer> (0x00000000ea851d58) 
thrown [s\open\src\hotspot\share\classfile\systemDictionary.cpp, line 256]

VM Operations (20 events):
Event: 18.138 Executing VM operation: HandshakeAllThreads
Event: 18.138 Executing VM operation: HandshakeAllThreads done
Event: 18.138 Executing VM operation: HandshakeAllThreads
Event: 18.138 Executing VM operation: HandshakeAllThreads done
Event: 18.190 Executing VM operation: HandshakeAllThreads
Event: 18.190 Executing VM operation: HandshakeAllThreads done
Event: 18.195 Executing VM operation: HandshakeAllThreads
Event: 18.195 Executing VM operation: HandshakeAllThreads done
Event: 19.199 Executing VM operation: Cleanup
Event: 19.199 Executing VM operation: Cleanup done
Event: 19.350 Executing VM operation: HandshakeAllThreads
Event: 19.350 Executing VM operation: HandshakeAllThreads done
Event: 20.364 Executing VM operation: Cleanup
Event: 20.364 Executing VM operation: Cleanup done
Event: 21.367 Executing VM operation: Cleanup
Event: 21.415 Executing VM operation: Cleanup done
Event: 22.423 Executing VM operation: Cleanup
Event: 22.423 Executing VM operation: Cleanup done
Event: 23.425 Executing VM operation: Cleanup
Event: 23.425 Executing VM operation: Cleanup done

Events (20 events):
Event: 19.377 loading class jdk/internal/jimage/ImageReader$Resource
Event: 19.377 loading class jdk/internal/jimage/ImageReader$Resource done
Event: 19.446 loading class java/util/WeakHashMap$KeyIterator
Event: 19.446 loading class java/util/WeakHashMap$HashIterator
Event: 19.446 loading class java/util/WeakHashMap$HashIterator done
Event: 19.446 loading class java/util/WeakHashMap$KeyIterator done
Event: 19.662 loading class jdk/internal/reflect/UnsafeObjectFieldAccessorImpl
Event: 19.702 loading class jdk/internal/reflect/UnsafeObjectFieldAccessorImpl done
Event: 20.583 loading class sun/reflect/MagicAccessorImpl
Event: 20.583 loading class sun/reflect/MagicAccessorImpl done
Event: 21.234 loading class com/sun/beans/finder/MethodFinder
Event: 21.289 loading class com/sun/beans/finder/AbstractFinder
Event: 21.415 loading class com/sun/beans/finder/AbstractFinder done
Event: 21.415 loading class com/sun/beans/finder/MethodFinder done
Event: 21.415 loading class com/sun/beans/finder/MethodFinder$1
Event: 21.457 loading class com/sun/beans/finder/MethodFinder$1 done
Event: 21.457 loading class com/sun/beans/finder/FinderUtils
Event: 21.457 loading class com/sun/beans/finder/FinderUtils done
Event: 22.722 Thread 0x00000131bbe9ab10 Thread added: 0x00000131bbe9ab10
Event: 23.327 Thread 0x00000131bbe9f1f0 Thread added: 0x00000131bbe9f1f0


Dynamic libraries:
0x00007ff7381f0000 - 0x00007ff738200000 	C:\Java\jdk-17.0.10\bin\java.exe
0x00007fff414d0000 - 0x00007fff416c5000 	C:\Windows\SYSTEM32\ntdll.dll
0x00007fff3f7d0000 - 0x00007fff3f88d000 	C:\Windows\System32\KERNEL32.DLL
0x00007fff3f050000 - 0x00007fff3f319000 	C:\Windows\System32\KERNELBASE.dll
0x00007fff3ee40000 - 0x00007fff3ef40000 	C:\Windows\System32\ucrtbase.dll
0x00007fff3a7c0000 - 0x00007fff3a7d9000 	C:\Java\jdk-17.0.10\bin\jli.dll
0x00007fff3a6f0000 - 0x00007fff3a70b000 	C:\Java\jdk-17.0.10\bin\VCRUNTIME140.dll
0x00007fff40410000 - 0x00007fff404bc000 	C:\Windows\System32\ADVAPI32.dll
0x00007fff3fb80000 - 0x00007fff3fc1e000 	C:\Windows\System32\msvcrt.dll
0x00007fff3f680000 - 0x00007fff3f71c000 	C:\Windows\System32\sechost.dll
0x00007fff3f550000 - 0x00007fff3f67b000 	C:\Windows\System32\RPCRT4.dll
0x00007fff40c10000 - 0x00007fff40db0000 	C:\Windows\System32\USER32.dll
0x00007fff3ee10000 - 0x00007fff3ee32000 	C:\Windows\System32\win32u.dll
0x00007fff269a0000 - 0x00007fff26c3a000 	C:\Windows\WinSxS\amd64_microsoft.windows.common-controls_6595b64144ccf1df_6.0.19041.844_none_ca00b6081b84eb1d\COMCTL32.dll
0x00007fff40f50000 - 0x00007fff40f7a000 	C:\Windows\System32\GDI32.dll
0x00007fff3ef40000 - 0x00007fff3f04b000 	C:\Windows\System32\gdi32full.dll
0x00007fff3ec60000 - 0x00007fff3ecfd000 	C:\Windows\System32\msvcp_win.dll
0x00007fff38030000 - 0x00007fff3803a000 	C:\Windows\SYSTEM32\VERSION.dll
0x00007fff40f20000 - 0x00007fff40f50000 	C:\Windows\System32\IMM32.DLL
0x00007fff3a8f0000 - 0x00007fff3a8fc000 	C:\Java\jdk-17.0.10\bin\vcruntime140_1.dll
0x00007fff0ae00000 - 0x00007fff0ae8e000 	C:\Java\jdk-17.0.10\bin\msvcp140.dll
0x00007ffefd680000 - 0x00007ffefe25f000 	C:\Java\jdk-17.0.10\bin\server\jvm.dll
0x00007fff41480000 - 0x00007fff41488000 	C:\Windows\System32\PSAPI.DLL
0x00007fff30340000 - 0x00007fff30349000 	C:\Windows\SYSTEM32\WSOCK32.dll
0x00007fff311d0000 - 0x00007fff311f7000 	C:\Windows\SYSTEM32\WINMM.dll
0x00007fff403a0000 - 0x00007fff4040b000 	C:\Windows\System32\WS2_32.dll
0x00007fff3ca70000 - 0x00007fff3ca82000 	C:\Windows\SYSTEM32\kernel.appcore.dll
0x00007fff3a690000 - 0x00007fff3a69a000 	C:\Java\jdk-17.0.10\bin\jimage.dll
0x00007fff31f80000 - 0x00007fff32164000 	C:\Windows\SYSTEM32\DBGHELP.DLL
0x00007fff32a90000 - 0x00007fff32abc000 	C:\Windows\SYSTEM32\dbgcore.DLL
0x00007fff3f350000 - 0x00007fff3f3d0000 	C:\Windows\System32\bcryptPrimitives.dll
0x00007fff38050000 - 0x00007fff3805e000 	C:\Java\jdk-17.0.10\bin\instrument.dll
0x00007fff3a660000 - 0x00007fff3a685000 	C:\Java\jdk-17.0.10\bin\java.dll
0x00007fff09e20000 - 0x00007fff09ef7000 	C:\Java\jdk-17.0.10\bin\jsvml.dll
0x00007fff404c0000 - 0x00007fff40c02000 	C:\Windows\System32\SHELL32.dll
0x00007fff3cd50000 - 0x00007fff3d4e0000 	C:\Windows\SYSTEM32\windows.storage.dll
0x00007fff40f80000 - 0x00007fff412d5000 	C:\Windows\System32\combase.dll
0x00007fff3e4f0000 - 0x00007fff3e51c000 	C:\Windows\SYSTEM32\Wldp.dll
0x00007fff40150000 - 0x00007fff401fe000 	C:\Windows\System32\SHCORE.dll
0x00007fff3fc20000 - 0x00007fff3fc75000 	C:\Windows\System32\shlwapi.dll
0x00007fff3eb50000 - 0x00007fff3eb6f000 	C:\Windows\SYSTEM32\profapi.dll
0x00007fff3a4d0000 - 0x00007fff3a4e8000 	C:\Java\jdk-17.0.10\bin\zip.dll
0x00007fff3a560000 - 0x00007fff3a579000 	C:\Java\jdk-17.0.10\bin\net.dll
0x00007fff38840000 - 0x00007fff3894c000 	C:\Windows\SYSTEM32\WINHTTP.dll
0x00007fff3e2d0000 - 0x00007fff3e33a000 	C:\Windows\system32\mswsock.dll
0x00007fff3a540000 - 0x00007fff3a556000 	C:\Java\jdk-17.0.10\bin\nio.dll
0x00007fff395d0000 - 0x00007fff395e0000 	C:\Java\jdk-17.0.10\bin\verify.dll
0x00007fff39140000 - 0x00007fff39167000 	C:\Java\gradle-8.5\native\c067742578af261105cb4f569cf0c3c89f3d7b1fecec35dd04571415982c5e48\windows-amd64\native-platform.dll
0x00007fff09080000 - 0x00007fff091c4000 	C:\Java\gradle-8.5\native\38dada09dfb8b06ba9b0570ebf7e218e3eb74d4ef43ca46872605cf95ebc2f47\windows-amd64\native-platform-file-events.dll
0x00007fff360f0000 - 0x00007fff360fa000 	C:\Java\jdk-17.0.10\bin\management.dll
0x00007fff33490000 - 0x00007fff3349b000 	C:\Java\jdk-17.0.10\bin\management_ext.dll
0x00007fff3e560000 - 0x00007fff3e578000 	C:\Windows\SYSTEM32\CRYPTSP.dll
0x00007fff3dc90000 - 0x00007fff3dcc4000 	C:\Windows\system32\rsaenh.dll
0x00007fff3f320000 - 0x00007fff3f347000 	C:\Windows\System32\bcrypt.dll
0x00007fff3eb10000 - 0x00007fff3eb3e000 	C:\Windows\SYSTEM32\USERENV.dll
0x00007fff3e450000 - 0x00007fff3e45c000 	C:\Windows\SYSTEM32\CRYPTBASE.dll
0x00007fff3dfe0000 - 0x00007fff3e01b000 	C:\Windows\SYSTEM32\IPHLPAPI.DLL
0x00007fff40200000 - 0x00007fff40208000 	C:\Windows\System32\NSI.dll
0x00007fff38820000 - 0x00007fff38837000 	C:\Windows\SYSTEM32\dhcpcsvc6.DLL
0x00007fff38780000 - 0x00007fff3879d000 	C:\Windows\SYSTEM32\dhcpcsvc.DLL
0x00007fff3e020000 - 0x00007fff3e0eb000 	C:\Windows\SYSTEM32\DNSAPI.dll
0x00007fff33480000 - 0x00007fff3348e000 	C:\Java\jdk-17.0.10\bin\sunmscapi.dll
0x00007fff3f3d0000 - 0x00007fff3f52f000 	C:\Windows\System32\CRYPT32.dll
0x00007fff3e5a0000 - 0x00007fff3e5c7000 	C:\Windows\SYSTEM32\ncrypt.dll
0x00007fff3e520000 - 0x00007fff3e55b000 	C:\Windows\SYSTEM32\NTASN1.dll
0x00007fff3a4c0000 - 0x00007fff3a4c7000 	C:\Windows\system32\wshunix.dll

dbghelp: loaded successfully - version: 4.0.5 - missing functions: none
symbol engine: initialized successfully - sym options: 0x614 - pdb path: .;C:\Java\jdk-17.0.10\bin;C:\Windows\SYSTEM32;C:\Windows\WinSxS\amd64_microsoft.windows.common-controls_6595b64144ccf1df_6.0.19041.844_none_ca00b6081b84eb1d;C:\Java\jdk-17.0.10\bin\server;C:\Java\gradle-8.5\native\c067742578af261105cb4f569cf0c3c89f3d7b1fecec35dd04571415982c5e48\windows-amd64;C:\Java\gradle-8.5\native\38dada09dfb8b06ba9b0570ebf7e218e3eb74d4ef43ca46872605cf95ebc2f47\windows-amd64

VM Arguments:
jvm_args: --add-opens=java.base/java.util=ALL-UNNAMED --add-opens=java.base/java.lang=ALL-UNNAMED --add-opens=java.base/java.lang.invoke=ALL-UNNAMED --add-opens=java.prefs/java.util.prefs=ALL-UNNAMED --add-opens=java.base/java.nio.charset=ALL-UNNAMED --add-opens=java.base/java.net=ALL-UNNAMED --add-opens=java.base/java.util.concurrent.atomic=ALL-UNNAMED -XX:MaxMetaspaceSize=384m -XX:+HeapDumpOnOutOfMemoryError -Xms256m -Xmx512m -Dfile.encoding=windows-1252 -Duser.country=US -Duser.language=en -Duser.variant -javaagent:C:\Java\gradle-8.5\lib\agents\gradle-instrumentation-agent-8.5.jar 
java_command: org.gradle.launcher.daemon.bootstrap.GradleDaemon 8.5
java_class_path (initial): C:\Java\gradle-8.5\lib\gradle-launcher-8.5.jar
Launcher Type: SUN_STANDARD

[Global flags]
     intx CICompilerCount                          = 4                                         {product} {ergonomic}
   size_t CompressedClassSpaceSize                 = 335544320                                 {product} {ergonomic}
     uint ConcGCThreads                            = 3                                         {product} {ergonomic}
     uint G1ConcRefinementThreads                  = 10                                        {product} {ergonomic}
   size_t G1HeapRegionSize                         = 1048576                                   {product} {ergonomic}
    uintx GCDrainStackTargetSize                   = 64                                        {product} {ergonomic}
     bool HeapDumpOnOutOfMemoryError               = true                                   {manageable} {command line}
   size_t InitialHeapSize                          = 268435456                                 {product} {command line}
   size_t MarkStackSize                            = 4194304                                   {product} {ergonomic}
   size_t MaxHeapSize                              = 536870912                                 {product} {command line}
   size_t MaxMetaspaceSize                         = 402653184                                 {product} {command line}
   size_t MaxNewSize                               = 321912832                                 {product} {ergonomic}
   size_t MinHeapDeltaBytes                        = 1048576                                   {product} {ergonomic}
   size_t MinHeapSize                              = 268435456                                 {product} {command line}
    uintx NonNMethodCodeHeapSize                   = 5839372                                {pd product} {ergonomic}
    uintx NonProfiledCodeHeapSize                  = 122909434                              {pd product} {ergonomic}
    uintx ProfiledCodeHeapSize                     = 122909434                              {pd product} {ergonomic}
    uintx ReservedCodeCacheSize                    = 251658240                              {pd product} {ergonomic}
     bool SegmentedCodeCache                       = true                                      {product} {ergonomic}
   size_t SoftMaxHeapSize                          = 536870912                              {manageable} {ergonomic}
     bool UseCompressedClassPointers               = true                           {product lp64_product} {ergonomic}
     bool UseCompressedOops                        = true                           {product lp64_product} {ergonomic}
     bool UseG1GC                                  = true                                      {product} {ergonomic}
     bool UseLargePagesIndividualAllocation        = false                                  {pd product} {ergonomic}

Logging:
Log output configuration:
 #0: stdout all=warning uptime,level,tags
 #1: stderr all=off uptime,level,tags

Environment Variables:
JAVA_HOME=C:\Java\jdk-17.0.10
PATH=C:\Python\Python312\Scripts\;C:\Python\Python312\;C:\Program Files\Common Files\Oracle\Java\javapath;C:\Program Files\copasi.org\COPASI 4.30.240\bin;C:\Program Files (x86)\Common Files\Intel\Shared Files\cpp\bin\Intel64;C:\ProgramData\Anaconda3;C:\ProgramData\Anaconda3\Library\mingw-w64\bin;C:\ProgramData\Anaconda3\Library\usr\bin;C:\ProgramData\Anaconda3\Library\bin;C:\ProgramData\Anaconda3\Scripts;C:\Windows\system32;C:\Windows;C:\Windows\System32\Wbem;C:\Windows\System32\WindowsPowerShell\v1.0\;C:\Windows\System32\OpenSSH\;C:\Program Files\MATLAB\R2013a\runtime\win64;C:\Program Files\MATLAB\R2013a\bin;C:\Program Files\java\jdk-11.0.9\bin;C:\Program Files\MongoDB\Server\4.4\bin;C:\Program Files\Git\cmd;C:\Program Files (x86)\Microsoft SQL Server\Client SDK\ODBC\110\Tools\Binn\;C:\Program Files (x86)\Microsoft SQL Server\120\Tools\Binn\;C:\Program Files (x86)\Microsoft SQL Server\120\DTS\Binn\;C:\Program Files\Microsoft SQL Server\130\Tools\Binn\;C:\Program Files\dotnet\;C:\Program Files\Microsoft SQL Server\Client SDK\ODBC\170\Tools\Binn\;C:\Program Files (x86)\Microsoft SQL Server\150\Tools\Binn\;C:\Program Files\Microsoft SQL Server\150\Tools\Binn\;C:\Program Files (x86)\Microsoft SQL Server\150\DTS\Binn\;C:\Program Files\Microsoft SQL Server\150\DTS\Binn\;C:\Program Files\Azure Data Studio\bin;C:\Program Files\Docker\Docker\resources\bin;C:\Users\Student\AppData\Local\Microsoft\WindowsApps;;C:\Users\Student\AppData\Local\Programs\Microsoft VS Code\bin;C:\Users\Student\.dotnet\tools;C:\Program Files\Azure Data Studio\bin;C:\Users\Student\AppData\Local\Programs\mongosh\
USERNAME=Student
OS=Windows_NT
PROCESSOR_IDENTIFIER=Intel64 Family 6 Model 165 Stepping 3, GenuineIntel



---------------  S Y S T E M  ---------------

OS:
 Windows 10 , 64 bit Build 19041 (10.0.19041.804)
OS uptime: 0 days 2:42 hours
Hyper-V role detected

CPU: total 12 (initial active 12) (6 cores per cpu, 2 threads per core) family 6 model 165 stepping 3 microcode 0xe0, cx8, cmov, fxsr, ht, mmx, 3dnowpref, sse, sse2, sse3, ssse3, sse4.1, sse4.2, popcnt, lzcnt, tsc, tscinvbit, avx, avx2, aes, erms, clmul, bmi1, bmi2, adx, fma, vzeroupper, clflush, clflushopt, hv

Memory: 4k page, system-wide physical 7939M (264M free)
TotalPageFile size 11539M (AvailPageFile size 360M)
current process WorkingSet (physical memory assigned to process): 259M, peak: 259M
current process commit charge ("private bytes"): 429M, peak: 429M

vm_info: Java HotSpot(TM) 64-Bit Server VM (17.0.10+11-LTS-240) for windows-amd64 JRE (17.0.10+11-LTS-240), built on Dec 19 2023 21:47:25 by "mach5one" with MS VC++ 17.1 (VS2022)

END.
