#
# There is insufficient memory for the Java Runtime Environment to continue.
# Native memory allocation (malloc) failed to allocate 364560 bytes for Chunk::new
# Possible reasons:
#   The system is out of physical RAM or swap space
#   The process is running with CompressedOops enabled, and the Java Heap may be blocking the growth of the native heap
# Possible solutions:
#   Reduce memory load on the system
#   Increase physical memory or swap space
#   Check if swap backing store is full
#   Decrease Java heap size (-Xmx/-Xms)
#   Decrease number of Java threads
#   Decrease Java thread stack sizes (-Xss)
#   Set larger code cache with -XX:ReservedCodeCacheSize=
#   JVM is running with Unscaled Compressed Oops mode in which the Java heap is
#     placed in the first 4GB address space. The Java Heap base address is the
#     maximum limit for the native heap growth. Please use -XX:HeapBaseMinAddress
#     to set the Java Heap base and to place the Java Heap above 4GB virtual address.
# This output file may be truncated or incomplete.
#
#  Out of Memory Error (arena.cpp:189), pid=21936, tid=22276
#
# JRE version: Java(TM) SE Runtime Environment (17.0.8+9) (build 17.0.8+9-LTS-211)
# Java VM: Java HotSpot(TM) 64-Bit Server VM (17.0.8+9-LTS-211, mixed mode, sharing, tiered, compressed oops, compressed class ptrs, g1 gc, windows-amd64)
# No core dump will be written. Minidumps are not enabled by default on client versions of Windows
#

---------------  S U M M A R Y ------------

Command Line: --add-opens=java.base/java.util=ALL-UNNAMED --add-opens=java.base/java.lang=ALL-UNNAMED --add-opens=java.base/java.lang.invoke=ALL-UNNAMED --add-opens=java.prefs/java.util.prefs=ALL-UNNAMED --add-opens=java.base/java.nio.charset=ALL-UNNAMED --add-opens=java.base/java.net=ALL-UNNAMED --add-opens=java.base/java.util.concurrent.atomic=ALL-UNNAMED -XX:MaxMetaspaceSize=384m -XX:+HeapDumpOnOutOfMemoryError -Xms256m -Xmx512m -Dfile.encoding=windows-1252 -Duser.country=US -Duser.language=en -Duser.variant -javaagent:C:\Users\phgss\.gradle\wrapper\dists\gradle-8.6-bin\afr5mpiioh2wthjmwnkmdsd5w\gradle-8.6\lib\agents\gradle-instrumentation-agent-8.6.jar org.gradle.launcher.daemon.bootstrap.GradleDaemon 8.6

Host: Intel(R) Core(TM) i5-8265U CPU @ 1.60GHz, 8 cores, 7G,  Windows 11 , 64 bit Build 22621 (10.0.22621.3235)
Time: Tue Mar 19 19:44:38 2024 SE Asia Standard Time elapsed time: 217.268560 seconds (0d 0h 3m 37s)

---------------  T H R E A D  ---------------

Current thread (0x0000016de8af5f60):  JavaThread "C2 CompilerThread0" daemon [_thread_in_native, id=22276, stack(0x0000002424900000,0x0000002424a00000)]


Current CompileTask:
C2: 217268 7465   !   4       sun.nio.ch.FileChannelImpl::tryLock (238 bytes)

Stack: [0x0000002424900000,0x0000002424a00000]
Native frames: (J=compiled Java code, j=interpreted, Vv=VM code, C=native code)
V  [jvm.dll+0x677d0a]
V  [jvm.dll+0x7d8c54]
V  [jvm.dll+0x7da3fe]
V  [jvm.dll+0x7daa63]
V  [jvm.dll+0x245c5f]
V  [jvm.dll+0xaaa6b]
V  [jvm.dll+0xab00c]
V  [jvm.dll+0x11d534]
V  [jvm.dll+0x60b7b3]
V  [jvm.dll+0x609e74]
V  [jvm.dll+0x217e7e]
V  [jvm.dll+0x217431]
V  [jvm.dll+0x1a3af0]
V  [jvm.dll+0x2270be]
V  [jvm.dll+0x22535b]
V  [jvm.dll+0x78e7bc]
V  [jvm.dll+0x788bba]
V  [jvm.dll+0x676b35]
C  [ucrtbase.dll+0x29363]
C  [KERNEL32.DLL+0x1257d]
C  [ntdll.dll+0x5aa58]


---------------  P R O C E S S  ---------------

Threads class SMR info:
_java_thread_list=0x0000016dff90e320, length=99, elements={
0x0000016dce1df340, 0x0000016de8ad5030, 0x0000016de8ad5ea0, 0x0000016de8af00a0,
0x0000016de8af1c60, 0x0000016de8af2810, 0x0000016de8af51d0, 0x0000016de8af5f60,
0x0000016de8af8a10, 0x0000016de8b2dbc0, 0x0000016de8ac27d0, 0x0000016dfe153630,
0x0000016dff755020, 0x0000016dfe1aa080, 0x0000016dff65b590, 0x0000016dfed20770,
0x0000016dfe29dab0, 0x0000016dfe469840, 0x0000016dfe2617d0, 0x0000016dff6a0020,
0x0000016dfe181580, 0x0000016dfe181f20, 0x0000016dfe1810b0, 0x0000016dfe180710,
0x0000016dfe180be0, 0x0000016d840f3a20, 0x0000016d840f8720, 0x0000016d840f9f30,
0x0000016d840f4d60, 0x0000016d840f90c0, 0x0000016d840f5700, 0x0000016d840f6f10,
0x0000016d840f60a0, 0x0000016d840f5230, 0x0000016d840f73e0, 0x0000016d840f4890,
0x0000016d840f26e0, 0x0000016d840f9590, 0x0000016d840f6a40, 0x0000016d840f3550,
0x0000016d840f7d80, 0x0000016d840f8bf0, 0x0000016d840f9a60, 0x0000016dff7cf180,
0x0000016dff7cc160, 0x0000016dff7cb7c0, 0x0000016dff7cf650, 0x0000016dff7cc630,
0x0000016dff7cfb20, 0x0000016dff7cfff0, 0x0000016dff7d0990, 0x0000016dff7d0e60,
0x0000016dff7d1cd0, 0x0000016dff7cb2f0, 0x0000016dff7d1800, 0x0000016dff7ccb00,
0x0000016dff7ca480, 0x0000016dff7d1330, 0x0000016dff7cecb0, 0x0000016dff7ca950,
0x0000016dff7ccfd0, 0x0000016dff7cae20, 0x0000016dff7cbc90, 0x0000016dff7cd4a0,
0x0000016dff7cde40, 0x0000016dff7ce310, 0x0000016dff7ce7e0, 0x0000016d858d9d00,
0x0000016d858d3cc0, 0x0000016d858d4660, 0x0000016d858db040, 0x0000016d858d84f0,
0x0000016d858d89c0, 0x0000016d858d4190, 0x0000016d858d4b30, 0x0000016d858d5000,
0x0000016d858d54d0, 0x0000016d858d6ce0, 0x0000016d858da1d0, 0x0000016d858d9360,
0x0000016d858d37f0, 0x0000016d858d59a0, 0x0000016d858d5e70, 0x0000016d858d71b0,
0x0000016d858da6a0, 0x0000016d858d8e90, 0x0000016d858d6810, 0x0000016d858d6340,
0x0000016d858d7680, 0x0000016d858d7b50, 0x0000016d858d8020, 0x0000016d858d9830,
0x0000016d858dab70, 0x0000016d840f3080, 0x0000016d88082900, 0x0000016d880862c0,
0x0000016d880845e0, 0x0000016d88081a90, 0x0000016d88087130
}

Java Threads: ( => current thread )
  0x0000016dce1df340 JavaThread "main" [_thread_blocked, id=22060, stack(0x0000002423c00000,0x0000002423d00000)]
  0x0000016de8ad5030 JavaThread "Reference Handler" daemon [_thread_blocked, id=22244, stack(0x0000002424300000,0x0000002424400000)]
  0x0000016de8ad5ea0 JavaThread "Finalizer" daemon [_thread_blocked, id=22248, stack(0x0000002424400000,0x0000002424500000)]
  0x0000016de8af00a0 JavaThread "Signal Dispatcher" daemon [_thread_blocked, id=22260, stack(0x0000002424500000,0x0000002424600000)]
  0x0000016de8af1c60 JavaThread "Attach Listener" daemon [_thread_blocked, id=22264, stack(0x0000002424600000,0x0000002424700000)]
  0x0000016de8af2810 JavaThread "Service Thread" daemon [_thread_blocked, id=22268, stack(0x0000002424700000,0x0000002424800000)]
  0x0000016de8af51d0 JavaThread "Monitor Deflation Thread" daemon [_thread_blocked, id=22272, stack(0x0000002424800000,0x0000002424900000)]
=>0x0000016de8af5f60 JavaThread "C2 CompilerThread0" daemon [_thread_in_native, id=22276, stack(0x0000002424900000,0x0000002424a00000)]
  0x0000016de8af8a10 JavaThread "C1 CompilerThread0" daemon [_thread_blocked, id=22292, stack(0x0000002424a00000,0x0000002424b00000)]
  0x0000016de8b2dbc0 JavaThread "Sweeper thread" daemon [_thread_blocked, id=22296, stack(0x0000002424b00000,0x0000002424c00000)]
  0x0000016de8ac27d0 JavaThread "Common-Cleaner" daemon [_thread_blocked, id=22336, stack(0x0000002424c00000,0x0000002424d00000)]
  0x0000016dfe153630 JavaThread "Notification Thread" daemon [_thread_blocked, id=22388, stack(0x0000002424d00000,0x0000002424e00000)]
  0x0000016dff755020 JavaThread "Daemon health stats" [_thread_blocked, id=18984, stack(0x0000002425400000,0x0000002425500000)]
  0x0000016dfe1aa080 JavaThread "Incoming local TCP Connector on port 61488" [_thread_in_native, id=16000, stack(0x0000002425500000,0x0000002425600000)]
  0x0000016dff65b590 JavaThread "Daemon periodic checks" [_thread_blocked, id=21564, stack(0x0000002425600000,0x0000002425700000)]
  0x0000016dfed20770 JavaThread "Daemon" [_thread_blocked, id=8452, stack(0x0000002425700000,0x0000002425800000)]
  0x0000016dfe29dab0 JavaThread "Handler for socket connection from /127.0.0.1:61488 to /127.0.0.1:61491" [_thread_in_native, id=13700, stack(0x0000002425800000,0x0000002425900000)]
  0x0000016dfe469840 JavaThread "Cancel handler" [_thread_blocked, id=15024, stack(0x0000002425900000,0x0000002425a00000)]
  0x0000016dfe2617d0 JavaThread "Daemon worker" [_thread_blocked, id=18500, stack(0x0000002425a00000,0x0000002425b00000)]
  0x0000016dff6a0020 JavaThread "Asynchronous log dispatcher for DefaultDaemonConnection: socket connection from /127.0.0.1:61488 to /127.0.0.1:61491" [_thread_blocked, id=22000, stack(0x0000002425b00000,0x0000002425c00000)]
  0x0000016dfe181580 JavaThread "Stdin handler" [_thread_blocked, id=21980, stack(0x0000002425c00000,0x0000002425d00000)]
  0x0000016dfe181f20 JavaThread "Daemon client event forwarder" [_thread_blocked, id=1532, stack(0x0000002425d00000,0x0000002425e00000)]
  0x0000016dfe1810b0 JavaThread "Cache worker for journal cache (C:\Users\phgss\.gradle\caches\journal-1)" [_thread_blocked, id=21960, stack(0x0000002425e00000,0x0000002425f00000)]
  0x0000016dfe180710 JavaThread "File lock request listener" [_thread_in_native, id=16620, stack(0x0000002425f00000,0x0000002426000000)]
  0x0000016dfe180be0 JavaThread "File lock release action executor" [_thread_blocked, id=14764, stack(0x0000002426000000,0x0000002426100000)]
  0x0000016d840f3a20 JavaThread "Cache worker for file hash cache (C:\Users\phgss\.gradle\caches\8.6\fileHashes)" [_thread_blocked, id=13132, stack(0x0000002426100000,0x0000002426200000)]
  0x0000016d840f8720 JavaThread "File watcher server" daemon [_thread_in_native, id=1644, stack(0x0000002426200000,0x0000002426300000)]
  0x0000016d840f9f30 JavaThread "File watcher consumer" daemon [_thread_blocked, id=22076, stack(0x0000002426300000,0x0000002426400000)]
  0x0000016d840f4d60 JavaThread "Cache worker for checksums cache (D:\STT12_PhamHaNam_week6\gateway\.gradle\8.6\checksums)" [_thread_blocked, id=22040, stack(0x0000002426700000,0x0000002426800000)]
  0x0000016d840f90c0 JavaThread "Cache worker for file hash cache (D:\STT12_PhamHaNam_week6\gateway\.gradle\8.6\fileHashes)" [_thread_blocked, id=21924, stack(0x0000002426800000,0x0000002426900000)]
  0x0000016d840f5700 JavaThread "Cache worker for cache directory md-supplier (C:\Users\phgss\.gradle\caches\8.6\md-supplier)" [_thread_blocked, id=18940, stack(0x0000002426900000,0x0000002426a00000)]
  0x0000016d840f6f10 JavaThread "Cache worker for cache directory md-rule (C:\Users\phgss\.gradle\caches\8.6\md-rule)" [_thread_blocked, id=13104, stack(0x0000002426a00000,0x0000002426b00000)]
  0x0000016d840f60a0 JavaThread "Cache worker for file content cache (C:\Users\phgss\.gradle\caches\8.6\fileContent)" [_thread_blocked, id=15116, stack(0x0000002426b00000,0x0000002426c00000)]
  0x0000016d840f5230 JavaThread "jar transforms" [_thread_blocked, id=15492, stack(0x0000002426e00000,0x0000002426f00000)]
  0x0000016d840f73e0 JavaThread "jar transforms Thread 2" [_thread_blocked, id=1228, stack(0x0000002426f00000,0x0000002427000000)]
  0x0000016d840f4890 JavaThread "jar transforms Thread 3" [_thread_blocked, id=3944, stack(0x0000002423900000,0x0000002423a00000)]
  0x0000016d840f26e0 JavaThread "jar transforms Thread 4" [_thread_blocked, id=10108, stack(0x0000002423a00000,0x0000002423b00000)]
  0x0000016d840f9590 JavaThread "jar transforms Thread 5" [_thread_blocked, id=20752, stack(0x0000002427000000,0x0000002427100000)]
  0x0000016d840f6a40 JavaThread "jar transforms Thread 6" [_thread_blocked, id=15212, stack(0x0000002427100000,0x0000002427200000)]
  0x0000016d840f3550 JavaThread "jar transforms Thread 7" [_thread_blocked, id=16448, stack(0x0000002427800000,0x0000002427900000)]
  0x0000016d840f7d80 JavaThread "Cache worker for Build Output Cleanup Cache (D:\STT12_PhamHaNam_week6\gateway\.gradle\buildOutputCleanup)" [_thread_blocked, id=9236, stack(0x0000002427900000,0x0000002427a00000)]
  0x0000016d840f8bf0 JavaThread "Unconstrained build operations" [_thread_blocked, id=6300, stack(0x0000002427a00000,0x0000002427b00000)]
  0x0000016d840f9a60 JavaThread "Unconstrained build operations Thread 2" [_thread_blocked, id=10812, stack(0x0000002427b00000,0x0000002427c00000)]
  0x0000016dff7cf180 JavaThread "Unconstrained build operations Thread 3" [_thread_blocked, id=12372, stack(0x0000002427c00000,0x0000002427d00000)]
  0x0000016dff7cc160 JavaThread "Unconstrained build operations Thread 4" [_thread_blocked, id=8884, stack(0x0000002427d00000,0x0000002427e00000)]
  0x0000016dff7cb7c0 JavaThread "Unconstrained build operations Thread 5" [_thread_blocked, id=20988, stack(0x0000002427e00000,0x0000002427f00000)]
  0x0000016dff7cf650 JavaThread "Unconstrained build operations Thread 6" [_thread_blocked, id=1356, stack(0x0000002427f00000,0x0000002428000000)]
  0x0000016dff7cc630 JavaThread "Unconstrained build operations Thread 7" [_thread_blocked, id=13788, stack(0x0000002428000000,0x0000002428100000)]
  0x0000016dff7cfb20 JavaThread "Memory manager" [_thread_blocked, id=18112, stack(0x0000002428100000,0x0000002428200000)]
  0x0000016dff7cfff0 JavaThread "jar transforms Thread 8" [_thread_blocked, id=3608, stack(0x0000002428200000,0x0000002428300000)]
  0x0000016dff7d0990 JavaThread "included builds" [_thread_blocked, id=14076, stack(0x0000002428300000,0x0000002428400000)]
  0x0000016dff7d0e60 JavaThread "Execution worker" [_thread_blocked, id=16488, stack(0x0000002428400000,0x0000002428500000)]
  0x0000016dff7d1cd0 JavaThread "Execution worker Thread 2" [_thread_blocked, id=22204, stack(0x0000002428500000,0x0000002428600000)]
  0x0000016dff7cb2f0 JavaThread "Execution worker Thread 3" [_thread_blocked, id=6260, stack(0x0000002428600000,0x0000002428700000)]
  0x0000016dff7d1800 JavaThread "Execution worker Thread 4" [_thread_blocked, id=18084, stack(0x0000002428700000,0x0000002428800000)]
  0x0000016dff7ccb00 JavaThread "Execution worker Thread 5" [_thread_blocked, id=2188, stack(0x0000002428800000,0x0000002428900000)]
  0x0000016dff7ca480 JavaThread "Execution worker Thread 6" [_thread_blocked, id=20328, stack(0x0000002428900000,0x0000002428a00000)]
  0x0000016dff7d1330 JavaThread "Execution worker Thread 7" [_thread_blocked, id=15832, stack(0x0000002428a00000,0x0000002428b00000)]
  0x0000016dff7cecb0 JavaThread "Cache worker for execution history cache (D:\STT12_PhamHaNam_week6\gateway\.gradle\8.6\executionHistory)" [_thread_blocked, id=20592, stack(0x0000002428b00000,0x0000002428c00000)]
  0x0000016dff7ca950 JavaThread "Unconstrained build operations Thread 8" [_thread_blocked, id=16932, stack(0x0000002428c00000,0x0000002428d00000)]
  0x0000016dff7ccfd0 JavaThread "Unconstrained build operations Thread 9" [_thread_blocked, id=20848, stack(0x0000002428d00000,0x0000002428e00000)]
  0x0000016dff7cae20 JavaThread "Unconstrained build operations Thread 10" [_thread_blocked, id=9252, stack(0x0000002428e00000,0x0000002428f00000)]
  0x0000016dff7cbc90 JavaThread "Unconstrained build operations Thread 11" [_thread_blocked, id=14096, stack(0x0000002428f00000,0x0000002429000000)]
  0x0000016dff7cd4a0 JavaThread "Unconstrained build operations Thread 12" [_thread_blocked, id=5128, stack(0x0000002429000000,0x0000002429100000)]
  0x0000016dff7cde40 JavaThread "Unconstrained build operations Thread 13" [_thread_blocked, id=18272, stack(0x0000002429100000,0x0000002429200000)]
  0x0000016dff7ce310 JavaThread "Unconstrained build operations Thread 14" [_thread_blocked, id=4548, stack(0x0000002429200000,0x0000002429300000)]
  0x0000016dff7ce7e0 JavaThread "Unconstrained build operations Thread 15" [_thread_blocked, id=17484, stack(0x0000002429300000,0x0000002429400000)]
  0x0000016d858d9d00 JavaThread "Unconstrained build operations Thread 16" [_thread_blocked, id=19340, stack(0x0000002429400000,0x0000002429500000)]
  0x0000016d858d3cc0 JavaThread "Unconstrained build operations Thread 17" [_thread_blocked, id=11036, stack(0x0000002429500000,0x0000002429600000)]
  0x0000016d858d4660 JavaThread "Unconstrained build operations Thread 18" [_thread_blocked, id=6276, stack(0x0000002429600000,0x0000002429700000)]
  0x0000016d858db040 JavaThread "Unconstrained build operations Thread 19" [_thread_blocked, id=3116, stack(0x0000002429700000,0x0000002429800000)]
  0x0000016d858d84f0 JavaThread "Unconstrained build operations Thread 20" [_thread_blocked, id=14820, stack(0x0000002429800000,0x0000002429900000)]
  0x0000016d858d89c0 JavaThread "Unconstrained build operations Thread 21" [_thread_blocked, id=19264, stack(0x0000002426c00000,0x0000002426d00000)]
  0x0000016d858d4190 JavaThread "Unconstrained build operations Thread 22" [_thread_blocked, id=16436, stack(0x0000002429900000,0x0000002429a00000)]
  0x0000016d858d4b30 JavaThread "Unconstrained build operations Thread 23" [_thread_blocked, id=18628, stack(0x0000002429a00000,0x0000002429b00000)]
  0x0000016d858d5000 JavaThread "Unconstrained build operations Thread 24" [_thread_blocked, id=8180, stack(0x0000002429b00000,0x0000002429c00000)]
  0x0000016d858d54d0 JavaThread "Unconstrained build operations Thread 25" [_thread_blocked, id=22668, stack(0x0000002429c00000,0x0000002429d00000)]
  0x0000016d858d6ce0 JavaThread "Unconstrained build operations Thread 26" [_thread_blocked, id=23180, stack(0x0000002429d00000,0x0000002429e00000)]
  0x0000016d858da1d0 JavaThread "Unconstrained build operations Thread 27" [_thread_blocked, id=23260, stack(0x0000002429e00000,0x0000002429f00000)]
  0x0000016d858d9360 JavaThread "Unconstrained build operations Thread 28" [_thread_blocked, id=23740, stack(0x0000002429f00000,0x000000242a000000)]
  0x0000016d858d37f0 JavaThread "Unconstrained build operations Thread 29" [_thread_blocked, id=23840, stack(0x000000242a000000,0x000000242a100000)]
  0x0000016d858d59a0 JavaThread "Unconstrained build operations Thread 30" [_thread_blocked, id=23876, stack(0x000000242a100000,0x000000242a200000)]
  0x0000016d858d5e70 JavaThread "Unconstrained build operations Thread 31" [_thread_blocked, id=24012, stack(0x0000002423b00000,0x0000002423c00000)]
  0x0000016d858d71b0 JavaThread "Unconstrained build operations Thread 32" [_thread_blocked, id=24064, stack(0x000000242a200000,0x000000242a300000)]
  0x0000016d858da6a0 JavaThread "Unconstrained build operations Thread 33" [_thread_blocked, id=24100, stack(0x000000242a300000,0x000000242a400000)]
  0x0000016d858d8e90 JavaThread "Unconstrained build operations Thread 34" [_thread_blocked, id=24452, stack(0x000000242a400000,0x000000242a500000)]
  0x0000016d858d6810 JavaThread "Unconstrained build operations Thread 35" [_thread_blocked, id=24456, stack(0x000000242a500000,0x000000242a600000)]
  0x0000016d858d6340 JavaThread "Unconstrained build operations Thread 36" [_thread_blocked, id=24460, stack(0x000000242a600000,0x000000242a700000)]
  0x0000016d858d7680 JavaThread "Unconstrained build operations Thread 37" [_thread_blocked, id=24468, stack(0x000000242a700000,0x000000242a800000)]
  0x0000016d858d7b50 JavaThread "Unconstrained build operations Thread 38" [_thread_blocked, id=24480, stack(0x000000242a800000,0x000000242a900000)]
  0x0000016d858d8020 JavaThread "Unconstrained build operations Thread 39" [_thread_blocked, id=24488, stack(0x000000242a900000,0x000000242aa00000)]
  0x0000016d858d9830 JavaThread "Unconstrained build operations Thread 40" [_thread_blocked, id=9052, stack(0x000000242aa00000,0x000000242ab00000)]
  0x0000016d858dab70 JavaThread "Unconstrained build operations Thread 41" [_thread_blocked, id=18324, stack(0x000000242ab00000,0x000000242ac00000)]
  0x0000016d840f3080 JavaThread "Unconstrained build operations Thread 42" [_thread_blocked, id=10572, stack(0x000000242ac00000,0x000000242ad00000)]
  0x0000016d88082900 JavaThread "Unconstrained build operations Thread 43" [_thread_blocked, id=24272, stack(0x000000242ad00000,0x000000242ae00000)]
  0x0000016d880862c0 JavaThread "Unconstrained build operations Thread 44" [_thread_blocked, id=24972, stack(0x000000242ae00000,0x000000242af00000)]
  0x0000016d880845e0 JavaThread "Unconstrained build operations Thread 45" [_thread_blocked, id=25076, stack(0x000000242af00000,0x000000242b000000)]
  0x0000016d88081a90 JavaThread "Unconstrained build operations Thread 46" [_thread_blocked, id=25304, stack(0x0000002426d00000,0x0000002426e00000)]
  0x0000016d88087130 JavaThread "Unconstrained build operations Thread 47" [_thread_blocked, id=25424, stack(0x000000242b000000,0x000000242b100000)]

Other Threads:
  0x0000016de8ad1440 VMThread "VM Thread" [stack: 0x0000002424200000,0x0000002424300000] [id=22216]
  0x0000016dfe153b00 WatcherThread [stack: 0x0000002424e00000,0x0000002424f00000] [id=22392]
  0x0000016dce20f270 GCTaskThread "GC Thread#0" [stack: 0x0000002423d00000,0x0000002423e00000] [id=22108]
  0x0000016dfe3f1dc0 GCTaskThread "GC Thread#1" [stack: 0x0000002424f00000,0x0000002425000000] [id=1092]
  0x0000016dfe3f2070 GCTaskThread "GC Thread#2" [stack: 0x0000002425000000,0x0000002425100000] [id=9424]
  0x0000016dfe1abfc0 GCTaskThread "GC Thread#3" [stack: 0x0000002425100000,0x0000002425200000] [id=10636]
  0x0000016dfe1ac270 GCTaskThread "GC Thread#4" [stack: 0x0000002425200000,0x0000002425300000] [id=6252]
  0x0000016dfed2acf0 GCTaskThread "GC Thread#5" [stack: 0x0000002425300000,0x0000002425400000] [id=16592]
  0x0000016d849199f0 GCTaskThread "GC Thread#6" [stack: 0x0000002426400000,0x0000002426500000] [id=19604]
  0x0000016d8491b220 GCTaskThread "GC Thread#7" [stack: 0x0000002426500000,0x0000002426600000] [id=18224]
  0x0000016dce2149c0 ConcurrentGCThread "G1 Main Marker" [stack: 0x0000002423e00000,0x0000002423f00000] [id=22112]
  0x0000016dce2153d0 ConcurrentGCThread "G1 Conc#0" [stack: 0x0000002423f00000,0x0000002424000000] [id=22116]
  0x0000016d84919ca0 ConcurrentGCThread "G1 Conc#1" [stack: 0x0000002426600000,0x0000002426700000] [id=9512]
  0x0000016dce2ad8e0 ConcurrentGCThread "G1 Refine#0" [stack: 0x0000002424000000,0x0000002424100000] [id=22136]
  0x0000016d84625e00 ConcurrentGCThread "G1 Refine#1" [stack: 0x0000002427200000,0x0000002427300000] [id=8284]
  0x0000016dfea5f0d0 ConcurrentGCThread "G1 Refine#2" [stack: 0x0000002427300000,0x0000002427400000] [id=19532]
  0x0000016dfea62770 ConcurrentGCThread "G1 Refine#3" [stack: 0x0000002427400000,0x0000002427500000] [id=14356]
  0x0000016dfea60210 ConcurrentGCThread "G1 Refine#4" [stack: 0x0000002427500000,0x0000002427600000] [id=9384]
  0x0000016dfea61ed0 ConcurrentGCThread "G1 Refine#5" [stack: 0x0000002427600000,0x0000002427700000] [id=5360]
  0x0000016dfea5ff30 ConcurrentGCThread "G1 Refine#6" [stack: 0x0000002427700000,0x0000002427800000] [id=4424]
  0x0000016dce2ae300 ConcurrentGCThread "G1 Service" [stack: 0x0000002424100000,0x0000002424200000] [id=22140]

Threads with active compile tasks:
C2 CompilerThread0   217588 7465   !   4       sun.nio.ch.FileChannelImpl::tryLock (238 bytes)

VM state: not at safepoint (normal execution)

VM Mutex/Monitor currently owned by a thread: None

Heap address: 0x00000000e0000000, size: 512 MB, Compressed Oops mode: 32-bit

CDS archive(s) mapped at: [0x0000016de9000000-0x0000016de9bd0000-0x0000016de9bd0000), size 12386304, SharedBaseAddress: 0x0000016de9000000, ArchiveRelocationMode: 1.
Compressed class space mapped at: 0x0000016dea000000-0x0000016dfe000000, reserved size: 335544320
Narrow klass base: 0x0000016de9000000, Narrow klass shift: 0, Narrow klass range: 0x100000000

GC Precious Log:
 CPUs: 8 total, 8 available
 Memory: 8043M
 Large Page Support: Disabled
 NUMA Support: Disabled
 Compressed Oops: Enabled (32-bit)
 Heap Region Size: 1M
 Heap Min Capacity: 256M
 Heap Initial Capacity: 256M
 Heap Max Capacity: 512M
 Pre-touch: Disabled
 Parallel Workers: 8
 Concurrent Workers: 2
 Concurrent Refinement Workers: 8
 Periodic GC: Disabled

Heap:
 garbage-first heap   total 262144K, used 118875K [0x00000000e0000000, 0x0000000100000000)
  region size 1024K, 80 young (81920K), 2 survivors (2048K)
 Metaspace       used 52354K, committed 52864K, reserved 393216K
  class space    used 7413K, committed 7680K, reserved 327680K

Heap Regions: E=young(eden), S=young(survivor), O=old, HS=humongous(starts), HC=humongous(continues), CS=collection set, F=free, OA=open archive, CA=closed archive, TAMS=top-at-mark-start (previous, next)
|   0|0x00000000e0000000, 0x00000000e0100000, 0x00000000e0100000|100%|HS|  |TAMS 0x00000000e0100000, 0x00000000e0000000| Complete 
|   1|0x00000000e0100000, 0x00000000e0200000, 0x00000000e0200000|100%|HC|  |TAMS 0x00000000e0200000, 0x00000000e0100000| Complete 
|   2|0x00000000e0200000, 0x00000000e0300000, 0x00000000e0300000|100%|HC|  |TAMS 0x00000000e0300000, 0x00000000e0200000| Complete 
|   3|0x00000000e0300000, 0x00000000e0400000, 0x00000000e0400000|100%|HC|  |TAMS 0x00000000e0400000, 0x00000000e0300000| Complete 
|   4|0x00000000e0400000, 0x00000000e0500000, 0x00000000e0500000|100%| O|  |TAMS 0x00000000e0500000, 0x00000000e0400000| Untracked 
|   5|0x00000000e0500000, 0x00000000e0600000, 0x00000000e0600000|100%| O|  |TAMS 0x00000000e0600000, 0x00000000e0500000| Untracked 
|   6|0x00000000e0600000, 0x00000000e0700000, 0x00000000e0700000|100%| O|  |TAMS 0x00000000e0700000, 0x00000000e0600000| Untracked 
|   7|0x00000000e0700000, 0x00000000e0800000, 0x00000000e0800000|100%| O|  |TAMS 0x00000000e0700000, 0x00000000e0700000| Untracked 
|   8|0x00000000e0800000, 0x00000000e0900000, 0x00000000e0900000|100%| O|  |TAMS 0x00000000e0900000, 0x00000000e0800000| Untracked 
|   9|0x00000000e0900000, 0x00000000e0a00000, 0x00000000e0a00000|100%| O|  |TAMS 0x00000000e0a00000, 0x00000000e0900000| Untracked 
|  10|0x00000000e0a00000, 0x00000000e0b00000, 0x00000000e0b00000|100%| O|  |TAMS 0x00000000e0b00000, 0x00000000e0a00000| Untracked 
|  11|0x00000000e0b00000, 0x00000000e0c00000, 0x00000000e0c00000|100%| O|  |TAMS 0x00000000e0c00000, 0x00000000e0b00000| Untracked 
|  12|0x00000000e0c00000, 0x00000000e0d00000, 0x00000000e0d00000|100%| O|  |TAMS 0x00000000e0d00000, 0x00000000e0c00000| Untracked 
|  13|0x00000000e0d00000, 0x00000000e0e00000, 0x00000000e0e00000|100%| O|  |TAMS 0x00000000e0e00000, 0x00000000e0d00000| Untracked 
|  14|0x00000000e0e00000, 0x00000000e0f00000, 0x00000000e0f00000|100%| O|  |TAMS 0x00000000e0f00000, 0x00000000e0e00000| Untracked 
|  15|0x00000000e0f00000, 0x00000000e1000000, 0x00000000e1000000|100%| O|  |TAMS 0x00000000e1000000, 0x00000000e0f00000| Untracked 
|  16|0x00000000e1000000, 0x00000000e1100000, 0x00000000e1100000|100%| O|  |TAMS 0x00000000e1100000, 0x00000000e1000000| Untracked 
|  17|0x00000000e1100000, 0x00000000e1200000, 0x00000000e1200000|100%| O|  |TAMS 0x00000000e1200000, 0x00000000e1100000| Untracked 
|  18|0x00000000e1200000, 0x00000000e1300000, 0x00000000e1300000|100%| O|  |TAMS 0x00000000e1300000, 0x00000000e1200000| Untracked 
|  19|0x00000000e1300000, 0x00000000e1400000, 0x00000000e1400000|100%| O|  |TAMS 0x00000000e1400000, 0x00000000e1300000| Untracked 
|  20|0x00000000e1400000, 0x00000000e1500000, 0x00000000e1500000|100%| O|  |TAMS 0x00000000e1500000, 0x00000000e1400000| Untracked 
|  21|0x00000000e1500000, 0x00000000e1600000, 0x00000000e1600000|100%| O|  |TAMS 0x00000000e1600000, 0x00000000e1500000| Untracked 
|  22|0x00000000e1600000, 0x00000000e1700000, 0x00000000e1700000|100%| O|  |TAMS 0x00000000e1700000, 0x00000000e1600000| Untracked 
|  23|0x00000000e1700000, 0x00000000e1800000, 0x00000000e1800000|100%| O|  |TAMS 0x00000000e1800000, 0x00000000e1700000| Untracked 
|  24|0x00000000e1800000, 0x00000000e1900000, 0x00000000e1900000|100%| O|  |TAMS 0x00000000e1900000, 0x00000000e1800000| Untracked 
|  25|0x00000000e1900000, 0x00000000e1a00000, 0x00000000e1a00000|100%| O|  |TAMS 0x00000000e1a00000, 0x00000000e1900000| Untracked 
|  26|0x00000000e1a00000, 0x00000000e1b00000, 0x00000000e1b00000|100%| O|  |TAMS 0x00000000e1b00000, 0x00000000e1a00000| Untracked 
|  27|0x00000000e1b00000, 0x00000000e1c00000, 0x00000000e1c00000|100%| O|  |TAMS 0x00000000e1c00000, 0x00000000e1b00000| Untracked 
|  28|0x00000000e1c00000, 0x00000000e1d00000, 0x00000000e1d00000|100%| O|  |TAMS 0x00000000e1d00000, 0x00000000e1c00000| Untracked 
|  29|0x00000000e1d00000, 0x00000000e1d00000, 0x00000000e1e00000|  0%| F|  |TAMS 0x00000000e1d00000, 0x00000000e1d00000| Untracked 
|  30|0x00000000e1e00000, 0x00000000e1f00000, 0x00000000e1f00000|100%| O|  |TAMS 0x00000000e1e95800, 0x00000000e1e00000| Untracked 
|  31|0x00000000e1f00000, 0x00000000e2000000, 0x00000000e2000000|100%| O|  |TAMS 0x00000000e1f00000, 0x00000000e1f00000| Untracked 
|  32|0x00000000e2000000, 0x00000000e2100000, 0x00000000e2100000|100%| O|  |TAMS 0x00000000e2000000, 0x00000000e2000000| Untracked 
|  33|0x00000000e2100000, 0x00000000e2200000, 0x00000000e2200000|100%| O|  |TAMS 0x00000000e2100000, 0x00000000e2100000| Untracked 
|  34|0x00000000e2200000, 0x00000000e2300000, 0x00000000e2300000|100%| O|  |TAMS 0x00000000e2200000, 0x00000000e2200000| Untracked 
|  35|0x00000000e2300000, 0x00000000e2400000, 0x00000000e2400000|100%| O|  |TAMS 0x00000000e2300000, 0x00000000e2300000| Untracked 
|  36|0x00000000e2400000, 0x00000000e2500000, 0x00000000e2500000|100%| O|  |TAMS 0x00000000e2400000, 0x00000000e2400000| Untracked 
|  37|0x00000000e2500000, 0x00000000e2600000, 0x00000000e2600000|100%| O|  |TAMS 0x00000000e2500000, 0x00000000e2500000| Untracked 
|  38|0x00000000e2600000, 0x00000000e2700000, 0x00000000e2700000|100%| O|  |TAMS 0x00000000e2600000, 0x00000000e2600000| Untracked 
|  39|0x00000000e2700000, 0x00000000e27ee800, 0x00000000e2800000| 93%| O|  |TAMS 0x00000000e2700000, 0x00000000e2700000| Untracked 
|  40|0x00000000e2800000, 0x00000000e2800000, 0x00000000e2900000|  0%| F|  |TAMS 0x00000000e2800000, 0x00000000e2800000| Untracked 
|  41|0x00000000e2900000, 0x00000000e2900000, 0x00000000e2a00000|  0%| F|  |TAMS 0x00000000e2900000, 0x00000000e2900000| Untracked 
|  42|0x00000000e2a00000, 0x00000000e2a00000, 0x00000000e2b00000|  0%| F|  |TAMS 0x00000000e2a00000, 0x00000000e2a00000| Untracked 
|  43|0x00000000e2b00000, 0x00000000e2b00000, 0x00000000e2c00000|  0%| F|  |TAMS 0x00000000e2b00000, 0x00000000e2b00000| Untracked 
|  44|0x00000000e2c00000, 0x00000000e2c00000, 0x00000000e2d00000|  0%| F|  |TAMS 0x00000000e2c00000, 0x00000000e2c00000| Untracked 
|  45|0x00000000e2d00000, 0x00000000e2d00000, 0x00000000e2e00000|  0%| F|  |TAMS 0x00000000e2d00000, 0x00000000e2d00000| Untracked 
|  46|0x00000000e2e00000, 0x00000000e2e00000, 0x00000000e2f00000|  0%| F|  |TAMS 0x00000000e2e00000, 0x00000000e2e00000| Untracked 
|  47|0x00000000e2f00000, 0x00000000e2f00000, 0x00000000e3000000|  0%| F|  |TAMS 0x00000000e2f00000, 0x00000000e2f00000| Untracked 
|  48|0x00000000e3000000, 0x00000000e3000000, 0x00000000e3100000|  0%| F|  |TAMS 0x00000000e3000000, 0x00000000e3000000| Untracked 
|  49|0x00000000e3100000, 0x00000000e3100000, 0x00000000e3200000|  0%| F|  |TAMS 0x00000000e3100000, 0x00000000e3100000| Untracked 
|  50|0x00000000e3200000, 0x00000000e3200000, 0x00000000e3300000|  0%| F|  |TAMS 0x00000000e3200000, 0x00000000e3200000| Untracked 
|  51|0x00000000e3300000, 0x00000000e3300000, 0x00000000e3400000|  0%| F|  |TAMS 0x00000000e3300000, 0x00000000e3300000| Untracked 
|  52|0x00000000e3400000, 0x00000000e3400000, 0x00000000e3500000|  0%| F|  |TAMS 0x00000000e3400000, 0x00000000e3400000| Untracked 
|  53|0x00000000e3500000, 0x00000000e3500000, 0x00000000e3600000|  0%| F|  |TAMS 0x00000000e3500000, 0x00000000e3500000| Untracked 
|  54|0x00000000e3600000, 0x00000000e3600000, 0x00000000e3700000|  0%| F|  |TAMS 0x00000000e3600000, 0x00000000e3600000| Untracked 
|  55|0x00000000e3700000, 0x00000000e3700000, 0x00000000e3800000|  0%| F|  |TAMS 0x00000000e3700000, 0x00000000e3700000| Untracked 
|  56|0x00000000e3800000, 0x00000000e3800000, 0x00000000e3900000|  0%| F|  |TAMS 0x00000000e3800000, 0x00000000e3800000| Untracked 
|  57|0x00000000e3900000, 0x00000000e3900000, 0x00000000e3a00000|  0%| F|  |TAMS 0x00000000e3900000, 0x00000000e3900000| Untracked 
|  58|0x00000000e3a00000, 0x00000000e3a00000, 0x00000000e3b00000|  0%| F|  |TAMS 0x00000000e3a00000, 0x00000000e3a00000| Untracked 
|  59|0x00000000e3b00000, 0x00000000e3b00000, 0x00000000e3c00000|  0%| F|  |TAMS 0x00000000e3b00000, 0x00000000e3b00000| Untracked 
|  60|0x00000000e3c00000, 0x00000000e3c00000, 0x00000000e3d00000|  0%| F|  |TAMS 0x00000000e3c00000, 0x00000000e3c00000| Untracked 
|  61|0x00000000e3d00000, 0x00000000e3d00000, 0x00000000e3e00000|  0%| F|  |TAMS 0x00000000e3d00000, 0x00000000e3d00000| Untracked 
|  62|0x00000000e3e00000, 0x00000000e3e00000, 0x00000000e3f00000|  0%| F|  |TAMS 0x00000000e3e00000, 0x00000000e3e00000| Untracked 
|  63|0x00000000e3f00000, 0x00000000e3f00000, 0x00000000e4000000|  0%| F|  |TAMS 0x00000000e3f00000, 0x00000000e3f00000| Untracked 
|  64|0x00000000e4000000, 0x00000000e4000000, 0x00000000e4100000|  0%| F|  |TAMS 0x00000000e4000000, 0x00000000e4000000| Untracked 
|  65|0x00000000e4100000, 0x00000000e4100000, 0x00000000e4200000|  0%| F|  |TAMS 0x00000000e4100000, 0x00000000e4100000| Untracked 
|  66|0x00000000e4200000, 0x00000000e4200000, 0x00000000e4300000|  0%| F|  |TAMS 0x00000000e4200000, 0x00000000e4200000| Untracked 
|  67|0x00000000e4300000, 0x00000000e4300000, 0x00000000e4400000|  0%| F|  |TAMS 0x00000000e4300000, 0x00000000e4300000| Untracked 
|  68|0x00000000e4400000, 0x00000000e4400000, 0x00000000e4500000|  0%| F|  |TAMS 0x00000000e4400000, 0x00000000e4400000| Untracked 
|  69|0x00000000e4500000, 0x00000000e4500000, 0x00000000e4600000|  0%| F|  |TAMS 0x00000000e4500000, 0x00000000e4500000| Untracked 
|  70|0x00000000e4600000, 0x00000000e4600000, 0x00000000e4700000|  0%| F|  |TAMS 0x00000000e4600000, 0x00000000e4600000| Untracked 
|  71|0x00000000e4700000, 0x00000000e4700000, 0x00000000e4800000|  0%| F|  |TAMS 0x00000000e4700000, 0x00000000e4700000| Untracked 
|  72|0x00000000e4800000, 0x00000000e4800000, 0x00000000e4900000|  0%| F|  |TAMS 0x00000000e4800000, 0x00000000e4800000| Untracked 
|  73|0x00000000e4900000, 0x00000000e4900000, 0x00000000e4a00000|  0%| F|  |TAMS 0x00000000e4900000, 0x00000000e4900000| Untracked 
|  74|0x00000000e4a00000, 0x00000000e4a00000, 0x00000000e4b00000|  0%| F|  |TAMS 0x00000000e4a00000, 0x00000000e4a00000| Untracked 
|  75|0x00000000e4b00000, 0x00000000e4b00000, 0x00000000e4c00000|  0%| F|  |TAMS 0x00000000e4b00000, 0x00000000e4b00000| Untracked 
|  76|0x00000000e4c00000, 0x00000000e4c00000, 0x00000000e4d00000|  0%| F|  |TAMS 0x00000000e4c00000, 0x00000000e4c00000| Untracked 
|  77|0x00000000e4d00000, 0x00000000e4d00000, 0x00000000e4e00000|  0%| F|  |TAMS 0x00000000e4d00000, 0x00000000e4d00000| Untracked 
|  78|0x00000000e4e00000, 0x00000000e4e00000, 0x00000000e4f00000|  0%| F|  |TAMS 0x00000000e4e00000, 0x00000000e4e00000| Untracked 
|  79|0x00000000e4f00000, 0x00000000e4f00000, 0x00000000e5000000|  0%| F|  |TAMS 0x00000000e4f00000, 0x00000000e4f00000| Untracked 
|  80|0x00000000e5000000, 0x00000000e5000000, 0x00000000e5100000|  0%| F|  |TAMS 0x00000000e5000000, 0x00000000e5000000| Untracked 
|  81|0x00000000e5100000, 0x00000000e5100000, 0x00000000e5200000|  0%| F|  |TAMS 0x00000000e5100000, 0x00000000e5100000| Untracked 
|  82|0x00000000e5200000, 0x00000000e5200000, 0x00000000e5300000|  0%| F|  |TAMS 0x00000000e5200000, 0x00000000e5200000| Untracked 
|  83|0x00000000e5300000, 0x00000000e5300000, 0x00000000e5400000|  0%| F|  |TAMS 0x00000000e5300000, 0x00000000e5300000| Untracked 
|  84|0x00000000e5400000, 0x00000000e5400000, 0x00000000e5500000|  0%| F|  |TAMS 0x00000000e5400000, 0x00000000e5400000| Untracked 
|  85|0x00000000e5500000, 0x00000000e5500000, 0x00000000e5600000|  0%| F|  |TAMS 0x00000000e5500000, 0x00000000e5500000| Untracked 
|  86|0x00000000e5600000, 0x00000000e5600000, 0x00000000e5700000|  0%| F|  |TAMS 0x00000000e5600000, 0x00000000e5600000| Untracked 
|  87|0x00000000e5700000, 0x00000000e5700000, 0x00000000e5800000|  0%| F|  |TAMS 0x00000000e5700000, 0x00000000e5700000| Untracked 
|  88|0x00000000e5800000, 0x00000000e5800000, 0x00000000e5900000|  0%| F|  |TAMS 0x00000000e5800000, 0x00000000e5800000| Untracked 
|  89|0x00000000e5900000, 0x00000000e5900000, 0x00000000e5a00000|  0%| F|  |TAMS 0x00000000e5900000, 0x00000000e5900000| Untracked 
|  90|0x00000000e5a00000, 0x00000000e5a00000, 0x00000000e5b00000|  0%| F|  |TAMS 0x00000000e5a00000, 0x00000000e5a00000| Untracked 
|  91|0x00000000e5b00000, 0x00000000e5b00000, 0x00000000e5c00000|  0%| F|  |TAMS 0x00000000e5b00000, 0x00000000e5b00000| Untracked 
|  92|0x00000000e5c00000, 0x00000000e5c00000, 0x00000000e5d00000|  0%| F|  |TAMS 0x00000000e5c00000, 0x00000000e5c00000| Untracked 
|  93|0x00000000e5d00000, 0x00000000e5d00000, 0x00000000e5e00000|  0%| F|  |TAMS 0x00000000e5d00000, 0x00000000e5d00000| Untracked 
|  94|0x00000000e5e00000, 0x00000000e5e00000, 0x00000000e5f00000|  0%| F|  |TAMS 0x00000000e5e00000, 0x00000000e5e00000| Untracked 
|  95|0x00000000e5f00000, 0x00000000e5f00000, 0x00000000e6000000|  0%| F|  |TAMS 0x00000000e5f00000, 0x00000000e5f00000| Untracked 
|  96|0x00000000e6000000, 0x00000000e6000000, 0x00000000e6100000|  0%| F|  |TAMS 0x00000000e6000000, 0x00000000e6000000| Untracked 
|  97|0x00000000e6100000, 0x00000000e6100000, 0x00000000e6200000|  0%| F|  |TAMS 0x00000000e6100000, 0x00000000e6100000| Untracked 
|  98|0x00000000e6200000, 0x00000000e6200000, 0x00000000e6300000|  0%| F|  |TAMS 0x00000000e6200000, 0x00000000e6200000| Untracked 
|  99|0x00000000e6300000, 0x00000000e6300000, 0x00000000e6400000|  0%| F|  |TAMS 0x00000000e6300000, 0x00000000e6300000| Untracked 
| 100|0x00000000e6400000, 0x00000000e6400000, 0x00000000e6500000|  0%| F|  |TAMS 0x00000000e6400000, 0x00000000e6400000| Untracked 
| 101|0x00000000e6500000, 0x00000000e6500000, 0x00000000e6600000|  0%| F|  |TAMS 0x00000000e6500000, 0x00000000e6500000| Untracked 
| 102|0x00000000e6600000, 0x00000000e6600000, 0x00000000e6700000|  0%| F|  |TAMS 0x00000000e6600000, 0x00000000e6600000| Untracked 
| 103|0x00000000e6700000, 0x00000000e6700000, 0x00000000e6800000|  0%| F|  |TAMS 0x00000000e6700000, 0x00000000e6700000| Untracked 
| 104|0x00000000e6800000, 0x00000000e6800000, 0x00000000e6900000|  0%| F|  |TAMS 0x00000000e6800000, 0x00000000e6800000| Untracked 
| 105|0x00000000e6900000, 0x00000000e6900000, 0x00000000e6a00000|  0%| F|  |TAMS 0x00000000e6900000, 0x00000000e6900000| Untracked 
| 106|0x00000000e6a00000, 0x00000000e6a00000, 0x00000000e6b00000|  0%| F|  |TAMS 0x00000000e6a00000, 0x00000000e6a00000| Untracked 
| 107|0x00000000e6b00000, 0x00000000e6b00000, 0x00000000e6c00000|  0%| F|  |TAMS 0x00000000e6b00000, 0x00000000e6b00000| Untracked 
| 108|0x00000000e6c00000, 0x00000000e6c00000, 0x00000000e6d00000|  0%| F|  |TAMS 0x00000000e6c00000, 0x00000000e6c00000| Untracked 
| 109|0x00000000e6d00000, 0x00000000e6d00000, 0x00000000e6e00000|  0%| F|  |TAMS 0x00000000e6d00000, 0x00000000e6d00000| Untracked 
| 110|0x00000000e6e00000, 0x00000000e6e00000, 0x00000000e6f00000|  0%| F|  |TAMS 0x00000000e6e00000, 0x00000000e6e00000| Untracked 
| 111|0x00000000e6f00000, 0x00000000e6f00000, 0x00000000e7000000|  0%| F|  |TAMS 0x00000000e6f00000, 0x00000000e6f00000| Untracked 
| 112|0x00000000e7000000, 0x00000000e7000000, 0x00000000e7100000|  0%| F|  |TAMS 0x00000000e7000000, 0x00000000e7000000| Untracked 
| 113|0x00000000e7100000, 0x00000000e7100000, 0x00000000e7200000|  0%| F|  |TAMS 0x00000000e7100000, 0x00000000e7100000| Untracked 
| 114|0x00000000e7200000, 0x00000000e7200000, 0x00000000e7300000|  0%| F|  |TAMS 0x00000000e7200000, 0x00000000e7200000| Untracked 
| 115|0x00000000e7300000, 0x00000000e7300000, 0x00000000e7400000|  0%| F|  |TAMS 0x00000000e7300000, 0x00000000e7300000| Untracked 
| 116|0x00000000e7400000, 0x00000000e7400000, 0x00000000e7500000|  0%| F|  |TAMS 0x00000000e7400000, 0x00000000e7400000| Untracked 
| 117|0x00000000e7500000, 0x00000000e7500000, 0x00000000e7600000|  0%| F|  |TAMS 0x00000000e7500000, 0x00000000e7500000| Untracked 
| 118|0x00000000e7600000, 0x00000000e7600000, 0x00000000e7700000|  0%| F|  |TAMS 0x00000000e7600000, 0x00000000e7600000| Untracked 
| 119|0x00000000e7700000, 0x00000000e7700000, 0x00000000e7800000|  0%| F|  |TAMS 0x00000000e7700000, 0x00000000e7700000| Untracked 
| 120|0x00000000e7800000, 0x00000000e7800000, 0x00000000e7900000|  0%| F|  |TAMS 0x00000000e7800000, 0x00000000e7800000| Untracked 
| 121|0x00000000e7900000, 0x00000000e7900000, 0x00000000e7a00000|  0%| F|  |TAMS 0x00000000e7900000, 0x00000000e7900000| Untracked 
| 122|0x00000000e7a00000, 0x00000000e7a00000, 0x00000000e7b00000|  0%| F|  |TAMS 0x00000000e7a00000, 0x00000000e7a00000| Untracked 
| 123|0x00000000e7b00000, 0x00000000e7b00000, 0x00000000e7c00000|  0%| F|  |TAMS 0x00000000e7b00000, 0x00000000e7b00000| Untracked 
| 124|0x00000000e7c00000, 0x00000000e7c00000, 0x00000000e7d00000|  0%| F|  |TAMS 0x00000000e7c00000, 0x00000000e7c00000| Untracked 
| 125|0x00000000e7d00000, 0x00000000e7d00000, 0x00000000e7e00000|  0%| F|  |TAMS 0x00000000e7d00000, 0x00000000e7d00000| Untracked 
| 126|0x00000000e7e00000, 0x00000000e7e00000, 0x00000000e7f00000|  0%| F|  |TAMS 0x00000000e7e00000, 0x00000000e7e00000| Untracked 
| 127|0x00000000e7f00000, 0x00000000e7f00000, 0x00000000e8000000|  0%| F|  |TAMS 0x00000000e7f00000, 0x00000000e7f00000| Untracked 
| 128|0x00000000e8000000, 0x00000000e8000000, 0x00000000e8100000|  0%| F|  |TAMS 0x00000000e8000000, 0x00000000e8000000| Untracked 
| 129|0x00000000e8100000, 0x00000000e8100000, 0x00000000e8200000|  0%| F|  |TAMS 0x00000000e8100000, 0x00000000e8100000| Untracked 
| 130|0x00000000e8200000, 0x00000000e8200000, 0x00000000e8300000|  0%| F|  |TAMS 0x00000000e8200000, 0x00000000e8200000| Untracked 
| 131|0x00000000e8300000, 0x00000000e8300000, 0x00000000e8400000|  0%| F|  |TAMS 0x00000000e8300000, 0x00000000e8300000| Untracked 
| 132|0x00000000e8400000, 0x00000000e8400000, 0x00000000e8500000|  0%| F|  |TAMS 0x00000000e8400000, 0x00000000e8400000| Untracked 
| 133|0x00000000e8500000, 0x00000000e8500000, 0x00000000e8600000|  0%| F|  |TAMS 0x00000000e8500000, 0x00000000e8500000| Untracked 
| 134|0x00000000e8600000, 0x00000000e8600000, 0x00000000e8700000|  0%| F|  |TAMS 0x00000000e8600000, 0x00000000e8600000| Untracked 
| 135|0x00000000e8700000, 0x00000000e8700000, 0x00000000e8800000|  0%| F|  |TAMS 0x00000000e8700000, 0x00000000e8700000| Untracked 
| 136|0x00000000e8800000, 0x00000000e8800000, 0x00000000e8900000|  0%| F|  |TAMS 0x00000000e8800000, 0x00000000e8800000| Untracked 
| 137|0x00000000e8900000, 0x00000000e8900000, 0x00000000e8a00000|  0%| F|  |TAMS 0x00000000e8900000, 0x00000000e8900000| Untracked 
| 138|0x00000000e8a00000, 0x00000000e8a00000, 0x00000000e8b00000|  0%| F|  |TAMS 0x00000000e8a00000, 0x00000000e8a00000| Untracked 
| 139|0x00000000e8b00000, 0x00000000e8b00000, 0x00000000e8c00000|  0%| F|  |TAMS 0x00000000e8b00000, 0x00000000e8b00000| Untracked 
| 140|0x00000000e8c00000, 0x00000000e8c00000, 0x00000000e8d00000|  0%| F|  |TAMS 0x00000000e8c00000, 0x00000000e8c00000| Untracked 
| 141|0x00000000e8d00000, 0x00000000e8d00000, 0x00000000e8e00000|  0%| F|  |TAMS 0x00000000e8d00000, 0x00000000e8d00000| Untracked 
| 142|0x00000000e8e00000, 0x00000000e8e00000, 0x00000000e8f00000|  0%| F|  |TAMS 0x00000000e8e00000, 0x00000000e8e00000| Untracked 
| 143|0x00000000e8f00000, 0x00000000e8f00000, 0x00000000e9000000|  0%| F|  |TAMS 0x00000000e8f00000, 0x00000000e8f00000| Untracked 
| 144|0x00000000e9000000, 0x00000000e9000000, 0x00000000e9100000|  0%| F|  |TAMS 0x00000000e9000000, 0x00000000e9000000| Untracked 
| 145|0x00000000e9100000, 0x00000000e9100000, 0x00000000e9200000|  0%| F|  |TAMS 0x00000000e9100000, 0x00000000e9100000| Untracked 
| 146|0x00000000e9200000, 0x00000000e9200000, 0x00000000e9300000|  0%| F|  |TAMS 0x00000000e9200000, 0x00000000e9200000| Untracked 
| 147|0x00000000e9300000, 0x00000000e9300000, 0x00000000e9400000|  0%| F|  |TAMS 0x00000000e9300000, 0x00000000e9300000| Untracked 
| 148|0x00000000e9400000, 0x00000000e9400000, 0x00000000e9500000|  0%| F|  |TAMS 0x00000000e9400000, 0x00000000e9400000| Untracked 
| 149|0x00000000e9500000, 0x00000000e9500000, 0x00000000e9600000|  0%| F|  |TAMS 0x00000000e9500000, 0x00000000e9500000| Untracked 
| 150|0x00000000e9600000, 0x00000000e9600000, 0x00000000e9700000|  0%| F|  |TAMS 0x00000000e9600000, 0x00000000e9600000| Untracked 
| 151|0x00000000e9700000, 0x00000000e9700000, 0x00000000e9800000|  0%| F|  |TAMS 0x00000000e9700000, 0x00000000e9700000| Untracked 
| 152|0x00000000e9800000, 0x00000000e9800000, 0x00000000e9900000|  0%| F|  |TAMS 0x00000000e9800000, 0x00000000e9800000| Untracked 
| 153|0x00000000e9900000, 0x00000000e9900000, 0x00000000e9a00000|  0%| F|  |TAMS 0x00000000e9900000, 0x00000000e9900000| Untracked 
| 154|0x00000000e9a00000, 0x00000000e9a00000, 0x00000000e9b00000|  0%| F|  |TAMS 0x00000000e9a00000, 0x00000000e9a00000| Untracked 
| 155|0x00000000e9b00000, 0x00000000e9b00000, 0x00000000e9c00000|  0%| F|  |TAMS 0x00000000e9b00000, 0x00000000e9b00000| Untracked 
| 156|0x00000000e9c00000, 0x00000000e9c00000, 0x00000000e9d00000|  0%| F|  |TAMS 0x00000000e9c00000, 0x00000000e9c00000| Untracked 
| 157|0x00000000e9d00000, 0x00000000e9d00000, 0x00000000e9e00000|  0%| F|  |TAMS 0x00000000e9d00000, 0x00000000e9d00000| Untracked 
| 158|0x00000000e9e00000, 0x00000000e9e00000, 0x00000000e9f00000|  0%| F|  |TAMS 0x00000000e9e00000, 0x00000000e9e00000| Untracked 
| 159|0x00000000e9f00000, 0x00000000e9f00000, 0x00000000ea000000|  0%| F|  |TAMS 0x00000000e9f00000, 0x00000000e9f00000| Untracked 
| 160|0x00000000ea000000, 0x00000000ea000000, 0x00000000ea100000|  0%| F|  |TAMS 0x00000000ea000000, 0x00000000ea000000| Untracked 
| 161|0x00000000ea100000, 0x00000000ea100000, 0x00000000ea200000|  0%| F|  |TAMS 0x00000000ea100000, 0x00000000ea100000| Untracked 
| 162|0x00000000ea200000, 0x00000000ea200000, 0x00000000ea300000|  0%| F|  |TAMS 0x00000000ea200000, 0x00000000ea200000| Untracked 
| 163|0x00000000ea300000, 0x00000000ea300000, 0x00000000ea400000|  0%| F|  |TAMS 0x00000000ea300000, 0x00000000ea300000| Untracked 
| 164|0x00000000ea400000, 0x00000000ea400000, 0x00000000ea500000|  0%| F|  |TAMS 0x00000000ea400000, 0x00000000ea400000| Untracked 
| 165|0x00000000ea500000, 0x00000000ea500000, 0x00000000ea600000|  0%| F|  |TAMS 0x00000000ea500000, 0x00000000ea500000| Untracked 
| 166|0x00000000ea600000, 0x00000000ea600000, 0x00000000ea700000|  0%| F|  |TAMS 0x00000000ea600000, 0x00000000ea600000| Untracked 
| 167|0x00000000ea700000, 0x00000000ea700000, 0x00000000ea800000|  0%| F|  |TAMS 0x00000000ea700000, 0x00000000ea700000| Untracked 
| 168|0x00000000ea800000, 0x00000000ea800000, 0x00000000ea900000|  0%| F|  |TAMS 0x00000000ea800000, 0x00000000ea800000| Untracked 
| 169|0x00000000ea900000, 0x00000000ea900000, 0x00000000eaa00000|  0%| F|  |TAMS 0x00000000ea900000, 0x00000000ea900000| Untracked 
| 170|0x00000000eaa00000, 0x00000000eaa00000, 0x00000000eab00000|  0%| F|  |TAMS 0x00000000eaa00000, 0x00000000eaa00000| Untracked 
| 171|0x00000000eab00000, 0x00000000eab00000, 0x00000000eac00000|  0%| F|  |TAMS 0x00000000eab00000, 0x00000000eab00000| Untracked 
| 172|0x00000000eac00000, 0x00000000eac00000, 0x00000000ead00000|  0%| F|  |TAMS 0x00000000eac00000, 0x00000000eac00000| Untracked 
| 173|0x00000000ead00000, 0x00000000ead00000, 0x00000000eae00000|  0%| F|  |TAMS 0x00000000ead00000, 0x00000000ead00000| Untracked 
| 174|0x00000000eae00000, 0x00000000eae00000, 0x00000000eaf00000|  0%| F|  |TAMS 0x00000000eae00000, 0x00000000eae00000| Untracked 
| 175|0x00000000eaf00000, 0x00000000eaf00000, 0x00000000eb000000|  0%| F|  |TAMS 0x00000000eaf00000, 0x00000000eaf00000| Untracked 
| 176|0x00000000eb000000, 0x00000000eb08a8a8, 0x00000000eb100000| 54%| E|  |TAMS 0x00000000eb000000, 0x00000000eb000000| Complete 
| 177|0x00000000eb100000, 0x00000000eb200000, 0x00000000eb200000|100%| E|CS|TAMS 0x00000000eb100000, 0x00000000eb100000| Complete 
| 178|0x00000000eb200000, 0x00000000eb300000, 0x00000000eb300000|100%| E|CS|TAMS 0x00000000eb200000, 0x00000000eb200000| Complete 
| 179|0x00000000eb300000, 0x00000000eb400000, 0x00000000eb400000|100%| E|CS|TAMS 0x00000000eb300000, 0x00000000eb300000| Complete 
| 180|0x00000000eb400000, 0x00000000eb500000, 0x00000000eb500000|100%| E|CS|TAMS 0x00000000eb400000, 0x00000000eb400000| Complete 
| 181|0x00000000eb500000, 0x00000000eb600000, 0x00000000eb600000|100%| E|CS|TAMS 0x00000000eb500000, 0x00000000eb500000| Complete 
| 182|0x00000000eb600000, 0x00000000eb700000, 0x00000000eb700000|100%| E|CS|TAMS 0x00000000eb600000, 0x00000000eb600000| Complete 
| 183|0x00000000eb700000, 0x00000000eb800000, 0x00000000eb800000|100%| E|CS|TAMS 0x00000000eb700000, 0x00000000eb700000| Complete 
| 184|0x00000000eb800000, 0x00000000eb900000, 0x00000000eb900000|100%| E|CS|TAMS 0x00000000eb800000, 0x00000000eb800000| Complete 
| 185|0x00000000eb900000, 0x00000000eba00000, 0x00000000eba00000|100%| E|CS|TAMS 0x00000000eb900000, 0x00000000eb900000| Complete 
| 186|0x00000000eba00000, 0x00000000ebb00000, 0x00000000ebb00000|100%| E|CS|TAMS 0x00000000eba00000, 0x00000000eba00000| Complete 
| 187|0x00000000ebb00000, 0x00000000ebc00000, 0x00000000ebc00000|100%| E|CS|TAMS 0x00000000ebb00000, 0x00000000ebb00000| Complete 
| 188|0x00000000ebc00000, 0x00000000ebd00000, 0x00000000ebd00000|100%| E|CS|TAMS 0x00000000ebc00000, 0x00000000ebc00000| Complete 
| 189|0x00000000ebd00000, 0x00000000ebe00000, 0x00000000ebe00000|100%| E|CS|TAMS 0x00000000ebd00000, 0x00000000ebd00000| Complete 
| 190|0x00000000ebe00000, 0x00000000ebf00000, 0x00000000ebf00000|100%| E|CS|TAMS 0x00000000ebe00000, 0x00000000ebe00000| Complete 
| 191|0x00000000ebf00000, 0x00000000ec000000, 0x00000000ec000000|100%| E|CS|TAMS 0x00000000ebf00000, 0x00000000ebf00000| Complete 
| 192|0x00000000ec000000, 0x00000000ec100000, 0x00000000ec100000|100%| E|CS|TAMS 0x00000000ec000000, 0x00000000ec000000| Complete 
| 193|0x00000000ec100000, 0x00000000ec200000, 0x00000000ec200000|100%| E|CS|TAMS 0x00000000ec100000, 0x00000000ec100000| Complete 
| 194|0x00000000ec200000, 0x00000000ec300000, 0x00000000ec300000|100%| E|CS|TAMS 0x00000000ec200000, 0x00000000ec200000| Complete 
| 195|0x00000000ec300000, 0x00000000ec400000, 0x00000000ec400000|100%| E|CS|TAMS 0x00000000ec300000, 0x00000000ec300000| Complete 
| 196|0x00000000ec400000, 0x00000000ec500000, 0x00000000ec500000|100%| E|CS|TAMS 0x00000000ec400000, 0x00000000ec400000| Complete 
| 197|0x00000000ec500000, 0x00000000ec600000, 0x00000000ec600000|100%| E|CS|TAMS 0x00000000ec500000, 0x00000000ec500000| Complete 
| 198|0x00000000ec600000, 0x00000000ec700000, 0x00000000ec700000|100%| E|CS|TAMS 0x00000000ec600000, 0x00000000ec600000| Complete 
| 199|0x00000000ec700000, 0x00000000ec800000, 0x00000000ec800000|100%| E|CS|TAMS 0x00000000ec700000, 0x00000000ec700000| Complete 
| 200|0x00000000ec800000, 0x00000000ec900000, 0x00000000ec900000|100%| E|CS|TAMS 0x00000000ec800000, 0x00000000ec800000| Complete 
| 201|0x00000000ec900000, 0x00000000eca00000, 0x00000000eca00000|100%| E|CS|TAMS 0x00000000ec900000, 0x00000000ec900000| Complete 
| 202|0x00000000eca00000, 0x00000000ecb00000, 0x00000000ecb00000|100%| E|CS|TAMS 0x00000000eca00000, 0x00000000eca00000| Complete 
| 203|0x00000000ecb00000, 0x00000000ecc00000, 0x00000000ecc00000|100%| E|CS|TAMS 0x00000000ecb00000, 0x00000000ecb00000| Complete 
| 204|0x00000000ecc00000, 0x00000000ecd00000, 0x00000000ecd00000|100%| E|CS|TAMS 0x00000000ecc00000, 0x00000000ecc00000| Complete 
| 205|0x00000000ecd00000, 0x00000000ece00000, 0x00000000ece00000|100%| E|CS|TAMS 0x00000000ecd00000, 0x00000000ecd00000| Complete 
| 206|0x00000000ece00000, 0x00000000ecf00000, 0x00000000ecf00000|100%| E|CS|TAMS 0x00000000ece00000, 0x00000000ece00000| Complete 
| 207|0x00000000ecf00000, 0x00000000ed000000, 0x00000000ed000000|100%| E|CS|TAMS 0x00000000ecf00000, 0x00000000ecf00000| Complete 
| 208|0x00000000ed000000, 0x00000000ed100000, 0x00000000ed100000|100%| E|CS|TAMS 0x00000000ed000000, 0x00000000ed000000| Complete 
| 209|0x00000000ed100000, 0x00000000ed200000, 0x00000000ed200000|100%| E|CS|TAMS 0x00000000ed100000, 0x00000000ed100000| Complete 
| 210|0x00000000ed200000, 0x00000000ed300000, 0x00000000ed300000|100%| E|CS|TAMS 0x00000000ed200000, 0x00000000ed200000| Complete 
| 211|0x00000000ed300000, 0x00000000ed400000, 0x00000000ed400000|100%| E|CS|TAMS 0x00000000ed300000, 0x00000000ed300000| Complete 
| 212|0x00000000ed400000, 0x00000000ed500000, 0x00000000ed500000|100%| E|CS|TAMS 0x00000000ed400000, 0x00000000ed400000| Complete 
| 213|0x00000000ed500000, 0x00000000ed600000, 0x00000000ed600000|100%| E|CS|TAMS 0x00000000ed500000, 0x00000000ed500000| Complete 
| 214|0x00000000ed600000, 0x00000000ed700000, 0x00000000ed700000|100%| E|CS|TAMS 0x00000000ed600000, 0x00000000ed600000| Complete 
| 215|0x00000000ed700000, 0x00000000ed800000, 0x00000000ed800000|100%| E|CS|TAMS 0x00000000ed700000, 0x00000000ed700000| Complete 
| 216|0x00000000ed800000, 0x00000000ed900000, 0x00000000ed900000|100%| E|CS|TAMS 0x00000000ed800000, 0x00000000ed800000| Complete 
| 217|0x00000000ed900000, 0x00000000eda00000, 0x00000000eda00000|100%| E|CS|TAMS 0x00000000ed900000, 0x00000000ed900000| Complete 
| 218|0x00000000eda00000, 0x00000000edb00000, 0x00000000edb00000|100%| E|CS|TAMS 0x00000000eda00000, 0x00000000eda00000| Complete 
| 219|0x00000000edb00000, 0x00000000edc00000, 0x00000000edc00000|100%| E|CS|TAMS 0x00000000edb00000, 0x00000000edb00000| Complete 
| 220|0x00000000edc00000, 0x00000000edd00000, 0x00000000edd00000|100%| E|CS|TAMS 0x00000000edc00000, 0x00000000edc00000| Complete 
| 221|0x00000000edd00000, 0x00000000ede00000, 0x00000000ede00000|100%| E|CS|TAMS 0x00000000edd00000, 0x00000000edd00000| Complete 
| 222|0x00000000ede00000, 0x00000000edf00000, 0x00000000edf00000|100%| E|CS|TAMS 0x00000000ede00000, 0x00000000ede00000| Complete 
| 223|0x00000000edf00000, 0x00000000ee000000, 0x00000000ee000000|100%| E|CS|TAMS 0x00000000edf00000, 0x00000000edf00000| Complete 
| 224|0x00000000ee000000, 0x00000000ee100000, 0x00000000ee100000|100%| E|CS|TAMS 0x00000000ee000000, 0x00000000ee000000| Complete 
| 225|0x00000000ee100000, 0x00000000ee200000, 0x00000000ee200000|100%| E|  |TAMS 0x00000000ee100000, 0x00000000ee100000| Complete 
| 226|0x00000000ee200000, 0x00000000ee300000, 0x00000000ee300000|100%| E|CS|TAMS 0x00000000ee200000, 0x00000000ee200000| Complete 
| 227|0x00000000ee300000, 0x00000000ee400000, 0x00000000ee400000|100%| E|CS|TAMS 0x00000000ee300000, 0x00000000ee300000| Complete 
| 228|0x00000000ee400000, 0x00000000ee500000, 0x00000000ee500000|100%| E|CS|TAMS 0x00000000ee400000, 0x00000000ee400000| Complete 
| 229|0x00000000ee500000, 0x00000000ee600000, 0x00000000ee600000|100%| E|CS|TAMS 0x00000000ee500000, 0x00000000ee500000| Complete 
| 230|0x00000000ee600000, 0x00000000ee700000, 0x00000000ee700000|100%| E|CS|TAMS 0x00000000ee600000, 0x00000000ee600000| Complete 
| 231|0x00000000ee700000, 0x00000000ee800000, 0x00000000ee800000|100%| E|CS|TAMS 0x00000000ee700000, 0x00000000ee700000| Complete 
| 232|0x00000000ee800000, 0x00000000ee900000, 0x00000000ee900000|100%| E|CS|TAMS 0x00000000ee800000, 0x00000000ee800000| Complete 
| 233|0x00000000ee900000, 0x00000000eea00000, 0x00000000eea00000|100%| E|CS|TAMS 0x00000000ee900000, 0x00000000ee900000| Complete 
| 234|0x00000000eea00000, 0x00000000eeb00000, 0x00000000eeb00000|100%| E|CS|TAMS 0x00000000eea00000, 0x00000000eea00000| Complete 
| 235|0x00000000eeb00000, 0x00000000eec00000, 0x00000000eec00000|100%| E|CS|TAMS 0x00000000eeb00000, 0x00000000eeb00000| Complete 
| 236|0x00000000eec00000, 0x00000000eed00000, 0x00000000eed00000|100%| E|CS|TAMS 0x00000000eec00000, 0x00000000eec00000| Complete 
| 237|0x00000000eed00000, 0x00000000eee00000, 0x00000000eee00000|100%| E|CS|TAMS 0x00000000eed00000, 0x00000000eed00000| Complete 
| 238|0x00000000eee00000, 0x00000000eef00000, 0x00000000eef00000|100%| E|CS|TAMS 0x00000000eee00000, 0x00000000eee00000| Complete 
| 239|0x00000000eef00000, 0x00000000ef000000, 0x00000000ef000000|100%| E|CS|TAMS 0x00000000eef00000, 0x00000000eef00000| Complete 
| 240|0x00000000ef000000, 0x00000000ef100000, 0x00000000ef100000|100%| E|CS|TAMS 0x00000000ef000000, 0x00000000ef000000| Complete 
| 241|0x00000000ef100000, 0x00000000ef200000, 0x00000000ef200000|100%| E|CS|TAMS 0x00000000ef100000, 0x00000000ef100000| Complete 
| 242|0x00000000ef200000, 0x00000000ef300000, 0x00000000ef300000|100%| E|CS|TAMS 0x00000000ef200000, 0x00000000ef200000| Complete 
| 243|0x00000000ef300000, 0x00000000ef400000, 0x00000000ef400000|100%| E|CS|TAMS 0x00000000ef300000, 0x00000000ef300000| Complete 
| 244|0x00000000ef400000, 0x00000000ef500000, 0x00000000ef500000|100%| E|CS|TAMS 0x00000000ef400000, 0x00000000ef400000| Complete 
| 245|0x00000000ef500000, 0x00000000ef600000, 0x00000000ef600000|100%| E|CS|TAMS 0x00000000ef500000, 0x00000000ef500000| Complete 
| 246|0x00000000ef600000, 0x00000000ef700000, 0x00000000ef700000|100%| E|CS|TAMS 0x00000000ef600000, 0x00000000ef600000| Complete 
| 247|0x00000000ef700000, 0x00000000ef800000, 0x00000000ef800000|100%| E|CS|TAMS 0x00000000ef700000, 0x00000000ef700000| Complete 
| 248|0x00000000ef800000, 0x00000000ef900000, 0x00000000ef900000|100%| E|CS|TAMS 0x00000000ef800000, 0x00000000ef800000| Complete 
| 249|0x00000000ef900000, 0x00000000efa00000, 0x00000000efa00000|100%| E|CS|TAMS 0x00000000ef900000, 0x00000000ef900000| Complete 
| 250|0x00000000efa00000, 0x00000000efb00000, 0x00000000efb00000|100%| E|CS|TAMS 0x00000000efa00000, 0x00000000efa00000| Complete 
| 251|0x00000000efb00000, 0x00000000efc00000, 0x00000000efc00000|100%| E|CS|TAMS 0x00000000efb00000, 0x00000000efb00000| Complete 
| 252|0x00000000efc00000, 0x00000000efc28508, 0x00000000efd00000| 15%| S|CS|TAMS 0x00000000efc00000, 0x00000000efc00000| Complete 
| 253|0x00000000efd00000, 0x00000000efe00000, 0x00000000efe00000|100%| S|CS|TAMS 0x00000000efd00000, 0x00000000efd00000| Complete 
| 254|0x00000000efe00000, 0x00000000eff00000, 0x00000000eff00000|100%| E|CS|TAMS 0x00000000efe00000, 0x00000000efe00000| Complete 
| 255|0x00000000eff00000, 0x00000000f0000000, 0x00000000f0000000|100%| E|CS|TAMS 0x00000000eff00000, 0x00000000eff00000| Complete 

Card table byte_map: [0x0000016de4eb0000,0x0000016de4fb0000] _byte_map_base: 0x0000016de47b0000

Marking Bits (Prev, Next): (CMBitMap*) 0x0000016dce20f880, (CMBitMap*) 0x0000016dce20f8c0
 Prev Bits: [0x0000016de50b0000, 0x0000016de58b0000)
 Next Bits: [0x0000016de58b0000, 0x0000016de60b0000)

Polling page: 0x0000016dcc120000

Metaspace:

Usage:
  Non-class:     43.89 MB used.
      Class:      7.24 MB used.
       Both:     51.13 MB used.

Virtual space:
  Non-class space:       64.00 MB reserved,      44.12 MB ( 69%) committed,  1 nodes.
      Class space:      320.00 MB reserved,       7.50 MB (  2%) committed,  1 nodes.
             Both:      384.00 MB reserved,      51.62 MB ( 13%) committed. 

Chunk freelists:
   Non-Class:  3.12 MB
       Class:  8.38 MB
        Both:  11.51 MB

MaxMetaspaceSize: 384.00 MB
CompressedClassSpaceSize: 320.00 MB
Initial GC threshold: 21.00 MB
Current GC threshold: 59.31 MB
CDS: on
MetaspaceReclaimPolicy: balanced
 - commit_granule_bytes: 65536.
 - commit_granule_words: 8192.
 - virtual_space_node_default_size: 8388608.
 - enlarge_chunks_in_place: 1.
 - new_chunks_are_fully_committed: 0.
 - uncommit_free_chunks: 1.
 - use_allocation_guard: 0.
 - handle_deallocations: 1.


Internal statistics:

num_allocs_failed_limit: 9.
num_arena_births: 606.
num_arena_deaths: 0.
num_vsnodes_births: 2.
num_vsnodes_deaths: 0.
num_space_committed: 826.
num_space_uncommitted: 0.
num_chunks_returned_to_freelist: 9.
num_chunks_taken_from_freelist: 2768.
num_chunk_merges: 9.
num_chunk_splits: 1781.
num_chunks_enlarged: 1165.
num_purges: 0.
num_inconsistent_stats: 0.

CodeHeap 'non-profiled nmethods': size=120000Kb used=3943Kb max_used=3943Kb free=116056Kb
 bounds [0x0000016ddd550000, 0x0000016ddd930000, 0x0000016de4a80000]
CodeHeap 'profiled nmethods': size=120000Kb used=13346Kb max_used=13346Kb free=106653Kb
 bounds [0x0000016dd5a80000, 0x0000016dd6790000, 0x0000016ddcfb0000]
CodeHeap 'non-nmethods': size=5760Kb used=2323Kb max_used=2451Kb free=3437Kb
 bounds [0x0000016ddcfb0000, 0x0000016ddd230000, 0x0000016ddd550000]
 total_blobs=7499 nmethods=6661 adapters=749
 compilation: enabled
              stopped_count=0, restarted_count=0
 full_count=0

Compilation events (20 events):
Event: 209.358 Thread 0x0000016de8af8a10 nmethod 7454 0x0000016ddd928a10 code [0x0000016ddd928ba0, 0x0000016ddd928c78]
Event: 209.359 Thread 0x0000016de8af8a10 7455       1       org.gradle.api.internal.artifacts.repositories.resolver.MavenResolver::getLocalAccess (5 bytes)
Event: 209.361 Thread 0x0000016de8af8a10 nmethod 7455 0x0000016ddd928d10 code [0x0000016ddd928ea0, 0x0000016ddd928f78]
Event: 210.767 Thread 0x0000016de8af8a10 7457       3       org.gradle.cache.internal.DefaultFileLockManager$DefaultFileLock::getState (9 bytes)
Event: 210.769 Thread 0x0000016de8af8a10 nmethod 7457 0x0000016dd6787290 code [0x0000016dd6787440, 0x0000016dd67876c8]
Event: 210.771 Thread 0x0000016de8af8a10 7458       1       com.google.common.collect.RegularImmutableSet::isPartialView (2 bytes)
Event: 210.771 Thread 0x0000016de8af8a10 nmethod 7458 0x0000016ddd929010 code [0x0000016ddd9291a0, 0x0000016ddd929278]
Event: 210.786 Thread 0x0000016de8af8a10 7459       3       io.spring.gradle.dependencymanagement.org.apache.maven.model.ModelBase::getDependencies (23 bytes)
Event: 210.787 Thread 0x0000016de8af8a10 nmethod 7459 0x0000016dd6787810 code [0x0000016dd67879e0, 0x0000016dd6787dd8]
Event: 210.798 Thread 0x0000016de8af8a10 7460       3       org.gradle.internal.typeconversion.TypeInfo::<init> (34 bytes)
Event: 210.798 Thread 0x0000016de8af8a10 nmethod 7460 0x0000016dd6787f10 code [0x0000016dd67880c0, 0x0000016dd67882f8]
Event: 211.198 Thread 0x0000016de8af8a10 7461       3       org.gradle.internal.logging.slf4j.OutputEventListenerBackedLogger::debug (7 bytes)
Event: 211.199 Thread 0x0000016de8af8a10 nmethod 7461 0x0000016dd6788410 code [0x0000016dd67885a0, 0x0000016dd67886e8]
Event: 214.985 Thread 0x0000016de8af8a10 7462       3       java.util.stream.FindOps$FindSink::accept (18 bytes)
Event: 214.987 Thread 0x0000016de8af8a10 nmethod 7462 0x0000016dd6788790 code [0x0000016dd6788920, 0x0000016dd6788ab8]
Event: 215.975 Thread 0x0000016de8af5f60 7463       4       org.gradle.internal.time.DefaultTimer::getElapsedMillis (29 bytes)
Event: 216.038 Thread 0x0000016de8af5f60 nmethod 7463 0x0000016ddd929310 code [0x0000016ddd9294a0, 0x0000016ddd929658]
Event: 216.683 Thread 0x0000016de8af5f60 7464   !   4       java.io.RandomAccessFile::getChannel (84 bytes)
Event: 216.691 Thread 0x0000016de8af5f60 nmethod 7464 0x0000016ddd929810 code [0x0000016ddd9299a0, 0x0000016ddd929da8]
Event: 216.820 Thread 0x0000016de8af5f60 7465   !   4       sun.nio.ch.FileChannelImpl::tryLock (238 bytes)

GC Heap History (16 events):
Event: 6.689 GC heap before
{Heap before GC invocations=0 (full 0):
 garbage-first heap   total 262144K, used 26624K [0x00000000e0000000, 0x0000000100000000)
  region size 1024K, 23 young (23552K), 0 survivors (0K)
 Metaspace       used 2998K, committed 3136K, reserved 393216K
  class space    used 385K, committed 448K, reserved 327680K
}
Event: 6.783 GC heap after
{Heap after GC invocations=1 (full 0):
 garbage-first heap   total 262144K, used 10372K [0x00000000e0000000, 0x0000000100000000)
  region size 1024K, 3 young (3072K), 3 survivors (3072K)
 Metaspace       used 2998K, committed 3136K, reserved 393216K
  class space    used 385K, committed 448K, reserved 327680K
}
Event: 10.299 GC heap before
{Heap before GC invocations=1 (full 0):
 garbage-first heap   total 262144K, used 35972K [0x00000000e0000000, 0x0000000100000000)
  region size 1024K, 28 young (28672K), 3 survivors (3072K)
 Metaspace       used 3969K, committed 4160K, reserved 393216K
  class space    used 489K, committed 576K, reserved 327680K
}
Event: 10.302 GC heap after
{Heap after GC invocations=2 (full 0):
 garbage-first heap   total 262144K, used 11268K [0x00000000e0000000, 0x0000000100000000)
  region size 1024K, 1 young (1024K), 1 survivors (1024K)
 Metaspace       used 3969K, committed 4160K, reserved 393216K
  class space    used 489K, committed 576K, reserved 327680K
}
Event: 24.066 GC heap before
{Heap before GC invocations=2 (full 0):
 garbage-first heap   total 262144K, used 133124K [0x00000000e0000000, 0x0000000100000000)
  region size 1024K, 120 young (122880K), 1 survivors (1024K)
 Metaspace       used 21251K, committed 21504K, reserved 393216K
  class space    used 3117K, committed 3264K, reserved 327680K
}
Event: 24.077 GC heap after
{Heap after GC invocations=3 (full 0):
 garbage-first heap   total 262144K, used 22457K [0x00000000e0000000, 0x0000000100000000)
  region size 1024K, 12 young (12288K), 12 survivors (12288K)
 Metaspace       used 21251K, committed 21504K, reserved 393216K
  class space    used 3117K, committed 3264K, reserved 327680K
}
Event: 96.296 GC heap before
{Heap before GC invocations=4 (full 0):
 garbage-first heap   total 262144K, used 146361K [0x00000000e0000000, 0x0000000100000000)
  region size 1024K, 129 young (132096K), 12 survivors (12288K)
 Metaspace       used 35543K, committed 35968K, reserved 393216K
  class space    used 4929K, committed 5120K, reserved 327680K
}
Event: 96.373 GC heap after
{Heap after GC invocations=5 (full 0):
 garbage-first heap   total 262144K, used 30764K [0x00000000e0000000, 0x0000000100000000)
  region size 1024K, 9 young (9216K), 9 survivors (9216K)
 Metaspace       used 35543K, committed 35968K, reserved 393216K
  class space    used 4929K, committed 5120K, reserved 327680K
}
Event: 96.483 GC heap before
{Heap before GC invocations=5 (full 0):
 garbage-first heap   total 262144K, used 32812K [0x00000000e0000000, 0x0000000100000000)
  region size 1024K, 12 young (12288K), 9 survivors (9216K)
 Metaspace       used 35907K, committed 36288K, reserved 393216K
  class space    used 4982K, committed 5184K, reserved 327680K
}
Event: 96.503 GC heap after
{Heap after GC invocations=6 (full 0):
 garbage-first heap   total 262144K, used 31697K [0x00000000e0000000, 0x0000000100000000)
  region size 1024K, 2 young (2048K), 2 survivors (2048K)
 Metaspace       used 35907K, committed 36288K, reserved 393216K
  class space    used 4982K, committed 5184K, reserved 327680K
}
Event: 96.514 GC heap before
{Heap before GC invocations=6 (full 0):
 garbage-first heap   total 262144K, used 31697K [0x00000000e0000000, 0x0000000100000000)
  region size 1024K, 3 young (3072K), 2 survivors (2048K)
 Metaspace       used 35938K, committed 36288K, reserved 393216K
  class space    used 4989K, committed 5184K, reserved 327680K
}
Event: 96.515 GC heap after
{Heap after GC invocations=7 (full 0):
 garbage-first heap   total 262144K, used 30539K [0x00000000e0000000, 0x0000000100000000)
  region size 1024K, 1 young (1024K), 1 survivors (1024K)
 Metaspace       used 35938K, committed 36288K, reserved 393216K
  class space    used 4989K, committed 5184K, reserved 327680K
}
Event: 112.480 GC heap before
{Heap before GC invocations=8 (full 0):
 garbage-first heap   total 262144K, used 187211K [0x00000000e0000000, 0x0000000100000000)
  region size 1024K, 153 young (156672K), 1 survivors (1024K)
 Metaspace       used 49304K, committed 49856K, reserved 393216K
  class space    used 7065K, committed 7360K, reserved 327680K
}
Event: 112.494 GC heap after
{Heap after GC invocations=9 (full 0):
 garbage-first heap   total 262144K, used 40087K [0x00000000e0000000, 0x0000000100000000)
  region size 1024K, 10 young (10240K), 10 survivors (10240K)
 Metaspace       used 49304K, committed 49856K, reserved 393216K
  class space    used 7065K, committed 7360K, reserved 327680K
}
Event: 112.687 GC heap before
{Heap before GC invocations=9 (full 0):
 garbage-first heap   total 262144K, used 42135K [0x00000000e0000000, 0x0000000100000000)
  region size 1024K, 12 young (12288K), 10 survivors (10240K)
 Metaspace       used 49332K, committed 49920K, reserved 393216K
  class space    used 7068K, committed 7360K, reserved 327680K
}
Event: 112.699 GC heap after
{Heap after GC invocations=10 (full 0):
 garbage-first heap   total 262144K, used 41051K [0x00000000e0000000, 0x0000000100000000)
  region size 1024K, 2 young (2048K), 2 survivors (2048K)
 Metaspace       used 49332K, committed 49920K, reserved 393216K
  class space    used 7068K, committed 7360K, reserved 327680K
}

Deoptimization events (20 events):
Event: 138.597 Thread 0x0000016dff7d0990 Uncommon trap: trap_request=0xffffff45 fr.pc=0x0000016ddd883558 relative=0x00000000000003b8
Event: 138.597 Thread 0x0000016dff7d0990 Uncommon trap: reason=unstable_if action=reinterpret pc=0x0000016ddd883558 method=io.spring.gradle.dependencymanagement.org.codehaus.plexus.util.xml.pull.MXParser.isS(C)Z @ 21 c2
Event: 138.597 Thread 0x0000016dff7d0990 DEOPT PACKING pc=0x0000016ddd883558 sp=0x00000024283f9540
Event: 138.597 Thread 0x0000016dff7d0990 DEOPT UNPACKING pc=0x0000016ddd0023a3 sp=0x00000024283f9460 mode 2
Event: 172.131 Thread 0x0000016dff7d0990 Uncommon trap: trap_request=0xffffff45 fr.pc=0x0000016ddd5778fc relative=0x000000000000017c
Event: 172.131 Thread 0x0000016dff7d0990 Uncommon trap: reason=unstable_if action=reinterpret pc=0x0000016ddd5778fc method=java.lang.String.indexOf(II)I @ 4 c2
Event: 172.131 Thread 0x0000016dff7d0990 DEOPT PACKING pc=0x0000016ddd5778fc sp=0x00000024283f9610
Event: 172.132 Thread 0x0000016dff7d0990 DEOPT UNPACKING pc=0x0000016ddd0023a3 sp=0x00000024283f9540 mode 2
Event: 172.132 Thread 0x0000016dff7d0990 Uncommon trap: trap_request=0xffffff45 fr.pc=0x0000016ddd592cb0 relative=0x0000000000000490
Event: 172.132 Thread 0x0000016dff7d0990 Uncommon trap: reason=unstable_if action=reinterpret pc=0x0000016ddd592cb0 method=java.lang.String.substring(II)Ljava/lang/String; @ 31 c2
Event: 172.132 Thread 0x0000016dff7d0990 DEOPT PACKING pc=0x0000016ddd592cb0 sp=0x00000024283f95b0
Event: 172.132 Thread 0x0000016dff7d0990 DEOPT UNPACKING pc=0x0000016ddd0023a3 sp=0x00000024283f9580 mode 2
Event: 178.424 Thread 0x0000016dff7d0990 Uncommon trap: trap_request=0xffffffcc fr.pc=0x0000016ddd8fc888 relative=0x00000000000013e8
Event: 178.425 Thread 0x0000016dff7d0990 Uncommon trap: reason=intrinsic_or_type_checked_inlining action=make_not_entrant pc=0x0000016ddd8fc888 method=java.util.ArrayList.toArray([Ljava/lang/Object;)[Ljava/lang/Object; @ 36 c2
Event: 178.425 Thread 0x0000016dff7d0990 DEOPT PACKING pc=0x0000016ddd8fc888 sp=0x00000024283f7c90
Event: 178.425 Thread 0x0000016dff7d0990 DEOPT UNPACKING pc=0x0000016ddd0023a3 sp=0x00000024283f7bd8 mode 2
Event: 179.270 Thread 0x0000016dff7d0990 Uncommon trap: trap_request=0xffffff45 fr.pc=0x0000016ddd8b1314 relative=0x0000000000000dd4
Event: 179.270 Thread 0x0000016dff7d0990 Uncommon trap: reason=unstable_if action=reinterpret pc=0x0000016ddd8b1314 method=io.spring.gradle.dependencymanagement.org.codehaus.plexus.util.xml.pull.MXParser.nextImpl()I @ 977 c2
Event: 179.270 Thread 0x0000016dff7d0990 DEOPT PACKING pc=0x0000016ddd8b1314 sp=0x00000024283f9820
Event: 179.271 Thread 0x0000016dff7d0990 DEOPT UNPACKING pc=0x0000016ddd0023a3 sp=0x00000024283f97a0 mode 2

Classes unloaded (0 events):
No events

Classes redefined (0 events):
No events

Internal exceptions (20 events):
Event: 112.817 Thread 0x0000016dfe2617d0 Exception <a 'java/lang/ClassNotFoundException'{0x00000000efa81030}: org/gradle/api/plugins/JavaPluginConventionBeanInfo> (0x00000000efa81030) 
thrown [s\open\src\hotspot\share\classfile\systemDictionary.cpp, line 256]
Event: 112.818 Thread 0x0000016dfe2617d0 Exception <a 'java/lang/ClassNotFoundException'{0x00000000efa8da48}: org/gradle/api/plugins/JavaPluginConventionCustomizer> (0x00000000efa8da48) 
thrown [s\open\src\hotspot\share\classfile\systemDictionary.cpp, line 256]
Event: 112.829 Thread 0x0000016dfe2617d0 Exception <a 'java/lang/ClassNotFoundException'{0x00000000efaae6f8}: org/gradle/api/plugins/internal/NaggingJavaPluginConventionCustomizer> (0x00000000efaae6f8) 
thrown [s\open\src\hotspot\share\classfile\systemDictionary.cpp, line 256]
Event: 112.963 Thread 0x0000016dfe2617d0 Exception <a 'java/lang/ClassNotFoundException'{0x00000000ef8133f8}: org/gradle/language/jvm/tasks/ProcessResources_DecoratedBeanInfo> (0x00000000ef8133f8) 
thrown [s\open\src\hotspot\share\classfile\systemDictionary.cpp, line 256]
Event: 112.964 Thread 0x0000016dfe2617d0 Exception <a 'java/lang/ClassNotFoundException'{0x00000000ef820070}: org/gradle/language/jvm/tasks/ProcessResourcesBeanInfo> (0x00000000ef820070) 
thrown [s\open\src\hotspot\share\classfile\systemDictionary.cpp, line 256]
Event: 112.965 Thread 0x0000016dfe2617d0 Exception <a 'java/lang/ClassNotFoundException'{0x00000000ef82a540}: org/gradle/api/tasks/CopyBeanInfo> (0x00000000ef82a540) 
thrown [s\open\src\hotspot\share\classfile\systemDictionary.cpp, line 256]
Event: 112.966 Thread 0x0000016dfe2617d0 Exception <a 'java/lang/ClassNotFoundException'{0x00000000ef835048}: org/gradle/api/tasks/AbstractCopyTaskBeanInfo> (0x00000000ef835048) 
thrown [s\open\src\hotspot\share\classfile\systemDictionary.cpp, line 256]
Event: 112.967 Thread 0x0000016dfe2617d0 Exception <a 'java/lang/ClassNotFoundException'{0x00000000ef83f638}: org/gradle/api/tasks/AbstractCopyTaskCustomizer> (0x00000000ef83f638) 
thrown [s\open\src\hotspot\share\classfile\systemDictionary.cpp, line 256]
Event: 112.974 Thread 0x0000016dfe2617d0 Exception <a 'java/lang/ClassNotFoundException'{0x00000000ef8bed78}: org/gradle/api/tasks/CopyCustomizer> (0x00000000ef8bed78) 
thrown [s\open\src\hotspot\share\classfile\systemDictionary.cpp, line 256]
Event: 112.975 Thread 0x0000016dfe2617d0 Exception <a 'java/lang/ClassNotFoundException'{0x00000000ef8e29a0}: org/gradle/language/jvm/tasks/ProcessResourcesCustomizer> (0x00000000ef8e29a0) 
thrown [s\open\src\hotspot\share\classfile\systemDictionary.cpp, line 256]
Event: 112.978 Thread 0x0000016dfe2617d0 Exception <a 'java/lang/ClassNotFoundException'{0x00000000ef703af8}: org/gradle/language/jvm/tasks/ProcessResources_DecoratedCustomizer> (0x00000000ef703af8) 
thrown [s\open\src\hotspot\share\classfile\systemDictionary.cpp, line 256]
Event: 112.987 Thread 0x0000016dfe2617d0 Exception <a 'java/lang/ClassNotFoundException'{0x00000000ef7a41a0}: org/gradle/api/DefaultTask_DecoratedBeanInfo> (0x00000000ef7a41a0) 
thrown [s\open\src\hotspot\share\classfile\systemDictionary.cpp, line 256]
Event: 112.988 Thread 0x0000016dfe2617d0 Exception <a 'java/lang/ClassNotFoundException'{0x00000000ef7ae5e8}: org/gradle/api/DefaultTask_DecoratedCustomizer> (0x00000000ef7ae5e8) 
thrown [s\open\src\hotspot\share\classfile\systemDictionary.cpp, line 256]
Event: 113.146 Thread 0x0000016dff7d0e60 Exception <a 'java/lang/NoSuchMethodError'{0x00000000ef3b2820}: 'void java.lang.invoke.DirectMethodHandle$Holder.invokeSpecial(java.lang.Object, java.lang.Object, java.lang.Object, java.lang.Object, int, java.lang.Object, java.lang.Object)'> (0x00000000ef3b2820) 
thrown [s\open\src\hotspot\share\interpreter\linkResolver.cpp, line 759]
Event: 113.215 Thread 0x0000016dff7d0990 Exception <a 'java/lang/NoSuchMethodError'{0x00000000ef2c49f8}: 'void java.lang.invoke.DirectMethodHandle$Holder.invokeInterface(java.lang.Object, java.lang.Object, java.lang.Object, java.lang.Object)'> (0x00000000ef2c49f8) 
thrown [s\open\src\hotspot\share\interpreter\linkResolver.cpp, line 759]
Event: 113.634 Thread 0x0000016dfe181f20 Exception <a 'java/lang/NoSuchMethodError'{0x00000000eff8ef18}: static Lorg/gradle/internal/build/event/types/DefaultTaskStartedProgressEvent;.<clinit>()V> (0x00000000eff8ef18) 
thrown [s\open\src\hotspot\share\prims\jni.cpp, line 1107]
Event: 113.636 Thread 0x0000016dfe181f20 Exception <a 'java/lang/NoSuchMethodError'{0x00000000eff99068}: static Lorg/gradle/internal/build/event/types/DefaultTaskDescriptor;.<clinit>()V> (0x00000000eff99068) 
thrown [s\open\src\hotspot\share\prims\jni.cpp, line 1107]
Event: 113.678 Thread 0x0000016dfe181f20 Exception <a 'java/lang/NoSuchMethodError'{0x00000000eee12ec8}: static Lorg/gradle/internal/build/event/types/DefaultBinaryPluginIdentifier;.<clinit>()V> (0x00000000eee12ec8) 
thrown [s\open\src\hotspot\share\prims\jni.cpp, line 1107]
Event: 114.041 Thread 0x0000016dff7d0990 Exception <a 'java/lang/IncompatibleClassChangeError'{0x00000000eeecf2a0}: Found class java.lang.Object, but interface was expected> (0x00000000eeecf2a0) 
thrown [s\open\src\hotspot\share\interpreter\linkResolver.cpp, line 826]
Event: 114.174 Thread 0x0000016dff7d0990 Exception <a 'java/lang/NoSuchMethodError'{0x00000000eeee1c00}: static Ljava/lang/Object;.<clinit>()V> (0x00000000eeee1c00) 
thrown [s\open\src\hotspot\share\prims\jni.cpp, line 1107]

VM Operations (20 events):
Event: 181.711 Executing VM operation: Cleanup
Event: 181.711 Executing VM operation: Cleanup done
Event: 185.744 Executing VM operation: Cleanup
Event: 185.764 Executing VM operation: Cleanup done
Event: 186.769 Executing VM operation: Cleanup
Event: 186.955 Executing VM operation: Cleanup done
Event: 187.970 Executing VM operation: Cleanup
Event: 188.151 Executing VM operation: Cleanup done
Event: 192.180 Executing VM operation: Cleanup
Event: 192.263 Executing VM operation: Cleanup done
Event: 197.302 Executing VM operation: Cleanup
Event: 197.345 Executing VM operation: Cleanup done
Event: 203.514 Executing VM operation: Cleanup
Event: 203.807 Executing VM operation: Cleanup done
Event: 205.826 Executing VM operation: Cleanup
Event: 205.826 Executing VM operation: Cleanup done
Event: 209.851 Executing VM operation: Cleanup
Event: 209.851 Executing VM operation: Cleanup done
Event: 210.860 Executing VM operation: Cleanup
Event: 211.049 Executing VM operation: Cleanup done

Events (20 events):
Event: 168.420 Thread 0x0000016d858d37f0 Thread added: 0x0000016d858d37f0
Event: 168.905 Thread 0x0000016d858d59a0 Thread added: 0x0000016d858d59a0
Event: 170.780 Thread 0x0000016d840f3080 Thread exited: 0x0000016d840f3080
Event: 171.544 Thread 0x0000016d858d5e70 Thread added: 0x0000016d858d5e70
Event: 173.291 Thread 0x0000016d858d71b0 Thread added: 0x0000016d858d71b0
Event: 174.510 Thread 0x0000016d858da6a0 Thread added: 0x0000016d858da6a0
Event: 177.698 Thread 0x0000016d858d8e90 Thread added: 0x0000016d858d8e90
Event: 177.806 Thread 0x0000016d858d6810 Thread added: 0x0000016d858d6810
Event: 178.123 Thread 0x0000016d858d6340 Thread added: 0x0000016d858d6340
Event: 178.181 Thread 0x0000016d858d7680 Thread added: 0x0000016d858d7680
Event: 178.416 Thread 0x0000016d858d7b50 Thread added: 0x0000016d858d7b50
Event: 178.448 Thread 0x0000016d858d8020 Thread added: 0x0000016d858d8020
Event: 178.793 Thread 0x0000016d858d9830 Thread added: 0x0000016d858d9830
Event: 179.791 Thread 0x0000016d858dab70 Thread added: 0x0000016d858dab70
Event: 180.340 Thread 0x0000016d840f3080 Thread added: 0x0000016d840f3080
Event: 183.633 Thread 0x0000016d88082900 Thread added: 0x0000016d88082900
Event: 186.702 Thread 0x0000016d880862c0 Thread added: 0x0000016d880862c0
Event: 187.856 Thread 0x0000016d880845e0 Thread added: 0x0000016d880845e0
Event: 203.143 Thread 0x0000016d88081a90 Thread added: 0x0000016d88081a90
Event: 209.304 Thread 0x0000016d88087130 Thread added: 0x0000016d88087130


Dynamic libraries:
0x00007ff604590000 - 0x00007ff6045a0000 	C:\Program Files\Java\jdk-17\bin\java.exe
0x00007ffb158f0000 - 0x00007ffb15b06000 	C:\Windows\SYSTEM32\ntdll.dll
0x00007ffb14b20000 - 0x00007ffb14be4000 	C:\Windows\System32\KERNEL32.DLL
0x00007ffb130f0000 - 0x00007ffb13496000 	C:\Windows\System32\KERNELBASE.dll
0x00007ffb12e10000 - 0x00007ffb12f21000 	C:\Windows\System32\ucrtbase.dll
0x00007ffafd370000 - 0x00007ffafd389000 	C:\Program Files\Java\jdk-17\bin\jli.dll
0x00007ffb13950000 - 0x00007ffb13a02000 	C:\Windows\System32\ADVAPI32.dll
0x00007ffb14490000 - 0x00007ffb14537000 	C:\Windows\System32\msvcrt.dll
0x00007ffb136c0000 - 0x00007ffb13768000 	C:\Windows\System32\sechost.dll
0x00007ffb13610000 - 0x00007ffb13638000 	C:\Windows\System32\bcrypt.dll
0x00007ffb00870000 - 0x00007ffb0088b000 	C:\Program Files\Java\jdk-17\bin\VCRUNTIME140.dll
0x00007ffb14bf0000 - 0x00007ffb14d05000 	C:\Windows\System32\RPCRT4.dll
0x00007ffb14d30000 - 0x00007ffb14edd000 	C:\Windows\System32\USER32.dll
0x00007ffb135e0000 - 0x00007ffb13606000 	C:\Windows\System32\win32u.dll
0x00007ffb13770000 - 0x00007ffb13799000 	C:\Windows\System32\GDI32.dll
0x00007ffb12fd0000 - 0x00007ffb130e8000 	C:\Windows\System32\gdi32full.dll
0x00007ffafa060000 - 0x00007ffafa2f3000 	C:\Windows\WinSxS\amd64_microsoft.windows.common-controls_6595b64144ccf1df_6.0.22621.3235_none_270f74e173860f98\COMCTL32.dll
0x00007ffb12f30000 - 0x00007ffb12fca000 	C:\Windows\System32\msvcp_win.dll
0x00007ffb0b0c0000 - 0x00007ffb0b0ca000 	C:\Windows\SYSTEM32\VERSION.dll
0x00007ffb14430000 - 0x00007ffb14461000 	C:\Windows\System32\IMM32.DLL
0x00007ffaffd30000 - 0x00007ffaffd3c000 	C:\Program Files\Java\jdk-17\bin\vcruntime140_1.dll
0x00007ffafa5a0000 - 0x00007ffafa62e000 	C:\Program Files\Java\jdk-17\bin\msvcp140.dll
0x00007ffaa9060000 - 0x00007ffaa9c3e000 	C:\Program Files\Java\jdk-17\bin\server\jvm.dll
0x00007ffb14410000 - 0x00007ffb14418000 	C:\Windows\System32\PSAPI.DLL
0x00007ffb0dd10000 - 0x00007ffb0dd19000 	C:\Windows\SYSTEM32\WSOCK32.dll
0x00007ffb0ade0000 - 0x00007ffb0ae14000 	C:\Windows\SYSTEM32\WINMM.dll
0x00007ffb15830000 - 0x00007ffb158a1000 	C:\Windows\System32\WS2_32.dll
0x00007ffb11c70000 - 0x00007ffb11c88000 	C:\Windows\SYSTEM32\kernel.appcore.dll
0x00007ffaff140000 - 0x00007ffaff14a000 	C:\Program Files\Java\jdk-17\bin\jimage.dll
0x00007ffb10570000 - 0x00007ffb107a3000 	C:\Windows\SYSTEM32\DBGHELP.DLL
0x00007ffb146b0000 - 0x00007ffb14a38000 	C:\Windows\System32\combase.dll
0x00007ffb14a40000 - 0x00007ffb14b17000 	C:\Windows\System32\OLEAUT32.dll
0x00007ffaf4120000 - 0x00007ffaf4152000 	C:\Windows\SYSTEM32\dbgcore.DLL
0x00007ffb13560000 - 0x00007ffb135da000 	C:\Windows\System32\bcryptPrimitives.dll
0x00007ffafe7a0000 - 0x00007ffafe7ae000 	C:\Program Files\Java\jdk-17\bin\instrument.dll
0x00007ffafae10000 - 0x00007ffafae35000 	C:\Program Files\Java\jdk-17\bin\java.dll
0x00007ffae7bf0000 - 0x00007ffae7cc7000 	C:\Program Files\Java\jdk-17\bin\jsvml.dll
0x00007ffb13bb0000 - 0x00007ffb1440d000 	C:\Windows\System32\SHELL32.dll
0x00007ffb10b90000 - 0x00007ffb11488000 	C:\Windows\SYSTEM32\windows.storage.dll
0x00007ffb10a50000 - 0x00007ffb10b8e000 	C:\Windows\SYSTEM32\wintypes.dll
0x00007ffb14f40000 - 0x00007ffb15033000 	C:\Windows\System32\SHCORE.dll
0x00007ffb13ac0000 - 0x00007ffb13b1e000 	C:\Windows\System32\shlwapi.dll
0x00007ffb12b60000 - 0x00007ffb12b86000 	C:\Windows\SYSTEM32\profapi.dll
0x00007ffafceb0000 - 0x00007ffafcec8000 	C:\Program Files\Java\jdk-17\bin\zip.dll
0x00007ffafadf0000 - 0x00007ffafae09000 	C:\Program Files\Java\jdk-17\bin\net.dll
0x00007ffb0b800000 - 0x00007ffb0b937000 	C:\Windows\SYSTEM32\WINHTTP.dll
0x00007ffb120f0000 - 0x00007ffb12159000 	C:\Windows\system32\mswsock.dll
0x00007ffafa870000 - 0x00007ffafa886000 	C:\Program Files\Java\jdk-17\bin\nio.dll
0x00007ffafe350000 - 0x00007ffafe360000 	C:\Program Files\Java\jdk-17\bin\verify.dll
0x00007ffafe4f0000 - 0x00007ffafe517000 	C:\Users\phgss\.gradle\native\c067742578af261105cb4f569cf0c3c89f3d7b1fecec35dd04571415982c5e48\windows-amd64\native-platform.dll
0x00007ffad7f50000 - 0x00007ffad8094000 	C:\Users\phgss\.gradle\native\38dada09dfb8b06ba9b0570ebf7e218e3eb74d4ef43ca46872605cf95ebc2f47\windows-amd64\native-platform-file-events.dll
0x00007ffafd8a0000 - 0x00007ffafd8aa000 	C:\Program Files\Java\jdk-17\bin\management.dll
0x00007ffafd3b0000 - 0x00007ffafd3bb000 	C:\Program Files\Java\jdk-17\bin\management_ext.dll
0x00007ffb12340000 - 0x00007ffb1235b000 	C:\Windows\SYSTEM32\CRYPTSP.dll
0x00007ffb11bd0000 - 0x00007ffb11c05000 	C:\Windows\system32\rsaenh.dll
0x00007ffb121e0000 - 0x00007ffb1220c000 	C:\Windows\SYSTEM32\USERENV.dll
0x00007ffb12360000 - 0x00007ffb1236c000 	C:\Windows\SYSTEM32\CRYPTBASE.dll
0x00007ffb11730000 - 0x00007ffb1175d000 	C:\Windows\SYSTEM32\IPHLPAPI.DLL
0x00007ffb14540000 - 0x00007ffb14549000 	C:\Windows\System32\NSI.dll
0x00007ffb0b7e0000 - 0x00007ffb0b7f9000 	C:\Windows\SYSTEM32\dhcpcsvc6.DLL
0x00007ffb0b7c0000 - 0x00007ffb0b7df000 	C:\Windows\SYSTEM32\dhcpcsvc.DLL
0x00007ffb11760000 - 0x00007ffb11859000 	C:\Windows\SYSTEM32\DNSAPI.dll
0x00007ffafd1e0000 - 0x00007ffafd1ee000 	C:\Program Files\Java\jdk-17\bin\sunmscapi.dll
0x00007ffb12ca0000 - 0x00007ffb12e06000 	C:\Windows\System32\CRYPT32.dll
0x00007ffb12550000 - 0x00007ffb1257e000 	C:\Windows\SYSTEM32\ncrypt.dll
0x00007ffb12510000 - 0x00007ffb12547000 	C:\Windows\SYSTEM32\NTASN1.dll
0x00007ffb093a0000 - 0x00007ffb093a8000 	C:\Windows\system32\wshunix.dll

dbghelp: loaded successfully - version: 4.0.5 - missing functions: none
symbol engine: initialized successfully - sym options: 0x614 - pdb path: .;C:\Program Files\Java\jdk-17\bin;C:\Windows\SYSTEM32;C:\Windows\WinSxS\amd64_microsoft.windows.common-controls_6595b64144ccf1df_6.0.22621.3235_none_270f74e173860f98;C:\Program Files\Java\jdk-17\bin\server;C:\Users\phgss\.gradle\native\c067742578af261105cb4f569cf0c3c89f3d7b1fecec35dd04571415982c5e48\windows-amd64;C:\Users\phgss\.gradle\native\38dada09dfb8b06ba9b0570ebf7e218e3eb74d4ef43ca46872605cf95ebc2f47\windows-amd64

VM Arguments:
jvm_args: --add-opens=java.base/java.util=ALL-UNNAMED --add-opens=java.base/java.lang=ALL-UNNAMED --add-opens=java.base/java.lang.invoke=ALL-UNNAMED --add-opens=java.prefs/java.util.prefs=ALL-UNNAMED --add-opens=java.base/java.nio.charset=ALL-UNNAMED --add-opens=java.base/java.net=ALL-UNNAMED --add-opens=java.base/java.util.concurrent.atomic=ALL-UNNAMED -XX:MaxMetaspaceSize=384m -XX:+HeapDumpOnOutOfMemoryError -Xms256m -Xmx512m -Dfile.encoding=windows-1252 -Duser.country=US -Duser.language=en -Duser.variant -javaagent:C:\Users\phgss\.gradle\wrapper\dists\gradle-8.6-bin\afr5mpiioh2wthjmwnkmdsd5w\gradle-8.6\lib\agents\gradle-instrumentation-agent-8.6.jar 
java_command: org.gradle.launcher.daemon.bootstrap.GradleDaemon 8.6
java_class_path (initial): C:\Users\phgss\.gradle\wrapper\dists\gradle-8.6-bin\afr5mpiioh2wthjmwnkmdsd5w\gradle-8.6\lib\gradle-launcher-8.6.jar
Launcher Type: SUN_STANDARD

[Global flags]
     intx CICompilerCount                          = 4                                         {product} {ergonomic}
   size_t CompressedClassSpaceSize                 = 335544320                                 {product} {ergonomic}
     uint ConcGCThreads                            = 2                                         {product} {ergonomic}
     uint G1ConcRefinementThreads                  = 8                                         {product} {ergonomic}
   size_t G1HeapRegionSize                         = 1048576                                   {product} {ergonomic}
    uintx GCDrainStackTargetSize                   = 64                                        {product} {ergonomic}
     bool HeapDumpOnOutOfMemoryError               = true                                   {manageable} {command line}
   size_t InitialHeapSize                          = 268435456                                 {product} {command line}
   size_t MarkStackSize                            = 4194304                                   {product} {ergonomic}
   size_t MaxHeapSize                              = 536870912                                 {product} {command line}
   size_t MaxMetaspaceSize                         = 402653184                                 {product} {command line}
   size_t MaxNewSize                               = 321912832                                 {product} {ergonomic}
   size_t MinHeapDeltaBytes                        = 1048576                                   {product} {ergonomic}
   size_t MinHeapSize                              = 268435456                                 {product} {command line}
    uintx NonNMethodCodeHeapSize                   = 5839372                                {pd product} {ergonomic}
    uintx NonProfiledCodeHeapSize                  = 122909434                              {pd product} {ergonomic}
    uintx ProfiledCodeHeapSize                     = 122909434                              {pd product} {ergonomic}
    uintx ReservedCodeCacheSize                    = 251658240                              {pd product} {ergonomic}
     bool SegmentedCodeCache                       = true                                      {product} {ergonomic}
   size_t SoftMaxHeapSize                          = 536870912                              {manageable} {ergonomic}
     bool UseCompressedClassPointers               = true                           {product lp64_product} {ergonomic}
     bool UseCompressedOops                        = true                           {product lp64_product} {ergonomic}
     bool UseG1GC                                  = true                                      {product} {ergonomic}
     bool UseLargePagesIndividualAllocation        = false                                  {pd product} {ergonomic}

Logging:
Log output configuration:
 #0: stdout all=warning uptime,level,tags
 #1: stderr all=off uptime,level,tags

Environment Variables:
JAVA_HOME=C:\Program Files\Java\jdk-17
PATH=C:\Program Files\Common Files\Oracle\Java\javapath;C:\Windows\system32;C:\Windows;C:\Windows\System32\Wbem;C:\Windows\System32\WindowsPowerShell\v1.0\;C:\Windows\System32\OpenSSH\;C:\Program Files\nodejs\;C:\Program Files\Microsoft SQL Server\150\Tools\Binn\;C:\Program Files\dotnet\;C:\Program Files\Git\cmd;E:\matlab\bin;C:\Program Files\Java\jdk-17\bin;C:\Users\phgss\.console-ninja\.bin;C:\Users\phgss\AppData\Local\Microsoft\WindowsApps;C:\Users\phgss\AppData\Local\Programs\Microsoft VS Code\bin;C:\Users\phgss\AppData\Local\GitHubDesktop\bin;C:\Users\phgss\AppData\Roaming\npm;C:\Program Files\JetBrains\IntelliJ IDEA 2023.2.1\bin;;C:\Program Files\Java\jdk-17\bin;
USERNAME=phgss
OS=Windows_NT
PROCESSOR_IDENTIFIER=Intel64 Family 6 Model 142 Stepping 12, GenuineIntel



---------------  S Y S T E M  ---------------

OS:
 Windows 11 , 64 bit Build 22621 (10.0.22621.3235)
OS uptime: 5 days 7:23 hours

CPU: total 8 (initial active 8) (4 cores per cpu, 2 threads per core) family 6 model 142 stepping 12 microcode 0xde, cx8, cmov, fxsr, ht, mmx, 3dnowpref, sse, sse2, sse3, ssse3, sse4.1, sse4.2, popcnt, lzcnt, tsc, tscinvbit, avx, avx2, aes, erms, clmul, bmi1, bmi2, adx, fma, vzeroupper, clflush, clflushopt

Memory: 4k page, system-wide physical 8043M (158M free)
TotalPageFile size 29417M (AvailPageFile size 912M)
current process WorkingSet (physical memory assigned to process): 16M, peak: 345M
current process commit charge ("private bytes"): 465M, peak: 492M

vm_info: Java HotSpot(TM) 64-Bit Server VM (17.0.8+9-LTS-211) for windows-amd64 JRE (17.0.8+9-LTS-211), built on Jun 14 2023 10:34:31 by "mach5one" with MS VC++ 17.1 (VS2022)

END.
