#
# There is insufficient memory for the Java Runtime Environment to continue.
# Native memory allocation (malloc) failed to allocate 32744 bytes for ChunkPool::allocate
# Possible reasons:
#   The system is out of physical RAM or swap space
#   The process is running with CompressedOops enabled, and the Java Heap may be blocking the growth of the native heap
# Possible solutions:
#   Reduce memory load on the system
#   Increase physical memory or swap space
#   Check if swap backing store is full
#   Decrease Java heap size (-Xmx/-Xms)
#   Decrease number of Java threads
#   Decrease Java thread stack sizes (-Xss)
#   Set larger code cache with -XX:ReservedCodeCacheSize=
#   JVM is running with Unscaled Compressed Oops mode in which the Java heap is
#     placed in the first 4GB address space. The Java Heap base address is the
#     maximum limit for the native heap growth. Please use -XX:HeapBaseMinAddress
#     to set the Java Heap base and to place the Java Heap above 4GB virtual address.
# This output file may be truncated or incomplete.
#
#  Out of Memory Error (arena.cpp:78), pid=13688, tid=4152
#
# JRE version: Java(TM) SE Runtime Environment (17.0.10+11) (build 17.0.10+11-LTS-240)
# Java VM: Java HotSpot(TM) 64-Bit Server VM (17.0.10+11-LTS-240, mixed mode, sharing, tiered, compressed oops, compressed class ptrs, g1 gc, windows-amd64)
# No core dump will be written. Minidumps are not enabled by default on client versions of Windows
#

---------------  S U M M A R Y ------------

Command Line: --add-opens=java.base/java.util=ALL-UNNAMED --add-opens=java.base/java.lang=ALL-UNNAMED --add-opens=java.base/java.lang.invoke=ALL-UNNAMED --add-opens=java.prefs/java.util.prefs=ALL-UNNAMED --add-opens=java.base/java.nio.charset=ALL-UNNAMED --add-opens=java.base/java.net=ALL-UNNAMED --add-opens=java.base/java.util.concurrent.atomic=ALL-UNNAMED -XX:MaxMetaspaceSize=384m -XX:+HeapDumpOnOutOfMemoryError -Xms256m -Xmx512m -Dfile.encoding=windows-1252 -Duser.country=US -Duser.language=en -Duser.variant -javaagent:C:\Java\gradle-8.5\lib\agents\gradle-instrumentation-agent-8.5.jar org.gradle.launcher.daemon.bootstrap.GradleDaemon 8.5

Host: Intel(R) Core(TM) i5-10400 CPU @ 2.90GHz, 12 cores, 7G,  Windows 10 , 64 bit Build 19041 (10.0.19041.804)
Time: Fri Mar 15 16:39:43 2024 SE Asia Standard Time elapsed time: 22.771231 seconds (0d 0h 0m 22s)

---------------  T H R E A D  ---------------

Current thread (0x0000011da3cd6f50):  JavaThread "C2 CompilerThread0" daemon [_thread_in_native, id=4152, stack(0x000000085f000000,0x000000085f100000)]


Current CompileTask:
C2:  22771 3851   !   4       jdk.internal.loader.URLClassPath$JarLoader::getResource (354 bytes)

Stack: [0x000000085f000000,0x000000085f100000]
Native frames: (J=compiled Java code, j=interpreted, Vv=VM code, C=native code)
V  [jvm.dll+0x677a5a]
V  [jvm.dll+0x7d8b2d]
V  [jvm.dll+0x7da48e]
V  [jvm.dll+0x7daaf3]
V  [jvm.dll+0x2455ff]
V  [jvm.dll+0xaad50]
V  [jvm.dll+0xab09c]
V  [jvm.dll+0xaac14]
V  [jvm.dll+0x656411]
V  [jvm.dll+0x654e18]
V  [jvm.dll+0x341fde]
V  [jvm.dll+0x6878c0]
V  [jvm.dll+0x68805e]
V  [jvm.dll+0x6876a0]
V  [jvm.dll+0x6855aa]
V  [jvm.dll+0x1a666c]
V  [jvm.dll+0x1a71fb]
V  [jvm.dll+0x2aa21c]
V  [jvm.dll+0x690083]
V  [jvm.dll+0x688056]
V  [jvm.dll+0x6876a0]
V  [jvm.dll+0x6855aa]
V  [jvm.dll+0x1a666c]
V  [jvm.dll+0x2aa21c]
V  [jvm.dll+0x690083]
V  [jvm.dll+0x688056]
V  [jvm.dll+0x6876a0]
V  [jvm.dll+0x6855aa]
V  [jvm.dll+0x1a666c]
V  [jvm.dll+0x1a71fb]
V  [jvm.dll+0x1a71fb]
V  [jvm.dll+0x2aa21c]
V  [jvm.dll+0x690083]
V  [jvm.dll+0x688056]
V  [jvm.dll+0x6876a0]
V  [jvm.dll+0x6855aa]
V  [jvm.dll+0x1a666c]
V  [jvm.dll+0x1a71fb]
V  [jvm.dll+0x1a71fb]
V  [jvm.dll+0x2aa21c]
V  [jvm.dll+0x690083]
V  [jvm.dll+0x688056]
V  [jvm.dll+0x6876a0]
V  [jvm.dll+0x6855aa]
V  [jvm.dll+0x1a666c]
V  [jvm.dll+0x216938]
V  [jvm.dll+0x1a3410]
V  [jvm.dll+0x226aeb]
V  [jvm.dll+0x224cab]
V  [jvm.dll+0x78e45c]
V  [jvm.dll+0x78888a]
V  [jvm.dll+0x676935]
C  [ucrtbase.dll+0x21bb2]
C  [KERNEL32.DLL+0x17034]
C  [ntdll.dll+0x52651]


---------------  P R O C E S S  ---------------

Threads class SMR info:
_java_thread_list=0x0000011dbd292af0, length=40, elements={
0x0000011d88f50840, 0x0000011da3cad980, 0x0000011da3cae710, 0x0000011da3cc88c0,
0x0000011da3cca3a0, 0x0000011da3cccc80, 0x0000011da3ccd550, 0x0000011da3cd6f50,
0x0000011da3ce0660, 0x0000011da3ce4ba0, 0x0000011dbd0a8570, 0x0000011dbd197aa0,
0x0000011dbeae6eb0, 0x0000011dbe995680, 0x0000011dbe7fc9e0, 0x0000011dbe913210,
0x0000011dbf660460, 0x0000011dbf168ed0, 0x0000011dbf16a310, 0x0000011dbf16a820,
0x0000011dbf1693e0, 0x0000011dbf1698f0, 0x0000011dbf167070, 0x0000011dbf167580,
0x0000011dbf167a90, 0x0000011dbf167fa0, 0x0000011dbf1684b0, 0x0000011dbf1689c0,
0x0000011dbe9f3ce0, 0x0000011dbe9ed290, 0x0000011dbe9f0a40, 0x0000011dbe9f2db0,
0x0000011dbe9ef0f0, 0x0000011dbe9ed7a0, 0x0000011dbe9f4700, 0x0000011dbe9f41f0,
0x0000011dbe9efb10, 0x0000011dbe9f1e80, 0x0000011dbe9f32c0, 0x0000011dbe9edcb0
}

Java Threads: ( => current thread )
  0x0000011d88f50840 JavaThread "main" [_thread_blocked, id=5988, stack(0x000000085e300000,0x000000085e400000)]
  0x0000011da3cad980 JavaThread "Reference Handler" daemon [_thread_blocked, id=9552, stack(0x000000085ea00000,0x000000085eb00000)]
  0x0000011da3cae710 JavaThread "Finalizer" daemon [_thread_blocked, id=12732, stack(0x000000085eb00000,0x000000085ec00000)]
  0x0000011da3cc88c0 JavaThread "Signal Dispatcher" daemon [_thread_blocked, id=11336, stack(0x000000085ec00000,0x000000085ed00000)]
  0x0000011da3cca3a0 JavaThread "Attach Listener" daemon [_thread_blocked, id=2272, stack(0x000000085ed00000,0x000000085ee00000)]
  0x0000011da3cccc80 JavaThread "Service Thread" daemon [_thread_blocked, id=10696, stack(0x000000085ee00000,0x000000085ef00000)]
  0x0000011da3ccd550 JavaThread "Monitor Deflation Thread" daemon [_thread_blocked, id=13408, stack(0x000000085ef00000,0x000000085f000000)]
=>0x0000011da3cd6f50 JavaThread "C2 CompilerThread0" daemon [_thread_in_native, id=4152, stack(0x000000085f000000,0x000000085f100000)]
  0x0000011da3ce0660 JavaThread "C1 CompilerThread0" daemon [_thread_in_native, id=10292, stack(0x000000085f100000,0x000000085f200000)]
  0x0000011da3ce4ba0 JavaThread "Sweeper thread" daemon [_thread_blocked, id=12196, stack(0x000000085f200000,0x000000085f300000)]
  0x0000011dbd0a8570 JavaThread "Common-Cleaner" daemon [_thread_blocked, id=2020, stack(0x000000085f300000,0x000000085f400000)]
  0x0000011dbd197aa0 JavaThread "Notification Thread" daemon [_thread_blocked, id=11784, stack(0x000000085f400000,0x000000085f500000)]
  0x0000011dbeae6eb0 JavaThread "Daemon health stats" [_thread_blocked, id=11132, stack(0x000000085fc00000,0x000000085fd00000)]
  0x0000011dbe995680 JavaThread "Incoming local TCP Connector on port 52216" [_thread_in_native, id=3608, stack(0x000000085fd00000,0x000000085fe00000)]
  0x0000011dbe7fc9e0 JavaThread "Daemon periodic checks" [_thread_blocked, id=14184, stack(0x000000085f600000,0x000000085f700000)]
  0x0000011dbe913210 JavaThread "Daemon" [_thread_blocked, id=9844, stack(0x000000085fe00000,0x000000085ff00000)]
  0x0000011dbf660460 JavaThread "Handler for socket connection from /127.0.0.1:52216 to /127.0.0.1:52219" [_thread_in_native, id=11620, stack(0x000000085ff00000,0x0000000860000000)]
  0x0000011dbf168ed0 JavaThread "Cancel handler" [_thread_blocked, id=14016, stack(0x0000000860000000,0x0000000860100000)]
  0x0000011dbf16a310 JavaThread "Daemon worker" [_thread_blocked, id=10980, stack(0x0000000860100000,0x0000000860200000)]
  0x0000011dbf16a820 JavaThread "Asynchronous log dispatcher for DefaultDaemonConnection: socket connection from /127.0.0.1:52216 to /127.0.0.1:52219" [_thread_blocked, id=10676, stack(0x0000000860200000,0x0000000860300000)]
  0x0000011dbf1693e0 JavaThread "Stdin handler" [_thread_blocked, id=14260, stack(0x0000000860300000,0x0000000860400000)]
  0x0000011dbf1698f0 JavaThread "Daemon client event forwarder" [_thread_blocked, id=3768, stack(0x0000000860400000,0x0000000860500000)]
  0x0000011dbf167070 JavaThread "Cache worker for journal cache (C:\Java\gradle-8.5\caches\journal-1)" [_thread_blocked, id=1560, stack(0x0000000860500000,0x0000000860600000)]
  0x0000011dbf167580 JavaThread "File lock request listener" [_thread_in_native, id=5724, stack(0x0000000860600000,0x0000000860700000)]
  0x0000011dbf167a90 JavaThread "File lock release action executor" [_thread_blocked, id=7120, stack(0x0000000860700000,0x0000000860800000)]
  0x0000011dbf167fa0 JavaThread "Cache worker for file hash cache (C:\Java\gradle-8.5\caches\8.5\fileHashes)" [_thread_blocked, id=12528, stack(0x0000000860800000,0x0000000860900000)]
  0x0000011dbf1684b0 JavaThread "File watcher server" daemon [_thread_in_native, id=12216, stack(0x0000000860900000,0x0000000860a00000)]
  0x0000011dbf1689c0 JavaThread "File watcher consumer" daemon [_thread_blocked, id=10572, stack(0x0000000860a00000,0x0000000860b00000)]
  0x0000011dbe9f3ce0 JavaThread "Cache worker for checksums cache (T:\STT12_PhamHaNam_week6\author\.gradle\8.5\checksums)" [_thread_blocked, id=6528, stack(0x0000000861100000,0x0000000861200000)]
  0x0000011dbe9ed290 JavaThread "Cache worker for file hash cache (T:\STT12_PhamHaNam_week6\author\.gradle\8.5\fileHashes)" [_thread_blocked, id=12312, stack(0x0000000861200000,0x0000000861300000)]
  0x0000011dbe9f0a40 JavaThread "Cache worker for cache directory md-supplier (C:\Java\gradle-8.5\caches\8.5\md-supplier)" [_thread_blocked, id=10000, stack(0x0000000861300000,0x0000000861400000)]
  0x0000011dbe9f2db0 JavaThread "Cache worker for cache directory md-rule (C:\Java\gradle-8.5\caches\8.5\md-rule)" [_thread_blocked, id=11268, stack(0x0000000861400000,0x0000000861500000)]
  0x0000011dbe9ef0f0 JavaThread "Cache worker for file content cache (C:\Java\gradle-8.5\caches\8.5\fileContent)" [_thread_blocked, id=92, stack(0x0000000861500000,0x0000000861600000)]
  0x0000011dbe9ed7a0 JavaThread "Cache worker for execution history cache (C:\Java\gradle-8.5\caches\8.5\executionHistory)" [_thread_blocked, id=12548, stack(0x0000000861600000,0x0000000861700000)]
  0x0000011dbe9f4700 JavaThread "jar transforms" [_thread_blocked, id=7260, stack(0x0000000861700000,0x0000000861800000)]
  0x0000011dbe9f41f0 JavaThread "jar transforms Thread 2" [_thread_blocked, id=12296, stack(0x0000000861800000,0x0000000861900000)]
  0x0000011dbe9efb10 JavaThread "jar transforms Thread 3" [_thread_blocked, id=5176, stack(0x0000000861900000,0x0000000861a00000)]
  0x0000011dbe9f1e80 JavaThread "jar transforms Thread 4" [_thread_blocked, id=10392, stack(0x0000000861a00000,0x0000000861b00000)]
  0x0000011dbe9f32c0 JavaThread "jar transforms Thread 5" [_thread_blocked, id=12692, stack(0x0000000861b00000,0x0000000861c00000)]
  0x0000011dbe9edcb0 JavaThread "jar transforms Thread 6" [_thread_blocked, id=12900, stack(0x0000000861c00000,0x0000000861d00000)]

Other Threads:
  0x0000011da3ca9e70 VMThread "VM Thread" [stack: 0x000000085e900000,0x000000085ea00000] [id=10344]
  0x0000011d88fa2ff0 WatcherThread [stack: 0x000000085f500000,0x000000085f600000] [id=12016]
  0x0000011d88f7fd10 GCTaskThread "GC Thread#0" [stack: 0x000000085e400000,0x000000085e500000] [id=11744]
  0x0000011dbd3b5c40 GCTaskThread "GC Thread#1" [stack: 0x000000085f700000,0x000000085f800000] [id=5472]
  0x0000011dbd3b6310 GCTaskThread "GC Thread#2" [stack: 0x000000085f800000,0x000000085f900000] [id=10220]
  0x0000011dbd8eb8f0 GCTaskThread "GC Thread#3" [stack: 0x000000085f900000,0x000000085fa00000] [id=6684]
  0x0000011dbd8ebbb0 GCTaskThread "GC Thread#4" [stack: 0x000000085fa00000,0x000000085fb00000] [id=7988]
  0x0000011dbde9b2d0 GCTaskThread "GC Thread#5" [stack: 0x000000085fb00000,0x000000085fc00000] [id=11340]
  0x0000011dbf495480 GCTaskThread "GC Thread#6" [stack: 0x0000000860b00000,0x0000000860c00000] [id=12916]
  0x0000011dbff9ba40 GCTaskThread "GC Thread#7" [stack: 0x0000000860c00000,0x0000000860d00000] [id=1932]
  0x0000011dbd592cb0 GCTaskThread "GC Thread#8" [stack: 0x0000000860d00000,0x0000000860e00000] [id=13484]
  0x0000011dbf823c50 GCTaskThread "GC Thread#9" [stack: 0x0000000860e00000,0x0000000860f00000] [id=14700]
  0x0000011d88f86b90 ConcurrentGCThread "G1 Main Marker" [stack: 0x000000085e500000,0x000000085e600000] [id=13568]
  0x0000011d88f874b0 ConcurrentGCThread "G1 Conc#0" [stack: 0x000000085e600000,0x000000085e700000] [id=7500]
  0x0000011dbd58fca0 ConcurrentGCThread "G1 Conc#1" [stack: 0x0000000860f00000,0x0000000861000000] [id=4140]
  0x0000011dbd590420 ConcurrentGCThread "G1 Conc#2" [stack: 0x0000000861000000,0x0000000861100000] [id=2172]
  0x0000011d8902e9e0 ConcurrentGCThread "G1 Refine#0" [stack: 0x000000085e700000,0x000000085e800000] [id=13276]
  0x0000011da3b70540 ConcurrentGCThread "G1 Service" [stack: 0x000000085e800000,0x000000085e900000] [id=10748]

Threads with active compile tasks:
C2 CompilerThread0    26555 3851   !   4       jdk.internal.loader.URLClassPath$JarLoader::getResource (354 bytes)
C1 CompilerThread0    26555 3888       3       java.beans.Introspector::addPropertyDescriptor (265 bytes)

VM state: not at safepoint (normal execution)

VM Mutex/Monitor currently owned by a thread: None

Heap address: 0x00000000e0000000, size: 512 MB, Compressed Oops mode: 32-bit

CDS archive(s) mapped at: [0x0000011da4000000-0x0000011da4bd0000-0x0000011da4bd0000), size 12386304, SharedBaseAddress: 0x0000011da4000000, ArchiveRelocationMode: 1.
Compressed class space mapped at: 0x0000011da5000000-0x0000011db9000000, reserved size: 335544320
Narrow klass base: 0x0000011da4000000, Narrow klass shift: 0, Narrow klass range: 0x100000000

GC Precious Log:
 CPUs: 12 total, 12 available
 Memory: 7939M
 Large Page Support: Disabled
 NUMA Support: Disabled
 Compressed Oops: Enabled (32-bit)
 Heap Region Size: 1M
 Heap Min Capacity: 256M
 Heap Initial Capacity: 256M
 Heap Max Capacity: 512M
 Pre-touch: Disabled
 Parallel Workers: 10
 Concurrent Workers: 3
 Concurrent Refinement Workers: 10
 Periodic GC: Disabled

Heap:
 garbage-first heap   total 262144K, used 124616K [0x00000000e0000000, 0x0000000100000000)
  region size 1024K, 109 young (111616K), 12 survivors (12288K)
 Metaspace       used 33844K, committed 34304K, reserved 393216K
  class space    used 4692K, committed 4928K, reserved 327680K

Heap Regions: E=young(eden), S=young(survivor), O=old, HS=humongous(starts), HC=humongous(continues), CS=collection set, F=free, OA=open archive, CA=closed archive, TAMS=top-at-mark-start (previous, next)
|   0|0x00000000e0000000, 0x00000000e0100000, 0x00000000e0100000|100%|HS|  |TAMS 0x00000000e0100000, 0x00000000e0000000| Complete 
|   1|0x00000000e0100000, 0x00000000e0200000, 0x00000000e0200000|100%|HC|  |TAMS 0x00000000e0200000, 0x00000000e0100000| Complete 
|   2|0x00000000e0200000, 0x00000000e0300000, 0x00000000e0300000|100%|HC|  |TAMS 0x00000000e0300000, 0x00000000e0200000| Complete 
|   3|0x00000000e0300000, 0x00000000e0400000, 0x00000000e0400000|100%|HC|  |TAMS 0x00000000e0400000, 0x00000000e0300000| Complete 
|   4|0x00000000e0400000, 0x00000000e0500000, 0x00000000e0500000|100%| O|  |TAMS 0x00000000e0500000, 0x00000000e0400000| Untracked 
|   5|0x00000000e0500000, 0x00000000e0600000, 0x00000000e0600000|100%| O|  |TAMS 0x00000000e0600000, 0x00000000e0500000| Untracked 
|   6|0x00000000e0600000, 0x00000000e0700000, 0x00000000e0700000|100%| O|  |TAMS 0x00000000e0700000, 0x00000000e0600000| Untracked 
|   7|0x00000000e0700000, 0x00000000e0800000, 0x00000000e0800000|100%| O|  |TAMS 0x00000000e0800000, 0x00000000e0700000| Complete 
|   8|0x00000000e0800000, 0x00000000e0900000, 0x00000000e0900000|100%|HS|  |TAMS 0x00000000e0800000, 0x00000000e0800000| Complete 
|   9|0x00000000e0900000, 0x00000000e0a00000, 0x00000000e0a00000|100%| O|  |TAMS 0x00000000e0a00000, 0x00000000e0900000| Untracked 
|  10|0x00000000e0a00000, 0x00000000e0b00000, 0x00000000e0b00000|100%| O|  |TAMS 0x00000000e0b00000, 0x00000000e0a00000| Untracked 
|  11|0x00000000e0b00000, 0x00000000e0b6b200, 0x00000000e0c00000| 41%| O|  |TAMS 0x00000000e0b6b200, 0x00000000e0b00000| Untracked 
|  12|0x00000000e0c00000, 0x00000000e0d00000, 0x00000000e0d00000|100%|HS|  |TAMS 0x00000000e0c00000, 0x00000000e0c00000| Complete 
|  13|0x00000000e0d00000, 0x00000000e0e00000, 0x00000000e0e00000|100%|HC|  |TAMS 0x00000000e0d00000, 0x00000000e0d00000| Complete 
|  14|0x00000000e0e00000, 0x00000000e0f00000, 0x00000000e0f00000|100%|HS|  |TAMS 0x00000000e0e00000, 0x00000000e0e00000| Complete 
|  15|0x00000000e0f00000, 0x00000000e1000000, 0x00000000e1000000|100%|HC|  |TAMS 0x00000000e0f00000, 0x00000000e0f00000| Complete 
|  16|0x00000000e1000000, 0x00000000e1000000, 0x00000000e1100000|  0%| F|  |TAMS 0x00000000e1000000, 0x00000000e1000000| Untracked 
|  17|0x00000000e1100000, 0x00000000e1100000, 0x00000000e1200000|  0%| F|  |TAMS 0x00000000e1100000, 0x00000000e1100000| Untracked 
|  18|0x00000000e1200000, 0x00000000e1200000, 0x00000000e1300000|  0%| F|  |TAMS 0x00000000e1200000, 0x00000000e1200000| Untracked 
|  19|0x00000000e1300000, 0x00000000e1300000, 0x00000000e1400000|  0%| F|  |TAMS 0x00000000e1300000, 0x00000000e1300000| Untracked 
|  20|0x00000000e1400000, 0x00000000e1400000, 0x00000000e1500000|  0%| F|  |TAMS 0x00000000e1400000, 0x00000000e1400000| Untracked 
|  21|0x00000000e1500000, 0x00000000e1500000, 0x00000000e1600000|  0%| F|  |TAMS 0x00000000e1500000, 0x00000000e1500000| Untracked 
|  22|0x00000000e1600000, 0x00000000e1600000, 0x00000000e1700000|  0%| F|  |TAMS 0x00000000e1600000, 0x00000000e1600000| Untracked 
|  23|0x00000000e1700000, 0x00000000e1700000, 0x00000000e1800000|  0%| F|  |TAMS 0x00000000e1700000, 0x00000000e1700000| Untracked 
|  24|0x00000000e1800000, 0x00000000e1800000, 0x00000000e1900000|  0%| F|  |TAMS 0x00000000e1800000, 0x00000000e1800000| Untracked 
|  25|0x00000000e1900000, 0x00000000e1900000, 0x00000000e1a00000|  0%| F|  |TAMS 0x00000000e1900000, 0x00000000e1900000| Untracked 
|  26|0x00000000e1a00000, 0x00000000e1a00000, 0x00000000e1b00000|  0%| F|  |TAMS 0x00000000e1a00000, 0x00000000e1a00000| Untracked 
|  27|0x00000000e1b00000, 0x00000000e1b00000, 0x00000000e1c00000|  0%| F|  |TAMS 0x00000000e1b00000, 0x00000000e1b00000| Untracked 
|  28|0x00000000e1c00000, 0x00000000e1c00000, 0x00000000e1d00000|  0%| F|  |TAMS 0x00000000e1c00000, 0x00000000e1c00000| Untracked 
|  29|0x00000000e1d00000, 0x00000000e1d00000, 0x00000000e1e00000|  0%| F|  |TAMS 0x00000000e1d00000, 0x00000000e1d00000| Untracked 
|  30|0x00000000e1e00000, 0x00000000e1e00000, 0x00000000e1f00000|  0%| F|  |TAMS 0x00000000e1e00000, 0x00000000e1e00000| Untracked 
|  31|0x00000000e1f00000, 0x00000000e1f00000, 0x00000000e2000000|  0%| F|  |TAMS 0x00000000e1f00000, 0x00000000e1f00000| Untracked 
|  32|0x00000000e2000000, 0x00000000e2000000, 0x00000000e2100000|  0%| F|  |TAMS 0x00000000e2000000, 0x00000000e2000000| Untracked 
|  33|0x00000000e2100000, 0x00000000e2100000, 0x00000000e2200000|  0%| F|  |TAMS 0x00000000e2100000, 0x00000000e2100000| Untracked 
|  34|0x00000000e2200000, 0x00000000e2200000, 0x00000000e2300000|  0%| F|  |TAMS 0x00000000e2200000, 0x00000000e2200000| Untracked 
|  35|0x00000000e2300000, 0x00000000e2300000, 0x00000000e2400000|  0%| F|  |TAMS 0x00000000e2300000, 0x00000000e2300000| Untracked 
|  36|0x00000000e2400000, 0x00000000e2400000, 0x00000000e2500000|  0%| F|  |TAMS 0x00000000e2400000, 0x00000000e2400000| Untracked 
|  37|0x00000000e2500000, 0x00000000e2500000, 0x00000000e2600000|  0%| F|  |TAMS 0x00000000e2500000, 0x00000000e2500000| Untracked 
|  38|0x00000000e2600000, 0x00000000e2600000, 0x00000000e2700000|  0%| F|  |TAMS 0x00000000e2600000, 0x00000000e2600000| Untracked 
|  39|0x00000000e2700000, 0x00000000e2700000, 0x00000000e2800000|  0%| F|  |TAMS 0x00000000e2700000, 0x00000000e2700000| Untracked 
|  40|0x00000000e2800000, 0x00000000e2800000, 0x00000000e2900000|  0%| F|  |TAMS 0x00000000e2800000, 0x00000000e2800000| Untracked 
|  41|0x00000000e2900000, 0x00000000e2900000, 0x00000000e2a00000|  0%| F|  |TAMS 0x00000000e2900000, 0x00000000e2900000| Untracked 
|  42|0x00000000e2a00000, 0x00000000e2a00000, 0x00000000e2b00000|  0%| F|  |TAMS 0x00000000e2a00000, 0x00000000e2a00000| Untracked 
|  43|0x00000000e2b00000, 0x00000000e2b00000, 0x00000000e2c00000|  0%| F|  |TAMS 0x00000000e2b00000, 0x00000000e2b00000| Untracked 
|  44|0x00000000e2c00000, 0x00000000e2c00000, 0x00000000e2d00000|  0%| F|  |TAMS 0x00000000e2c00000, 0x00000000e2c00000| Untracked 
|  45|0x00000000e2d00000, 0x00000000e2d00000, 0x00000000e2e00000|  0%| F|  |TAMS 0x00000000e2d00000, 0x00000000e2d00000| Untracked 
|  46|0x00000000e2e00000, 0x00000000e2e00000, 0x00000000e2f00000|  0%| F|  |TAMS 0x00000000e2e00000, 0x00000000e2e00000| Untracked 
|  47|0x00000000e2f00000, 0x00000000e2f00000, 0x00000000e3000000|  0%| F|  |TAMS 0x00000000e2f00000, 0x00000000e2f00000| Untracked 
|  48|0x00000000e3000000, 0x00000000e3000000, 0x00000000e3100000|  0%| F|  |TAMS 0x00000000e3000000, 0x00000000e3000000| Untracked 
|  49|0x00000000e3100000, 0x00000000e3100000, 0x00000000e3200000|  0%| F|  |TAMS 0x00000000e3100000, 0x00000000e3100000| Untracked 
|  50|0x00000000e3200000, 0x00000000e3200000, 0x00000000e3300000|  0%| F|  |TAMS 0x00000000e3200000, 0x00000000e3200000| Untracked 
|  51|0x00000000e3300000, 0x00000000e3300000, 0x00000000e3400000|  0%| F|  |TAMS 0x00000000e3300000, 0x00000000e3300000| Untracked 
|  52|0x00000000e3400000, 0x00000000e3400000, 0x00000000e3500000|  0%| F|  |TAMS 0x00000000e3400000, 0x00000000e3400000| Untracked 
|  53|0x00000000e3500000, 0x00000000e3500000, 0x00000000e3600000|  0%| F|  |TAMS 0x00000000e3500000, 0x00000000e3500000| Untracked 
|  54|0x00000000e3600000, 0x00000000e3600000, 0x00000000e3700000|  0%| F|  |TAMS 0x00000000e3600000, 0x00000000e3600000| Untracked 
|  55|0x00000000e3700000, 0x00000000e3700000, 0x00000000e3800000|  0%| F|  |TAMS 0x00000000e3700000, 0x00000000e3700000| Untracked 
|  56|0x00000000e3800000, 0x00000000e3800000, 0x00000000e3900000|  0%| F|  |TAMS 0x00000000e3800000, 0x00000000e3800000| Untracked 
|  57|0x00000000e3900000, 0x00000000e3900000, 0x00000000e3a00000|  0%| F|  |TAMS 0x00000000e3900000, 0x00000000e3900000| Untracked 
|  58|0x00000000e3a00000, 0x00000000e3a00000, 0x00000000e3b00000|  0%| F|  |TAMS 0x00000000e3a00000, 0x00000000e3a00000| Untracked 
|  59|0x00000000e3b00000, 0x00000000e3b00000, 0x00000000e3c00000|  0%| F|  |TAMS 0x00000000e3b00000, 0x00000000e3b00000| Untracked 
|  60|0x00000000e3c00000, 0x00000000e3c00000, 0x00000000e3d00000|  0%| F|  |TAMS 0x00000000e3c00000, 0x00000000e3c00000| Untracked 
|  61|0x00000000e3d00000, 0x00000000e3d00000, 0x00000000e3e00000|  0%| F|  |TAMS 0x00000000e3d00000, 0x00000000e3d00000| Untracked 
|  62|0x00000000e3e00000, 0x00000000e3e00000, 0x00000000e3f00000|  0%| F|  |TAMS 0x00000000e3e00000, 0x00000000e3e00000| Untracked 
|  63|0x00000000e3f00000, 0x00000000e3f00000, 0x00000000e4000000|  0%| F|  |TAMS 0x00000000e3f00000, 0x00000000e3f00000| Untracked 
|  64|0x00000000e4000000, 0x00000000e4000000, 0x00000000e4100000|  0%| F|  |TAMS 0x00000000e4000000, 0x00000000e4000000| Untracked 
|  65|0x00000000e4100000, 0x00000000e4100000, 0x00000000e4200000|  0%| F|  |TAMS 0x00000000e4100000, 0x00000000e4100000| Untracked 
|  66|0x00000000e4200000, 0x00000000e4200000, 0x00000000e4300000|  0%| F|  |TAMS 0x00000000e4200000, 0x00000000e4200000| Untracked 
|  67|0x00000000e4300000, 0x00000000e4300000, 0x00000000e4400000|  0%| F|  |TAMS 0x00000000e4300000, 0x00000000e4300000| Untracked 
|  68|0x00000000e4400000, 0x00000000e4400000, 0x00000000e4500000|  0%| F|  |TAMS 0x00000000e4400000, 0x00000000e4400000| Untracked 
|  69|0x00000000e4500000, 0x00000000e4500000, 0x00000000e4600000|  0%| F|  |TAMS 0x00000000e4500000, 0x00000000e4500000| Untracked 
|  70|0x00000000e4600000, 0x00000000e4600000, 0x00000000e4700000|  0%| F|  |TAMS 0x00000000e4600000, 0x00000000e4600000| Untracked 
|  71|0x00000000e4700000, 0x00000000e4700000, 0x00000000e4800000|  0%| F|  |TAMS 0x00000000e4700000, 0x00000000e4700000| Untracked 
|  72|0x00000000e4800000, 0x00000000e4800000, 0x00000000e4900000|  0%| F|  |TAMS 0x00000000e4800000, 0x00000000e4800000| Untracked 
|  73|0x00000000e4900000, 0x00000000e4900000, 0x00000000e4a00000|  0%| F|  |TAMS 0x00000000e4900000, 0x00000000e4900000| Untracked 
|  74|0x00000000e4a00000, 0x00000000e4a00000, 0x00000000e4b00000|  0%| F|  |TAMS 0x00000000e4a00000, 0x00000000e4a00000| Untracked 
|  75|0x00000000e4b00000, 0x00000000e4b00000, 0x00000000e4c00000|  0%| F|  |TAMS 0x00000000e4b00000, 0x00000000e4b00000| Untracked 
|  76|0x00000000e4c00000, 0x00000000e4c00000, 0x00000000e4d00000|  0%| F|  |TAMS 0x00000000e4c00000, 0x00000000e4c00000| Untracked 
|  77|0x00000000e4d00000, 0x00000000e4d00000, 0x00000000e4e00000|  0%| F|  |TAMS 0x00000000e4d00000, 0x00000000e4d00000| Untracked 
|  78|0x00000000e4e00000, 0x00000000e4e00000, 0x00000000e4f00000|  0%| F|  |TAMS 0x00000000e4e00000, 0x00000000e4e00000| Untracked 
|  79|0x00000000e4f00000, 0x00000000e4f00000, 0x00000000e5000000|  0%| F|  |TAMS 0x00000000e4f00000, 0x00000000e4f00000| Untracked 
|  80|0x00000000e5000000, 0x00000000e5000000, 0x00000000e5100000|  0%| F|  |TAMS 0x00000000e5000000, 0x00000000e5000000| Untracked 
|  81|0x00000000e5100000, 0x00000000e5100000, 0x00000000e5200000|  0%| F|  |TAMS 0x00000000e5100000, 0x00000000e5100000| Untracked 
|  82|0x00000000e5200000, 0x00000000e5200000, 0x00000000e5300000|  0%| F|  |TAMS 0x00000000e5200000, 0x00000000e5200000| Untracked 
|  83|0x00000000e5300000, 0x00000000e5300000, 0x00000000e5400000|  0%| F|  |TAMS 0x00000000e5300000, 0x00000000e5300000| Untracked 
|  84|0x00000000e5400000, 0x00000000e5400000, 0x00000000e5500000|  0%| F|  |TAMS 0x00000000e5400000, 0x00000000e5400000| Untracked 
|  85|0x00000000e5500000, 0x00000000e5500000, 0x00000000e5600000|  0%| F|  |TAMS 0x00000000e5500000, 0x00000000e5500000| Untracked 
|  86|0x00000000e5600000, 0x00000000e5600000, 0x00000000e5700000|  0%| F|  |TAMS 0x00000000e5600000, 0x00000000e5600000| Untracked 
|  87|0x00000000e5700000, 0x00000000e5700000, 0x00000000e5800000|  0%| F|  |TAMS 0x00000000e5700000, 0x00000000e5700000| Untracked 
|  88|0x00000000e5800000, 0x00000000e5800000, 0x00000000e5900000|  0%| F|  |TAMS 0x00000000e5800000, 0x00000000e5800000| Untracked 
|  89|0x00000000e5900000, 0x00000000e5900000, 0x00000000e5a00000|  0%| F|  |TAMS 0x00000000e5900000, 0x00000000e5900000| Untracked 
|  90|0x00000000e5a00000, 0x00000000e5a00000, 0x00000000e5b00000|  0%| F|  |TAMS 0x00000000e5a00000, 0x00000000e5a00000| Untracked 
|  91|0x00000000e5b00000, 0x00000000e5b00000, 0x00000000e5c00000|  0%| F|  |TAMS 0x00000000e5b00000, 0x00000000e5b00000| Untracked 
|  92|0x00000000e5c00000, 0x00000000e5c00000, 0x00000000e5d00000|  0%| F|  |TAMS 0x00000000e5c00000, 0x00000000e5c00000| Untracked 
|  93|0x00000000e5d00000, 0x00000000e5d00000, 0x00000000e5e00000|  0%| F|  |TAMS 0x00000000e5d00000, 0x00000000e5d00000| Untracked 
|  94|0x00000000e5e00000, 0x00000000e5e00000, 0x00000000e5f00000|  0%| F|  |TAMS 0x00000000e5e00000, 0x00000000e5e00000| Untracked 
|  95|0x00000000e5f00000, 0x00000000e5f00000, 0x00000000e6000000|  0%| F|  |TAMS 0x00000000e5f00000, 0x00000000e5f00000| Untracked 
|  96|0x00000000e6000000, 0x00000000e6000000, 0x00000000e6100000|  0%| F|  |TAMS 0x00000000e6000000, 0x00000000e6000000| Untracked 
|  97|0x00000000e6100000, 0x00000000e6100000, 0x00000000e6200000|  0%| F|  |TAMS 0x00000000e6100000, 0x00000000e6100000| Untracked 
|  98|0x00000000e6200000, 0x00000000e6200000, 0x00000000e6300000|  0%| F|  |TAMS 0x00000000e6200000, 0x00000000e6200000| Untracked 
|  99|0x00000000e6300000, 0x00000000e6300000, 0x00000000e6400000|  0%| F|  |TAMS 0x00000000e6300000, 0x00000000e6300000| Untracked 
| 100|0x00000000e6400000, 0x00000000e6400000, 0x00000000e6500000|  0%| F|  |TAMS 0x00000000e6400000, 0x00000000e6400000| Untracked 
| 101|0x00000000e6500000, 0x00000000e6500000, 0x00000000e6600000|  0%| F|  |TAMS 0x00000000e6500000, 0x00000000e6500000| Untracked 
| 102|0x00000000e6600000, 0x00000000e6600000, 0x00000000e6700000|  0%| F|  |TAMS 0x00000000e6600000, 0x00000000e6600000| Untracked 
| 103|0x00000000e6700000, 0x00000000e6700000, 0x00000000e6800000|  0%| F|  |TAMS 0x00000000e6700000, 0x00000000e6700000| Untracked 
| 104|0x00000000e6800000, 0x00000000e6800000, 0x00000000e6900000|  0%| F|  |TAMS 0x00000000e6800000, 0x00000000e6800000| Untracked 
| 105|0x00000000e6900000, 0x00000000e6900000, 0x00000000e6a00000|  0%| F|  |TAMS 0x00000000e6900000, 0x00000000e6900000| Untracked 
| 106|0x00000000e6a00000, 0x00000000e6a00000, 0x00000000e6b00000|  0%| F|  |TAMS 0x00000000e6a00000, 0x00000000e6a00000| Untracked 
| 107|0x00000000e6b00000, 0x00000000e6b00000, 0x00000000e6c00000|  0%| F|  |TAMS 0x00000000e6b00000, 0x00000000e6b00000| Untracked 
| 108|0x00000000e6c00000, 0x00000000e6c00000, 0x00000000e6d00000|  0%| F|  |TAMS 0x00000000e6c00000, 0x00000000e6c00000| Untracked 
| 109|0x00000000e6d00000, 0x00000000e6d00000, 0x00000000e6e00000|  0%| F|  |TAMS 0x00000000e6d00000, 0x00000000e6d00000| Untracked 
| 110|0x00000000e6e00000, 0x00000000e6e00000, 0x00000000e6f00000|  0%| F|  |TAMS 0x00000000e6e00000, 0x00000000e6e00000| Untracked 
| 111|0x00000000e6f00000, 0x00000000e6f00000, 0x00000000e7000000|  0%| F|  |TAMS 0x00000000e6f00000, 0x00000000e6f00000| Untracked 
| 112|0x00000000e7000000, 0x00000000e7000000, 0x00000000e7100000|  0%| F|  |TAMS 0x00000000e7000000, 0x00000000e7000000| Untracked 
| 113|0x00000000e7100000, 0x00000000e7100000, 0x00000000e7200000|  0%| F|  |TAMS 0x00000000e7100000, 0x00000000e7100000| Untracked 
| 114|0x00000000e7200000, 0x00000000e7200000, 0x00000000e7300000|  0%| F|  |TAMS 0x00000000e7200000, 0x00000000e7200000| Untracked 
| 115|0x00000000e7300000, 0x00000000e7300000, 0x00000000e7400000|  0%| F|  |TAMS 0x00000000e7300000, 0x00000000e7300000| Untracked 
| 116|0x00000000e7400000, 0x00000000e7400000, 0x00000000e7500000|  0%| F|  |TAMS 0x00000000e7400000, 0x00000000e7400000| Untracked 
| 117|0x00000000e7500000, 0x00000000e7500000, 0x00000000e7600000|  0%| F|  |TAMS 0x00000000e7500000, 0x00000000e7500000| Untracked 
| 118|0x00000000e7600000, 0x00000000e7600000, 0x00000000e7700000|  0%| F|  |TAMS 0x00000000e7600000, 0x00000000e7600000| Untracked 
| 119|0x00000000e7700000, 0x00000000e7700000, 0x00000000e7800000|  0%| F|  |TAMS 0x00000000e7700000, 0x00000000e7700000| Untracked 
| 120|0x00000000e7800000, 0x00000000e7800000, 0x00000000e7900000|  0%| F|  |TAMS 0x00000000e7800000, 0x00000000e7800000| Untracked 
| 121|0x00000000e7900000, 0x00000000e7900000, 0x00000000e7a00000|  0%| F|  |TAMS 0x00000000e7900000, 0x00000000e7900000| Untracked 
| 122|0x00000000e7a00000, 0x00000000e7a00000, 0x00000000e7b00000|  0%| F|  |TAMS 0x00000000e7a00000, 0x00000000e7a00000| Untracked 
| 123|0x00000000e7b00000, 0x00000000e7b00000, 0x00000000e7c00000|  0%| F|  |TAMS 0x00000000e7b00000, 0x00000000e7b00000| Untracked 
| 124|0x00000000e7c00000, 0x00000000e7c00000, 0x00000000e7d00000|  0%| F|  |TAMS 0x00000000e7c00000, 0x00000000e7c00000| Untracked 
| 125|0x00000000e7d00000, 0x00000000e7d00000, 0x00000000e7e00000|  0%| F|  |TAMS 0x00000000e7d00000, 0x00000000e7d00000| Untracked 
| 126|0x00000000e7e00000, 0x00000000e7e00000, 0x00000000e7f00000|  0%| F|  |TAMS 0x00000000e7e00000, 0x00000000e7e00000| Untracked 
| 127|0x00000000e7f00000, 0x00000000e7f00000, 0x00000000e8000000|  0%| F|  |TAMS 0x00000000e7f00000, 0x00000000e7f00000| Untracked 
| 128|0x00000000e8000000, 0x00000000e8000000, 0x00000000e8100000|  0%| F|  |TAMS 0x00000000e8000000, 0x00000000e8000000| Untracked 
| 129|0x00000000e8100000, 0x00000000e8100000, 0x00000000e8200000|  0%| F|  |TAMS 0x00000000e8100000, 0x00000000e8100000| Untracked 
| 130|0x00000000e8200000, 0x00000000e8200000, 0x00000000e8300000|  0%| F|  |TAMS 0x00000000e8200000, 0x00000000e8200000| Untracked 
| 131|0x00000000e8300000, 0x00000000e8300000, 0x00000000e8400000|  0%| F|  |TAMS 0x00000000e8300000, 0x00000000e8300000| Untracked 
| 132|0x00000000e8400000, 0x00000000e8400000, 0x00000000e8500000|  0%| F|  |TAMS 0x00000000e8400000, 0x00000000e8400000| Untracked 
| 133|0x00000000e8500000, 0x00000000e8500000, 0x00000000e8600000|  0%| F|  |TAMS 0x00000000e8500000, 0x00000000e8500000| Untracked 
| 134|0x00000000e8600000, 0x00000000e8600000, 0x00000000e8700000|  0%| F|  |TAMS 0x00000000e8600000, 0x00000000e8600000| Untracked 
| 135|0x00000000e8700000, 0x00000000e8746eb8, 0x00000000e8800000| 27%| S|CS|TAMS 0x00000000e8700000, 0x00000000e8700000| Complete 
| 136|0x00000000e8800000, 0x00000000e8900000, 0x00000000e8900000|100%| S|CS|TAMS 0x00000000e8800000, 0x00000000e8800000| Complete 
| 137|0x00000000e8900000, 0x00000000e8a00000, 0x00000000e8a00000|100%| S|CS|TAMS 0x00000000e8900000, 0x00000000e8900000| Complete 
| 138|0x00000000e8a00000, 0x00000000e8b00000, 0x00000000e8b00000|100%| S|CS|TAMS 0x00000000e8a00000, 0x00000000e8a00000| Complete 
| 139|0x00000000e8b00000, 0x00000000e8c00000, 0x00000000e8c00000|100%| S|CS|TAMS 0x00000000e8b00000, 0x00000000e8b00000| Complete 
| 140|0x00000000e8c00000, 0x00000000e8d00000, 0x00000000e8d00000|100%| S|CS|TAMS 0x00000000e8c00000, 0x00000000e8c00000| Complete 
| 141|0x00000000e8d00000, 0x00000000e8e00000, 0x00000000e8e00000|100%| S|CS|TAMS 0x00000000e8d00000, 0x00000000e8d00000| Complete 
| 142|0x00000000e8e00000, 0x00000000e8f00000, 0x00000000e8f00000|100%| S|CS|TAMS 0x00000000e8e00000, 0x00000000e8e00000| Complete 
| 143|0x00000000e8f00000, 0x00000000e9000000, 0x00000000e9000000|100%| S|CS|TAMS 0x00000000e8f00000, 0x00000000e8f00000| Complete 
| 144|0x00000000e9000000, 0x00000000e9100000, 0x00000000e9100000|100%| S|CS|TAMS 0x00000000e9000000, 0x00000000e9000000| Complete 
| 145|0x00000000e9100000, 0x00000000e9200000, 0x00000000e9200000|100%| S|CS|TAMS 0x00000000e9100000, 0x00000000e9100000| Complete 
| 146|0x00000000e9200000, 0x00000000e9300000, 0x00000000e9300000|100%| S|CS|TAMS 0x00000000e9200000, 0x00000000e9200000| Complete 
| 147|0x00000000e9300000, 0x00000000e9300000, 0x00000000e9400000|  0%| F|  |TAMS 0x00000000e9300000, 0x00000000e9300000| Untracked 
| 148|0x00000000e9400000, 0x00000000e9400000, 0x00000000e9500000|  0%| F|  |TAMS 0x00000000e9400000, 0x00000000e9400000| Untracked 
| 149|0x00000000e9500000, 0x00000000e9500000, 0x00000000e9600000|  0%| F|  |TAMS 0x00000000e9500000, 0x00000000e9500000| Untracked 
| 150|0x00000000e9600000, 0x00000000e9600000, 0x00000000e9700000|  0%| F|  |TAMS 0x00000000e9600000, 0x00000000e9600000| Untracked 
| 151|0x00000000e9700000, 0x00000000e9700000, 0x00000000e9800000|  0%| F|  |TAMS 0x00000000e9700000, 0x00000000e9700000| Untracked 
| 152|0x00000000e9800000, 0x00000000e9800000, 0x00000000e9900000|  0%| F|  |TAMS 0x00000000e9800000, 0x00000000e9800000| Untracked 
| 153|0x00000000e9900000, 0x00000000e9900000, 0x00000000e9a00000|  0%| F|  |TAMS 0x00000000e9900000, 0x00000000e9900000| Untracked 
| 154|0x00000000e9a00000, 0x00000000e9a00000, 0x00000000e9b00000|  0%| F|  |TAMS 0x00000000e9a00000, 0x00000000e9a00000| Untracked 
| 155|0x00000000e9b00000, 0x00000000e9b00000, 0x00000000e9c00000|  0%| F|  |TAMS 0x00000000e9b00000, 0x00000000e9b00000| Untracked 
| 156|0x00000000e9c00000, 0x00000000e9c00000, 0x00000000e9d00000|  0%| F|  |TAMS 0x00000000e9c00000, 0x00000000e9c00000| Untracked 
| 157|0x00000000e9d00000, 0x00000000e9d00000, 0x00000000e9e00000|  0%| F|  |TAMS 0x00000000e9d00000, 0x00000000e9d00000| Untracked 
| 158|0x00000000e9e00000, 0x00000000e9e00000, 0x00000000e9f00000|  0%| F|  |TAMS 0x00000000e9e00000, 0x00000000e9e00000| Untracked 
| 159|0x00000000e9f00000, 0x00000000e9f80800, 0x00000000ea000000| 50%| E|  |TAMS 0x00000000e9f00000, 0x00000000e9f00000| Complete 
| 160|0x00000000ea000000, 0x00000000ea100000, 0x00000000ea100000|100%| E|CS|TAMS 0x00000000ea000000, 0x00000000ea000000| Complete 
| 161|0x00000000ea100000, 0x00000000ea200000, 0x00000000ea200000|100%| E|CS|TAMS 0x00000000ea100000, 0x00000000ea100000| Complete 
| 162|0x00000000ea200000, 0x00000000ea300000, 0x00000000ea300000|100%| E|CS|TAMS 0x00000000ea200000, 0x00000000ea200000| Complete 
| 163|0x00000000ea300000, 0x00000000ea400000, 0x00000000ea400000|100%| E|CS|TAMS 0x00000000ea300000, 0x00000000ea300000| Complete 
| 164|0x00000000ea400000, 0x00000000ea500000, 0x00000000ea500000|100%| E|CS|TAMS 0x00000000ea400000, 0x00000000ea400000| Complete 
| 165|0x00000000ea500000, 0x00000000ea600000, 0x00000000ea600000|100%| E|CS|TAMS 0x00000000ea500000, 0x00000000ea500000| Complete 
| 166|0x00000000ea600000, 0x00000000ea700000, 0x00000000ea700000|100%| E|CS|TAMS 0x00000000ea600000, 0x00000000ea600000| Complete 
| 167|0x00000000ea700000, 0x00000000ea800000, 0x00000000ea800000|100%| E|CS|TAMS 0x00000000ea700000, 0x00000000ea700000| Complete 
| 168|0x00000000ea800000, 0x00000000ea900000, 0x00000000ea900000|100%| E|CS|TAMS 0x00000000ea800000, 0x00000000ea800000| Complete 
| 169|0x00000000ea900000, 0x00000000eaa00000, 0x00000000eaa00000|100%| E|CS|TAMS 0x00000000ea900000, 0x00000000ea900000| Complete 
| 170|0x00000000eaa00000, 0x00000000eab00000, 0x00000000eab00000|100%| E|CS|TAMS 0x00000000eaa00000, 0x00000000eaa00000| Complete 
| 171|0x00000000eab00000, 0x00000000eac00000, 0x00000000eac00000|100%| E|CS|TAMS 0x00000000eab00000, 0x00000000eab00000| Complete 
| 172|0x00000000eac00000, 0x00000000ead00000, 0x00000000ead00000|100%| E|CS|TAMS 0x00000000eac00000, 0x00000000eac00000| Complete 
| 173|0x00000000ead00000, 0x00000000eae00000, 0x00000000eae00000|100%| E|  |TAMS 0x00000000ead00000, 0x00000000ead00000| Complete 
| 174|0x00000000eae00000, 0x00000000eaf00000, 0x00000000eaf00000|100%| E|CS|TAMS 0x00000000eae00000, 0x00000000eae00000| Complete 
| 175|0x00000000eaf00000, 0x00000000eb000000, 0x00000000eb000000|100%| E|CS|TAMS 0x00000000eaf00000, 0x00000000eaf00000| Complete 
| 176|0x00000000eb000000, 0x00000000eb100000, 0x00000000eb100000|100%| E|CS|TAMS 0x00000000eb000000, 0x00000000eb000000| Complete 
| 177|0x00000000eb100000, 0x00000000eb200000, 0x00000000eb200000|100%| E|CS|TAMS 0x00000000eb100000, 0x00000000eb100000| Complete 
| 178|0x00000000eb200000, 0x00000000eb300000, 0x00000000eb300000|100%| E|CS|TAMS 0x00000000eb200000, 0x00000000eb200000| Complete 
| 179|0x00000000eb300000, 0x00000000eb400000, 0x00000000eb400000|100%| E|CS|TAMS 0x00000000eb300000, 0x00000000eb300000| Complete 
| 180|0x00000000eb400000, 0x00000000eb500000, 0x00000000eb500000|100%| E|CS|TAMS 0x00000000eb400000, 0x00000000eb400000| Complete 
| 181|0x00000000eb500000, 0x00000000eb600000, 0x00000000eb600000|100%| E|CS|TAMS 0x00000000eb500000, 0x00000000eb500000| Complete 
| 182|0x00000000eb600000, 0x00000000eb700000, 0x00000000eb700000|100%| E|CS|TAMS 0x00000000eb600000, 0x00000000eb600000| Complete 
| 183|0x00000000eb700000, 0x00000000eb800000, 0x00000000eb800000|100%| E|CS|TAMS 0x00000000eb700000, 0x00000000eb700000| Complete 
| 184|0x00000000eb800000, 0x00000000eb900000, 0x00000000eb900000|100%| E|CS|TAMS 0x00000000eb800000, 0x00000000eb800000| Complete 
| 185|0x00000000eb900000, 0x00000000eba00000, 0x00000000eba00000|100%| E|CS|TAMS 0x00000000eb900000, 0x00000000eb900000| Complete 
| 186|0x00000000eba00000, 0x00000000ebb00000, 0x00000000ebb00000|100%| E|CS|TAMS 0x00000000eba00000, 0x00000000eba00000| Complete 
| 187|0x00000000ebb00000, 0x00000000ebc00000, 0x00000000ebc00000|100%| E|CS|TAMS 0x00000000ebb00000, 0x00000000ebb00000| Complete 
| 188|0x00000000ebc00000, 0x00000000ebd00000, 0x00000000ebd00000|100%| E|CS|TAMS 0x00000000ebc00000, 0x00000000ebc00000| Complete 
| 189|0x00000000ebd00000, 0x00000000ebe00000, 0x00000000ebe00000|100%| E|CS|TAMS 0x00000000ebd00000, 0x00000000ebd00000| Complete 
| 190|0x00000000ebe00000, 0x00000000ebf00000, 0x00000000ebf00000|100%| E|CS|TAMS 0x00000000ebe00000, 0x00000000ebe00000| Complete 
| 191|0x00000000ebf00000, 0x00000000ec000000, 0x00000000ec000000|100%| E|CS|TAMS 0x00000000ebf00000, 0x00000000ebf00000| Complete 
| 192|0x00000000ec000000, 0x00000000ec100000, 0x00000000ec100000|100%| E|CS|TAMS 0x00000000ec000000, 0x00000000ec000000| Complete 
| 193|0x00000000ec100000, 0x00000000ec200000, 0x00000000ec200000|100%| E|CS|TAMS 0x00000000ec100000, 0x00000000ec100000| Complete 
| 194|0x00000000ec200000, 0x00000000ec300000, 0x00000000ec300000|100%| E|CS|TAMS 0x00000000ec200000, 0x00000000ec200000| Complete 
| 195|0x00000000ec300000, 0x00000000ec400000, 0x00000000ec400000|100%| E|CS|TAMS 0x00000000ec300000, 0x00000000ec300000| Complete 
| 196|0x00000000ec400000, 0x00000000ec500000, 0x00000000ec500000|100%| E|CS|TAMS 0x00000000ec400000, 0x00000000ec400000| Complete 
| 197|0x00000000ec500000, 0x00000000ec600000, 0x00000000ec600000|100%| E|CS|TAMS 0x00000000ec500000, 0x00000000ec500000| Complete 
| 198|0x00000000ec600000, 0x00000000ec700000, 0x00000000ec700000|100%| E|CS|TAMS 0x00000000ec600000, 0x00000000ec600000| Complete 
| 199|0x00000000ec700000, 0x00000000ec800000, 0x00000000ec800000|100%| E|CS|TAMS 0x00000000ec700000, 0x00000000ec700000| Complete 
| 200|0x00000000ec800000, 0x00000000ec900000, 0x00000000ec900000|100%| E|CS|TAMS 0x00000000ec800000, 0x00000000ec800000| Complete 
| 201|0x00000000ec900000, 0x00000000eca00000, 0x00000000eca00000|100%| E|CS|TAMS 0x00000000ec900000, 0x00000000ec900000| Complete 
| 202|0x00000000eca00000, 0x00000000ecb00000, 0x00000000ecb00000|100%| E|CS|TAMS 0x00000000eca00000, 0x00000000eca00000| Complete 
| 203|0x00000000ecb00000, 0x00000000ecc00000, 0x00000000ecc00000|100%| E|CS|TAMS 0x00000000ecb00000, 0x00000000ecb00000| Complete 
| 204|0x00000000ecc00000, 0x00000000ecd00000, 0x00000000ecd00000|100%| E|CS|TAMS 0x00000000ecc00000, 0x00000000ecc00000| Complete 
| 205|0x00000000ecd00000, 0x00000000ece00000, 0x00000000ece00000|100%| E|CS|TAMS 0x00000000ecd00000, 0x00000000ecd00000| Complete 
| 206|0x00000000ece00000, 0x00000000ecf00000, 0x00000000ecf00000|100%| E|CS|TAMS 0x00000000ece00000, 0x00000000ece00000| Complete 
| 207|0x00000000ecf00000, 0x00000000ed000000, 0x00000000ed000000|100%| E|CS|TAMS 0x00000000ecf00000, 0x00000000ecf00000| Complete 
| 208|0x00000000ed000000, 0x00000000ed100000, 0x00000000ed100000|100%| E|CS|TAMS 0x00000000ed000000, 0x00000000ed000000| Complete 
| 209|0x00000000ed100000, 0x00000000ed200000, 0x00000000ed200000|100%| E|CS|TAMS 0x00000000ed100000, 0x00000000ed100000| Complete 
| 210|0x00000000ed200000, 0x00000000ed300000, 0x00000000ed300000|100%| E|CS|TAMS 0x00000000ed200000, 0x00000000ed200000| Complete 
| 211|0x00000000ed300000, 0x00000000ed400000, 0x00000000ed400000|100%| E|CS|TAMS 0x00000000ed300000, 0x00000000ed300000| Complete 
| 212|0x00000000ed400000, 0x00000000ed500000, 0x00000000ed500000|100%| E|CS|TAMS 0x00000000ed400000, 0x00000000ed400000| Complete 
| 213|0x00000000ed500000, 0x00000000ed600000, 0x00000000ed600000|100%| E|CS|TAMS 0x00000000ed500000, 0x00000000ed500000| Complete 
| 214|0x00000000ed600000, 0x00000000ed700000, 0x00000000ed700000|100%| E|CS|TAMS 0x00000000ed600000, 0x00000000ed600000| Complete 
| 215|0x00000000ed700000, 0x00000000ed800000, 0x00000000ed800000|100%| E|CS|TAMS 0x00000000ed700000, 0x00000000ed700000| Complete 
| 216|0x00000000ed800000, 0x00000000ed900000, 0x00000000ed900000|100%| E|CS|TAMS 0x00000000ed800000, 0x00000000ed800000| Complete 
| 217|0x00000000ed900000, 0x00000000eda00000, 0x00000000eda00000|100%| E|CS|TAMS 0x00000000ed900000, 0x00000000ed900000| Complete 
| 218|0x00000000eda00000, 0x00000000edb00000, 0x00000000edb00000|100%| E|CS|TAMS 0x00000000eda00000, 0x00000000eda00000| Complete 
| 219|0x00000000edb00000, 0x00000000edc00000, 0x00000000edc00000|100%| E|CS|TAMS 0x00000000edb00000, 0x00000000edb00000| Complete 
| 220|0x00000000edc00000, 0x00000000edd00000, 0x00000000edd00000|100%| E|CS|TAMS 0x00000000edc00000, 0x00000000edc00000| Complete 
| 221|0x00000000edd00000, 0x00000000ede00000, 0x00000000ede00000|100%| E|CS|TAMS 0x00000000edd00000, 0x00000000edd00000| Complete 
| 222|0x00000000ede00000, 0x00000000edf00000, 0x00000000edf00000|100%| E|CS|TAMS 0x00000000ede00000, 0x00000000ede00000| Complete 
| 223|0x00000000edf00000, 0x00000000ee000000, 0x00000000ee000000|100%| E|CS|TAMS 0x00000000edf00000, 0x00000000edf00000| Complete 
| 224|0x00000000ee000000, 0x00000000ee100000, 0x00000000ee100000|100%| E|CS|TAMS 0x00000000ee000000, 0x00000000ee000000| Complete 
| 225|0x00000000ee100000, 0x00000000ee200000, 0x00000000ee200000|100%| E|CS|TAMS 0x00000000ee100000, 0x00000000ee100000| Complete 
| 226|0x00000000ee200000, 0x00000000ee300000, 0x00000000ee300000|100%| E|CS|TAMS 0x00000000ee200000, 0x00000000ee200000| Complete 
| 227|0x00000000ee300000, 0x00000000ee400000, 0x00000000ee400000|100%| E|CS|TAMS 0x00000000ee300000, 0x00000000ee300000| Complete 
| 228|0x00000000ee400000, 0x00000000ee500000, 0x00000000ee500000|100%| E|CS|TAMS 0x00000000ee400000, 0x00000000ee400000| Complete 
| 229|0x00000000ee500000, 0x00000000ee600000, 0x00000000ee600000|100%| E|CS|TAMS 0x00000000ee500000, 0x00000000ee500000| Complete 
| 230|0x00000000ee600000, 0x00000000ee700000, 0x00000000ee700000|100%| E|CS|TAMS 0x00000000ee600000, 0x00000000ee600000| Complete 
| 231|0x00000000ee700000, 0x00000000ee800000, 0x00000000ee800000|100%| E|CS|TAMS 0x00000000ee700000, 0x00000000ee700000| Complete 
| 232|0x00000000ee800000, 0x00000000ee900000, 0x00000000ee900000|100%| E|CS|TAMS 0x00000000ee800000, 0x00000000ee800000| Complete 
| 233|0x00000000ee900000, 0x00000000eea00000, 0x00000000eea00000|100%| E|CS|TAMS 0x00000000ee900000, 0x00000000ee900000| Complete 
| 234|0x00000000eea00000, 0x00000000eeb00000, 0x00000000eeb00000|100%| E|CS|TAMS 0x00000000eea00000, 0x00000000eea00000| Complete 
| 235|0x00000000eeb00000, 0x00000000eec00000, 0x00000000eec00000|100%| E|CS|TAMS 0x00000000eeb00000, 0x00000000eeb00000| Complete 
| 236|0x00000000eec00000, 0x00000000eed00000, 0x00000000eed00000|100%| E|CS|TAMS 0x00000000eec00000, 0x00000000eec00000| Complete 
| 237|0x00000000eed00000, 0x00000000eee00000, 0x00000000eee00000|100%| E|CS|TAMS 0x00000000eed00000, 0x00000000eed00000| Complete 
| 238|0x00000000eee00000, 0x00000000eef00000, 0x00000000eef00000|100%| E|CS|TAMS 0x00000000eee00000, 0x00000000eee00000| Complete 
| 239|0x00000000eef00000, 0x00000000ef000000, 0x00000000ef000000|100%| E|CS|TAMS 0x00000000eef00000, 0x00000000eef00000| Complete 
| 240|0x00000000ef000000, 0x00000000ef100000, 0x00000000ef100000|100%| E|CS|TAMS 0x00000000ef000000, 0x00000000ef000000| Complete 
| 241|0x00000000ef100000, 0x00000000ef200000, 0x00000000ef200000|100%| E|CS|TAMS 0x00000000ef100000, 0x00000000ef100000| Complete 
| 242|0x00000000ef200000, 0x00000000ef300000, 0x00000000ef300000|100%| E|CS|TAMS 0x00000000ef200000, 0x00000000ef200000| Complete 
| 243|0x00000000ef300000, 0x00000000ef400000, 0x00000000ef400000|100%| E|CS|TAMS 0x00000000ef300000, 0x00000000ef300000| Complete 
| 244|0x00000000ef400000, 0x00000000ef500000, 0x00000000ef500000|100%| E|CS|TAMS 0x00000000ef400000, 0x00000000ef400000| Complete 
| 245|0x00000000ef500000, 0x00000000ef600000, 0x00000000ef600000|100%| E|CS|TAMS 0x00000000ef500000, 0x00000000ef500000| Complete 
| 246|0x00000000ef600000, 0x00000000ef700000, 0x00000000ef700000|100%| E|CS|TAMS 0x00000000ef600000, 0x00000000ef600000| Complete 
| 247|0x00000000ef700000, 0x00000000ef800000, 0x00000000ef800000|100%| E|CS|TAMS 0x00000000ef700000, 0x00000000ef700000| Complete 
| 248|0x00000000ef800000, 0x00000000ef900000, 0x00000000ef900000|100%| E|CS|TAMS 0x00000000ef800000, 0x00000000ef800000| Complete 
| 249|0x00000000ef900000, 0x00000000efa00000, 0x00000000efa00000|100%| E|CS|TAMS 0x00000000ef900000, 0x00000000ef900000| Complete 
| 250|0x00000000efa00000, 0x00000000efb00000, 0x00000000efb00000|100%| E|CS|TAMS 0x00000000efa00000, 0x00000000efa00000| Complete 
| 251|0x00000000efb00000, 0x00000000efc00000, 0x00000000efc00000|100%| E|CS|TAMS 0x00000000efb00000, 0x00000000efb00000| Complete 
| 252|0x00000000efc00000, 0x00000000efd00000, 0x00000000efd00000|100%| E|CS|TAMS 0x00000000efc00000, 0x00000000efc00000| Complete 
| 253|0x00000000efd00000, 0x00000000efe00000, 0x00000000efe00000|100%| E|CS|TAMS 0x00000000efd00000, 0x00000000efd00000| Complete 
| 254|0x00000000efe00000, 0x00000000eff00000, 0x00000000eff00000|100%| E|CS|TAMS 0x00000000efe00000, 0x00000000efe00000| Complete 
| 255|0x00000000eff00000, 0x00000000f0000000, 0x00000000f0000000|100%| E|CS|TAMS 0x00000000eff00000, 0x00000000eff00000| Complete 

Card table byte_map: [0x0000011d9fe60000,0x0000011d9ff60000] _byte_map_base: 0x0000011d9f760000

Marking Bits (Prev, Next): (CMBitMap*) 0x0000011d88f81290, (CMBitMap*) 0x0000011d88f81250
 Prev Bits: [0x0000011da0860000, 0x0000011da1060000)
 Next Bits: [0x0000011da0060000, 0x0000011da0860000)

Polling page: 0x0000011d86f20000

Metaspace:

Usage:
  Non-class:     28.47 MB used.
      Class:      4.58 MB used.
       Both:     33.05 MB used.

Virtual space:
  Non-class space:       64.00 MB reserved,      28.69 MB ( 45%) committed,  1 nodes.
      Class space:      320.00 MB reserved,       4.81 MB (  2%) committed,  1 nodes.
             Both:      384.00 MB reserved,      33.50 MB (  9%) committed. 

Chunk freelists:
   Non-Class:  2.55 MB
       Class:  11.05 MB
        Both:  13.59 MB

MaxMetaspaceSize: 384.00 MB
CompressedClassSpaceSize: 320.00 MB
Initial GC threshold: 21.00 MB
Current GC threshold: 35.12 MB
CDS: on
MetaspaceReclaimPolicy: balanced
 - commit_granule_bytes: 65536.
 - commit_granule_words: 8192.
 - virtual_space_node_default_size: 8388608.
 - enlarge_chunks_in_place: 1.
 - new_chunks_are_fully_committed: 0.
 - uncommit_free_chunks: 1.
 - use_allocation_guard: 0.
 - handle_deallocations: 1.


Internal statistics:

num_allocs_failed_limit: 3.
num_arena_births: 344.
num_arena_deaths: 0.
num_vsnodes_births: 2.
num_vsnodes_deaths: 0.
num_space_committed: 536.
num_space_uncommitted: 0.
num_chunks_returned_to_freelist: 3.
num_chunks_taken_from_freelist: 1535.
num_chunk_merges: 3.
num_chunk_splits: 1046.
num_chunks_enlarged: 758.
num_inconsistent_stats: 0.

CodeHeap 'non-profiled nmethods': size=120000Kb used=2128Kb max_used=2128Kb free=117871Kb
 bounds [0x0000011d982e0000, 0x0000011d98550000, 0x0000011d9f810000]
CodeHeap 'profiled nmethods': size=120000Kb used=7969Kb max_used=7969Kb free=112030Kb
 bounds [0x0000011d90810000, 0x0000011d90fe0000, 0x0000011d97d40000]
CodeHeap 'non-nmethods': size=5760Kb used=2286Kb max_used=2300Kb free=3473Kb
 bounds [0x0000011d97d40000, 0x0000011d97fb0000, 0x0000011d982e0000]
 total_blobs=4685 nmethods=3890 adapters=706
 compilation: enabled
              stopped_count=0, restarted_count=0
 full_count=0

Compilation events (20 events):
Event: 22.661 Thread 0x0000011da3cd6f50 nmethod 3842 0x0000011d984f0a10 code [0x0000011d984f0ba0, 0x0000011d984f0c58]
Event: 22.661 Thread 0x0000011da3cd6f50 3843       4       java.util.stream.AbstractPipeline::<init> (55 bytes)
Event: 22.661 Thread 0x0000011da3ce0660 nmethod 3848 0x0000011d90fbd090 code [0x0000011d90fbd240, 0x0000011d90fbd468]
Event: 22.661 Thread 0x0000011da3ce0660 3844       3       org.gradle.internal.instantiation.generator.AbstractClassGenerator::access$1500 (5 bytes)
Event: 22.661 Thread 0x0000011da3ce0660 nmethod 3844 0x0000011d90fbd510 code [0x0000011d90fbd6a0, 0x0000011d90fbd7a8]
Event: 22.661 Thread 0x0000011da3ce0660 3845       3       org.gradle.internal.instantiation.generator.AbstractClassGenerator::isLazyAttachProperty (46 bytes)
Event: 22.662 Thread 0x0000011da3ce0660 nmethod 3845 0x0000011d90fbd890 code [0x0000011d90fbdc20, 0x0000011d90fbf608]
Event: 22.662 Thread 0x0000011da3ce0660 3850       3       java.io.DataOutputStream::writeByte (14 bytes)
Event: 22.662 Thread 0x0000011da3ce0660 nmethod 3850 0x0000011d90fbfd90 code [0x0000011d90fbff40, 0x0000011d90fc01c8]
Event: 22.662 Thread 0x0000011da3ce0660 3849       1       com.google.common.collect.AbstractMapBasedMultimap::access$000 (5 bytes)
Event: 22.662 Thread 0x0000011da3ce0660 nmethod 3849 0x0000011d984f0d10 code [0x0000011d984f0ea0, 0x0000011d984f0f58]
Event: 22.662 Thread 0x0000011da3cd6f50 nmethod 3843 0x0000011d984f1010 code [0x0000011d984f1180, 0x0000011d984f13d8]
Event: 22.662 Thread 0x0000011da3cd6f50 3851   !   4       jdk.internal.loader.URLClassPath$JarLoader::getResource (354 bytes)
Event: 22.663 Thread 0x0000011da3ce0660 3852       3       java.util.Arrays$ArrayList::toArray (15 bytes)
Event: 22.663 Thread 0x0000011da3ce0660 nmethod 3852 0x0000011d90fc0310 code [0x0000011d90fc04c0, 0x0000011d90fc0608]
Event: 22.663 Thread 0x0000011da3ce0660 3853       3       org.codehaus.groovy.reflection.CachedClass$CachedMethodComparatorWithString::compare (37 bytes)
Event: 22.663 Thread 0x0000011da3ce0660 nmethod 3853 0x0000011d90fc0710 code [0x0000011d90fc0920, 0x0000011d90fc1118]
Event: 22.664 Thread 0x0000011da3ce0660 3854       3       java.lang.reflect.Modifier::toString (185 bytes)
Event: 22.664 Thread 0x0000011da3ce0660 nmethod 3854 0x0000011d90fc1390 code [0x0000011d90fc1620, 0x0000011d90fc1e58]
Event: 22.664 Thread 0x0000011da3ce0660 3855       3       java.lang.reflect.Method::getGenericExceptionTypes (5 bytes)

GC Heap History (6 events):
Event: 0.876 GC heap before
{Heap before GC invocations=0 (full 0):
 garbage-first heap   total 262144K, used 26624K [0x00000000e0000000, 0x0000000100000000)
  region size 1024K, 23 young (23552K), 0 survivors (0K)
 Metaspace       used 3090K, committed 3200K, reserved 393216K
  class space    used 393K, committed 448K, reserved 327680K
}
Event: 0.882 GC heap after
{Heap after GC invocations=1 (full 0):
 garbage-first heap   total 262144K, used 10693K [0x00000000e0000000, 0x0000000100000000)
  region size 1024K, 3 young (3072K), 3 survivors (3072K)
 Metaspace       used 3090K, committed 3200K, reserved 393216K
  class space    used 393K, committed 448K, reserved 327680K
}
Event: 1.350 GC heap before
{Heap before GC invocations=1 (full 0):
 garbage-first heap   total 262144K, used 39365K [0x00000000e0000000, 0x0000000100000000)
  region size 1024K, 30 young (30720K), 3 survivors (3072K)
 Metaspace       used 4050K, committed 4224K, reserved 393216K
  class space    used 493K, committed 576K, reserved 327680K
}
Event: 1.355 GC heap after
{Heap after GC invocations=2 (full 0):
 garbage-first heap   total 262144K, used 14764K [0x00000000e0000000, 0x0000000100000000)
  region size 1024K, 4 young (4096K), 4 survivors (4096K)
 Metaspace       used 4050K, committed 4224K, reserved 393216K
  class space    used 493K, committed 576K, reserved 327680K
}
Event: 7.371 GC heap before
{Heap before GC invocations=2 (full 0):
 garbage-first heap   total 262144K, used 121260K [0x00000000e0000000, 0x0000000100000000)
  region size 1024K, 109 young (111616K), 4 survivors (4096K)
 Metaspace       used 21260K, committed 21504K, reserved 393216K
  class space    used 3134K, committed 3264K, reserved 327680K
}
Event: 7.384 GC heap after
{Heap after GC invocations=3 (full 0):
 garbage-first heap   total 262144K, used 22216K [0x00000000e0000000, 0x0000000100000000)
  region size 1024K, 12 young (12288K), 12 survivors (12288K)
 Metaspace       used 21260K, committed 21504K, reserved 393216K
  class space    used 3134K, committed 3264K, reserved 327680K
}

Deoptimization events (20 events):
Event: 19.414 Thread 0x0000011dbf16a310 Uncommon trap: trap_request=0xffffffbe fr.pc=0x0000011d984a5988 relative=0x00000000000031a8
Event: 19.414 Thread 0x0000011dbf16a310 Uncommon trap: reason=profile_predicate action=maybe_recompile pc=0x0000011d984a5988 method=java.util.AbstractCollection.addAll(Ljava/util/Collection;)Z @ 15 c2
Event: 19.414 Thread 0x0000011dbf16a310 DEOPT PACKING pc=0x0000011d984a5988 sp=0x00000008601f95a0
Event: 19.414 Thread 0x0000011dbf16a310 DEOPT UNPACKING pc=0x0000011d97d923a3 sp=0x00000008601f9598 mode 2
Event: 19.436 Thread 0x0000011dbf16a310 Uncommon trap: trap_request=0xffffffde fr.pc=0x0000011d984d0384 relative=0x0000000000000424
Event: 19.436 Thread 0x0000011dbf16a310 Uncommon trap: reason=class_check action=maybe_recompile pc=0x0000011d984d0384 method=java.util.regex.Pattern$Start.match(Ljava/util/regex/Matcher;ILjava/lang/CharSequence;)Z @ 44 c2
Event: 19.436 Thread 0x0000011dbf16a310 DEOPT PACKING pc=0x0000011d984d0384 sp=0x00000008601f8ce0
Event: 19.436 Thread 0x0000011dbf16a310 DEOPT UNPACKING pc=0x0000011d97d923a3 sp=0x00000008601f8c10 mode 2
Event: 19.436 Thread 0x0000011dbf16a310 Uncommon trap: trap_request=0xffffffde fr.pc=0x0000011d984d0384 relative=0x0000000000000424
Event: 19.436 Thread 0x0000011dbf16a310 Uncommon trap: reason=class_check action=maybe_recompile pc=0x0000011d984d0384 method=java.util.regex.Pattern$Start.match(Ljava/util/regex/Matcher;ILjava/lang/CharSequence;)Z @ 44 c2
Event: 19.436 Thread 0x0000011dbf16a310 DEOPT PACKING pc=0x0000011d984d0384 sp=0x00000008601f8ce0
Event: 19.436 Thread 0x0000011dbf16a310 DEOPT UNPACKING pc=0x0000011d97d923a3 sp=0x00000008601f8c10 mode 2
Event: 21.402 Thread 0x0000011dbf16a310 Uncommon trap: trap_request=0xffffffbe fr.pc=0x0000011d984e7464 relative=0x00000000000006a4
Event: 21.402 Thread 0x0000011dbf16a310 Uncommon trap: reason=profile_predicate action=maybe_recompile pc=0x0000011d984e7464 method=java.lang.PublicMethods$MethodList.filter([Ljava/lang/reflect/Method;Ljava/lang/String;[Ljava/lang/Class;Z)Ljava/lang/PublicMethods$MethodList; @ 21 c2
Event: 21.402 Thread 0x0000011dbf16a310 DEOPT PACKING pc=0x0000011d984e7464 sp=0x00000008601f9720
Event: 21.402 Thread 0x0000011dbf16a310 DEOPT UNPACKING pc=0x0000011d97d923a3 sp=0x00000008601f96d8 mode 2
Event: 21.402 Thread 0x0000011dbf16a310 Uncommon trap: trap_request=0xffffffbe fr.pc=0x0000011d984e7464 relative=0x00000000000006a4
Event: 21.402 Thread 0x0000011dbf16a310 Uncommon trap: reason=profile_predicate action=maybe_recompile pc=0x0000011d984e7464 method=java.lang.PublicMethods$MethodList.filter([Ljava/lang/reflect/Method;Ljava/lang/String;[Ljava/lang/Class;Z)Ljava/lang/PublicMethods$MethodList; @ 21 c2
Event: 21.402 Thread 0x0000011dbf16a310 DEOPT PACKING pc=0x0000011d984e7464 sp=0x00000008601f96e0
Event: 21.402 Thread 0x0000011dbf16a310 DEOPT UNPACKING pc=0x0000011d97d923a3 sp=0x00000008601f9698 mode 2

Classes unloaded (0 events):
No events

Classes redefined (0 events):
No events

Internal exceptions (20 events):
Event: 19.433 Thread 0x0000011dbf16a310 Exception <a 'java/lang/ClassNotFoundException'{0x00000000eb11bf40}: org/gradle/groovy/scripts/ScriptCustomizer> (0x00000000eb11bf40) 
thrown [s\open\src\hotspot\share\classfile\systemDictionary.cpp, line 256]
Event: 19.434 Thread 0x0000011dbf16a310 Exception <a 'java/lang/ClassNotFoundException'{0x00000000eb12d360}: org/gradle/groovy/scripts/BasicScriptCustomizer> (0x00000000eb12d360) 
thrown [s\open\src\hotspot\share\classfile\systemDictionary.cpp, line 256]
Event: 19.435 Thread 0x0000011dbf16a310 Exception <a 'java/lang/ClassNotFoundException'{0x00000000eb143678}: org/gradle/groovy/scripts/DefaultScriptCustomizer> (0x00000000eb143678) 
thrown [s\open\src\hotspot\share\classfile\systemDictionary.cpp, line 256]
Event: 19.439 Thread 0x0000011dbf16a310 Exception <a 'java/lang/ClassNotFoundException'{0x00000000eb16a750}: org/gradle/initialization/InitScriptCustomizer> (0x00000000eb16a750) 
thrown [s\open\src\hotspot\share\classfile\systemDictionary.cpp, line 256]
Event: 19.440 Thread 0x0000011dbf16a310 Exception <a 'java/lang/ClassNotFoundException'{0x00000000eb178888}: ijMapper1_bjj9jknpwl588yqvyqptlfkghCustomizer> (0x00000000eb178888) 
thrown [s\open\src\hotspot\share\classfile\systemDictionary.cpp, line 256]
Event: 19.453 Thread 0x0000011dbf16a310 Exception <a 'java/lang/ClassNotFoundException'{0x00000000eb030cc8}: org/gradle/internal/extensibility/DefaultExtraPropertiesExtensionBeanInfo> (0x00000000eb030cc8) 
thrown [s\open\src\hotspot\share\classfile\systemDictionary.cpp, line 256]
Event: 19.453 Thread 0x0000011dbf16a310 Exception <a 'java/lang/ClassNotFoundException'{0x00000000eb03a630}: org/gradle/internal/extensibility/DefaultExtraPropertiesExtensionCustomizer> (0x00000000eb03a630) 
thrown [s\open\src\hotspot\share\classfile\systemDictionary.cpp, line 256]
Event: 19.489 Thread 0x0000011dbf16a310 Exception <a 'java/lang/NoSuchMethodError'{0x00000000eb09b5a8}: 'void java.lang.invoke.Invokers$Holder.invoke_MT(java.lang.Object, java.lang.Object, java.lang.Object, java.lang.Object)'> (0x00000000eb09b5a8) 
thrown [s\open\src\hotspot\share\interpreter\linkResolver.cpp, line 759]
Event: 19.501 Thread 0x0000011dbf16a310 Exception <a 'java/lang/ClassNotFoundException'{0x00000000eafe0388}: org/gradle/invocation/DefaultGradle_DecoratedBeanInfo> (0x00000000eafe0388) 
thrown [s\open\src\hotspot\share\classfile\systemDictionary.cpp, line 256]
Event: 19.502 Thread 0x0000011dbf16a310 Exception <a 'java/lang/ClassNotFoundException'{0x00000000eafee938}: org/gradle/invocation/DefaultGradleBeanInfo> (0x00000000eafee938) 
thrown [s\open\src\hotspot\share\classfile\systemDictionary.cpp, line 256]
Event: 19.503 Thread 0x0000011dbf16a310 Exception <a 'java/lang/ClassNotFoundException'{0x00000000eaffd890}: org/gradle/api/internal/project/AbstractPluginAwareBeanInfo> (0x00000000eaffd890) 
thrown [s\open\src\hotspot\share\classfile\systemDictionary.cpp, line 256]
Event: 19.503 Thread 0x0000011dbf16a310 Exception <a 'java/lang/ClassNotFoundException'{0x00000000eae0c6b0}: org/gradle/api/internal/project/AbstractPluginAwareCustomizer> (0x00000000eae0c6b0) 
thrown [s\open\src\hotspot\share\classfile\systemDictionary.cpp, line 256]
Event: 19.504 Thread 0x0000011dbf16a310 Exception <a 'java/lang/ClassNotFoundException'{0x00000000eae208a0}: org/gradle/invocation/DefaultGradleCustomizer> (0x00000000eae208a0) 
thrown [s\open\src\hotspot\share\classfile\systemDictionary.cpp, line 256]
Event: 19.508 Thread 0x0000011dbf16a310 Exception <a 'java/lang/ClassNotFoundException'{0x00000000eae5f6c8}: org/gradle/invocation/DefaultGradle_DecoratedCustomizer> (0x00000000eae5f6c8) 
thrown [s\open\src\hotspot\share\classfile\systemDictionary.cpp, line 256]
Event: 21.166 Thread 0x0000011dbf16a310 Exception <a 'java/lang/ClassNotFoundException'{0x00000000eaa13170}: groovy/lang/Closure$1BeanInfo> (0x00000000eaa13170) 
thrown [s\open\src\hotspot\share\classfile\systemDictionary.cpp, line 256]
Event: 21.167 Thread 0x0000011dbf16a310 Exception <a 'java/lang/ClassNotFoundException'{0x00000000eaa348b0}: groovy/lang/ClosureBeanInfo> (0x00000000eaa348b0) 
thrown [s\open\src\hotspot\share\classfile\systemDictionary.cpp, line 256]
Event: 21.167 Thread 0x0000011dbf16a310 Exception <a 'java/lang/ClassNotFoundException'{0x00000000eaa561d8}: groovy/lang/ClosureCustomizer> (0x00000000eaa561d8) 
thrown [s\open\src\hotspot\share\classfile\systemDictionary.cpp, line 256]
Event: 21.170 Thread 0x0000011dbf16a310 Exception <a 'java/lang/ClassNotFoundException'{0x00000000eaa9afe0}: groovy/lang/Closure$1Customizer> (0x00000000eaa9afe0) 
thrown [s\open\src\hotspot\share\classfile\systemDictionary.cpp, line 256]
Event: 22.663 Thread 0x0000011dbf16a310 Exception <a 'java/lang/ClassNotFoundException'{0x00000000ea70ca68}: ijresolvers1_wdfeyejcmffqmgjiis0f9cpzBeanInfo> (0x00000000ea70ca68) 
thrown [s\open\src\hotspot\share\classfile\systemDictionary.cpp, line 256]
Event: 22.663 Thread 0x0000011dbf16a310 Exception <a 'java/lang/ClassNotFoundException'{0x00000000ea7126c8}: ijresolvers1_wdfeyejcmffqmgjiis0f9cpzCustomizer> (0x00000000ea7126c8) 
thrown [s\open\src\hotspot\share\classfile\systemDictionary.cpp, line 256]

VM Operations (20 events):
Event: 17.817 Executing VM operation: Cleanup
Event: 18.020 Executing VM operation: Cleanup done
Event: 18.076 Executing VM operation: HandshakeAllThreads
Event: 18.076 Executing VM operation: HandshakeAllThreads done
Event: 18.076 Executing VM operation: HandshakeAllThreads
Event: 18.076 Executing VM operation: HandshakeAllThreads done
Event: 18.128 Executing VM operation: HandshakeAllThreads
Event: 18.128 Executing VM operation: HandshakeAllThreads done
Event: 18.133 Executing VM operation: HandshakeAllThreads
Event: 18.134 Executing VM operation: HandshakeAllThreads done
Event: 19.137 Executing VM operation: Cleanup
Event: 19.138 Executing VM operation: Cleanup done
Event: 19.289 Executing VM operation: HandshakeAllThreads
Event: 19.289 Executing VM operation: HandshakeAllThreads done
Event: 20.302 Executing VM operation: Cleanup
Event: 20.302 Executing VM operation: Cleanup done
Event: 21.305 Executing VM operation: Cleanup
Event: 21.353 Executing VM operation: Cleanup done
Event: 22.361 Executing VM operation: Cleanup
Event: 22.361 Executing VM operation: Cleanup done

Events (20 events):
Event: 19.315 loading class jdk/internal/jimage/ImageReader$Resource
Event: 19.315 loading class jdk/internal/jimage/ImageReader$Resource done
Event: 19.404 loading class java/util/WeakHashMap$KeyIterator
Event: 19.404 loading class java/util/WeakHashMap$HashIterator
Event: 19.405 loading class java/util/WeakHashMap$HashIterator done
Event: 19.405 loading class java/util/WeakHashMap$KeyIterator done
Event: 19.600 loading class jdk/internal/reflect/UnsafeObjectFieldAccessorImpl
Event: 19.640 loading class jdk/internal/reflect/UnsafeObjectFieldAccessorImpl done
Event: 20.522 loading class sun/reflect/MagicAccessorImpl
Event: 20.522 loading class sun/reflect/MagicAccessorImpl done
Event: 21.170 loading class com/sun/beans/finder/MethodFinder
Event: 21.227 loading class com/sun/beans/finder/AbstractFinder
Event: 21.354 loading class com/sun/beans/finder/AbstractFinder done
Event: 21.354 loading class com/sun/beans/finder/MethodFinder done
Event: 21.354 loading class com/sun/beans/finder/MethodFinder$1
Event: 21.395 loading class com/sun/beans/finder/MethodFinder$1 done
Event: 21.395 loading class com/sun/beans/finder/FinderUtils
Event: 21.395 loading class com/sun/beans/finder/FinderUtils done
Event: 21.472 Thread 0x0000011dbe9efb10 Thread added: 0x0000011dbe9efb10
Event: 22.481 Thread 0x0000011dbe9f1e80 Thread added: 0x0000011dbe9f1e80


Dynamic libraries:
0x00007ff7381f0000 - 0x00007ff738200000 	C:\Java\jdk-17.0.10\bin\java.exe
0x00007fff414d0000 - 0x00007fff416c5000 	C:\Windows\SYSTEM32\ntdll.dll
0x00007fff3f7d0000 - 0x00007fff3f88d000 	C:\Windows\System32\KERNEL32.DLL
0x00007fff3f050000 - 0x00007fff3f319000 	C:\Windows\System32\KERNELBASE.dll
0x00007fff3ee40000 - 0x00007fff3ef40000 	C:\Windows\System32\ucrtbase.dll
0x00007fff3a6f0000 - 0x00007fff3a70b000 	C:\Java\jdk-17.0.10\bin\VCRUNTIME140.dll
0x00007fff3a7c0000 - 0x00007fff3a7d9000 	C:\Java\jdk-17.0.10\bin\jli.dll
0x00007fff40410000 - 0x00007fff404bc000 	C:\Windows\System32\ADVAPI32.dll
0x00007fff3fb80000 - 0x00007fff3fc1e000 	C:\Windows\System32\msvcrt.dll
0x00007fff3f680000 - 0x00007fff3f71c000 	C:\Windows\System32\sechost.dll
0x00007fff3f550000 - 0x00007fff3f67b000 	C:\Windows\System32\RPCRT4.dll
0x00007fff40c10000 - 0x00007fff40db0000 	C:\Windows\System32\USER32.dll
0x00007fff269a0000 - 0x00007fff26c3a000 	C:\Windows\WinSxS\amd64_microsoft.windows.common-controls_6595b64144ccf1df_6.0.19041.844_none_ca00b6081b84eb1d\COMCTL32.dll
0x00007fff3ee10000 - 0x00007fff3ee32000 	C:\Windows\System32\win32u.dll
0x00007fff40f50000 - 0x00007fff40f7a000 	C:\Windows\System32\GDI32.dll
0x00007fff3ef40000 - 0x00007fff3f04b000 	C:\Windows\System32\gdi32full.dll
0x00007fff3ec60000 - 0x00007fff3ecfd000 	C:\Windows\System32\msvcp_win.dll
0x00007fff38030000 - 0x00007fff3803a000 	C:\Windows\SYSTEM32\VERSION.dll
0x00007fff40f20000 - 0x00007fff40f50000 	C:\Windows\System32\IMM32.DLL
0x00007fff3a8f0000 - 0x00007fff3a8fc000 	C:\Java\jdk-17.0.10\bin\vcruntime140_1.dll
0x00007fff0ae00000 - 0x00007fff0ae8e000 	C:\Java\jdk-17.0.10\bin\msvcp140.dll
0x00007ffefd680000 - 0x00007ffefe25f000 	C:\Java\jdk-17.0.10\bin\server\jvm.dll
0x00007fff41480000 - 0x00007fff41488000 	C:\Windows\System32\PSAPI.DLL
0x00007fff311d0000 - 0x00007fff311f7000 	C:\Windows\SYSTEM32\WINMM.dll
0x00007fff30340000 - 0x00007fff30349000 	C:\Windows\SYSTEM32\WSOCK32.dll
0x00007fff403a0000 - 0x00007fff4040b000 	C:\Windows\System32\WS2_32.dll
0x00007fff3ca70000 - 0x00007fff3ca82000 	C:\Windows\SYSTEM32\kernel.appcore.dll
0x00007fff3a690000 - 0x00007fff3a69a000 	C:\Java\jdk-17.0.10\bin\jimage.dll
0x00007fff31f80000 - 0x00007fff32164000 	C:\Windows\SYSTEM32\DBGHELP.DLL
0x00007fff32a90000 - 0x00007fff32abc000 	C:\Windows\SYSTEM32\dbgcore.DLL
0x00007fff3f350000 - 0x00007fff3f3d0000 	C:\Windows\System32\bcryptPrimitives.dll
0x00007fff38050000 - 0x00007fff3805e000 	C:\Java\jdk-17.0.10\bin\instrument.dll
0x00007fff3a660000 - 0x00007fff3a685000 	C:\Java\jdk-17.0.10\bin\java.dll
0x00007fff09e20000 - 0x00007fff09ef7000 	C:\Java\jdk-17.0.10\bin\jsvml.dll
0x00007fff404c0000 - 0x00007fff40c02000 	C:\Windows\System32\SHELL32.dll
0x00007fff3cd50000 - 0x00007fff3d4e0000 	C:\Windows\SYSTEM32\windows.storage.dll
0x00007fff40f80000 - 0x00007fff412d5000 	C:\Windows\System32\combase.dll
0x00007fff3e4f0000 - 0x00007fff3e51c000 	C:\Windows\SYSTEM32\Wldp.dll
0x00007fff40150000 - 0x00007fff401fe000 	C:\Windows\System32\SHCORE.dll
0x00007fff3fc20000 - 0x00007fff3fc75000 	C:\Windows\System32\shlwapi.dll
0x00007fff3eb50000 - 0x00007fff3eb6f000 	C:\Windows\SYSTEM32\profapi.dll
0x00007fff3a4d0000 - 0x00007fff3a4e8000 	C:\Java\jdk-17.0.10\bin\zip.dll
0x00007fff3a560000 - 0x00007fff3a579000 	C:\Java\jdk-17.0.10\bin\net.dll
0x00007fff38840000 - 0x00007fff3894c000 	C:\Windows\SYSTEM32\WINHTTP.dll
0x00007fff3e2d0000 - 0x00007fff3e33a000 	C:\Windows\system32\mswsock.dll
0x00007fff3a540000 - 0x00007fff3a556000 	C:\Java\jdk-17.0.10\bin\nio.dll
0x00007fff395d0000 - 0x00007fff395e0000 	C:\Java\jdk-17.0.10\bin\verify.dll
0x00007fff39140000 - 0x00007fff39167000 	C:\Java\gradle-8.5\native\c067742578af261105cb4f569cf0c3c89f3d7b1fecec35dd04571415982c5e48\windows-amd64\native-platform.dll
0x00007fff09080000 - 0x00007fff091c4000 	C:\Java\gradle-8.5\native\38dada09dfb8b06ba9b0570ebf7e218e3eb74d4ef43ca46872605cf95ebc2f47\windows-amd64\native-platform-file-events.dll
0x00007fff360f0000 - 0x00007fff360fa000 	C:\Java\jdk-17.0.10\bin\management.dll
0x00007fff33490000 - 0x00007fff3349b000 	C:\Java\jdk-17.0.10\bin\management_ext.dll
0x00007fff3e560000 - 0x00007fff3e578000 	C:\Windows\SYSTEM32\CRYPTSP.dll
0x00007fff3dc90000 - 0x00007fff3dcc4000 	C:\Windows\system32\rsaenh.dll
0x00007fff3f320000 - 0x00007fff3f347000 	C:\Windows\System32\bcrypt.dll
0x00007fff3eb10000 - 0x00007fff3eb3e000 	C:\Windows\SYSTEM32\USERENV.dll
0x00007fff3e450000 - 0x00007fff3e45c000 	C:\Windows\SYSTEM32\CRYPTBASE.dll
0x00007fff3dfe0000 - 0x00007fff3e01b000 	C:\Windows\SYSTEM32\IPHLPAPI.DLL
0x00007fff40200000 - 0x00007fff40208000 	C:\Windows\System32\NSI.dll
0x00007fff38820000 - 0x00007fff38837000 	C:\Windows\SYSTEM32\dhcpcsvc6.DLL
0x00007fff38780000 - 0x00007fff3879d000 	C:\Windows\SYSTEM32\dhcpcsvc.DLL
0x00007fff3e020000 - 0x00007fff3e0eb000 	C:\Windows\SYSTEM32\DNSAPI.dll
0x00007fff33480000 - 0x00007fff3348e000 	C:\Java\jdk-17.0.10\bin\sunmscapi.dll
0x00007fff3f3d0000 - 0x00007fff3f52f000 	C:\Windows\System32\CRYPT32.dll
0x00007fff3e5a0000 - 0x00007fff3e5c7000 	C:\Windows\SYSTEM32\ncrypt.dll
0x00007fff3e520000 - 0x00007fff3e55b000 	C:\Windows\SYSTEM32\NTASN1.dll
0x00007fff3a4c0000 - 0x00007fff3a4c7000 	C:\Windows\system32\wshunix.dll

dbghelp: loaded successfully - version: 4.0.5 - missing functions: none
symbol engine: initialized successfully - sym options: 0x614 - pdb path: .;C:\Java\jdk-17.0.10\bin;C:\Windows\SYSTEM32;C:\Windows\WinSxS\amd64_microsoft.windows.common-controls_6595b64144ccf1df_6.0.19041.844_none_ca00b6081b84eb1d;C:\Java\jdk-17.0.10\bin\server;C:\Java\gradle-8.5\native\c067742578af261105cb4f569cf0c3c89f3d7b1fecec35dd04571415982c5e48\windows-amd64;C:\Java\gradle-8.5\native\38dada09dfb8b06ba9b0570ebf7e218e3eb74d4ef43ca46872605cf95ebc2f47\windows-amd64

VM Arguments:
jvm_args: --add-opens=java.base/java.util=ALL-UNNAMED --add-opens=java.base/java.lang=ALL-UNNAMED --add-opens=java.base/java.lang.invoke=ALL-UNNAMED --add-opens=java.prefs/java.util.prefs=ALL-UNNAMED --add-opens=java.base/java.nio.charset=ALL-UNNAMED --add-opens=java.base/java.net=ALL-UNNAMED --add-opens=java.base/java.util.concurrent.atomic=ALL-UNNAMED -XX:MaxMetaspaceSize=384m -XX:+HeapDumpOnOutOfMemoryError -Xms256m -Xmx512m -Dfile.encoding=windows-1252 -Duser.country=US -Duser.language=en -Duser.variant -javaagent:C:\Java\gradle-8.5\lib\agents\gradle-instrumentation-agent-8.5.jar 
java_command: org.gradle.launcher.daemon.bootstrap.GradleDaemon 8.5
java_class_path (initial): C:\Java\gradle-8.5\lib\gradle-launcher-8.5.jar
Launcher Type: SUN_STANDARD

[Global flags]
     intx CICompilerCount                          = 4                                         {product} {ergonomic}
   size_t CompressedClassSpaceSize                 = 335544320                                 {product} {ergonomic}
     uint ConcGCThreads                            = 3                                         {product} {ergonomic}
     uint G1ConcRefinementThreads                  = 10                                        {product} {ergonomic}
   size_t G1HeapRegionSize                         = 1048576                                   {product} {ergonomic}
    uintx GCDrainStackTargetSize                   = 64                                        {product} {ergonomic}
     bool HeapDumpOnOutOfMemoryError               = true                                   {manageable} {command line}
   size_t InitialHeapSize                          = 268435456                                 {product} {command line}
   size_t MarkStackSize                            = 4194304                                   {product} {ergonomic}
   size_t MaxHeapSize                              = 536870912                                 {product} {command line}
   size_t MaxMetaspaceSize                         = 402653184                                 {product} {command line}
   size_t MaxNewSize                               = 321912832                                 {product} {ergonomic}
   size_t MinHeapDeltaBytes                        = 1048576                                   {product} {ergonomic}
   size_t MinHeapSize                              = 268435456                                 {product} {command line}
    uintx NonNMethodCodeHeapSize                   = 5839372                                {pd product} {ergonomic}
    uintx NonProfiledCodeHeapSize                  = 122909434                              {pd product} {ergonomic}
    uintx ProfiledCodeHeapSize                     = 122909434                              {pd product} {ergonomic}
    uintx ReservedCodeCacheSize                    = 251658240                              {pd product} {ergonomic}
     bool SegmentedCodeCache                       = true                                      {product} {ergonomic}
   size_t SoftMaxHeapSize                          = 536870912                              {manageable} {ergonomic}
     bool UseCompressedClassPointers               = true                           {product lp64_product} {ergonomic}
     bool UseCompressedOops                        = true                           {product lp64_product} {ergonomic}
     bool UseG1GC                                  = true                                      {product} {ergonomic}
     bool UseLargePagesIndividualAllocation        = false                                  {pd product} {ergonomic}

Logging:
Log output configuration:
 #0: stdout all=warning uptime,level,tags
 #1: stderr all=off uptime,level,tags

Environment Variables:
JAVA_HOME=C:\Java\jdk-17.0.10
PATH=C:\Python\Python312\Scripts\;C:\Python\Python312\;C:\Program Files\Common Files\Oracle\Java\javapath;C:\Program Files\copasi.org\COPASI 4.30.240\bin;C:\Program Files (x86)\Common Files\Intel\Shared Files\cpp\bin\Intel64;C:\ProgramData\Anaconda3;C:\ProgramData\Anaconda3\Library\mingw-w64\bin;C:\ProgramData\Anaconda3\Library\usr\bin;C:\ProgramData\Anaconda3\Library\bin;C:\ProgramData\Anaconda3\Scripts;C:\Windows\system32;C:\Windows;C:\Windows\System32\Wbem;C:\Windows\System32\WindowsPowerShell\v1.0\;C:\Windows\System32\OpenSSH\;C:\Program Files\MATLAB\R2013a\runtime\win64;C:\Program Files\MATLAB\R2013a\bin;C:\Program Files\java\jdk-11.0.9\bin;C:\Program Files\MongoDB\Server\4.4\bin;C:\Program Files\Git\cmd;C:\Program Files (x86)\Microsoft SQL Server\Client SDK\ODBC\110\Tools\Binn\;C:\Program Files (x86)\Microsoft SQL Server\120\Tools\Binn\;C:\Program Files (x86)\Microsoft SQL Server\120\DTS\Binn\;C:\Program Files\Microsoft SQL Server\130\Tools\Binn\;C:\Program Files\dotnet\;C:\Program Files\Microsoft SQL Server\Client SDK\ODBC\170\Tools\Binn\;C:\Program Files (x86)\Microsoft SQL Server\150\Tools\Binn\;C:\Program Files\Microsoft SQL Server\150\Tools\Binn\;C:\Program Files (x86)\Microsoft SQL Server\150\DTS\Binn\;C:\Program Files\Microsoft SQL Server\150\DTS\Binn\;C:\Program Files\Azure Data Studio\bin;C:\Program Files\Docker\Docker\resources\bin;C:\Users\Student\AppData\Local\Microsoft\WindowsApps;;C:\Users\Student\AppData\Local\Programs\Microsoft VS Code\bin;C:\Users\Student\.dotnet\tools;C:\Program Files\Azure Data Studio\bin;C:\Users\Student\AppData\Local\Programs\mongosh\
USERNAME=Student
OS=Windows_NT
PROCESSOR_IDENTIFIER=Intel64 Family 6 Model 165 Stepping 3, GenuineIntel



---------------  S Y S T E M  ---------------

OS:
 Windows 10 , 64 bit Build 19041 (10.0.19041.804)
OS uptime: 0 days 2:42 hours
Hyper-V role detected

CPU: total 12 (initial active 12) (6 cores per cpu, 2 threads per core) family 6 model 165 stepping 3 microcode 0xe0, cx8, cmov, fxsr, ht, mmx, 3dnowpref, sse, sse2, sse3, ssse3, sse4.1, sse4.2, popcnt, lzcnt, tsc, tscinvbit, avx, avx2, aes, erms, clmul, bmi1, bmi2, adx, fma, vzeroupper, clflush, clflushopt, hv

Memory: 4k page, system-wide physical 7939M (264M free)
TotalPageFile size 11539M (AvailPageFile size 360M)
current process WorkingSet (physical memory assigned to process): 250M, peak: 254M
current process commit charge ("private bytes"): 423M, peak: 430M

vm_info: Java HotSpot(TM) 64-Bit Server VM (17.0.10+11-LTS-240) for windows-amd64 JRE (17.0.10+11-LTS-240), built on Dec 19 2023 21:47:25 by "mach5one" with MS VC++ 17.1 (VS2022)

END.
