#
# There is insufficient memory for the Java Runtime Environment to continue.
# Native memory allocation (malloc) failed to allocate 1543536 bytes for Chunk::new
# Possible reasons:
#   The system is out of physical RAM or swap space
#   The process is running with CompressedOops enabled, and the Java Heap may be blocking the growth of the native heap
# Possible solutions:
#   Reduce memory load on the system
#   Increase physical memory or swap space
#   Check if swap backing store is full
#   Decrease Java heap size (-Xmx/-Xms)
#   Decrease number of Java threads
#   Decrease Java thread stack sizes (-Xss)
#   Set larger code cache with -XX:ReservedCodeCacheSize=
#   JVM is running with Unscaled Compressed Oops mode in which the Java heap is
#     placed in the first 4GB address space. The Java Heap base address is the
#     maximum limit for the native heap growth. Please use -XX:HeapBaseMinAddress
#     to set the Java Heap base and to place the Java Heap above 4GB virtual address.
# This output file may be truncated or incomplete.
#
#  Out of Memory Error (arena.cpp:189), pid=10840, tid=13776
#
# JRE version: Java(TM) SE Runtime Environment (17.0.10+11) (build 17.0.10+11-LTS-240)
# Java VM: Java HotSpot(TM) 64-Bit Server VM (17.0.10+11-LTS-240, mixed mode, sharing, tiered, compressed oops, compressed class ptrs, g1 gc, windows-amd64)
# No core dump will be written. Minidumps are not enabled by default on client versions of Windows
#

---------------  S U M M A R Y ------------

Command Line: --add-opens=java.base/java.util=ALL-UNNAMED --add-opens=java.base/java.lang=ALL-UNNAMED --add-opens=java.base/java.lang.invoke=ALL-UNNAMED --add-opens=java.prefs/java.util.prefs=ALL-UNNAMED --add-opens=java.base/java.nio.charset=ALL-UNNAMED --add-opens=java.base/java.net=ALL-UNNAMED --add-opens=java.base/java.util.concurrent.atomic=ALL-UNNAMED -XX:MaxMetaspaceSize=384m -XX:+HeapDumpOnOutOfMemoryError -Xms256m -Xmx512m -Dfile.encoding=windows-1252 -Duser.country=US -Duser.language=en -Duser.variant -javaagent:C:\Java\gradle-8.5\lib\agents\gradle-instrumentation-agent-8.5.jar org.gradle.launcher.daemon.bootstrap.GradleDaemon 8.5

Host: Intel(R) Core(TM) i5-10400 CPU @ 2.90GHz, 12 cores, 7G,  Windows 10 , 64 bit Build 19041 (10.0.19041.804)
Time: Fri Mar 15 16:39:42 2024 SE Asia Standard Time elapsed time: 117.507259 seconds (0d 0h 1m 57s)

---------------  T H R E A D  ---------------

Current thread (0x000001e52fd8ce60):  JavaThread "C2 CompilerThread0" daemon [_thread_in_native, id=13776, stack(0x000000b1ff500000,0x000000b1ff600000)]


Current CompileTask:
C2: 117507 13964       4       javax.management.ObjectName::construct (1135 bytes)

Stack: [0x000000b1ff500000,0x000000b1ff600000]
Native frames: (J=compiled Java code, j=interpreted, Vv=VM code, C=native code)
V  [jvm.dll+0x677a5a]
V  [jvm.dll+0x7d8b2d]
V  [jvm.dll+0x7da48e]
V  [jvm.dll+0x7daaf3]
V  [jvm.dll+0x2455ff]
V  [jvm.dll+0xaaafb]
V  [jvm.dll+0xab09c]
V  [jvm.dll+0x361b5f]
V  [jvm.dll+0x32c211]
V  [jvm.dll+0x32b6aa]
V  [jvm.dll+0x21794f]
V  [jvm.dll+0x216d81]
V  [jvm.dll+0x1a3410]
V  [jvm.dll+0x226aeb]
V  [jvm.dll+0x224cab]
V  [jvm.dll+0x78e45c]
V  [jvm.dll+0x78888a]
V  [jvm.dll+0x676935]
C  [ucrtbase.dll+0x21bb2]
C  [KERNEL32.DLL+0x17034]
C  [ntdll.dll+0x52651]


---------------  P R O C E S S  ---------------

Threads class SMR info:
_java_thread_list=0x000001e54c8aab00, length=44, elements={
0x000001e5130a7900, 0x000001e52fd6d190, 0x000001e52fd6dd20, 0x000001e52fd88c60,
0x000001e52fd897f0, 0x000001e52fd8b8e0, 0x000001e52fd8c1b0, 0x000001e52fd8ce60,
0x000001e52fda2250, 0x000001e52fd96770, 0x000001e5491107f0, 0x000001e5491e6670,
0x000001e54ac11b60, 0x000001e54b455080, 0x000001e54b25e9b0, 0x000001e54a9ea190,
0x000001e54b0f36d0, 0x000001e54b0f3be0, 0x000001e54b0f1870, 0x000001e54b0f0e50,
0x000001e54b0f31c0, 0x000001e54b0f0430, 0x000001e54c2cab40, 0x000001e54c2c9c10,
0x000001e54c2cd3c0, 0x000001e54c2cf730, 0x000001e54c2c91f0, 0x000001e54c2cc9a0,
0x000001e54c2cb050, 0x000001e54c2ca120, 0x000001e54c2ce800, 0x000001e54ed95f90,
0x000001e54ed96ec0, 0x000001e54ed9c4d0, 0x000001e54ed95060, 0x000001e54ed97df0,
0x000001e54ed9b5a0, 0x000001e54f3325b0, 0x000001e54b160700, 0x000001e54d7ea940,
0x000001e54977cdd0, 0x000001e54aa373e0, 0x000001e54b166220, 0x000001e549781ed0
}

Java Threads: ( => current thread )
  0x000001e5130a7900 JavaThread "main" [_thread_blocked, id=14992, stack(0x000000b1fe800000,0x000000b1fe900000)]
  0x000001e52fd6d190 JavaThread "Reference Handler" daemon [_thread_blocked, id=11628, stack(0x000000b1fef00000,0x000000b1ff000000)]
  0x000001e52fd6dd20 JavaThread "Finalizer" daemon [_thread_blocked, id=12092, stack(0x000000b1ff000000,0x000000b1ff100000)]
  0x000001e52fd88c60 JavaThread "Signal Dispatcher" daemon [_thread_blocked, id=14564, stack(0x000000b1ff100000,0x000000b1ff200000)]
  0x000001e52fd897f0 JavaThread "Attach Listener" daemon [_thread_blocked, id=12880, stack(0x000000b1ff200000,0x000000b1ff300000)]
  0x000001e52fd8b8e0 JavaThread "Service Thread" daemon [_thread_blocked, id=15108, stack(0x000000b1ff300000,0x000000b1ff400000)]
  0x000001e52fd8c1b0 JavaThread "Monitor Deflation Thread" daemon [_thread_blocked, id=6904, stack(0x000000b1ff400000,0x000000b1ff500000)]
=>0x000001e52fd8ce60 JavaThread "C2 CompilerThread0" daemon [_thread_in_native, id=13776, stack(0x000000b1ff500000,0x000000b1ff600000)]
  0x000001e52fda2250 JavaThread "C1 CompilerThread0" daemon [_thread_blocked, id=4532, stack(0x000000b1ff600000,0x000000b1ff700000)]
  0x000001e52fd96770 JavaThread "Sweeper thread" daemon [_thread_blocked, id=7936, stack(0x000000b1ff700000,0x000000b1ff800000)]
  0x000001e5491107f0 JavaThread "Common-Cleaner" daemon [_thread_blocked, id=12752, stack(0x000000b1ff800000,0x000000b1ff900000)]
  0x000001e5491e6670 JavaThread "Notification Thread" daemon [_thread_blocked, id=12044, stack(0x000000b1ff900000,0x000000b1ffa00000)]
  0x000001e54ac11b60 JavaThread "Daemon health stats" [_thread_blocked, id=6588, stack(0x000000b180200000,0x000000b180300000)]
  0x000001e54b455080 JavaThread "Incoming local TCP Connector on port 52142" [_thread_in_native, id=7664, stack(0x000000b180300000,0x000000b180400000)]
  0x000001e54b25e9b0 JavaThread "Daemon periodic checks" [_thread_blocked, id=2420, stack(0x000000b180400000,0x000000b180500000)]
  0x000001e54a9ea190 JavaThread "Daemon" [_thread_blocked, id=9348, stack(0x000000b180500000,0x000000b180600000)]
  0x000001e54b0f36d0 JavaThread "Daemon worker" [_thread_blocked, id=10300, stack(0x000000b180800000,0x000000b180900000)]
  0x000001e54b0f3be0 JavaThread "Cache worker for journal cache (C:\Java\gradle-8.5\caches\journal-1)" [_thread_blocked, id=12920, stack(0x000000b180c00000,0x000000b180d00000)]
  0x000001e54b0f1870 JavaThread "File lock request listener" [_thread_in_native, id=1992, stack(0x000000b180d00000,0x000000b180e00000)]
  0x000001e54b0f0e50 JavaThread "Cache worker for file hash cache (C:\Java\gradle-8.5\caches\8.5\fileHashes)" [_thread_blocked, id=11984, stack(0x000000b180e00000,0x000000b180f00000)]
  0x000001e54b0f31c0 JavaThread "File watcher server" daemon [_thread_in_native, id=10728, stack(0x000000b181000000,0x000000b181100000)]
  0x000001e54b0f0430 JavaThread "File watcher consumer" daemon [_thread_blocked, id=13784, stack(0x000000b181100000,0x000000b181200000)]
  0x000001e54c2cab40 JavaThread "Cache worker for file content cache (C:\Java\gradle-8.5\caches\8.5\fileContent)" [_thread_blocked, id=10724, stack(0x000000b181c00000,0x000000b181d00000)]
  0x000001e54c2c9c10 JavaThread "Cache worker for execution history cache (C:\Java\gradle-8.5\caches\8.5\executionHistory)" [_thread_blocked, id=12480, stack(0x000000b181d00000,0x000000b181e00000)]
  0x000001e54c2cd3c0 JavaThread "jar transforms" [_thread_blocked, id=10516, stack(0x000000b181e00000,0x000000b181f00000)]
  0x000001e54c2cf730 JavaThread "jar transforms Thread 2" [_thread_blocked, id=14780, stack(0x000000b181f00000,0x000000b182000000)]
  0x000001e54c2c91f0 JavaThread "jar transforms Thread 3" [_thread_blocked, id=12180, stack(0x000000b182000000,0x000000b182100000)]
  0x000001e54c2cc9a0 JavaThread "jar transforms Thread 4" [_thread_blocked, id=7768, stack(0x000000b182100000,0x000000b182200000)]
  0x000001e54c2cb050 JavaThread "jar transforms Thread 5" [_thread_blocked, id=9556, stack(0x000000b182200000,0x000000b182300000)]
  0x000001e54c2ca120 JavaThread "jar transforms Thread 6" [_thread_blocked, id=5188, stack(0x000000b182300000,0x000000b182400000)]
  0x000001e54c2ce800 JavaThread "jar transforms Thread 7" [_thread_blocked, id=5732, stack(0x000000b182500000,0x000000b182600000)]
  0x000001e54ed95f90 JavaThread "jar transforms Thread 8" [_thread_blocked, id=13716, stack(0x000000b183200000,0x000000b183300000)]
  0x000001e54ed96ec0 JavaThread "jar transforms Thread 9" [_thread_blocked, id=12500, stack(0x000000b183300000,0x000000b183400000)]
  0x000001e54ed9c4d0 JavaThread "jar transforms Thread 10" [_thread_blocked, id=12744, stack(0x000000b183400000,0x000000b183500000)]
  0x000001e54ed95060 JavaThread "jar transforms Thread 11" [_thread_blocked, id=9512, stack(0x000000b183500000,0x000000b183600000)]
  0x000001e54ed97df0 JavaThread "jar transforms Thread 12" [_thread_blocked, id=10364, stack(0x000000b183600000,0x000000b183700000)]
  0x000001e54ed9b5a0 JavaThread "Memory manager" [_thread_blocked, id=9524, stack(0x000000b183700000,0x000000b183800000)]
  0x000001e54f3325b0 JavaThread "Daemon Thread 2" [_thread_blocked, id=14692, stack(0x000000b180700000,0x000000b180800000)]
  0x000001e54b160700 JavaThread "File lock release action executor" [_thread_blocked, id=15180, stack(0x000000b180600000,0x000000b180700000)]
  0x000001e54d7ea940 JavaThread "included builds" [_thread_blocked, id=4176, stack(0x000000b183e00000,0x000000b183f00000)]
  0x000001e54977cdd0 JavaThread "included builds" [_thread_blocked, id=12116, stack(0x000000b183c00000,0x000000b183d00000)]
  0x000001e54aa373e0 JavaThread "included builds" [_thread_blocked, id=11848, stack(0x000000b183f00000,0x000000b184000000)]
  0x000001e54b166220 JavaThread "included builds" [_thread_blocked, id=1744, stack(0x000000b184400000,0x000000b184500000)]
  0x000001e549781ed0 JavaThread "included builds" [_thread_blocked, id=11932, stack(0x000000b183b00000,0x000000b183c00000)]

Other Threads:
  0x000001e52fd69780 VMThread "VM Thread" [stack: 0x000000b1fee00000,0x000000b1fef00000] [id=10660]
  0x000001e5130a8470 WatcherThread [stack: 0x000000b1ffa00000,0x000000b1ffb00000] [id=9804]
  0x000001e5130d5970 GCTaskThread "GC Thread#0" [stack: 0x000000b1fe900000,0x000000b1fea00000] [id=14460]
  0x000001e549e8bae0 GCTaskThread "GC Thread#1" [stack: 0x000000b1ffd00000,0x000000b1ffe00000] [id=8552]
  0x000001e549cffcf0 GCTaskThread "GC Thread#2" [stack: 0x000000b1ffe00000,0x000000b1fff00000] [id=3400]
  0x000001e5499e3090 GCTaskThread "GC Thread#3" [stack: 0x000000b1fff00000,0x000000b200000000] [id=13848]
  0x000001e5499e3350 GCTaskThread "GC Thread#4" [stack: 0x000000b180000000,0x000000b180100000] [id=9308]
  0x000001e5499e3610 GCTaskThread "GC Thread#5" [stack: 0x000000b180100000,0x000000b180200000] [id=10800]
  0x000001e54ddccd10 GCTaskThread "GC Thread#6" [stack: 0x000000b181200000,0x000000b181300000] [id=8680]
  0x000001e54c2245c0 GCTaskThread "GC Thread#7" [stack: 0x000000b181300000,0x000000b181400000] [id=6236]
  0x000001e54b62f5e0 GCTaskThread "GC Thread#8" [stack: 0x000000b181400000,0x000000b181500000] [id=11896]
  0x000001e54b497340 GCTaskThread "GC Thread#9" [stack: 0x000000b181500000,0x000000b181600000] [id=12736]
  0x000001e512f3e6e0 ConcurrentGCThread "G1 Main Marker" [stack: 0x000000b1fea00000,0x000000b1feb00000] [id=12468]
  0x000001e5130d8ff0 ConcurrentGCThread "G1 Conc#0" [stack: 0x000000b1feb00000,0x000000b1fec00000] [id=12056]
  0x000001e54bd9dd50 ConcurrentGCThread "G1 Conc#1" [stack: 0x000000b181600000,0x000000b181700000] [id=14164]
  0x000001e54c3b4050 ConcurrentGCThread "G1 Conc#2" [stack: 0x000000b181700000,0x000000b181800000] [id=12128]
  0x000001e51317e6b0 ConcurrentGCThread "G1 Refine#0" [stack: 0x000000b1fec00000,0x000000b1fed00000] [id=9780]
  0x000001e54e92fb30 ConcurrentGCThread "G1 Refine#1" [stack: 0x000000b184500000,0x000000b184600000] [id=14672]
  0x000001e52fc2e550 ConcurrentGCThread "G1 Service" [stack: 0x000000b1fed00000,0x000000b1fee00000] [id=13768]

Threads with active compile tasks:
C2 CompilerThread0   122423 13964       4       javax.management.ObjectName::construct (1135 bytes)

VM state: not at safepoint (normal execution)

VM Mutex/Monitor currently owned by a thread: None

OutOfMemory and StackOverflow Exception counts:
OutOfMemoryError java_heap_errors=1
LinkageErrors=157

Heap address: 0x00000000e0000000, size: 512 MB, Compressed Oops mode: 32-bit

CDS archive(s) mapped at: [0x000001e530000000-0x000001e530bd0000-0x000001e530bd0000), size 12386304, SharedBaseAddress: 0x000001e530000000, ArchiveRelocationMode: 1.
Compressed class space mapped at: 0x000001e531000000-0x000001e545000000, reserved size: 335544320
Narrow klass base: 0x000001e530000000, Narrow klass shift: 0, Narrow klass range: 0x100000000

GC Precious Log:
 CPUs: 12 total, 12 available
 Memory: 7939M
 Large Page Support: Disabled
 NUMA Support: Disabled
 Compressed Oops: Enabled (32-bit)
 Heap Region Size: 1M
 Heap Min Capacity: 256M
 Heap Initial Capacity: 256M
 Heap Max Capacity: 512M
 Pre-touch: Disabled
 Parallel Workers: 10
 Concurrent Workers: 3
 Concurrent Refinement Workers: 10
 Periodic GC: Disabled

Heap:
 garbage-first heap   total 262144K, used 81360K [0x00000000e0000000, 0x0000000100000000)
  region size 1024K, 24 young (24576K), 9 survivors (9216K)
 Metaspace       used 57422K, committed 58176K, reserved 393216K
  class space    used 7757K, committed 8128K, reserved 327680K

Heap Regions: E=young(eden), S=young(survivor), O=old, HS=humongous(starts), HC=humongous(continues), CS=collection set, F=free, OA=open archive, CA=closed archive, TAMS=top-at-mark-start (previous, next)
|   0|0x00000000e0000000, 0x00000000e0100000, 0x00000000e0100000|100%|HS|  |TAMS 0x00000000e0100000, 0x00000000e0000000| Complete 
|   1|0x00000000e0100000, 0x00000000e0200000, 0x00000000e0200000|100%|HC|  |TAMS 0x00000000e0200000, 0x00000000e0100000| Complete 
|   2|0x00000000e0200000, 0x00000000e0300000, 0x00000000e0300000|100%|HC|  |TAMS 0x00000000e0300000, 0x00000000e0200000| Complete 
|   3|0x00000000e0300000, 0x00000000e0400000, 0x00000000e0400000|100%|HC|  |TAMS 0x00000000e0400000, 0x00000000e0300000| Complete 
|   4|0x00000000e0400000, 0x00000000e0500000, 0x00000000e0500000|100%| O|  |TAMS 0x00000000e0500000, 0x00000000e0400000| Untracked 
|   5|0x00000000e0500000, 0x00000000e0600000, 0x00000000e0600000|100%| O|  |TAMS 0x00000000e0600000, 0x00000000e0500000| Untracked 
|   6|0x00000000e0600000, 0x00000000e0700000, 0x00000000e0700000|100%| O|  |TAMS 0x00000000e0700000, 0x00000000e0600000| Untracked 
|   7|0x00000000e0700000, 0x00000000e0800000, 0x00000000e0800000|100%| O|  |TAMS 0x00000000e0800000, 0x00000000e0700000| Untracked 
|   8|0x00000000e0800000, 0x00000000e0900000, 0x00000000e0900000|100%| O|  |TAMS 0x00000000e0900000, 0x00000000e0800000| Untracked 
|   9|0x00000000e0900000, 0x00000000e0a00000, 0x00000000e0a00000|100%| O|  |TAMS 0x00000000e0a00000, 0x00000000e0900000| Untracked 
|  10|0x00000000e0a00000, 0x00000000e0b00000, 0x00000000e0b00000|100%| O|  |TAMS 0x00000000e0a00000, 0x00000000e0a00000| Untracked 
|  11|0x00000000e0b00000, 0x00000000e0c00000, 0x00000000e0c00000|100%| O|  |TAMS 0x00000000e0b00000, 0x00000000e0b00000| Untracked 
|  12|0x00000000e0c00000, 0x00000000e0d00000, 0x00000000e0d00000|100%| O|  |TAMS 0x00000000e0d00000, 0x00000000e0c00000| Untracked 
|  13|0x00000000e0d00000, 0x00000000e0e00000, 0x00000000e0e00000|100%| O|  |TAMS 0x00000000e0e00000, 0x00000000e0d00000| Untracked 
|  14|0x00000000e0e00000, 0x00000000e0f00000, 0x00000000e0f00000|100%| O|  |TAMS 0x00000000e0f00000, 0x00000000e0e00000| Untracked 
|  15|0x00000000e0f00000, 0x00000000e1000000, 0x00000000e1000000|100%| O|  |TAMS 0x00000000e1000000, 0x00000000e0f00000| Untracked 
|  16|0x00000000e1000000, 0x00000000e1100000, 0x00000000e1100000|100%| O|  |TAMS 0x00000000e1100000, 0x00000000e1000000| Untracked 
|  17|0x00000000e1100000, 0x00000000e1200000, 0x00000000e1200000|100%| O|  |TAMS 0x00000000e1200000, 0x00000000e1100000| Untracked 
|  18|0x00000000e1200000, 0x00000000e1300000, 0x00000000e1300000|100%| O|  |TAMS 0x00000000e1300000, 0x00000000e1200000| Untracked 
|  19|0x00000000e1300000, 0x00000000e1400000, 0x00000000e1400000|100%| O|  |TAMS 0x00000000e1400000, 0x00000000e1300000| Untracked 
|  20|0x00000000e1400000, 0x00000000e1500000, 0x00000000e1500000|100%| O|  |TAMS 0x00000000e1500000, 0x00000000e1400000| Untracked 
|  21|0x00000000e1500000, 0x00000000e1600000, 0x00000000e1600000|100%| O|  |TAMS 0x00000000e1600000, 0x00000000e1500000| Untracked 
|  22|0x00000000e1600000, 0x00000000e1700000, 0x00000000e1700000|100%| O|  |TAMS 0x00000000e1700000, 0x00000000e1600000| Untracked 
|  23|0x00000000e1700000, 0x00000000e1800000, 0x00000000e1800000|100%| O|  |TAMS 0x00000000e1800000, 0x00000000e1700000| Untracked 
|  24|0x00000000e1800000, 0x00000000e1900000, 0x00000000e1900000|100%| O|  |TAMS 0x00000000e1900000, 0x00000000e1800000| Untracked 
|  25|0x00000000e1900000, 0x00000000e1a00000, 0x00000000e1a00000|100%| O|  |TAMS 0x00000000e1a00000, 0x00000000e1900000| Untracked 
|  26|0x00000000e1a00000, 0x00000000e1b00000, 0x00000000e1b00000|100%| O|  |TAMS 0x00000000e1b00000, 0x00000000e1a00000| Untracked 
|  27|0x00000000e1b00000, 0x00000000e1c00000, 0x00000000e1c00000|100%| O|  |TAMS 0x00000000e1c00000, 0x00000000e1b00000| Untracked 
|  28|0x00000000e1c00000, 0x00000000e1d00000, 0x00000000e1d00000|100%| O|  |TAMS 0x00000000e1d00000, 0x00000000e1c00000| Untracked 
|  29|0x00000000e1d00000, 0x00000000e1e00000, 0x00000000e1e00000|100%| O|  |TAMS 0x00000000e1e00000, 0x00000000e1d00000| Untracked 
|  30|0x00000000e1e00000, 0x00000000e1f00000, 0x00000000e1f00000|100%| O|  |TAMS 0x00000000e1e6ac00, 0x00000000e1e00000| Untracked 
|  31|0x00000000e1f00000, 0x00000000e2000000, 0x00000000e2000000|100%| O|  |TAMS 0x00000000e1f00000, 0x00000000e1f00000| Untracked 
|  32|0x00000000e2000000, 0x00000000e2100000, 0x00000000e2100000|100%| O|  |TAMS 0x00000000e2000000, 0x00000000e2000000| Untracked 
|  33|0x00000000e2100000, 0x00000000e2200000, 0x00000000e2200000|100%| O|  |TAMS 0x00000000e2100000, 0x00000000e2100000| Untracked 
|  34|0x00000000e2200000, 0x00000000e2300000, 0x00000000e2300000|100%| O|  |TAMS 0x00000000e2200000, 0x00000000e2200000| Untracked 
|  35|0x00000000e2300000, 0x00000000e2400000, 0x00000000e2400000|100%| O|  |TAMS 0x00000000e2300000, 0x00000000e2300000| Untracked 
|  36|0x00000000e2400000, 0x00000000e2500000, 0x00000000e2500000|100%| O|  |TAMS 0x00000000e2400000, 0x00000000e2400000| Untracked 
|  37|0x00000000e2500000, 0x00000000e2600000, 0x00000000e2600000|100%| O|  |TAMS 0x00000000e2500000, 0x00000000e2500000| Untracked 
|  38|0x00000000e2600000, 0x00000000e2700000, 0x00000000e2700000|100%| O|  |TAMS 0x00000000e2600000, 0x00000000e2600000| Untracked 
|  39|0x00000000e2700000, 0x00000000e2800000, 0x00000000e2800000|100%| O|  |TAMS 0x00000000e2700000, 0x00000000e2700000| Untracked 
|  40|0x00000000e2800000, 0x00000000e2900000, 0x00000000e2900000|100%| O|  |TAMS 0x00000000e2800000, 0x00000000e2800000| Untracked 
|  41|0x00000000e2900000, 0x00000000e2a00000, 0x00000000e2a00000|100%| O|  |TAMS 0x00000000e2900000, 0x00000000e2900000| Untracked 
|  42|0x00000000e2a00000, 0x00000000e2b00000, 0x00000000e2b00000|100%| O|  |TAMS 0x00000000e2a00000, 0x00000000e2a00000| Untracked 
|  43|0x00000000e2b00000, 0x00000000e2c00000, 0x00000000e2c00000|100%| O|  |TAMS 0x00000000e2b00000, 0x00000000e2b00000| Untracked 
|  44|0x00000000e2c00000, 0x00000000e2d00000, 0x00000000e2d00000|100%| O|  |TAMS 0x00000000e2c00000, 0x00000000e2c00000| Untracked 
|  45|0x00000000e2d00000, 0x00000000e2e00000, 0x00000000e2e00000|100%| O|  |TAMS 0x00000000e2d00000, 0x00000000e2d00000| Untracked 
|  46|0x00000000e2e00000, 0x00000000e2f00000, 0x00000000e2f00000|100%| O|  |TAMS 0x00000000e2e00000, 0x00000000e2e00000| Untracked 
|  47|0x00000000e2f00000, 0x00000000e3000000, 0x00000000e3000000|100%| O|  |TAMS 0x00000000e2f00000, 0x00000000e2f00000| Untracked 
|  48|0x00000000e3000000, 0x00000000e3100000, 0x00000000e3100000|100%| O|  |TAMS 0x00000000e3000000, 0x00000000e3000000| Untracked 
|  49|0x00000000e3100000, 0x00000000e3200000, 0x00000000e3200000|100%| O|  |TAMS 0x00000000e3100000, 0x00000000e3100000| Untracked 
|  50|0x00000000e3200000, 0x00000000e3300000, 0x00000000e3300000|100%| O|  |TAMS 0x00000000e3200000, 0x00000000e3200000| Untracked 
|  51|0x00000000e3300000, 0x00000000e3400000, 0x00000000e3400000|100%| O|  |TAMS 0x00000000e3300000, 0x00000000e3300000| Untracked 
|  52|0x00000000e3400000, 0x00000000e3500000, 0x00000000e3500000|100%| O|  |TAMS 0x00000000e3400000, 0x00000000e3400000| Untracked 
|  53|0x00000000e3500000, 0x00000000e3600000, 0x00000000e3600000|100%| O|  |TAMS 0x00000000e3500000, 0x00000000e3500000| Untracked 
|  54|0x00000000e3600000, 0x00000000e3700000, 0x00000000e3700000|100%| O|  |TAMS 0x00000000e3600000, 0x00000000e3600000| Untracked 
|  55|0x00000000e3700000, 0x00000000e3800000, 0x00000000e3800000|100%| O|  |TAMS 0x00000000e3700000, 0x00000000e3700000| Untracked 
|  56|0x00000000e3800000, 0x00000000e38f8e00, 0x00000000e3900000| 97%| O|  |TAMS 0x00000000e3800000, 0x00000000e3800000| Untracked 
|  57|0x00000000e3900000, 0x00000000e3900000, 0x00000000e3a00000|  0%| F|  |TAMS 0x00000000e3900000, 0x00000000e3900000| Untracked 
|  58|0x00000000e3a00000, 0x00000000e3a00000, 0x00000000e3b00000|  0%| F|  |TAMS 0x00000000e3a00000, 0x00000000e3a00000| Untracked 
|  59|0x00000000e3b00000, 0x00000000e3b00000, 0x00000000e3c00000|  0%| F|  |TAMS 0x00000000e3b00000, 0x00000000e3b00000| Untracked 
|  60|0x00000000e3c00000, 0x00000000e3c00000, 0x00000000e3d00000|  0%| F|  |TAMS 0x00000000e3c00000, 0x00000000e3c00000| Untracked 
|  61|0x00000000e3d00000, 0x00000000e3d00000, 0x00000000e3e00000|  0%| F|  |TAMS 0x00000000e3d00000, 0x00000000e3d00000| Untracked 
|  62|0x00000000e3e00000, 0x00000000e3e00000, 0x00000000e3f00000|  0%| F|  |TAMS 0x00000000e3e00000, 0x00000000e3e00000| Untracked 
|  63|0x00000000e3f00000, 0x00000000e3f00000, 0x00000000e4000000|  0%| F|  |TAMS 0x00000000e3f00000, 0x00000000e3f00000| Untracked 
|  64|0x00000000e4000000, 0x00000000e4000000, 0x00000000e4100000|  0%| F|  |TAMS 0x00000000e4000000, 0x00000000e4000000| Untracked 
|  65|0x00000000e4100000, 0x00000000e4100000, 0x00000000e4200000|  0%| F|  |TAMS 0x00000000e4100000, 0x00000000e4100000| Untracked 
|  66|0x00000000e4200000, 0x00000000e4200000, 0x00000000e4300000|  0%| F|  |TAMS 0x00000000e4200000, 0x00000000e4200000| Untracked 
|  67|0x00000000e4300000, 0x00000000e4300000, 0x00000000e4400000|  0%| F|  |TAMS 0x00000000e4300000, 0x00000000e4300000| Untracked 
|  68|0x00000000e4400000, 0x00000000e4400000, 0x00000000e4500000|  0%| F|  |TAMS 0x00000000e4400000, 0x00000000e4400000| Untracked 
|  69|0x00000000e4500000, 0x00000000e4500000, 0x00000000e4600000|  0%| F|  |TAMS 0x00000000e4500000, 0x00000000e4500000| Untracked 
|  70|0x00000000e4600000, 0x00000000e4600000, 0x00000000e4700000|  0%| F|  |TAMS 0x00000000e4600000, 0x00000000e4600000| Untracked 
|  71|0x00000000e4700000, 0x00000000e4700000, 0x00000000e4800000|  0%| F|  |TAMS 0x00000000e4700000, 0x00000000e4700000| Untracked 
|  72|0x00000000e4800000, 0x00000000e4800000, 0x00000000e4900000|  0%| F|  |TAMS 0x00000000e4800000, 0x00000000e4800000| Untracked 
|  73|0x00000000e4900000, 0x00000000e4900000, 0x00000000e4a00000|  0%| F|  |TAMS 0x00000000e4900000, 0x00000000e4900000| Untracked 
|  74|0x00000000e4a00000, 0x00000000e4a00000, 0x00000000e4b00000|  0%| F|  |TAMS 0x00000000e4a00000, 0x00000000e4a00000| Untracked 
|  75|0x00000000e4b00000, 0x00000000e4b00000, 0x00000000e4c00000|  0%| F|  |TAMS 0x00000000e4b00000, 0x00000000e4b00000| Untracked 
|  76|0x00000000e4c00000, 0x00000000e4c00000, 0x00000000e4d00000|  0%| F|  |TAMS 0x00000000e4c00000, 0x00000000e4c00000| Untracked 
|  77|0x00000000e4d00000, 0x00000000e4d00000, 0x00000000e4e00000|  0%| F|  |TAMS 0x00000000e4d00000, 0x00000000e4d00000| Untracked 
|  78|0x00000000e4e00000, 0x00000000e4e00000, 0x00000000e4f00000|  0%| F|  |TAMS 0x00000000e4e00000, 0x00000000e4e00000| Untracked 
|  79|0x00000000e4f00000, 0x00000000e4f00000, 0x00000000e5000000|  0%| F|  |TAMS 0x00000000e4f00000, 0x00000000e4f00000| Untracked 
|  80|0x00000000e5000000, 0x00000000e5000000, 0x00000000e5100000|  0%| F|  |TAMS 0x00000000e5000000, 0x00000000e5000000| Untracked 
|  81|0x00000000e5100000, 0x00000000e5100000, 0x00000000e5200000|  0%| F|  |TAMS 0x00000000e5100000, 0x00000000e5100000| Untracked 
|  82|0x00000000e5200000, 0x00000000e5200000, 0x00000000e5300000|  0%| F|  |TAMS 0x00000000e5200000, 0x00000000e5200000| Untracked 
|  83|0x00000000e5300000, 0x00000000e5300000, 0x00000000e5400000|  0%| F|  |TAMS 0x00000000e5300000, 0x00000000e5300000| Untracked 
|  84|0x00000000e5400000, 0x00000000e5400000, 0x00000000e5500000|  0%| F|  |TAMS 0x00000000e5400000, 0x00000000e5400000| Untracked 
|  85|0x00000000e5500000, 0x00000000e5500000, 0x00000000e5600000|  0%| F|  |TAMS 0x00000000e5500000, 0x00000000e5500000| Untracked 
|  86|0x00000000e5600000, 0x00000000e5600000, 0x00000000e5700000|  0%| F|  |TAMS 0x00000000e5600000, 0x00000000e5600000| Untracked 
|  87|0x00000000e5700000, 0x00000000e5700000, 0x00000000e5800000|  0%| F|  |TAMS 0x00000000e5700000, 0x00000000e5700000| Untracked 
|  88|0x00000000e5800000, 0x00000000e5800000, 0x00000000e5900000|  0%| F|  |TAMS 0x00000000e5800000, 0x00000000e5800000| Untracked 
|  89|0x00000000e5900000, 0x00000000e5900000, 0x00000000e5a00000|  0%| F|  |TAMS 0x00000000e5900000, 0x00000000e5900000| Untracked 
|  90|0x00000000e5a00000, 0x00000000e5a00000, 0x00000000e5b00000|  0%| F|  |TAMS 0x00000000e5a00000, 0x00000000e5a00000| Untracked 
|  91|0x00000000e5b00000, 0x00000000e5b00000, 0x00000000e5c00000|  0%| F|  |TAMS 0x00000000e5b00000, 0x00000000e5b00000| Untracked 
|  92|0x00000000e5c00000, 0x00000000e5c00000, 0x00000000e5d00000|  0%| F|  |TAMS 0x00000000e5c00000, 0x00000000e5c00000| Untracked 
|  93|0x00000000e5d00000, 0x00000000e5d00000, 0x00000000e5e00000|  0%| F|  |TAMS 0x00000000e5d00000, 0x00000000e5d00000| Untracked 
|  94|0x00000000e5e00000, 0x00000000e5e00000, 0x00000000e5f00000|  0%| F|  |TAMS 0x00000000e5e00000, 0x00000000e5e00000| Untracked 
|  95|0x00000000e5f00000, 0x00000000e5f00000, 0x00000000e6000000|  0%| F|  |TAMS 0x00000000e5f00000, 0x00000000e5f00000| Untracked 
|  96|0x00000000e6000000, 0x00000000e6000000, 0x00000000e6100000|  0%| F|  |TAMS 0x00000000e6000000, 0x00000000e6000000| Untracked 
|  97|0x00000000e6100000, 0x00000000e6100000, 0x00000000e6200000|  0%| F|  |TAMS 0x00000000e6100000, 0x00000000e6100000| Untracked 
|  98|0x00000000e6200000, 0x00000000e6200000, 0x00000000e6300000|  0%| F|  |TAMS 0x00000000e6200000, 0x00000000e6200000| Untracked 
|  99|0x00000000e6300000, 0x00000000e6300000, 0x00000000e6400000|  0%| F|  |TAMS 0x00000000e6300000, 0x00000000e6300000| Untracked 
| 100|0x00000000e6400000, 0x00000000e6400000, 0x00000000e6500000|  0%| F|  |TAMS 0x00000000e6400000, 0x00000000e6400000| Untracked 
| 101|0x00000000e6500000, 0x00000000e6500000, 0x00000000e6600000|  0%| F|  |TAMS 0x00000000e6500000, 0x00000000e6500000| Untracked 
| 102|0x00000000e6600000, 0x00000000e6600000, 0x00000000e6700000|  0%| F|  |TAMS 0x00000000e6600000, 0x00000000e6600000| Untracked 
| 103|0x00000000e6700000, 0x00000000e6700000, 0x00000000e6800000|  0%| F|  |TAMS 0x00000000e6700000, 0x00000000e6700000| Untracked 
| 104|0x00000000e6800000, 0x00000000e6800000, 0x00000000e6900000|  0%| F|  |TAMS 0x00000000e6800000, 0x00000000e6800000| Untracked 
| 105|0x00000000e6900000, 0x00000000e6900000, 0x00000000e6a00000|  0%| F|  |TAMS 0x00000000e6900000, 0x00000000e6900000| Untracked 
| 106|0x00000000e6a00000, 0x00000000e6a00000, 0x00000000e6b00000|  0%| F|  |TAMS 0x00000000e6a00000, 0x00000000e6a00000| Untracked 
| 107|0x00000000e6b00000, 0x00000000e6b7b4b0, 0x00000000e6c00000| 48%| S|CS|TAMS 0x00000000e6b00000, 0x00000000e6b00000| Complete 
| 108|0x00000000e6c00000, 0x00000000e6d00000, 0x00000000e6d00000|100%| S|CS|TAMS 0x00000000e6c00000, 0x00000000e6c00000| Complete 
| 109|0x00000000e6d00000, 0x00000000e6e00000, 0x00000000e6e00000|100%| S|CS|TAMS 0x00000000e6d00000, 0x00000000e6d00000| Complete 
| 110|0x00000000e6e00000, 0x00000000e6f00000, 0x00000000e6f00000|100%| S|CS|TAMS 0x00000000e6e00000, 0x00000000e6e00000| Complete 
| 111|0x00000000e6f00000, 0x00000000e7000000, 0x00000000e7000000|100%| S|CS|TAMS 0x00000000e6f00000, 0x00000000e6f00000| Complete 
| 112|0x00000000e7000000, 0x00000000e7100000, 0x00000000e7100000|100%| S|CS|TAMS 0x00000000e7000000, 0x00000000e7000000| Complete 
| 113|0x00000000e7100000, 0x00000000e7200000, 0x00000000e7200000|100%| S|CS|TAMS 0x00000000e7100000, 0x00000000e7100000| Complete 
| 114|0x00000000e7200000, 0x00000000e7300000, 0x00000000e7300000|100%| S|CS|TAMS 0x00000000e7200000, 0x00000000e7200000| Complete 
| 115|0x00000000e7300000, 0x00000000e7400000, 0x00000000e7400000|100%| S|CS|TAMS 0x00000000e7300000, 0x00000000e7300000| Complete 
| 116|0x00000000e7400000, 0x00000000e7400000, 0x00000000e7500000|  0%| F|  |TAMS 0x00000000e7400000, 0x00000000e7400000| Untracked 
| 117|0x00000000e7500000, 0x00000000e7500000, 0x00000000e7600000|  0%| F|  |TAMS 0x00000000e7500000, 0x00000000e7500000| Untracked 
| 118|0x00000000e7600000, 0x00000000e7600000, 0x00000000e7700000|  0%| F|  |TAMS 0x00000000e7600000, 0x00000000e7600000| Untracked 
| 119|0x00000000e7700000, 0x00000000e7700000, 0x00000000e7800000|  0%| F|  |TAMS 0x00000000e7700000, 0x00000000e7700000| Untracked 
| 120|0x00000000e7800000, 0x00000000e7800000, 0x00000000e7900000|  0%| F|  |TAMS 0x00000000e7800000, 0x00000000e7800000| Untracked 
| 121|0x00000000e7900000, 0x00000000e7900000, 0x00000000e7a00000|  0%| F|  |TAMS 0x00000000e7900000, 0x00000000e7900000| Untracked 
| 122|0x00000000e7a00000, 0x00000000e7a00000, 0x00000000e7b00000|  0%| F|  |TAMS 0x00000000e7a00000, 0x00000000e7a00000| Untracked 
| 123|0x00000000e7b00000, 0x00000000e7b00000, 0x00000000e7c00000|  0%| F|  |TAMS 0x00000000e7b00000, 0x00000000e7b00000| Untracked 
| 124|0x00000000e7c00000, 0x00000000e7c00000, 0x00000000e7d00000|  0%| F|  |TAMS 0x00000000e7c00000, 0x00000000e7c00000| Untracked 
| 125|0x00000000e7d00000, 0x00000000e7d00000, 0x00000000e7e00000|  0%| F|  |TAMS 0x00000000e7d00000, 0x00000000e7d00000| Untracked 
| 126|0x00000000e7e00000, 0x00000000e7e00000, 0x00000000e7f00000|  0%| F|  |TAMS 0x00000000e7e00000, 0x00000000e7e00000| Untracked 
| 127|0x00000000e7f00000, 0x00000000e7f00000, 0x00000000e8000000|  0%| F|  |TAMS 0x00000000e7f00000, 0x00000000e7f00000| Untracked 
| 128|0x00000000e8000000, 0x00000000e8000000, 0x00000000e8100000|  0%| F|  |TAMS 0x00000000e8000000, 0x00000000e8000000| Untracked 
| 129|0x00000000e8100000, 0x00000000e8100000, 0x00000000e8200000|  0%| F|  |TAMS 0x00000000e8100000, 0x00000000e8100000| Untracked 
| 130|0x00000000e8200000, 0x00000000e8200000, 0x00000000e8300000|  0%| F|  |TAMS 0x00000000e8200000, 0x00000000e8200000| Untracked 
| 131|0x00000000e8300000, 0x00000000e8300000, 0x00000000e8400000|  0%| F|  |TAMS 0x00000000e8300000, 0x00000000e8300000| Untracked 
| 132|0x00000000e8400000, 0x00000000e8400000, 0x00000000e8500000|  0%| F|  |TAMS 0x00000000e8400000, 0x00000000e8400000| Untracked 
| 133|0x00000000e8500000, 0x00000000e8500000, 0x00000000e8600000|  0%| F|  |TAMS 0x00000000e8500000, 0x00000000e8500000| Untracked 
| 134|0x00000000e8600000, 0x00000000e8600000, 0x00000000e8700000|  0%| F|  |TAMS 0x00000000e8600000, 0x00000000e8600000| Untracked 
| 135|0x00000000e8700000, 0x00000000e8700000, 0x00000000e8800000|  0%| F|  |TAMS 0x00000000e8700000, 0x00000000e8700000| Untracked 
| 136|0x00000000e8800000, 0x00000000e8800000, 0x00000000e8900000|  0%| F|  |TAMS 0x00000000e8800000, 0x00000000e8800000| Untracked 
| 137|0x00000000e8900000, 0x00000000e8900000, 0x00000000e8a00000|  0%| F|  |TAMS 0x00000000e8900000, 0x00000000e8900000| Untracked 
| 138|0x00000000e8a00000, 0x00000000e8a00000, 0x00000000e8b00000|  0%| F|  |TAMS 0x00000000e8a00000, 0x00000000e8a00000| Untracked 
| 139|0x00000000e8b00000, 0x00000000e8b00000, 0x00000000e8c00000|  0%| F|  |TAMS 0x00000000e8b00000, 0x00000000e8b00000| Untracked 
| 140|0x00000000e8c00000, 0x00000000e8c00000, 0x00000000e8d00000|  0%| F|  |TAMS 0x00000000e8c00000, 0x00000000e8c00000| Untracked 
| 141|0x00000000e8d00000, 0x00000000e8d00000, 0x00000000e8e00000|  0%| F|  |TAMS 0x00000000e8d00000, 0x00000000e8d00000| Untracked 
| 142|0x00000000e8e00000, 0x00000000e8e00000, 0x00000000e8f00000|  0%| F|  |TAMS 0x00000000e8e00000, 0x00000000e8e00000| Untracked 
| 143|0x00000000e8f00000, 0x00000000e8f00000, 0x00000000e9000000|  0%| F|  |TAMS 0x00000000e8f00000, 0x00000000e8f00000| Untracked 
| 144|0x00000000e9000000, 0x00000000e9000000, 0x00000000e9100000|  0%| F|  |TAMS 0x00000000e9000000, 0x00000000e9000000| Untracked 
| 145|0x00000000e9100000, 0x00000000e9100000, 0x00000000e9200000|  0%| F|  |TAMS 0x00000000e9100000, 0x00000000e9100000| Untracked 
| 146|0x00000000e9200000, 0x00000000e9200000, 0x00000000e9300000|  0%| F|  |TAMS 0x00000000e9200000, 0x00000000e9200000| Untracked 
| 147|0x00000000e9300000, 0x00000000e9300000, 0x00000000e9400000|  0%| F|  |TAMS 0x00000000e9300000, 0x00000000e9300000| Untracked 
| 148|0x00000000e9400000, 0x00000000e9400000, 0x00000000e9500000|  0%| F|  |TAMS 0x00000000e9400000, 0x00000000e9400000| Untracked 
| 149|0x00000000e9500000, 0x00000000e9500000, 0x00000000e9600000|  0%| F|  |TAMS 0x00000000e9500000, 0x00000000e9500000| Untracked 
| 150|0x00000000e9600000, 0x00000000e9600000, 0x00000000e9700000|  0%| F|  |TAMS 0x00000000e9600000, 0x00000000e9600000| Untracked 
| 151|0x00000000e9700000, 0x00000000e9700000, 0x00000000e9800000|  0%| F|  |TAMS 0x00000000e9700000, 0x00000000e9700000| Untracked 
| 152|0x00000000e9800000, 0x00000000e9800000, 0x00000000e9900000|  0%| F|  |TAMS 0x00000000e9800000, 0x00000000e9800000| Untracked 
| 153|0x00000000e9900000, 0x00000000e9900000, 0x00000000e9a00000|  0%| F|  |TAMS 0x00000000e9900000, 0x00000000e9900000| Untracked 
| 154|0x00000000e9a00000, 0x00000000e9a00000, 0x00000000e9b00000|  0%| F|  |TAMS 0x00000000e9a00000, 0x00000000e9a00000| Untracked 
| 155|0x00000000e9b00000, 0x00000000e9b00000, 0x00000000e9c00000|  0%| F|  |TAMS 0x00000000e9b00000, 0x00000000e9b00000| Untracked 
| 156|0x00000000e9c00000, 0x00000000e9c00000, 0x00000000e9d00000|  0%| F|  |TAMS 0x00000000e9c00000, 0x00000000e9c00000| Untracked 
| 157|0x00000000e9d00000, 0x00000000e9d00000, 0x00000000e9e00000|  0%| F|  |TAMS 0x00000000e9d00000, 0x00000000e9d00000| Untracked 
| 158|0x00000000e9e00000, 0x00000000e9e00000, 0x00000000e9f00000|  0%| F|  |TAMS 0x00000000e9e00000, 0x00000000e9e00000| Untracked 
| 159|0x00000000e9f00000, 0x00000000e9f00000, 0x00000000ea000000|  0%| F|  |TAMS 0x00000000e9f00000, 0x00000000e9f00000| Untracked 
| 160|0x00000000ea000000, 0x00000000ea000000, 0x00000000ea100000|  0%| F|  |TAMS 0x00000000ea000000, 0x00000000ea000000| Untracked 
| 161|0x00000000ea100000, 0x00000000ea100000, 0x00000000ea200000|  0%| F|  |TAMS 0x00000000ea100000, 0x00000000ea100000| Untracked 
| 162|0x00000000ea200000, 0x00000000ea200000, 0x00000000ea300000|  0%| F|  |TAMS 0x00000000ea200000, 0x00000000ea200000| Untracked 
| 163|0x00000000ea300000, 0x00000000ea300000, 0x00000000ea400000|  0%| F|  |TAMS 0x00000000ea300000, 0x00000000ea300000| Untracked 
| 164|0x00000000ea400000, 0x00000000ea400000, 0x00000000ea500000|  0%| F|  |TAMS 0x00000000ea400000, 0x00000000ea400000| Untracked 
| 165|0x00000000ea500000, 0x00000000ea500000, 0x00000000ea600000|  0%| F|  |TAMS 0x00000000ea500000, 0x00000000ea500000| Untracked 
| 166|0x00000000ea600000, 0x00000000ea600000, 0x00000000ea700000|  0%| F|  |TAMS 0x00000000ea600000, 0x00000000ea600000| Untracked 
| 167|0x00000000ea700000, 0x00000000ea700000, 0x00000000ea800000|  0%| F|  |TAMS 0x00000000ea700000, 0x00000000ea700000| Untracked 
| 168|0x00000000ea800000, 0x00000000ea800000, 0x00000000ea900000|  0%| F|  |TAMS 0x00000000ea800000, 0x00000000ea800000| Untracked 
| 169|0x00000000ea900000, 0x00000000ea900000, 0x00000000eaa00000|  0%| F|  |TAMS 0x00000000ea900000, 0x00000000ea900000| Untracked 
| 170|0x00000000eaa00000, 0x00000000eaa00000, 0x00000000eab00000|  0%| F|  |TAMS 0x00000000eaa00000, 0x00000000eaa00000| Untracked 
| 171|0x00000000eab00000, 0x00000000eab00000, 0x00000000eac00000|  0%| F|  |TAMS 0x00000000eab00000, 0x00000000eab00000| Untracked 
| 172|0x00000000eac00000, 0x00000000eac00000, 0x00000000ead00000|  0%| F|  |TAMS 0x00000000eac00000, 0x00000000eac00000| Untracked 
| 173|0x00000000ead00000, 0x00000000ead00000, 0x00000000eae00000|  0%| F|  |TAMS 0x00000000ead00000, 0x00000000ead00000| Untracked 
| 174|0x00000000eae00000, 0x00000000eae00000, 0x00000000eaf00000|  0%| F|  |TAMS 0x00000000eae00000, 0x00000000eae00000| Untracked 
| 175|0x00000000eaf00000, 0x00000000eaf00000, 0x00000000eb000000|  0%| F|  |TAMS 0x00000000eaf00000, 0x00000000eaf00000| Untracked 
| 176|0x00000000eb000000, 0x00000000eb000000, 0x00000000eb100000|  0%| F|  |TAMS 0x00000000eb000000, 0x00000000eb000000| Untracked 
| 177|0x00000000eb100000, 0x00000000eb100000, 0x00000000eb200000|  0%| F|  |TAMS 0x00000000eb100000, 0x00000000eb100000| Untracked 
| 178|0x00000000eb200000, 0x00000000eb200000, 0x00000000eb300000|  0%| F|  |TAMS 0x00000000eb200000, 0x00000000eb200000| Untracked 
| 179|0x00000000eb300000, 0x00000000eb300000, 0x00000000eb400000|  0%| F|  |TAMS 0x00000000eb300000, 0x00000000eb300000| Untracked 
| 180|0x00000000eb400000, 0x00000000eb400000, 0x00000000eb500000|  0%| F|  |TAMS 0x00000000eb400000, 0x00000000eb400000| Untracked 
| 181|0x00000000eb500000, 0x00000000eb500000, 0x00000000eb600000|  0%| F|  |TAMS 0x00000000eb500000, 0x00000000eb500000| Untracked 
| 182|0x00000000eb600000, 0x00000000eb600000, 0x00000000eb700000|  0%| F|  |TAMS 0x00000000eb600000, 0x00000000eb600000| Untracked 
| 183|0x00000000eb700000, 0x00000000eb700000, 0x00000000eb800000|  0%| F|  |TAMS 0x00000000eb700000, 0x00000000eb700000| Untracked 
| 184|0x00000000eb800000, 0x00000000eb800000, 0x00000000eb900000|  0%| F|  |TAMS 0x00000000eb800000, 0x00000000eb800000| Untracked 
| 185|0x00000000eb900000, 0x00000000eb900000, 0x00000000eba00000|  0%| F|  |TAMS 0x00000000eb900000, 0x00000000eb900000| Untracked 
| 186|0x00000000eba00000, 0x00000000eba00000, 0x00000000ebb00000|  0%| F|  |TAMS 0x00000000eba00000, 0x00000000eba00000| Untracked 
| 187|0x00000000ebb00000, 0x00000000ebb00000, 0x00000000ebc00000|  0%| F|  |TAMS 0x00000000ebb00000, 0x00000000ebb00000| Untracked 
| 188|0x00000000ebc00000, 0x00000000ebc00000, 0x00000000ebd00000|  0%| F|  |TAMS 0x00000000ebc00000, 0x00000000ebc00000| Untracked 
| 189|0x00000000ebd00000, 0x00000000ebd00000, 0x00000000ebe00000|  0%| F|  |TAMS 0x00000000ebd00000, 0x00000000ebd00000| Untracked 
| 190|0x00000000ebe00000, 0x00000000ebe00000, 0x00000000ebf00000|  0%| F|  |TAMS 0x00000000ebe00000, 0x00000000ebe00000| Untracked 
| 191|0x00000000ebf00000, 0x00000000ebf00000, 0x00000000ec000000|  0%| F|  |TAMS 0x00000000ebf00000, 0x00000000ebf00000| Untracked 
| 192|0x00000000ec000000, 0x00000000ec000000, 0x00000000ec100000|  0%| F|  |TAMS 0x00000000ec000000, 0x00000000ec000000| Untracked 
| 193|0x00000000ec100000, 0x00000000ec100000, 0x00000000ec200000|  0%| F|  |TAMS 0x00000000ec100000, 0x00000000ec100000| Untracked 
| 194|0x00000000ec200000, 0x00000000ec200000, 0x00000000ec300000|  0%| F|  |TAMS 0x00000000ec200000, 0x00000000ec200000| Untracked 
| 195|0x00000000ec300000, 0x00000000ec300000, 0x00000000ec400000|  0%| F|  |TAMS 0x00000000ec300000, 0x00000000ec300000| Untracked 
| 196|0x00000000ec400000, 0x00000000ec400000, 0x00000000ec500000|  0%| F|  |TAMS 0x00000000ec400000, 0x00000000ec400000| Untracked 
| 197|0x00000000ec500000, 0x00000000ec500000, 0x00000000ec600000|  0%| F|  |TAMS 0x00000000ec500000, 0x00000000ec500000| Untracked 
| 198|0x00000000ec600000, 0x00000000ec600000, 0x00000000ec700000|  0%| F|  |TAMS 0x00000000ec600000, 0x00000000ec600000| Untracked 
| 199|0x00000000ec700000, 0x00000000ec700000, 0x00000000ec800000|  0%| F|  |TAMS 0x00000000ec700000, 0x00000000ec700000| Untracked 
| 200|0x00000000ec800000, 0x00000000ec800000, 0x00000000ec900000|  0%| F|  |TAMS 0x00000000ec800000, 0x00000000ec800000| Untracked 
| 201|0x00000000ec900000, 0x00000000ec900000, 0x00000000eca00000|  0%| F|  |TAMS 0x00000000ec900000, 0x00000000ec900000| Untracked 
| 202|0x00000000eca00000, 0x00000000eca00000, 0x00000000ecb00000|  0%| F|  |TAMS 0x00000000eca00000, 0x00000000eca00000| Untracked 
| 203|0x00000000ecb00000, 0x00000000ecb00000, 0x00000000ecc00000|  0%| F|  |TAMS 0x00000000ecb00000, 0x00000000ecb00000| Untracked 
| 204|0x00000000ecc00000, 0x00000000ecc00000, 0x00000000ecd00000|  0%| F|  |TAMS 0x00000000ecc00000, 0x00000000ecc00000| Untracked 
| 205|0x00000000ecd00000, 0x00000000ecd00000, 0x00000000ece00000|  0%| F|  |TAMS 0x00000000ecd00000, 0x00000000ecd00000| Untracked 
| 206|0x00000000ece00000, 0x00000000ece00000, 0x00000000ecf00000|  0%| F|  |TAMS 0x00000000ece00000, 0x00000000ece00000| Untracked 
| 207|0x00000000ecf00000, 0x00000000ecf00000, 0x00000000ed000000|  0%| F|  |TAMS 0x00000000ecf00000, 0x00000000ecf00000| Untracked 
| 208|0x00000000ed000000, 0x00000000ed000000, 0x00000000ed100000|  0%| F|  |TAMS 0x00000000ed000000, 0x00000000ed000000| Untracked 
| 209|0x00000000ed100000, 0x00000000ed100000, 0x00000000ed200000|  0%| F|  |TAMS 0x00000000ed100000, 0x00000000ed100000| Untracked 
| 210|0x00000000ed200000, 0x00000000ed200000, 0x00000000ed300000|  0%| F|  |TAMS 0x00000000ed200000, 0x00000000ed200000| Untracked 
| 211|0x00000000ed300000, 0x00000000ed300000, 0x00000000ed400000|  0%| F|  |TAMS 0x00000000ed300000, 0x00000000ed300000| Untracked 
| 212|0x00000000ed400000, 0x00000000ed400000, 0x00000000ed500000|  0%| F|  |TAMS 0x00000000ed400000, 0x00000000ed400000| Untracked 
| 213|0x00000000ed500000, 0x00000000ed500000, 0x00000000ed600000|  0%| F|  |TAMS 0x00000000ed500000, 0x00000000ed500000| Untracked 
| 214|0x00000000ed600000, 0x00000000ed600000, 0x00000000ed700000|  0%| F|  |TAMS 0x00000000ed600000, 0x00000000ed600000| Untracked 
| 215|0x00000000ed700000, 0x00000000ed700000, 0x00000000ed800000|  0%| F|  |TAMS 0x00000000ed700000, 0x00000000ed700000| Untracked 
| 216|0x00000000ed800000, 0x00000000ed800000, 0x00000000ed900000|  0%| F|  |TAMS 0x00000000ed800000, 0x00000000ed800000| Untracked 
| 217|0x00000000ed900000, 0x00000000ed900000, 0x00000000eda00000|  0%| F|  |TAMS 0x00000000ed900000, 0x00000000ed900000| Untracked 
| 218|0x00000000eda00000, 0x00000000eda00000, 0x00000000edb00000|  0%| F|  |TAMS 0x00000000eda00000, 0x00000000eda00000| Untracked 
| 219|0x00000000edb00000, 0x00000000edb00000, 0x00000000edc00000|  0%| F|  |TAMS 0x00000000edb00000, 0x00000000edb00000| Untracked 
| 220|0x00000000edc00000, 0x00000000edc00000, 0x00000000edd00000|  0%| F|  |TAMS 0x00000000edc00000, 0x00000000edc00000| Untracked 
| 221|0x00000000edd00000, 0x00000000edd00000, 0x00000000ede00000|  0%| F|  |TAMS 0x00000000edd00000, 0x00000000edd00000| Untracked 
| 222|0x00000000ede00000, 0x00000000ede00000, 0x00000000edf00000|  0%| F|  |TAMS 0x00000000ede00000, 0x00000000ede00000| Untracked 
| 223|0x00000000edf00000, 0x00000000edf00000, 0x00000000ee000000|  0%| F|  |TAMS 0x00000000edf00000, 0x00000000edf00000| Untracked 
| 224|0x00000000ee000000, 0x00000000ee000000, 0x00000000ee100000|  0%| F|  |TAMS 0x00000000ee000000, 0x00000000ee000000| Untracked 
| 225|0x00000000ee100000, 0x00000000ee100000, 0x00000000ee200000|  0%| F|  |TAMS 0x00000000ee100000, 0x00000000ee100000| Untracked 
| 226|0x00000000ee200000, 0x00000000ee200000, 0x00000000ee300000|  0%| F|  |TAMS 0x00000000ee200000, 0x00000000ee200000| Untracked 
| 227|0x00000000ee300000, 0x00000000ee300000, 0x00000000ee400000|  0%| F|  |TAMS 0x00000000ee300000, 0x00000000ee300000| Untracked 
| 228|0x00000000ee400000, 0x00000000ee400000, 0x00000000ee500000|  0%| F|  |TAMS 0x00000000ee400000, 0x00000000ee400000| Untracked 
| 229|0x00000000ee500000, 0x00000000ee500000, 0x00000000ee600000|  0%| F|  |TAMS 0x00000000ee500000, 0x00000000ee500000| Untracked 
| 230|0x00000000ee600000, 0x00000000ee600000, 0x00000000ee700000|  0%| F|  |TAMS 0x00000000ee600000, 0x00000000ee600000| Untracked 
| 231|0x00000000ee700000, 0x00000000ee700000, 0x00000000ee800000|  0%| F|  |TAMS 0x00000000ee700000, 0x00000000ee700000| Untracked 
| 232|0x00000000ee800000, 0x00000000ee800000, 0x00000000ee900000|  0%| F|  |TAMS 0x00000000ee800000, 0x00000000ee800000| Untracked 
| 233|0x00000000ee900000, 0x00000000ee900000, 0x00000000eea00000|  0%| F|  |TAMS 0x00000000ee900000, 0x00000000ee900000| Untracked 
| 234|0x00000000eea00000, 0x00000000eea00000, 0x00000000eeb00000|  0%| F|  |TAMS 0x00000000eea00000, 0x00000000eea00000| Untracked 
| 235|0x00000000eeb00000, 0x00000000eeb00000, 0x00000000eec00000|  0%| F|  |TAMS 0x00000000eeb00000, 0x00000000eeb00000| Untracked 
| 236|0x00000000eec00000, 0x00000000eec00000, 0x00000000eed00000|  0%| F|  |TAMS 0x00000000eec00000, 0x00000000eec00000| Untracked 
| 237|0x00000000eed00000, 0x00000000eed00000, 0x00000000eee00000|  0%| F|  |TAMS 0x00000000eed00000, 0x00000000eed00000| Untracked 
| 238|0x00000000eee00000, 0x00000000eee00000, 0x00000000eef00000|  0%| F|  |TAMS 0x00000000eee00000, 0x00000000eee00000| Untracked 
| 239|0x00000000eef00000, 0x00000000eef00000, 0x00000000ef000000|  0%| F|  |TAMS 0x00000000eef00000, 0x00000000eef00000| Untracked 
| 240|0x00000000ef000000, 0x00000000ef000000, 0x00000000ef100000|  0%| F|  |TAMS 0x00000000ef000000, 0x00000000ef000000| Untracked 
| 241|0x00000000ef100000, 0x00000000ef1ff3c8, 0x00000000ef200000| 99%| E|  |TAMS 0x00000000ef100000, 0x00000000ef100000| Complete 
| 242|0x00000000ef200000, 0x00000000ef300000, 0x00000000ef300000|100%| E|CS|TAMS 0x00000000ef200000, 0x00000000ef200000| Complete 
| 243|0x00000000ef300000, 0x00000000ef400000, 0x00000000ef400000|100%| E|CS|TAMS 0x00000000ef300000, 0x00000000ef300000| Complete 
| 244|0x00000000ef400000, 0x00000000ef500000, 0x00000000ef500000|100%| E|CS|TAMS 0x00000000ef400000, 0x00000000ef400000| Complete 
| 245|0x00000000ef500000, 0x00000000ef600000, 0x00000000ef600000|100%| E|CS|TAMS 0x00000000ef500000, 0x00000000ef500000| Complete 
| 246|0x00000000ef600000, 0x00000000ef700000, 0x00000000ef700000|100%| E|CS|TAMS 0x00000000ef600000, 0x00000000ef600000| Complete 
| 247|0x00000000ef700000, 0x00000000ef800000, 0x00000000ef800000|100%| E|CS|TAMS 0x00000000ef700000, 0x00000000ef700000| Complete 
| 248|0x00000000ef800000, 0x00000000ef900000, 0x00000000ef900000|100%| E|CS|TAMS 0x00000000ef800000, 0x00000000ef800000| Complete 
| 249|0x00000000ef900000, 0x00000000efa00000, 0x00000000efa00000|100%| E|CS|TAMS 0x00000000ef900000, 0x00000000ef900000| Complete 
| 250|0x00000000efa00000, 0x00000000efb00000, 0x00000000efb00000|100%| E|CS|TAMS 0x00000000efa00000, 0x00000000efa00000| Complete 
| 251|0x00000000efb00000, 0x00000000efc00000, 0x00000000efc00000|100%| E|CS|TAMS 0x00000000efb00000, 0x00000000efb00000| Complete 
| 252|0x00000000efc00000, 0x00000000efd00000, 0x00000000efd00000|100%| E|CS|TAMS 0x00000000efc00000, 0x00000000efc00000| Complete 
| 253|0x00000000efd00000, 0x00000000efe00000, 0x00000000efe00000|100%| E|CS|TAMS 0x00000000efd00000, 0x00000000efd00000| Complete 
| 254|0x00000000efe00000, 0x00000000eff00000, 0x00000000eff00000|100%| E|CS|TAMS 0x00000000efe00000, 0x00000000efe00000| Complete 
| 255|0x00000000eff00000, 0x00000000f0000000, 0x00000000f0000000|100%| E|CS|TAMS 0x00000000eff00000, 0x00000000eff00000| Complete 

Card table byte_map: [0x000001e52bf10000,0x000001e52c010000] _byte_map_base: 0x000001e52b810000

Marking Bits (Prev, Next): (CMBitMap*) 0x000001e512f3d010, (CMBitMap*) 0x000001e512f3d050
 Prev Bits: [0x000001e52c110000, 0x000001e52c910000)
 Next Bits: [0x000001e52c910000, 0x000001e52d110000)

Polling page: 0x000001e513180000

Metaspace:

Usage:
  Non-class:     48.50 MB used.
      Class:      7.58 MB used.
       Both:     56.08 MB used.

Virtual space:
  Non-class space:       64.00 MB reserved,      48.88 MB ( 76%) committed,  1 nodes.
      Class space:      320.00 MB reserved,       7.94 MB (  2%) committed,  1 nodes.
             Both:      384.00 MB reserved,      56.81 MB ( 15%) committed. 

Chunk freelists:
   Non-Class:  14.20 MB
       Class:  7.99 MB
        Both:  22.19 MB

MaxMetaspaceSize: 384.00 MB
CompressedClassSpaceSize: 320.00 MB
Initial GC threshold: 21.00 MB
Current GC threshold: 59.38 MB
CDS: on
MetaspaceReclaimPolicy: balanced
 - commit_granule_bytes: 65536.
 - commit_granule_words: 8192.
 - virtual_space_node_default_size: 8388608.
 - enlarge_chunks_in_place: 1.
 - new_chunks_are_fully_committed: 0.
 - uncommit_free_chunks: 1.
 - use_allocation_guard: 0.
 - handle_deallocations: 1.


Internal statistics:

num_allocs_failed_limit: 9.
num_arena_births: 978.
num_arena_deaths: 0.
num_vsnodes_births: 2.
num_vsnodes_deaths: 0.
num_space_committed: 909.
num_space_uncommitted: 0.
num_chunks_returned_to_freelist: 9.
num_chunks_taken_from_freelist: 3513.
num_chunk_merges: 9.
num_chunk_splits: 2151.
num_chunks_enlarged: 1265.
num_inconsistent_stats: 0.

CodeHeap 'non-profiled nmethods': size=120000Kb used=9745Kb max_used=10106Kb free=110254Kb
 bounds [0x000001e523c50000, 0x000001e524630000, 0x000001e52b180000]
CodeHeap 'profiled nmethods': size=120000Kb used=22638Kb max_used=25177Kb free=97361Kb
 bounds [0x000001e51c180000, 0x000001e51da20000, 0x000001e5236b0000]
CodeHeap 'non-nmethods': size=5760Kb used=2334Kb max_used=2480Kb free=3425Kb
 bounds [0x000001e5236b0000, 0x000001e523930000, 0x000001e523c50000]
 total_blobs=12502 nmethods=11660 adapters=752
 compilation: enabled
              stopped_count=0, restarted_count=0
 full_count=0

Compilation events (20 events):
Event: 117.040 Thread 0x000001e52fd8ce60 nmethod 13960 0x000001e52462c410 code [0x000001e52462c580, 0x000001e52462c5f8]
Event: 117.040 Thread 0x000001e52fd8ce60 13961       4       org.gradle.internal.component.model.DefaultAttributeMatcher$CachedQuery::<init> (24 bytes)
Event: 117.040 Thread 0x000001e52fda2250 13962       3       org.gradle.api.internal.artifacts.ivyservice.resolveengine.excludes.factories.Intersections::tryIntersect (265 bytes)
Event: 117.041 Thread 0x000001e52fda2250 nmethod 13962 0x000001e51da03c10 code [0x000001e51da04060, 0x000001e51da06a88]
Event: 117.044 Thread 0x000001e52fd8ce60 nmethod 13961 0x000001e52462c710 code [0x000001e52462c8c0, 0x000001e52462cd58]
Event: 117.238 Thread 0x000001e52fd8ce60 13963       4       java.lang.StringLatin1::toChars (16 bytes)
Event: 117.238 Thread 0x000001e52fda2250 13965       3       java.util.concurrent.ScheduledThreadPoolExecutor$ScheduledFutureTask::getDelay (16 bytes)
Event: 117.238 Thread 0x000001e52fda2250 nmethod 13965 0x000001e51da06e10 code [0x000001e51da06fc0, 0x000001e51da07148]
Event: 117.239 Thread 0x000001e52fd8ce60 nmethod 13963 0x000001e52462cf90 code [0x000001e52462d120, 0x000001e52462d2d8]
Event: 117.239 Thread 0x000001e52fd8ce60 13964       4       javax.management.ObjectName::construct (1135 bytes)
Event: 117.307 Thread 0x000001e52fda2250 13970       3       org.gradle.api.internal.artifacts.ivyservice.resolveengine.graph.builder.NodeState::handleNewConstraints (16 bytes)
Event: 117.307 Thread 0x000001e52fda2250 nmethod 13970 0x000001e51da07210 code [0x000001e51da073c0, 0x000001e51da07568]
Event: 117.307 Thread 0x000001e52fda2250 13971       3       org.gradle.api.internal.artifacts.ivyservice.resolveengine.graph.builder.NodeState::handleEdgesToRecompute (27 bytes)
Event: 117.307 Thread 0x000001e52fda2250 nmethod 13971 0x000001e51da07610 code [0x000001e51da077c0, 0x000001e51da07a48]
Event: 117.313 Thread 0x000001e52fda2250 13973       3       org.gradle.api.internal.artifacts.ivyservice.resolveengine.excludes.simple.DefaultExcludeAnyOf::mayExcludeArtifacts (83 bytes)
Event: 117.314 Thread 0x000001e52fda2250 nmethod 13973 0x000001e51da07b10 code [0x000001e51da07d40, 0x000001e51da08698]
Event: 117.314 Thread 0x000001e52fda2250 13974       1       org.gradle.api.internal.artifacts.ivyservice.resolveengine.excludes.simple.DefaultModuleExclude::hashCode (5 bytes)
Event: 117.314 Thread 0x000001e52fda2250 nmethod 13974 0x000001e52462d390 code [0x000001e52462d520, 0x000001e52462d5f8]
Event: 117.337 Thread 0x000001e52fda2250 13980   !   3       java.util.concurrent.CopyOnWriteArrayList::remove (175 bytes)
Event: 117.338 Thread 0x000001e52fda2250 nmethod 13980 0x000001e51da08910 code [0x000001e51da08b60, 0x000001e51da09738]

GC Heap History (20 events):
Event: 23.533 GC heap before
{Heap before GC invocations=13 (full 0):
 garbage-first heap   total 262144K, used 205735K [0x00000000e0000000, 0x0000000100000000)
  region size 1024K, 153 young (156672K), 6 survivors (6144K)
 Metaspace       used 55048K, committed 55616K, reserved 393216K
  class space    used 7523K, committed 7808K, reserved 327680K
}
Event: 23.541 GC heap after
{Heap after GC invocations=14 (full 0):
 garbage-first heap   total 262144K, used 65252K [0x00000000e0000000, 0x0000000100000000)
  region size 1024K, 15 young (15360K), 15 survivors (15360K)
 Metaspace       used 55048K, committed 55616K, reserved 393216K
  class space    used 7523K, committed 7808K, reserved 327680K
}
Event: 52.424 GC heap before
{Heap before GC invocations=14 (full 0):
 garbage-first heap   total 262144K, used 204516K [0x00000000e0000000, 0x0000000100000000)
  region size 1024K, 152 young (155648K), 15 survivors (15360K)
 Metaspace       used 56111K, committed 56768K, reserved 393216K
  class space    used 7651K, committed 7936K, reserved 327680K
}
Event: 52.430 GC heap after
{Heap after GC invocations=15 (full 0):
 garbage-first heap   total 262144K, used 58878K [0x00000000e0000000, 0x0000000100000000)
  region size 1024K, 6 young (6144K), 6 survivors (6144K)
 Metaspace       used 56111K, committed 56768K, reserved 393216K
  class space    used 7651K, committed 7936K, reserved 327680K
}
Event: 57.003 GC heap before
{Heap before GC invocations=15 (full 0):
 garbage-first heap   total 262144K, used 207358K [0x00000000e0000000, 0x0000000100000000)
  region size 1024K, 152 young (155648K), 6 survivors (6144K)
 Metaspace       used 56320K, committed 56896K, reserved 393216K
  class space    used 7664K, committed 7936K, reserved 327680K
}
Event: 57.006 GC heap after
{Heap after GC invocations=16 (full 0):
 garbage-first heap   total 262144K, used 56868K [0x00000000e0000000, 0x0000000100000000)
  region size 1024K, 4 young (4096K), 4 survivors (4096K)
 Metaspace       used 56320K, committed 56896K, reserved 393216K
  class space    used 7664K, committed 7936K, reserved 327680K
}
Event: 57.583 GC heap before
{Heap before GC invocations=16 (full 0):
 garbage-first heap   total 262144K, used 208420K [0x00000000e0000000, 0x0000000100000000)
  region size 1024K, 153 young (156672K), 4 survivors (4096K)
 Metaspace       used 56363K, committed 57024K, reserved 393216K
  class space    used 7664K, committed 7936K, reserved 327680K
}
Event: 57.593 GC heap after
{Heap after GC invocations=17 (full 0):
 garbage-first heap   total 262144K, used 66475K [0x00000000e0000000, 0x0000000100000000)
  region size 1024K, 14 young (14336K), 14 survivors (14336K)
 Metaspace       used 56363K, committed 57024K, reserved 393216K
  class space    used 7664K, committed 7936K, reserved 327680K
}
Event: 66.758 GC heap before
{Heap before GC invocations=17 (full 0):
 garbage-first heap   total 262144K, used 207787K [0x00000000e0000000, 0x0000000100000000)
  region size 1024K, 153 young (156672K), 14 survivors (14336K)
 Metaspace       used 56451K, committed 57088K, reserved 393216K
  class space    used 7664K, committed 7936K, reserved 327680K
}
Event: 66.769 GC heap after
{Heap after GC invocations=18 (full 0):
 garbage-first heap   total 262144K, used 70313K [0x00000000e0000000, 0x0000000100000000)
  region size 1024K, 16 young (16384K), 16 survivors (16384K)
 Metaspace       used 56451K, committed 57088K, reserved 393216K
  class space    used 7664K, committed 7936K, reserved 327680K
}
Event: 73.395 GC heap before
{Heap before GC invocations=18 (full 0):
 garbage-first heap   total 262144K, used 202409K [0x00000000e0000000, 0x0000000100000000)
  region size 1024K, 146 young (149504K), 16 survivors (16384K)
 Metaspace       used 56664K, committed 57344K, reserved 393216K
  class space    used 7680K, committed 8000K, reserved 327680K
}
Event: 73.402 GC heap after
{Heap after GC invocations=19 (full 0):
 garbage-first heap   total 262144K, used 67035K [0x00000000e0000000, 0x0000000100000000)
  region size 1024K, 12 young (12288K), 12 survivors (12288K)
 Metaspace       used 56664K, committed 57344K, reserved 393216K
  class space    used 7680K, committed 8000K, reserved 327680K
}
Event: 74.087 GC heap before
{Heap before GC invocations=19 (full 0):
 garbage-first heap   total 262144K, used 201179K [0x00000000e0000000, 0x0000000100000000)
  region size 1024K, 144 young (147456K), 12 survivors (12288K)
 Metaspace       used 56863K, committed 57536K, reserved 393216K
  class space    used 7695K, committed 8000K, reserved 327680K
}
Event: 74.090 GC heap after
{Heap after GC invocations=20 (full 0):
 garbage-first heap   total 262144K, used 60577K [0x00000000e0000000, 0x0000000100000000)
  region size 1024K, 5 young (5120K), 5 survivors (5120K)
 Metaspace       used 56863K, committed 57536K, reserved 393216K
  class space    used 7695K, committed 8000K, reserved 327680K
}
Event: 74.867 GC heap before
{Heap before GC invocations=20 (full 0):
 garbage-first heap   total 262144K, used 204961K [0x00000000e0000000, 0x0000000100000000)
  region size 1024K, 147 young (150528K), 5 survivors (5120K)
 Metaspace       used 56887K, committed 57536K, reserved 393216K
  class space    used 7700K, committed 8000K, reserved 327680K
}
Event: 74.880 GC heap after
{Heap after GC invocations=21 (full 0):
 garbage-first heap   total 262144K, used 75674K [0x00000000e0000000, 0x0000000100000000)
  region size 1024K, 19 young (19456K), 19 survivors (19456K)
 Metaspace       used 56887K, committed 57536K, reserved 393216K
  class space    used 7700K, committed 8000K, reserved 327680K
}
Event: 96.542 GC heap before
{Heap before GC invocations=21 (full 0):
 garbage-first heap   total 262144K, used 201626K [0x00000000e0000000, 0x0000000100000000)
  region size 1024K, 143 young (146432K), 19 survivors (19456K)
 Metaspace       used 57009K, committed 57664K, reserved 393216K
  class space    used 7706K, committed 8000K, reserved 327680K
}
Event: 96.551 GC heap after
{Heap after GC invocations=22 (full 0):
 garbage-first heap   total 262144K, used 69957K [0x00000000e0000000, 0x0000000100000000)
  region size 1024K, 12 young (12288K), 12 survivors (12288K)
 Metaspace       used 57009K, committed 57664K, reserved 393216K
  class space    used 7706K, committed 8000K, reserved 327680K
}
Event: 117.346 GC heap before
{Heap before GC invocations=22 (full 0):
 garbage-first heap   total 262144K, used 200004K [0x00000000e0000000, 0x0000000100000000)
  region size 1024K, 140 young (143360K), 12 survivors (12288K)
 Metaspace       used 57106K, committed 57792K, reserved 393216K
  class space    used 7707K, committed 8000K, reserved 327680K
}
Event: 117.358 GC heap after
{Heap after GC invocations=23 (full 0):
 garbage-first heap   total 262144K, used 67024K [0x00000000e0000000, 0x0000000100000000)
  region size 1024K, 9 young (9216K), 9 survivors (9216K)
 Metaspace       used 57106K, committed 57792K, reserved 393216K
  class space    used 7707K, committed 8000K, reserved 327680K
}

Deoptimization events (20 events):
Event: 96.366 Thread 0x000001e54977e210 DEOPT PACKING pc=0x000001e51d6f9626 sp=0x000000b1846faa70
Event: 96.366 Thread 0x000001e54977e210 DEOPT UNPACKING pc=0x000001e523702b43 sp=0x000000b1846f9f88 mode 0
Event: 96.913 Thread 0x000001e54977e210 DEOPT PACKING pc=0x000001e51c251eb6 sp=0x000000b1846fb8d0
Event: 96.913 Thread 0x000001e54977e210 DEOPT UNPACKING pc=0x000001e523702b43 sp=0x000000b1846fade0 mode 0
Event: 113.964 Thread 0x000001e54b0f36d0 Uncommon trap: trap_request=0xffffffd6 fr.pc=0x000001e5246017d4 relative=0x0000000000000b34
Event: 113.964 Thread 0x000001e54b0f36d0 Uncommon trap: reason=array_check action=maybe_recompile pc=0x000001e5246017d4 method=com.google.common.collect.RegularImmutableMap.fromEntryArrayCheckingBucketOverflow(I[Ljava/util/Map$Entry;Z)Lcom/google/common/collect/ImmutableMap; @ 220 c2
Event: 113.964 Thread 0x000001e54b0f36d0 DEOPT PACKING pc=0x000001e5246017d4 sp=0x000000b1808f8eb0
Event: 113.965 Thread 0x000001e54b0f36d0 DEOPT UNPACKING pc=0x000001e5237023a3 sp=0x000000b1808f8e58 mode 2
Event: 113.965 Thread 0x000001e54b0f36d0 Uncommon trap: trap_request=0xffffffd6 fr.pc=0x000001e5246017d4 relative=0x0000000000000b34
Event: 113.965 Thread 0x000001e54b0f36d0 Uncommon trap: reason=array_check action=maybe_recompile pc=0x000001e5246017d4 method=com.google.common.collect.RegularImmutableMap.fromEntryArrayCheckingBucketOverflow(I[Ljava/util/Map$Entry;Z)Lcom/google/common/collect/ImmutableMap; @ 220 c2
Event: 113.965 Thread 0x000001e54b0f36d0 DEOPT PACKING pc=0x000001e5246017d4 sp=0x000000b1808f8eb0
Event: 113.965 Thread 0x000001e54b0f36d0 DEOPT UNPACKING pc=0x000001e5237023a3 sp=0x000000b1808f8e58 mode 2
Event: 113.965 Thread 0x000001e54b0f36d0 Uncommon trap: trap_request=0xffffffd6 fr.pc=0x000001e5246017d4 relative=0x0000000000000b34
Event: 113.965 Thread 0x000001e54b0f36d0 Uncommon trap: reason=array_check action=maybe_recompile pc=0x000001e5246017d4 method=com.google.common.collect.RegularImmutableMap.fromEntryArrayCheckingBucketOverflow(I[Ljava/util/Map$Entry;Z)Lcom/google/common/collect/ImmutableMap; @ 220 c2
Event: 113.965 Thread 0x000001e54b0f36d0 DEOPT PACKING pc=0x000001e5246017d4 sp=0x000000b1808f8eb0
Event: 113.965 Thread 0x000001e54b0f36d0 DEOPT UNPACKING pc=0x000001e5237023a3 sp=0x000000b1808f8e58 mode 2
Event: 113.965 Thread 0x000001e54b0f36d0 Uncommon trap: trap_request=0xffffffd6 fr.pc=0x000001e5246017d4 relative=0x0000000000000b34
Event: 113.965 Thread 0x000001e54b0f36d0 Uncommon trap: reason=array_check action=maybe_recompile pc=0x000001e5246017d4 method=com.google.common.collect.RegularImmutableMap.fromEntryArrayCheckingBucketOverflow(I[Ljava/util/Map$Entry;Z)Lcom/google/common/collect/ImmutableMap; @ 220 c2
Event: 113.965 Thread 0x000001e54b0f36d0 DEOPT PACKING pc=0x000001e5246017d4 sp=0x000000b1808f8eb0
Event: 113.965 Thread 0x000001e54b0f36d0 DEOPT UNPACKING pc=0x000001e5237023a3 sp=0x000000b1808f8e58 mode 2

Classes unloaded (0 events):
No events

Classes redefined (0 events):
No events

Internal exceptions (20 events):
Event: 73.882 Thread 0x000001e54b0f36d0 Exception <a 'java/lang/ClassNotFoundException'{0x00000000e93f2be8}: settings_5rmjcaidl78g56d5j1iu446i9Customizer> (0x00000000e93f2be8) 
thrown [s\open\src\hotspot\share\classfile\systemDictionary.cpp, line 256]
Event: 73.909 Thread 0x000001e54b0f36d0 Exception <a 'java/lang/ClassNotFoundException'{0x00000000e92cc728}: build_4iz51x3l0ayzn71x07evcyt4BeanInfo> (0x00000000e92cc728) 
thrown [s\open\src\hotspot\share\classfile\systemDictionary.cpp, line 256]
Event: 73.909 Thread 0x000001e54b0f36d0 Exception <a 'java/lang/ClassNotFoundException'{0x00000000e92d3020}: build_4iz51x3l0ayzn71x07evcyt4Customizer> (0x00000000e92d3020) 
thrown [s\open\src\hotspot\share\classfile\systemDictionary.cpp, line 256]
Event: 73.937 Thread 0x000001e54b0f36d0 Exception <a 'java/lang/NoClassDefFoundError'{0x00000000e8eab2b0}: org/jetbrains/kotlin/gradle/plugin/KotlinPluginWrapper> (0x00000000e8eab2b0) 
thrown [s\open\src\hotspot\share\oops\constantPool.cpp, line 835]
Event: 73.937 Thread 0x000001e54b0f36d0 Exception <a 'java/lang/NoClassDefFoundError'{0x00000000e8ead8f8}: org/graalvm/buildtools/gradle/NativeImagePlugin> (0x00000000e8ead8f8) 
thrown [s\open\src\hotspot\share\oops\constantPool.cpp, line 835]
Event: 73.968 Thread 0x000001e54b0f36d0 Exception <a 'java/lang/ClassNotFoundException'{0x00000000e8d573c8}: build_4iz51x3l0ayzn71x07evcyt4BeanInfo> (0x00000000e8d573c8) 
thrown [s\open\src\hotspot\share\classfile\systemDictionary.cpp, line 256]
Event: 73.968 Thread 0x000001e54b0f36d0 Exception <a 'java/lang/ClassNotFoundException'{0x00000000e8d5dc60}: build_4iz51x3l0ayzn71x07evcyt4Customizer> (0x00000000e8d5dc60) 
thrown [s\open\src\hotspot\share\classfile\systemDictionary.cpp, line 256]
Event: 74.899 Thread 0x000001e54aa38310 Implicit null exception at 0x000001e523fe00d2 to 0x000001e523fe0294
Event: 95.722 Thread 0x000001e54b0f36d0 Exception <a 'sun/nio/fs/WindowsException'{0x00000000ee0243b8}> (0x00000000ee0243b8) 
thrown [s\open\src\hotspot\share\prims\jni.cpp, line 516]
Event: 95.723 Thread 0x000001e54b0f36d0 Exception <a 'sun/nio/fs/WindowsException'{0x00000000ee025780}> (0x00000000ee025780) 
thrown [s\open\src\hotspot\share\prims\jni.cpp, line 516]
Event: 95.723 Thread 0x000001e54b0f36d0 Exception <a 'sun/nio/fs/WindowsException'{0x00000000ee026cd8}> (0x00000000ee026cd8) 
thrown [s\open\src\hotspot\share\prims\jni.cpp, line 516]
Event: 95.723 Thread 0x000001e54b0f36d0 Exception <a 'sun/nio/fs/WindowsException'{0x00000000ee028200}> (0x00000000ee028200) 
thrown [s\open\src\hotspot\share\prims\jni.cpp, line 516]
Event: 95.797 Thread 0x000001e54b0f36d0 Exception <a 'java/lang/NoClassDefFoundError'{0x00000000edcdc720}: org/jetbrains/kotlin/gradle/plugin/KotlinPluginWrapper> (0x00000000edcdc720) 
thrown [s\open\src\hotspot\share\oops\constantPool.cpp, line 835]
Event: 95.798 Thread 0x000001e54b0f36d0 Exception <a 'java/lang/NoClassDefFoundError'{0x00000000edcded68}: org/graalvm/buildtools/gradle/NativeImagePlugin> (0x00000000edcded68) 
thrown [s\open\src\hotspot\share\oops\constantPool.cpp, line 835]
Event: 113.896 Thread 0x000001e54b0f36d0 Exception <a 'sun/nio/fs/WindowsException'{0x00000000eb9ebb98}> (0x00000000eb9ebb98) 
thrown [s\open\src\hotspot\share\prims\jni.cpp, line 516]
Event: 113.896 Thread 0x000001e54b0f36d0 Exception <a 'sun/nio/fs/WindowsException'{0x00000000eb9ecf60}> (0x00000000eb9ecf60) 
thrown [s\open\src\hotspot\share\prims\jni.cpp, line 516]
Event: 113.896 Thread 0x000001e54b0f36d0 Exception <a 'sun/nio/fs/WindowsException'{0x00000000eb9ee4b8}> (0x00000000eb9ee4b8) 
thrown [s\open\src\hotspot\share\prims\jni.cpp, line 516]
Event: 113.896 Thread 0x000001e54b0f36d0 Exception <a 'sun/nio/fs/WindowsException'{0x00000000eb9ef9e0}> (0x00000000eb9ef9e0) 
thrown [s\open\src\hotspot\share\prims\jni.cpp, line 516]
Event: 113.983 Thread 0x000001e54b0f36d0 Exception <a 'java/lang/NoClassDefFoundError'{0x00000000eb4a2da8}: org/jetbrains/kotlin/gradle/plugin/KotlinPluginWrapper> (0x00000000eb4a2da8) 
thrown [s\open\src\hotspot\share\oops\constantPool.cpp, line 835]
Event: 113.983 Thread 0x000001e54b0f36d0 Exception <a 'java/lang/NoClassDefFoundError'{0x00000000eb4a53f0}: org/graalvm/buildtools/gradle/NativeImagePlugin> (0x00000000eb4a53f0) 
thrown [s\open\src\hotspot\share\oops\constantPool.cpp, line 835]

VM Operations (20 events):
Event: 75.895 Executing VM operation: Cleanup
Event: 75.895 Executing VM operation: Cleanup done
Event: 96.089 Executing VM operation: Cleanup
Event: 96.089 Executing VM operation: Cleanup done
Event: 96.541 Executing VM operation: G1CollectForAllocation
Event: 96.551 Executing VM operation: G1CollectForAllocation done
Event: 97.552 Executing VM operation: Cleanup
Event: 97.553 Executing VM operation: Cleanup done
Event: 99.557 Executing VM operation: Cleanup
Event: 99.557 Executing VM operation: Cleanup done
Event: 105.602 Executing VM operation: Cleanup
Event: 105.602 Executing VM operation: Cleanup done
Event: 113.685 Executing VM operation: Cleanup
Event: 113.686 Executing VM operation: Cleanup done
Event: 114.691 Executing VM operation: Cleanup
Event: 114.692 Executing VM operation: Cleanup done
Event: 115.702 Executing VM operation: Cleanup
Event: 115.702 Executing VM operation: Cleanup done
Event: 117.346 Executing VM operation: G1CollectForAllocation
Event: 117.358 Executing VM operation: G1CollectForAllocation done

Events (20 events):
Event: 114.101 Thread 0x000001e54b15f7d0 Thread added: 0x000001e54b15f7d0
Event: 114.103 Thread 0x000001e54d7e5330 Thread added: 0x000001e54d7e5330
Event: 114.105 Thread 0x000001e54d7e6260 Thread added: 0x000001e54d7e6260
Event: 114.106 Thread 0x000001e54d7e80c0 Thread added: 0x000001e54d7e80c0
Event: 114.108 Thread 0x000001e54d7e3ef0 Thread added: 0x000001e54d7e3ef0
Event: 114.110 Thread 0x000001e54d7e5840 Thread added: 0x000001e54d7e5840
Event: 114.112 Thread 0x000001e54d7e4910 Thread added: 0x000001e54d7e4910
Event: 114.114 Thread 0x000001e54d7e9500 Thread added: 0x000001e54d7e9500
Event: 114.116 Thread 0x000001e54d7e85d0 Thread added: 0x000001e54d7e85d0
Event: 114.118 Thread 0x000001e54d7e4e20 Thread added: 0x000001e54d7e4e20
Event: 114.120 Thread 0x000001e54d7e4400 Thread added: 0x000001e54d7e4400
Event: 114.122 Thread 0x000001e54d7e9a10 Thread added: 0x000001e54d7e9a10
Event: 114.124 Thread 0x000001e54d7e6c80 Thread added: 0x000001e54d7e6c80
Event: 114.126 Thread 0x000001e54d7eae50 Thread added: 0x000001e54d7eae50
Event: 114.128 Thread 0x000001e54d7e5d50 Thread added: 0x000001e54d7e5d50
Event: 114.130 Thread 0x000001e54d7e8ae0 Thread added: 0x000001e54d7e8ae0
Event: 114.131 Thread 0x000001e54d7e6770 Thread added: 0x000001e54d7e6770
Event: 114.133 Thread 0x000001e54d7e7190 Thread added: 0x000001e54d7e7190
Event: 114.135 Thread 0x000001e54d7e8ff0 Thread added: 0x000001e54d7e8ff0
Event: 114.137 Thread 0x000001e54d7e9f20 Thread added: 0x000001e54d7e9f20


Dynamic libraries:
0x00007ff7381f0000 - 0x00007ff738200000 	C:\Java\jdk-17.0.10\bin\java.exe
0x00007fff414d0000 - 0x00007fff416c5000 	C:\Windows\SYSTEM32\ntdll.dll
0x00007fff3f7d0000 - 0x00007fff3f88d000 	C:\Windows\System32\KERNEL32.DLL
0x00007fff3f050000 - 0x00007fff3f319000 	C:\Windows\System32\KERNELBASE.dll
0x00007fff3ee40000 - 0x00007fff3ef40000 	C:\Windows\System32\ucrtbase.dll
0x00007fff3a6f0000 - 0x00007fff3a70b000 	C:\Java\jdk-17.0.10\bin\VCRUNTIME140.dll
0x00007fff3a7c0000 - 0x00007fff3a7d9000 	C:\Java\jdk-17.0.10\bin\jli.dll
0x00007fff40410000 - 0x00007fff404bc000 	C:\Windows\System32\ADVAPI32.dll
0x00007fff3fb80000 - 0x00007fff3fc1e000 	C:\Windows\System32\msvcrt.dll
0x00007fff3f680000 - 0x00007fff3f71c000 	C:\Windows\System32\sechost.dll
0x00007fff3f550000 - 0x00007fff3f67b000 	C:\Windows\System32\RPCRT4.dll
0x00007fff40c10000 - 0x00007fff40db0000 	C:\Windows\System32\USER32.dll
0x00007fff269a0000 - 0x00007fff26c3a000 	C:\Windows\WinSxS\amd64_microsoft.windows.common-controls_6595b64144ccf1df_6.0.19041.844_none_ca00b6081b84eb1d\COMCTL32.dll
0x00007fff3ee10000 - 0x00007fff3ee32000 	C:\Windows\System32\win32u.dll
0x00007fff40f50000 - 0x00007fff40f7a000 	C:\Windows\System32\GDI32.dll
0x00007fff3ef40000 - 0x00007fff3f04b000 	C:\Windows\System32\gdi32full.dll
0x00007fff3ec60000 - 0x00007fff3ecfd000 	C:\Windows\System32\msvcp_win.dll
0x00007fff38030000 - 0x00007fff3803a000 	C:\Windows\SYSTEM32\VERSION.dll
0x00007fff40f20000 - 0x00007fff40f50000 	C:\Windows\System32\IMM32.DLL
0x00007fff3a8f0000 - 0x00007fff3a8fc000 	C:\Java\jdk-17.0.10\bin\vcruntime140_1.dll
0x00007fff0ae00000 - 0x00007fff0ae8e000 	C:\Java\jdk-17.0.10\bin\msvcp140.dll
0x00007ffefd680000 - 0x00007ffefe25f000 	C:\Java\jdk-17.0.10\bin\server\jvm.dll
0x00007fff41480000 - 0x00007fff41488000 	C:\Windows\System32\PSAPI.DLL
0x00007fff311d0000 - 0x00007fff311f7000 	C:\Windows\SYSTEM32\WINMM.dll
0x00007fff30340000 - 0x00007fff30349000 	C:\Windows\SYSTEM32\WSOCK32.dll
0x00007fff403a0000 - 0x00007fff4040b000 	C:\Windows\System32\WS2_32.dll
0x00007fff3ca70000 - 0x00007fff3ca82000 	C:\Windows\SYSTEM32\kernel.appcore.dll
0x00007fff3a690000 - 0x00007fff3a69a000 	C:\Java\jdk-17.0.10\bin\jimage.dll
0x00007fff31f80000 - 0x00007fff32164000 	C:\Windows\SYSTEM32\DBGHELP.DLL
0x00007fff32a90000 - 0x00007fff32abc000 	C:\Windows\SYSTEM32\dbgcore.DLL
0x00007fff3f350000 - 0x00007fff3f3d0000 	C:\Windows\System32\bcryptPrimitives.dll
0x00007fff38050000 - 0x00007fff3805e000 	C:\Java\jdk-17.0.10\bin\instrument.dll
0x00007fff3a660000 - 0x00007fff3a685000 	C:\Java\jdk-17.0.10\bin\java.dll
0x00007fff09e20000 - 0x00007fff09ef7000 	C:\Java\jdk-17.0.10\bin\jsvml.dll
0x00007fff404c0000 - 0x00007fff40c02000 	C:\Windows\System32\SHELL32.dll
0x00007fff3cd50000 - 0x00007fff3d4e0000 	C:\Windows\SYSTEM32\windows.storage.dll
0x00007fff40f80000 - 0x00007fff412d5000 	C:\Windows\System32\combase.dll
0x00007fff3e4f0000 - 0x00007fff3e51c000 	C:\Windows\SYSTEM32\Wldp.dll
0x00007fff40150000 - 0x00007fff401fe000 	C:\Windows\System32\SHCORE.dll
0x00007fff3fc20000 - 0x00007fff3fc75000 	C:\Windows\System32\shlwapi.dll
0x00007fff3eb50000 - 0x00007fff3eb6f000 	C:\Windows\SYSTEM32\profapi.dll
0x00007fff3a4d0000 - 0x00007fff3a4e8000 	C:\Java\jdk-17.0.10\bin\zip.dll
0x00007fff3a560000 - 0x00007fff3a579000 	C:\Java\jdk-17.0.10\bin\net.dll
0x00007fff38840000 - 0x00007fff3894c000 	C:\Windows\SYSTEM32\WINHTTP.dll
0x00007fff3e2d0000 - 0x00007fff3e33a000 	C:\Windows\system32\mswsock.dll
0x00007fff3a540000 - 0x00007fff3a556000 	C:\Java\jdk-17.0.10\bin\nio.dll
0x00007fff395d0000 - 0x00007fff395e0000 	C:\Java\jdk-17.0.10\bin\verify.dll
0x00007fff39140000 - 0x00007fff39167000 	C:\Java\gradle-8.5\native\c067742578af261105cb4f569cf0c3c89f3d7b1fecec35dd04571415982c5e48\windows-amd64\native-platform.dll
0x00007fff09080000 - 0x00007fff091c4000 	C:\Java\gradle-8.5\native\38dada09dfb8b06ba9b0570ebf7e218e3eb74d4ef43ca46872605cf95ebc2f47\windows-amd64\native-platform-file-events.dll
0x00007fff360f0000 - 0x00007fff360fa000 	C:\Java\jdk-17.0.10\bin\management.dll
0x00007fff33490000 - 0x00007fff3349b000 	C:\Java\jdk-17.0.10\bin\management_ext.dll
0x00007fff3e560000 - 0x00007fff3e578000 	C:\Windows\SYSTEM32\CRYPTSP.dll
0x00007fff3dc90000 - 0x00007fff3dcc4000 	C:\Windows\system32\rsaenh.dll
0x00007fff3f320000 - 0x00007fff3f347000 	C:\Windows\System32\bcrypt.dll
0x00007fff3eb10000 - 0x00007fff3eb3e000 	C:\Windows\SYSTEM32\USERENV.dll
0x00007fff3e450000 - 0x00007fff3e45c000 	C:\Windows\SYSTEM32\CRYPTBASE.dll
0x00007fff3dfe0000 - 0x00007fff3e01b000 	C:\Windows\SYSTEM32\IPHLPAPI.DLL
0x00007fff40200000 - 0x00007fff40208000 	C:\Windows\System32\NSI.dll
0x00007fff38820000 - 0x00007fff38837000 	C:\Windows\SYSTEM32\dhcpcsvc6.DLL
0x00007fff38780000 - 0x00007fff3879d000 	C:\Windows\SYSTEM32\dhcpcsvc.DLL
0x00007fff3e020000 - 0x00007fff3e0eb000 	C:\Windows\SYSTEM32\DNSAPI.dll
0x00007fff33480000 - 0x00007fff3348e000 	C:\Java\jdk-17.0.10\bin\sunmscapi.dll
0x00007fff3f3d0000 - 0x00007fff3f52f000 	C:\Windows\System32\CRYPT32.dll
0x00007fff3e5a0000 - 0x00007fff3e5c7000 	C:\Windows\SYSTEM32\ncrypt.dll
0x00007fff3e520000 - 0x00007fff3e55b000 	C:\Windows\SYSTEM32\NTASN1.dll
0x00007fff3a4c0000 - 0x00007fff3a4c7000 	C:\Windows\system32\wshunix.dll

dbghelp: loaded successfully - version: 4.0.5 - missing functions: none
symbol engine: initialized successfully - sym options: 0x614 - pdb path: .;C:\Java\jdk-17.0.10\bin;C:\Windows\SYSTEM32;C:\Windows\WinSxS\amd64_microsoft.windows.common-controls_6595b64144ccf1df_6.0.19041.844_none_ca00b6081b84eb1d;C:\Java\jdk-17.0.10\bin\server;C:\Java\gradle-8.5\native\c067742578af261105cb4f569cf0c3c89f3d7b1fecec35dd04571415982c5e48\windows-amd64;C:\Java\gradle-8.5\native\38dada09dfb8b06ba9b0570ebf7e218e3eb74d4ef43ca46872605cf95ebc2f47\windows-amd64

VM Arguments:
jvm_args: --add-opens=java.base/java.util=ALL-UNNAMED --add-opens=java.base/java.lang=ALL-UNNAMED --add-opens=java.base/java.lang.invoke=ALL-UNNAMED --add-opens=java.prefs/java.util.prefs=ALL-UNNAMED --add-opens=java.base/java.nio.charset=ALL-UNNAMED --add-opens=java.base/java.net=ALL-UNNAMED --add-opens=java.base/java.util.concurrent.atomic=ALL-UNNAMED -XX:MaxMetaspaceSize=384m -XX:+HeapDumpOnOutOfMemoryError -Xms256m -Xmx512m -Dfile.encoding=windows-1252 -Duser.country=US -Duser.language=en -Duser.variant -javaagent:C:\Java\gradle-8.5\lib\agents\gradle-instrumentation-agent-8.5.jar 
java_command: org.gradle.launcher.daemon.bootstrap.GradleDaemon 8.5
java_class_path (initial): C:\Java\gradle-8.5\lib\gradle-launcher-8.5.jar
Launcher Type: SUN_STANDARD

[Global flags]
     intx CICompilerCount                          = 4                                         {product} {ergonomic}
   size_t CompressedClassSpaceSize                 = 335544320                                 {product} {ergonomic}
     uint ConcGCThreads                            = 3                                         {product} {ergonomic}
     uint G1ConcRefinementThreads                  = 10                                        {product} {ergonomic}
   size_t G1HeapRegionSize                         = 1048576                                   {product} {ergonomic}
    uintx GCDrainStackTargetSize                   = 64                                        {product} {ergonomic}
     bool HeapDumpOnOutOfMemoryError               = true                                   {manageable} {command line}
   size_t InitialHeapSize                          = 268435456                                 {product} {command line}
   size_t MarkStackSize                            = 4194304                                   {product} {ergonomic}
   size_t MaxHeapSize                              = 536870912                                 {product} {command line}
   size_t MaxMetaspaceSize                         = 402653184                                 {product} {command line}
   size_t MaxNewSize                               = 321912832                                 {product} {ergonomic}
   size_t MinHeapDeltaBytes                        = 1048576                                   {product} {ergonomic}
   size_t MinHeapSize                              = 268435456                                 {product} {command line}
    uintx NonNMethodCodeHeapSize                   = 5839372                                {pd product} {ergonomic}
    uintx NonProfiledCodeHeapSize                  = 122909434                              {pd product} {ergonomic}
    uintx ProfiledCodeHeapSize                     = 122909434                              {pd product} {ergonomic}
    uintx ReservedCodeCacheSize                    = 251658240                              {pd product} {ergonomic}
     bool SegmentedCodeCache                       = true                                      {product} {ergonomic}
   size_t SoftMaxHeapSize                          = 536870912                              {manageable} {ergonomic}
     bool UseCompressedClassPointers               = true                           {product lp64_product} {ergonomic}
     bool UseCompressedOops                        = true                           {product lp64_product} {ergonomic}
     bool UseG1GC                                  = true                                      {product} {ergonomic}
     bool UseLargePagesIndividualAllocation        = false                                  {pd product} {ergonomic}

Logging:
Log output configuration:
 #0: stdout all=warning uptime,level,tags
 #1: stderr all=off uptime,level,tags

Environment Variables:
JAVA_HOME=C:\Java\jdk-17.0.10
PATH=C:\Python\Python312\Scripts\;C:\Python\Python312\;C:\Program Files\Common Files\Oracle\Java\javapath;C:\Program Files\copasi.org\COPASI 4.30.240\bin;C:\Program Files (x86)\Common Files\Intel\Shared Files\cpp\bin\Intel64;C:\ProgramData\Anaconda3;C:\ProgramData\Anaconda3\Library\mingw-w64\bin;C:\ProgramData\Anaconda3\Library\usr\bin;C:\ProgramData\Anaconda3\Library\bin;C:\ProgramData\Anaconda3\Scripts;C:\Windows\system32;C:\Windows;C:\Windows\System32\Wbem;C:\Windows\System32\WindowsPowerShell\v1.0\;C:\Windows\System32\OpenSSH\;C:\Program Files\MATLAB\R2013a\runtime\win64;C:\Program Files\MATLAB\R2013a\bin;C:\Program Files\java\jdk-11.0.9\bin;C:\Program Files\MongoDB\Server\4.4\bin;C:\Program Files\Git\cmd;C:\Program Files (x86)\Microsoft SQL Server\Client SDK\ODBC\110\Tools\Binn\;C:\Program Files (x86)\Microsoft SQL Server\120\Tools\Binn\;C:\Program Files (x86)\Microsoft SQL Server\120\DTS\Binn\;C:\Program Files\Microsoft SQL Server\130\Tools\Binn\;C:\Program Files\dotnet\;C:\Program Files\Microsoft SQL Server\Client SDK\ODBC\170\Tools\Binn\;C:\Program Files (x86)\Microsoft SQL Server\150\Tools\Binn\;C:\Program Files\Microsoft SQL Server\150\Tools\Binn\;C:\Program Files (x86)\Microsoft SQL Server\150\DTS\Binn\;C:\Program Files\Microsoft SQL Server\150\DTS\Binn\;C:\Program Files\Azure Data Studio\bin;C:\Program Files\Docker\Docker\resources\bin;C:\Users\Student\AppData\Local\Microsoft\WindowsApps;;C:\Users\Student\AppData\Local\Programs\Microsoft VS Code\bin;C:\Users\Student\.dotnet\tools;C:\Program Files\Azure Data Studio\bin;C:\Users\Student\AppData\Local\Programs\mongosh\
USERNAME=Student
OS=Windows_NT
PROCESSOR_IDENTIFIER=Intel64 Family 6 Model 165 Stepping 3, GenuineIntel



---------------  S Y S T E M  ---------------

OS:
 Windows 10 , 64 bit Build 19041 (10.0.19041.804)
OS uptime: 0 days 2:42 hours
Hyper-V role detected

CPU: total 12 (initial active 12) (6 cores per cpu, 2 threads per core) family 6 model 165 stepping 3 microcode 0xe0, cx8, cmov, fxsr, ht, mmx, 3dnowpref, sse, sse2, sse3, ssse3, sse4.1, sse4.2, popcnt, lzcnt, tsc, tscinvbit, avx, avx2, aes, erms, clmul, bmi1, bmi2, adx, fma, vzeroupper, clflush, clflushopt, hv

Memory: 4k page, system-wide physical 7939M (264M free)
TotalPageFile size 11539M (AvailPageFile size 360M)
current process WorkingSet (physical memory assigned to process): 422M, peak: 467M
current process commit charge ("private bytes"): 507M, peak: 557M

vm_info: Java HotSpot(TM) 64-Bit Server VM (17.0.10+11-LTS-240) for windows-amd64 JRE (17.0.10+11-LTS-240), built on Dec 19 2023 21:47:25 by "mach5one" with MS VC++ 17.1 (VS2022)

END.
