#
# There is insufficient memory for the Java Runtime Environment to continue.
# Native memory allocation (malloc) failed to allocate 1365936 bytes for Chunk::new
# Possible reasons:
#   The system is out of physical RAM or swap space
#   The process is running with CompressedOops enabled, and the Java Heap may be blocking the growth of the native heap
# Possible solutions:
#   Reduce memory load on the system
#   Increase physical memory or swap space
#   Check if swap backing store is full
#   Decrease Java heap size (-Xmx/-Xms)
#   Decrease number of Java threads
#   Decrease Java thread stack sizes (-Xss)
#   Set larger code cache with -XX:ReservedCodeCacheSize=
#   JVM is running with Unscaled Compressed Oops mode in which the Java heap is
#     placed in the first 4GB address space. The Java Heap base address is the
#     maximum limit for the native heap growth. Please use -XX:HeapBaseMinAddress
#     to set the Java Heap base and to place the Java Heap above 4GB virtual address.
# This output file may be truncated or incomplete.
#
#  Out of Memory Error (arena.cpp:189), pid=13656, tid=14060
#
# JRE version: Java(TM) SE Runtime Environment (17.0.10+11) (build 17.0.10+11-LTS-240)
# Java VM: Java HotSpot(TM) 64-Bit Server VM (17.0.10+11-LTS-240, mixed mode, sharing, tiered, compressed oops, compressed class ptrs, g1 gc, windows-amd64)
# No core dump will be written. Minidumps are not enabled by default on client versions of Windows
#

---------------  S U M M A R Y ------------

Command Line: --add-opens=java.base/java.util=ALL-UNNAMED --add-opens=java.base/java.lang=ALL-UNNAMED --add-opens=java.base/java.lang.invoke=ALL-UNNAMED --add-opens=java.prefs/java.util.prefs=ALL-UNNAMED --add-opens=java.base/java.nio.charset=ALL-UNNAMED --add-opens=java.base/java.net=ALL-UNNAMED --add-opens=java.base/java.util.concurrent.atomic=ALL-UNNAMED -XX:MaxMetaspaceSize=384m -XX:+HeapDumpOnOutOfMemoryError -Xms256m -Xmx512m -Dfile.encoding=windows-1252 -Duser.country=US -Duser.language=en -Duser.variant -javaagent:C:\Java\gradle-8.5\lib\agents\gradle-instrumentation-agent-8.5.jar org.gradle.launcher.daemon.bootstrap.GradleDaemon 8.5

Host: Intel(R) Core(TM) i5-10400 CPU @ 2.90GHz, 12 cores, 7G,  Windows 10 , 64 bit Build 19041 (10.0.19041.804)
Time: Fri Mar 15 16:42:58 2024 SE Asia Standard Time elapsed time: 151.448000 seconds (0d 0h 2m 31s)

---------------  T H R E A D  ---------------

Current thread (0x000001ce1b29d550):  JavaThread "C2 CompilerThread1" daemon [_thread_in_native, id=14060, stack(0x000000456c400000,0x000000456c500000)]


Current CompileTask:
C2: 151448 11016       4       io.spring.gradle.dependencymanagement.org.apache.maven.model.inheritance.DefaultInheritanceAssembler$InheritanceModelMerger::mergePluginContainer_Plugins (430 bytes)

Stack: [0x000000456c400000,0x000000456c500000]
Native frames: (J=compiled Java code, j=interpreted, Vv=VM code, C=native code)
V  [jvm.dll+0x677a5a]
V  [jvm.dll+0x7d8b2d]
V  [jvm.dll+0x7da48e]
V  [jvm.dll+0x7daaf3]
V  [jvm.dll+0x2455ff]
V  [jvm.dll+0xaaafb]
V  [jvm.dll+0xab09c]
V  [jvm.dll+0x361b5f]
V  [jvm.dll+0x1bb3ca]
V  [jvm.dll+0x217aa7]
V  [jvm.dll+0x216d81]
V  [jvm.dll+0x1a3410]
V  [jvm.dll+0x226aeb]
V  [jvm.dll+0x224cab]
V  [jvm.dll+0x78e45c]
V  [jvm.dll+0x78888a]
V  [jvm.dll+0x676935]
C  [ucrtbase.dll+0x21bb2]
C  [KERNEL32.DLL+0x17034]
C  [ntdll.dll+0x52651]


---------------  P R O C E S S  ---------------

Threads class SMR info:
_java_thread_list=0x000001ce1bc38ed0, length=57, elements={
0x000001ce63f023f0, 0x000001ce7ec632d0, 0x000001ce7ec63da0, 0x000001ce7ec77b60,
0x000001ce7ec7a540, 0x000001ce7ec7de30, 0x000001ce7ec80710, 0x000001ce7ec848c0,
0x000001ce7ec8d690, 0x000001ce7ec8dfa0, 0x000001ce7ec94160, 0x000001ce7efd9d00,
0x000001ce1a083930, 0x000001ce1a34c000, 0x000001ce1a199140, 0x000001ce19d7b220,
0x000001ce19d78eb0, 0x000001ce19d798d0, 0x000001ce19d789a0, 0x000001ce1c536050,
0x000001ce1c530f50, 0x000001ce1c5332c0, 0x000001ce1c531970, 0x000001ce1c5337d0,
0x000001ce1c534c10, 0x000001ce1c533ce0, 0x000001ce1c532390, 0x000001ce1c534700,
0x000001ce1c531460, 0x000001ce7f1c3370, 0x000001ce7f1c6b20, 0x000001ce7f1c51d0,
0x000001ce7f1c56e0, 0x000001ce7f1c5bf0, 0x000001ce7f1c1000, 0x000001ce1a72a000,
0x000001ce1a725920, 0x000001ce1a7249f0, 0x000001ce1a72aa20, 0x000001ce1a72af30,
0x000001ce1b4ccbf0, 0x000001ce1b29d550, 0x000001ce1a455de0, 0x000001ce1da21560,
0x000001ce1da1ddb0, 0x000001ce1da20120, 0x000001ce1da1c460, 0x000001ce1da20630,
0x000001ce1da1d8a0, 0x000001ce1da1f700, 0x000001ce1da20b40, 0x000001ce1da1e7d0,
0x000001ce1da1ce80, 0x000001ce1da21a70, 0x000001ce1da1bf50, 0x000001ce1da1b530,
0x000001ce1da1fc10
}

Java Threads: ( => current thread )
  0x000001ce63f023f0 JavaThread "main" [_thread_blocked, id=4492, stack(0x0000004568900000,0x0000004568a00000)]
  0x000001ce7ec632d0 JavaThread "Reference Handler" daemon [_thread_blocked, id=6724, stack(0x0000004569000000,0x0000004569100000)]
  0x000001ce7ec63da0 JavaThread "Finalizer" daemon [_thread_blocked, id=11180, stack(0x0000004569100000,0x0000004569200000)]
  0x000001ce7ec77b60 JavaThread "Signal Dispatcher" daemon [_thread_blocked, id=10644, stack(0x0000004569200000,0x0000004569300000)]
  0x000001ce7ec7a540 JavaThread "Attach Listener" daemon [_thread_blocked, id=10128, stack(0x0000004569300000,0x0000004569400000)]
  0x000001ce7ec7de30 JavaThread "Service Thread" daemon [_thread_blocked, id=11660, stack(0x0000004569400000,0x0000004569500000)]
  0x000001ce7ec80710 JavaThread "Monitor Deflation Thread" daemon [_thread_blocked, id=11404, stack(0x0000004569500000,0x0000004569600000)]
  0x000001ce7ec848c0 JavaThread "C2 CompilerThread0" daemon [_thread_blocked, id=13880, stack(0x0000004569600000,0x0000004569700000)]
  0x000001ce7ec8d690 JavaThread "C1 CompilerThread0" daemon [_thread_in_vm, id=14856, stack(0x0000004569700000,0x0000004569800000)]
  0x000001ce7ec8dfa0 JavaThread "Sweeper thread" daemon [_thread_blocked, id=12544, stack(0x0000004569800000,0x0000004569900000)]
  0x000001ce7ec94160 JavaThread "Common-Cleaner" daemon [_thread_blocked, id=10880, stack(0x0000004569900000,0x0000004569a00000)]
  0x000001ce7efd9d00 JavaThread "Notification Thread" daemon [_thread_blocked, id=6216, stack(0x0000004569a00000,0x0000004569b00000)]
  0x000001ce1a083930 JavaThread "Daemon health stats" [_thread_blocked, id=9388, stack(0x000000456a200000,0x000000456a300000)]
  0x000001ce1a34c000 JavaThread "Incoming local TCP Connector on port 52258" [_thread_in_native, id=9224, stack(0x0000004569c00000,0x0000004569d00000)]
  0x000001ce1a199140 JavaThread "Daemon periodic checks" [_thread_blocked, id=11792, stack(0x000000456a300000,0x000000456a400000)]
  0x000001ce19d7b220 JavaThread "Cache worker for journal cache (C:\Java\gradle-8.5\caches\journal-1)" [_thread_blocked, id=9264, stack(0x000000456ab00000,0x000000456ac00000)]
  0x000001ce19d78eb0 JavaThread "File lock request listener" [_thread_in_native, id=14980, stack(0x000000456ac00000,0x000000456ad00000)]
  0x000001ce19d798d0 JavaThread "Cache worker for file hash cache (C:\Java\gradle-8.5\caches\8.5\fileHashes)" [_thread_blocked, id=1424, stack(0x000000456af00000,0x000000456b000000)]
  0x000001ce19d789a0 JavaThread "File watcher server" daemon [_thread_in_native, id=3444, stack(0x000000456b000000,0x000000456b100000)]
  0x000001ce1c536050 JavaThread "File watcher consumer" daemon [_thread_blocked, id=11416, stack(0x000000456b100000,0x000000456b200000)]
  0x000001ce1c530f50 JavaThread "Cache worker for file content cache (C:\Java\gradle-8.5\caches\8.5\fileContent)" [_thread_blocked, id=9352, stack(0x000000456bb00000,0x000000456bc00000)]
  0x000001ce1c5332c0 JavaThread "Cache worker for execution history cache (C:\Java\gradle-8.5\caches\8.5\executionHistory)" [_thread_blocked, id=11772, stack(0x000000456bd00000,0x000000456be00000)]
  0x000001ce1c531970 JavaThread "jar transforms" [_thread_blocked, id=14124, stack(0x000000456bc00000,0x000000456bd00000)]
  0x000001ce1c5337d0 JavaThread "jar transforms Thread 2" [_thread_blocked, id=12804, stack(0x000000456be00000,0x000000456bf00000)]
  0x000001ce1c534c10 JavaThread "jar transforms Thread 3" [_thread_blocked, id=9112, stack(0x000000456bf00000,0x000000456c000000)]
  0x000001ce1c533ce0 JavaThread "jar transforms Thread 4" [_thread_blocked, id=11176, stack(0x000000456c000000,0x000000456c100000)]
  0x000001ce1c532390 JavaThread "jar transforms Thread 5" [_thread_blocked, id=5216, stack(0x000000456c100000,0x000000456c200000)]
  0x000001ce1c534700 JavaThread "jar transforms Thread 6" [_thread_blocked, id=10112, stack(0x000000456c200000,0x000000456c300000)]
  0x000001ce1c531460 JavaThread "jar transforms Thread 7" [_thread_blocked, id=11008, stack(0x000000456c300000,0x000000456c400000)]
  0x000001ce7f1c3370 JavaThread "jar transforms Thread 8" [_thread_blocked, id=1520, stack(0x000000456d100000,0x000000456d200000)]
  0x000001ce7f1c6b20 JavaThread "jar transforms Thread 9" [_thread_blocked, id=7012, stack(0x000000456d200000,0x000000456d300000)]
  0x000001ce7f1c51d0 JavaThread "jar transforms Thread 10" [_thread_blocked, id=14408, stack(0x000000456d300000,0x000000456d400000)]
  0x000001ce7f1c56e0 JavaThread "jar transforms Thread 11" [_thread_blocked, id=14244, stack(0x000000456d400000,0x000000456d500000)]
  0x000001ce7f1c5bf0 JavaThread "jar transforms Thread 12" [_thread_blocked, id=3132, stack(0x000000456d500000,0x000000456d600000)]
  0x000001ce7f1c1000 JavaThread "Memory manager" [_thread_blocked, id=3020, stack(0x000000456d600000,0x000000456d700000)]
  0x000001ce1a72a000 JavaThread "Daemon Thread 2" [_thread_blocked, id=10500, stack(0x0000004568600000,0x0000004568700000)]
  0x000001ce1a725920 JavaThread "Daemon Thread 3" [_thread_blocked, id=15156, stack(0x0000004568800000,0x0000004568900000)]
  0x000001ce1a7249f0 JavaThread "Daemon Thread 4" [_thread_blocked, id=14848, stack(0x000000456a600000,0x000000456a700000)]
  0x000001ce1a72aa20 JavaThread "Daemon worker Thread 2" [_thread_in_vm, id=11368, stack(0x000000456a900000,0x000000456aa00000)]
  0x000001ce1a72af30 JavaThread "Daemon Thread 5" [_thread_blocked, id=13044, stack(0x000000456aa00000,0x000000456ab00000)]
  0x000001ce1b4ccbf0 JavaThread "included builds" [_thread_blocked, id=7612, stack(0x000000456d700000,0x000000456d800000)]
=>0x000001ce1b29d550 JavaThread "C2 CompilerThread1" daemon [_thread_in_native, id=14060, stack(0x000000456c400000,0x000000456c500000)]
  0x000001ce1a455de0 JavaThread "included builds" [_thread_blocked, id=13300, stack(0x000000456d900000,0x000000456da00000)]
  0x000001ce1da21560 JavaThread "Handler for socket connection from /127.0.0.1:52258 to /127.0.0.1:52282" [_thread_in_native, id=892, stack(0x0000004568700000,0x0000004568800000)]
  0x000001ce1da1ddb0 JavaThread "Cancel handler" [_thread_blocked, id=12600, stack(0x000000456a500000,0x000000456a600000)]
  0x000001ce1da20120 JavaThread "Asynchronous log dispatcher for DefaultDaemonConnection: socket connection from /127.0.0.1:52258 to /127.0.0.1:52282" [_thread_blocked, id=7652, stack(0x000000456a700000,0x000000456a800000)]
  0x000001ce1da1c460 JavaThread "Stdin handler" [_thread_blocked, id=12072, stack(0x000000456a800000,0x000000456a900000)]
  0x000001ce1da20630 JavaThread "Daemon client event forwarder" [_thread_blocked, id=12516, stack(0x000000456ad00000,0x000000456ae00000)]
  0x000001ce1da1d8a0 JavaThread "Cache worker for checksums cache (T:\STT12_PhamHaNam_week6\gateway\.gradle\8.5\checksums)" [_thread_blocked, id=2132, stack(0x000000456a400000,0x000000456a500000)]
  0x000001ce1da1f700 JavaThread "Cache worker for file hash cache (T:\STT12_PhamHaNam_week6\gateway\.gradle\8.5\fileHashes)" [_thread_blocked, id=9664, stack(0x000000456ae00000,0x000000456af00000)]
  0x000001ce1da20b40 JavaThread "Cache worker for dependencies-accessors (T:\STT12_PhamHaNam_week6\gateway\.gradle\8.5\dependencies-accessors)" [_thread_blocked, id=15248, stack(0x000000456ba00000,0x000000456bb00000)]
  0x000001ce1da1e7d0 JavaThread "Unconstrained build operations" [_thread_blocked, id=14276, stack(0x000000456c600000,0x000000456c700000)]
  0x000001ce1da1ce80 JavaThread "Unconstrained build operations Thread 2" [_thread_blocked, id=9576, stack(0x000000456c700000,0x000000456c800000)]
  0x000001ce1da21a70 JavaThread "Unconstrained build operations Thread 3" [_thread_blocked, id=12452, stack(0x000000456c800000,0x000000456c900000)]
  0x000001ce1da1bf50 JavaThread "Unconstrained build operations Thread 4" [_thread_blocked, id=14752, stack(0x000000456c900000,0x000000456ca00000)]
  0x000001ce1da1b530 JavaThread "Unconstrained build operations Thread 5" [_thread_blocked, id=8064, stack(0x000000456ca00000,0x000000456cb00000)]
  0x000001ce1da1fc10 JavaThread "Unconstrained build operations Thread 6" [_thread_blocked, id=11788, stack(0x000000456cb00000,0x000000456cc00000)]

Other Threads:
  0x000001ce7ec5d510 VMThread "VM Thread" [stack: 0x0000004568f00000,0x0000004569000000] [id=11688]
  0x000001ce63f49e60 WatcherThread [stack: 0x0000004569b00000,0x0000004569c00000] [id=10236]
  0x000001ce63f34c00 GCTaskThread "GC Thread#0" [stack: 0x0000004568a00000,0x0000004568b00000] [id=14712]
  0x000001ce7f43b1c0 GCTaskThread "GC Thread#1" [stack: 0x0000004569d00000,0x0000004569e00000] [id=9852]
  0x000001ce19104a00 GCTaskThread "GC Thread#2" [stack: 0x0000004569e00000,0x0000004569f00000] [id=9608]
  0x000001ce19104cc0 GCTaskThread "GC Thread#3" [stack: 0x0000004569f00000,0x000000456a000000] [id=15232]
  0x000001ce19104f80 GCTaskThread "GC Thread#4" [stack: 0x000000456a000000,0x000000456a100000] [id=9544]
  0x000001ce7f5393f0 GCTaskThread "GC Thread#5" [stack: 0x000000456a100000,0x000000456a200000] [id=9104]
  0x000001ce1ae26720 GCTaskThread "GC Thread#6" [stack: 0x000000456b200000,0x000000456b300000] [id=10556]
  0x000001ce1a95b040 GCTaskThread "GC Thread#7" [stack: 0x000000456b300000,0x000000456b400000] [id=12668]
  0x000001ce7f1e7a80 GCTaskThread "GC Thread#8" [stack: 0x000000456b400000,0x000000456b500000] [id=10020]
  0x000001ce7f1e7d40 GCTaskThread "GC Thread#9" [stack: 0x000000456b500000,0x000000456b600000] [id=12280]
  0x000001ce63f39a60 ConcurrentGCThread "G1 Main Marker" [stack: 0x0000004568b00000,0x0000004568c00000] [id=14860]
  0x000001ce63f3a380 ConcurrentGCThread "G1 Conc#0" [stack: 0x0000004568c00000,0x0000004568d00000] [id=14824]
  0x000001ce7ee71ca0 ConcurrentGCThread "G1 Conc#1" [stack: 0x000000456b600000,0x000000456b700000] [id=11124]
  0x000001ce19f50fa0 ConcurrentGCThread "G1 Conc#2" [stack: 0x000000456b700000,0x000000456b800000] [id=13560]
  0x000001ce7eb014d0 ConcurrentGCThread "G1 Refine#0" [stack: 0x0000004568d00000,0x0000004568e00000] [id=12972]
  0x000001ce1b71d900 ConcurrentGCThread "G1 Refine#1" [stack: 0x000000456e400000,0x000000456e500000] [id=6528]
  0x000001ce7eb02bc0 ConcurrentGCThread "G1 Service" [stack: 0x0000004568e00000,0x0000004568f00000] [id=10668]

Threads with active compile tasks:
C1 CompilerThread0   152207 11407       3       java.io.ObjectStreamClass::forClass (52 bytes)
C2 CompilerThread1   152207 11016       4       io.spring.gradle.dependencymanagement.org.apache.maven.model.inheritance.DefaultInheritanceAssembler$InheritanceModelMerger::mergePluginContainer_Plugins (430 bytes)

VM state: not at safepoint (normal execution)

VM Mutex/Monitor currently owned by a thread:  ([mutex/lock_event])
[0x000001ce63efdea0] Metaspace_lock - owner thread: 0x000001ce7ec8d690
[0x000001ce63effa80] MethodData_lock - owner thread: 0x000001ce7ec8d690

OutOfMemory and StackOverflow Exception counts:
OutOfMemoryError java_heap_errors=1
LinkageErrors=130

Heap address: 0x00000000e0000000, size: 512 MB, Compressed Oops mode: 32-bit

CDS archive(s) mapped at: [0x000001ce00000000-0x000001ce00bd0000-0x000001ce00bd0000), size 12386304, SharedBaseAddress: 0x000001ce00000000, ArchiveRelocationMode: 1.
Compressed class space mapped at: 0x000001ce01000000-0x000001ce15000000, reserved size: 335544320
Narrow klass base: 0x000001ce00000000, Narrow klass shift: 0, Narrow klass range: 0x100000000

GC Precious Log:
 CPUs: 12 total, 12 available
 Memory: 7939M
 Large Page Support: Disabled
 NUMA Support: Disabled
 Compressed Oops: Enabled (32-bit)
 Heap Region Size: 1M
 Heap Min Capacity: 256M
 Heap Initial Capacity: 256M
 Heap Max Capacity: 512M
 Pre-touch: Disabled
 Parallel Workers: 10
 Concurrent Workers: 3
 Concurrent Refinement Workers: 10
 Periodic GC: Disabled

Heap:
 garbage-first heap   total 262144K, used 87513K [0x00000000e0000000, 0x0000000100000000)
  region size 1024K, 45 young (46080K), 16 survivors (16384K)
 Metaspace       used 55114K, committed 55680K, reserved 393216K
  class space    used 7520K, committed 7808K, reserved 327680K

Heap Regions: E=young(eden), S=young(survivor), O=old, HS=humongous(starts), HC=humongous(continues), CS=collection set, F=free, OA=open archive, CA=closed archive, TAMS=top-at-mark-start (previous, next)
|   0|0x00000000e0000000, 0x00000000e0100000, 0x00000000e0100000|100%|HS|  |TAMS 0x00000000e0100000, 0x00000000e0000000| Complete 
|   1|0x00000000e0100000, 0x00000000e0200000, 0x00000000e0200000|100%|HC|  |TAMS 0x00000000e0200000, 0x00000000e0100000| Complete 
|   2|0x00000000e0200000, 0x00000000e0300000, 0x00000000e0300000|100%|HC|  |TAMS 0x00000000e0300000, 0x00000000e0200000| Complete 
|   3|0x00000000e0300000, 0x00000000e0400000, 0x00000000e0400000|100%|HC|  |TAMS 0x00000000e0400000, 0x00000000e0300000| Complete 
|   4|0x00000000e0400000, 0x00000000e0500000, 0x00000000e0500000|100%| O|  |TAMS 0x00000000e0500000, 0x00000000e0400000| Untracked 
|   5|0x00000000e0500000, 0x00000000e0600000, 0x00000000e0600000|100%| O|  |TAMS 0x00000000e0500000, 0x00000000e0500000| Untracked 
|   6|0x00000000e0600000, 0x00000000e0700000, 0x00000000e0700000|100%| O|  |TAMS 0x00000000e0700000, 0x00000000e0600000| Untracked 
|   7|0x00000000e0700000, 0x00000000e0800000, 0x00000000e0800000|100%| O|  |TAMS 0x00000000e0800000, 0x00000000e0700000| Untracked 
|   8|0x00000000e0800000, 0x00000000e0900000, 0x00000000e0900000|100%| O|  |TAMS 0x00000000e0900000, 0x00000000e0800000| Untracked 
|   9|0x00000000e0900000, 0x00000000e0a00000, 0x00000000e0a00000|100%| O|  |TAMS 0x00000000e0a00000, 0x00000000e0900000| Untracked 
|  10|0x00000000e0a00000, 0x00000000e0b00000, 0x00000000e0b00000|100%| O|  |TAMS 0x00000000e0b00000, 0x00000000e0a00000| Untracked 
|  11|0x00000000e0b00000, 0x00000000e0c00000, 0x00000000e0c00000|100%| O|  |TAMS 0x00000000e0c00000, 0x00000000e0b00000| Untracked 
|  12|0x00000000e0c00000, 0x00000000e0d00000, 0x00000000e0d00000|100%| O|  |TAMS 0x00000000e0d00000, 0x00000000e0c00000| Untracked 
|  13|0x00000000e0d00000, 0x00000000e0e00000, 0x00000000e0e00000|100%| O|  |TAMS 0x00000000e0e00000, 0x00000000e0d00000| Untracked 
|  14|0x00000000e0e00000, 0x00000000e0f00000, 0x00000000e0f00000|100%| O|  |TAMS 0x00000000e0f00000, 0x00000000e0e00000| Untracked 
|  15|0x00000000e0f00000, 0x00000000e1000000, 0x00000000e1000000|100%| O|  |TAMS 0x00000000e1000000, 0x00000000e0f00000| Untracked 
|  16|0x00000000e1000000, 0x00000000e1100000, 0x00000000e1100000|100%| O|  |TAMS 0x00000000e1000000, 0x00000000e1000000| Untracked 
|  17|0x00000000e1100000, 0x00000000e1200000, 0x00000000e1200000|100%| O|  |TAMS 0x00000000e1200000, 0x00000000e1100000| Untracked 
|  18|0x00000000e1200000, 0x00000000e1300000, 0x00000000e1300000|100%| O|  |TAMS 0x00000000e1300000, 0x00000000e1200000| Untracked 
|  19|0x00000000e1300000, 0x00000000e1400000, 0x00000000e1400000|100%| O|  |TAMS 0x00000000e1400000, 0x00000000e1300000| Untracked 
|  20|0x00000000e1400000, 0x00000000e1500000, 0x00000000e1500000|100%| O|  |TAMS 0x00000000e1500000, 0x00000000e1400000| Untracked 
|  21|0x00000000e1500000, 0x00000000e1600000, 0x00000000e1600000|100%| O|  |TAMS 0x00000000e1600000, 0x00000000e1500000| Untracked 
|  22|0x00000000e1600000, 0x00000000e1700000, 0x00000000e1700000|100%| O|  |TAMS 0x00000000e1700000, 0x00000000e1600000| Untracked 
|  23|0x00000000e1700000, 0x00000000e1800000, 0x00000000e1800000|100%| O|  |TAMS 0x00000000e1800000, 0x00000000e1700000| Untracked 
|  24|0x00000000e1800000, 0x00000000e1900000, 0x00000000e1900000|100%| O|  |TAMS 0x00000000e1900000, 0x00000000e1800000| Untracked 
|  25|0x00000000e1900000, 0x00000000e1a00000, 0x00000000e1a00000|100%| O|  |TAMS 0x00000000e1a00000, 0x00000000e1900000| Untracked 
|  26|0x00000000e1a00000, 0x00000000e1b00000, 0x00000000e1b00000|100%| O|  |TAMS 0x00000000e1b00000, 0x00000000e1a00000| Untracked 
|  27|0x00000000e1b00000, 0x00000000e1c00000, 0x00000000e1c00000|100%| O|  |TAMS 0x00000000e1c00000, 0x00000000e1b00000| Untracked 
|  28|0x00000000e1c00000, 0x00000000e1d00000, 0x00000000e1d00000|100%| O|  |TAMS 0x00000000e1d00000, 0x00000000e1c00000| Untracked 
|  29|0x00000000e1d00000, 0x00000000e1e00000, 0x00000000e1e00000|100%| O|  |TAMS 0x00000000e1e00000, 0x00000000e1d00000| Untracked 
|  30|0x00000000e1e00000, 0x00000000e1f00000, 0x00000000e1f00000|100%| O|  |TAMS 0x00000000e1e4a400, 0x00000000e1e00000| Untracked 
|  31|0x00000000e1f00000, 0x00000000e2000000, 0x00000000e2000000|100%| O|  |TAMS 0x00000000e1f00000, 0x00000000e1f00000| Untracked 
|  32|0x00000000e2000000, 0x00000000e2100000, 0x00000000e2100000|100%| O|  |TAMS 0x00000000e2000000, 0x00000000e2000000| Untracked 
|  33|0x00000000e2100000, 0x00000000e2200000, 0x00000000e2200000|100%| O|  |TAMS 0x00000000e2100000, 0x00000000e2100000| Untracked 
|  34|0x00000000e2200000, 0x00000000e2300000, 0x00000000e2300000|100%| O|  |TAMS 0x00000000e2200000, 0x00000000e2200000| Untracked 
|  35|0x00000000e2300000, 0x00000000e2400000, 0x00000000e2400000|100%| O|  |TAMS 0x00000000e2300000, 0x00000000e2300000| Untracked 
|  36|0x00000000e2400000, 0x00000000e2500000, 0x00000000e2500000|100%| O|  |TAMS 0x00000000e2400000, 0x00000000e2400000| Untracked 
|  37|0x00000000e2500000, 0x00000000e2600000, 0x00000000e2600000|100%| O|  |TAMS 0x00000000e2500000, 0x00000000e2500000| Untracked 
|  38|0x00000000e2600000, 0x00000000e2700000, 0x00000000e2700000|100%| O|  |TAMS 0x00000000e2600000, 0x00000000e2600000| Untracked 
|  39|0x00000000e2700000, 0x00000000e2800000, 0x00000000e2800000|100%| O|  |TAMS 0x00000000e2700000, 0x00000000e2700000| Untracked 
|  40|0x00000000e2800000, 0x00000000e2900000, 0x00000000e2900000|100%| O|  |TAMS 0x00000000e2800000, 0x00000000e2800000| Untracked 
|  41|0x00000000e2900000, 0x00000000e2a00000, 0x00000000e2a00000|100%| O|  |TAMS 0x00000000e2900000, 0x00000000e2900000| Untracked 
|  42|0x00000000e2a00000, 0x00000000e2b00000, 0x00000000e2b00000|100%| O|  |TAMS 0x00000000e2a00000, 0x00000000e2a00000| Untracked 
|  43|0x00000000e2b00000, 0x00000000e2b15200, 0x00000000e2c00000|  8%| O|  |TAMS 0x00000000e2b00000, 0x00000000e2b00000| Untracked 
|  44|0x00000000e2c00000, 0x00000000e2c00000, 0x00000000e2d00000|  0%| F|  |TAMS 0x00000000e2c00000, 0x00000000e2c00000| Untracked 
|  45|0x00000000e2d00000, 0x00000000e2d00000, 0x00000000e2e00000|  0%| F|  |TAMS 0x00000000e2d00000, 0x00000000e2d00000| Untracked 
|  46|0x00000000e2e00000, 0x00000000e2e00000, 0x00000000e2f00000|  0%| F|  |TAMS 0x00000000e2e00000, 0x00000000e2e00000| Untracked 
|  47|0x00000000e2f00000, 0x00000000e2f00000, 0x00000000e3000000|  0%| F|  |TAMS 0x00000000e2f00000, 0x00000000e2f00000| Untracked 
|  48|0x00000000e3000000, 0x00000000e3000000, 0x00000000e3100000|  0%| F|  |TAMS 0x00000000e3000000, 0x00000000e3000000| Untracked 
|  49|0x00000000e3100000, 0x00000000e3100000, 0x00000000e3200000|  0%| F|  |TAMS 0x00000000e3100000, 0x00000000e3100000| Untracked 
|  50|0x00000000e3200000, 0x00000000e3200000, 0x00000000e3300000|  0%| F|  |TAMS 0x00000000e3200000, 0x00000000e3200000| Untracked 
|  51|0x00000000e3300000, 0x00000000e3300000, 0x00000000e3400000|  0%| F|  |TAMS 0x00000000e3300000, 0x00000000e3300000| Untracked 
|  52|0x00000000e3400000, 0x00000000e3400000, 0x00000000e3500000|  0%| F|  |TAMS 0x00000000e3400000, 0x00000000e3400000| Untracked 
|  53|0x00000000e3500000, 0x00000000e3500000, 0x00000000e3600000|  0%| F|  |TAMS 0x00000000e3500000, 0x00000000e3500000| Untracked 
|  54|0x00000000e3600000, 0x00000000e3600000, 0x00000000e3700000|  0%| F|  |TAMS 0x00000000e3600000, 0x00000000e3600000| Untracked 
|  55|0x00000000e3700000, 0x00000000e3700000, 0x00000000e3800000|  0%| F|  |TAMS 0x00000000e3700000, 0x00000000e3700000| Untracked 
|  56|0x00000000e3800000, 0x00000000e3800000, 0x00000000e3900000|  0%| F|  |TAMS 0x00000000e3800000, 0x00000000e3800000| Untracked 
|  57|0x00000000e3900000, 0x00000000e3900000, 0x00000000e3a00000|  0%| F|  |TAMS 0x00000000e3900000, 0x00000000e3900000| Untracked 
|  58|0x00000000e3a00000, 0x00000000e3a00000, 0x00000000e3b00000|  0%| F|  |TAMS 0x00000000e3a00000, 0x00000000e3a00000| Untracked 
|  59|0x00000000e3b00000, 0x00000000e3b00000, 0x00000000e3c00000|  0%| F|  |TAMS 0x00000000e3b00000, 0x00000000e3b00000| Untracked 
|  60|0x00000000e3c00000, 0x00000000e3c00000, 0x00000000e3d00000|  0%| F|  |TAMS 0x00000000e3c00000, 0x00000000e3c00000| Untracked 
|  61|0x00000000e3d00000, 0x00000000e3d00000, 0x00000000e3e00000|  0%| F|  |TAMS 0x00000000e3d00000, 0x00000000e3d00000| Untracked 
|  62|0x00000000e3e00000, 0x00000000e3e00000, 0x00000000e3f00000|  0%| F|  |TAMS 0x00000000e3e00000, 0x00000000e3e00000| Untracked 
|  63|0x00000000e3f00000, 0x00000000e3f00000, 0x00000000e4000000|  0%| F|  |TAMS 0x00000000e3f00000, 0x00000000e3f00000| Untracked 
|  64|0x00000000e4000000, 0x00000000e4000000, 0x00000000e4100000|  0%| F|  |TAMS 0x00000000e4000000, 0x00000000e4000000| Untracked 
|  65|0x00000000e4100000, 0x00000000e4100000, 0x00000000e4200000|  0%| F|  |TAMS 0x00000000e4100000, 0x00000000e4100000| Untracked 
|  66|0x00000000e4200000, 0x00000000e4200000, 0x00000000e4300000|  0%| F|  |TAMS 0x00000000e4200000, 0x00000000e4200000| Untracked 
|  67|0x00000000e4300000, 0x00000000e4300000, 0x00000000e4400000|  0%| F|  |TAMS 0x00000000e4300000, 0x00000000e4300000| Untracked 
|  68|0x00000000e4400000, 0x00000000e4400000, 0x00000000e4500000|  0%| F|  |TAMS 0x00000000e4400000, 0x00000000e4400000| Untracked 
|  69|0x00000000e4500000, 0x00000000e4500000, 0x00000000e4600000|  0%| F|  |TAMS 0x00000000e4500000, 0x00000000e4500000| Untracked 
|  70|0x00000000e4600000, 0x00000000e4600000, 0x00000000e4700000|  0%| F|  |TAMS 0x00000000e4600000, 0x00000000e4600000| Untracked 
|  71|0x00000000e4700000, 0x00000000e4700000, 0x00000000e4800000|  0%| F|  |TAMS 0x00000000e4700000, 0x00000000e4700000| Untracked 
|  72|0x00000000e4800000, 0x00000000e4800000, 0x00000000e4900000|  0%| F|  |TAMS 0x00000000e4800000, 0x00000000e4800000| Untracked 
|  73|0x00000000e4900000, 0x00000000e4900000, 0x00000000e4a00000|  0%| F|  |TAMS 0x00000000e4900000, 0x00000000e4900000| Untracked 
|  74|0x00000000e4a00000, 0x00000000e4a00000, 0x00000000e4b00000|  0%| F|  |TAMS 0x00000000e4a00000, 0x00000000e4a00000| Untracked 
|  75|0x00000000e4b00000, 0x00000000e4b00000, 0x00000000e4c00000|  0%| F|  |TAMS 0x00000000e4b00000, 0x00000000e4b00000| Untracked 
|  76|0x00000000e4c00000, 0x00000000e4c00000, 0x00000000e4d00000|  0%| F|  |TAMS 0x00000000e4c00000, 0x00000000e4c00000| Untracked 
|  77|0x00000000e4d00000, 0x00000000e4d00000, 0x00000000e4e00000|  0%| F|  |TAMS 0x00000000e4d00000, 0x00000000e4d00000| Untracked 
|  78|0x00000000e4e00000, 0x00000000e4e00000, 0x00000000e4f00000|  0%| F|  |TAMS 0x00000000e4e00000, 0x00000000e4e00000| Untracked 
|  79|0x00000000e4f00000, 0x00000000e4f00000, 0x00000000e5000000|  0%| F|  |TAMS 0x00000000e4f00000, 0x00000000e4f00000| Untracked 
|  80|0x00000000e5000000, 0x00000000e5000000, 0x00000000e5100000|  0%| F|  |TAMS 0x00000000e5000000, 0x00000000e5000000| Untracked 
|  81|0x00000000e5100000, 0x00000000e5100000, 0x00000000e5200000|  0%| F|  |TAMS 0x00000000e5100000, 0x00000000e5100000| Untracked 
|  82|0x00000000e5200000, 0x00000000e5200000, 0x00000000e5300000|  0%| F|  |TAMS 0x00000000e5200000, 0x00000000e5200000| Untracked 
|  83|0x00000000e5300000, 0x00000000e5300000, 0x00000000e5400000|  0%| F|  |TAMS 0x00000000e5300000, 0x00000000e5300000| Untracked 
|  84|0x00000000e5400000, 0x00000000e5400000, 0x00000000e5500000|  0%| F|  |TAMS 0x00000000e5400000, 0x00000000e5400000| Untracked 
|  85|0x00000000e5500000, 0x00000000e5500000, 0x00000000e5600000|  0%| F|  |TAMS 0x00000000e5500000, 0x00000000e5500000| Untracked 
|  86|0x00000000e5600000, 0x00000000e5600000, 0x00000000e5700000|  0%| F|  |TAMS 0x00000000e5600000, 0x00000000e5600000| Untracked 
|  87|0x00000000e5700000, 0x00000000e5761340, 0x00000000e5800000| 37%| S|CS|TAMS 0x00000000e5700000, 0x00000000e5700000| Complete 
|  88|0x00000000e5800000, 0x00000000e5900000, 0x00000000e5900000|100%| S|CS|TAMS 0x00000000e5800000, 0x00000000e5800000| Complete 
|  89|0x00000000e5900000, 0x00000000e5a00000, 0x00000000e5a00000|100%| S|CS|TAMS 0x00000000e5900000, 0x00000000e5900000| Complete 
|  90|0x00000000e5a00000, 0x00000000e5b00000, 0x00000000e5b00000|100%| S|CS|TAMS 0x00000000e5a00000, 0x00000000e5a00000| Complete 
|  91|0x00000000e5b00000, 0x00000000e5b00000, 0x00000000e5c00000|  0%| F|  |TAMS 0x00000000e5b00000, 0x00000000e5b00000| Untracked 
|  92|0x00000000e5c00000, 0x00000000e5c00000, 0x00000000e5d00000|  0%| F|  |TAMS 0x00000000e5c00000, 0x00000000e5c00000| Untracked 
|  93|0x00000000e5d00000, 0x00000000e5d00000, 0x00000000e5e00000|  0%| F|  |TAMS 0x00000000e5d00000, 0x00000000e5d00000| Untracked 
|  94|0x00000000e5e00000, 0x00000000e5e00000, 0x00000000e5f00000|  0%| F|  |TAMS 0x00000000e5e00000, 0x00000000e5e00000| Untracked 
|  95|0x00000000e5f00000, 0x00000000e5f00000, 0x00000000e6000000|  0%| F|  |TAMS 0x00000000e5f00000, 0x00000000e5f00000| Untracked 
|  96|0x00000000e6000000, 0x00000000e6000000, 0x00000000e6100000|  0%| F|  |TAMS 0x00000000e6000000, 0x00000000e6000000| Untracked 
|  97|0x00000000e6100000, 0x00000000e6200000, 0x00000000e6200000|100%| S|CS|TAMS 0x00000000e6100000, 0x00000000e6100000| Complete 
|  98|0x00000000e6200000, 0x00000000e6300000, 0x00000000e6300000|100%| S|CS|TAMS 0x00000000e6200000, 0x00000000e6200000| Complete 
|  99|0x00000000e6300000, 0x00000000e6400000, 0x00000000e6400000|100%| S|CS|TAMS 0x00000000e6300000, 0x00000000e6300000| Complete 
| 100|0x00000000e6400000, 0x00000000e6500000, 0x00000000e6500000|100%| S|CS|TAMS 0x00000000e6400000, 0x00000000e6400000| Complete 
| 101|0x00000000e6500000, 0x00000000e6600000, 0x00000000e6600000|100%| S|CS|TAMS 0x00000000e6500000, 0x00000000e6500000| Complete 
| 102|0x00000000e6600000, 0x00000000e6700000, 0x00000000e6700000|100%| S|CS|TAMS 0x00000000e6600000, 0x00000000e6600000| Complete 
| 103|0x00000000e6700000, 0x00000000e6700000, 0x00000000e6800000|  0%| F|  |TAMS 0x00000000e6700000, 0x00000000e6700000| Untracked 
| 104|0x00000000e6800000, 0x00000000e6800000, 0x00000000e6900000|  0%| F|  |TAMS 0x00000000e6800000, 0x00000000e6800000| Untracked 
| 105|0x00000000e6900000, 0x00000000e6900000, 0x00000000e6a00000|  0%| F|  |TAMS 0x00000000e6900000, 0x00000000e6900000| Untracked 
| 106|0x00000000e6a00000, 0x00000000e6a00000, 0x00000000e6b00000|  0%| F|  |TAMS 0x00000000e6a00000, 0x00000000e6a00000| Untracked 
| 107|0x00000000e6b00000, 0x00000000e6b00000, 0x00000000e6c00000|  0%| F|  |TAMS 0x00000000e6b00000, 0x00000000e6b00000| Untracked 
| 108|0x00000000e6c00000, 0x00000000e6c00000, 0x00000000e6d00000|  0%| F|  |TAMS 0x00000000e6c00000, 0x00000000e6c00000| Untracked 
| 109|0x00000000e6d00000, 0x00000000e6e00000, 0x00000000e6e00000|100%| S|CS|TAMS 0x00000000e6d00000, 0x00000000e6d00000| Complete 
| 110|0x00000000e6e00000, 0x00000000e6f00000, 0x00000000e6f00000|100%| S|CS|TAMS 0x00000000e6e00000, 0x00000000e6e00000| Complete 
| 111|0x00000000e6f00000, 0x00000000e7000000, 0x00000000e7000000|100%| S|CS|TAMS 0x00000000e6f00000, 0x00000000e6f00000| Complete 
| 112|0x00000000e7000000, 0x00000000e7100000, 0x00000000e7100000|100%| S|CS|TAMS 0x00000000e7000000, 0x00000000e7000000| Complete 
| 113|0x00000000e7100000, 0x00000000e7200000, 0x00000000e7200000|100%| S|CS|TAMS 0x00000000e7100000, 0x00000000e7100000| Complete 
| 114|0x00000000e7200000, 0x00000000e7300000, 0x00000000e7300000|100%| S|CS|TAMS 0x00000000e7200000, 0x00000000e7200000| Complete 
| 115|0x00000000e7300000, 0x00000000e7300000, 0x00000000e7400000|  0%| F|  |TAMS 0x00000000e7300000, 0x00000000e7300000| Untracked 
| 116|0x00000000e7400000, 0x00000000e7400000, 0x00000000e7500000|  0%| F|  |TAMS 0x00000000e7400000, 0x00000000e7400000| Untracked 
| 117|0x00000000e7500000, 0x00000000e7500000, 0x00000000e7600000|  0%| F|  |TAMS 0x00000000e7500000, 0x00000000e7500000| Untracked 
| 118|0x00000000e7600000, 0x00000000e7600000, 0x00000000e7700000|  0%| F|  |TAMS 0x00000000e7600000, 0x00000000e7600000| Untracked 
| 119|0x00000000e7700000, 0x00000000e7700000, 0x00000000e7800000|  0%| F|  |TAMS 0x00000000e7700000, 0x00000000e7700000| Untracked 
| 120|0x00000000e7800000, 0x00000000e7800000, 0x00000000e7900000|  0%| F|  |TAMS 0x00000000e7800000, 0x00000000e7800000| Untracked 
| 121|0x00000000e7900000, 0x00000000e7900000, 0x00000000e7a00000|  0%| F|  |TAMS 0x00000000e7900000, 0x00000000e7900000| Untracked 
| 122|0x00000000e7a00000, 0x00000000e7a00000, 0x00000000e7b00000|  0%| F|  |TAMS 0x00000000e7a00000, 0x00000000e7a00000| Untracked 
| 123|0x00000000e7b00000, 0x00000000e7b00000, 0x00000000e7c00000|  0%| F|  |TAMS 0x00000000e7b00000, 0x00000000e7b00000| Untracked 
| 124|0x00000000e7c00000, 0x00000000e7c00000, 0x00000000e7d00000|  0%| F|  |TAMS 0x00000000e7c00000, 0x00000000e7c00000| Untracked 
| 125|0x00000000e7d00000, 0x00000000e7d00000, 0x00000000e7e00000|  0%| F|  |TAMS 0x00000000e7d00000, 0x00000000e7d00000| Untracked 
| 126|0x00000000e7e00000, 0x00000000e7e00000, 0x00000000e7f00000|  0%| F|  |TAMS 0x00000000e7e00000, 0x00000000e7e00000| Untracked 
| 127|0x00000000e7f00000, 0x00000000e7f00000, 0x00000000e8000000|  0%| F|  |TAMS 0x00000000e7f00000, 0x00000000e7f00000| Untracked 
| 128|0x00000000e8000000, 0x00000000e8000000, 0x00000000e8100000|  0%| F|  |TAMS 0x00000000e8000000, 0x00000000e8000000| Untracked 
| 129|0x00000000e8100000, 0x00000000e8100000, 0x00000000e8200000|  0%| F|  |TAMS 0x00000000e8100000, 0x00000000e8100000| Untracked 
| 130|0x00000000e8200000, 0x00000000e8200000, 0x00000000e8300000|  0%| F|  |TAMS 0x00000000e8200000, 0x00000000e8200000| Untracked 
| 131|0x00000000e8300000, 0x00000000e8300000, 0x00000000e8400000|  0%| F|  |TAMS 0x00000000e8300000, 0x00000000e8300000| Untracked 
| 132|0x00000000e8400000, 0x00000000e8400000, 0x00000000e8500000|  0%| F|  |TAMS 0x00000000e8400000, 0x00000000e8400000| Untracked 
| 133|0x00000000e8500000, 0x00000000e8500000, 0x00000000e8600000|  0%| F|  |TAMS 0x00000000e8500000, 0x00000000e8500000| Untracked 
| 134|0x00000000e8600000, 0x00000000e8600000, 0x00000000e8700000|  0%| F|  |TAMS 0x00000000e8600000, 0x00000000e8600000| Untracked 
| 135|0x00000000e8700000, 0x00000000e8700000, 0x00000000e8800000|  0%| F|  |TAMS 0x00000000e8700000, 0x00000000e8700000| Untracked 
| 136|0x00000000e8800000, 0x00000000e8800000, 0x00000000e8900000|  0%| F|  |TAMS 0x00000000e8800000, 0x00000000e8800000| Untracked 
| 137|0x00000000e8900000, 0x00000000e8900000, 0x00000000e8a00000|  0%| F|  |TAMS 0x00000000e8900000, 0x00000000e8900000| Untracked 
| 138|0x00000000e8a00000, 0x00000000e8a00000, 0x00000000e8b00000|  0%| F|  |TAMS 0x00000000e8a00000, 0x00000000e8a00000| Untracked 
| 139|0x00000000e8b00000, 0x00000000e8b00000, 0x00000000e8c00000|  0%| F|  |TAMS 0x00000000e8b00000, 0x00000000e8b00000| Untracked 
| 140|0x00000000e8c00000, 0x00000000e8c00000, 0x00000000e8d00000|  0%| F|  |TAMS 0x00000000e8c00000, 0x00000000e8c00000| Untracked 
| 141|0x00000000e8d00000, 0x00000000e8d00000, 0x00000000e8e00000|  0%| F|  |TAMS 0x00000000e8d00000, 0x00000000e8d00000| Untracked 
| 142|0x00000000e8e00000, 0x00000000e8e00000, 0x00000000e8f00000|  0%| F|  |TAMS 0x00000000e8e00000, 0x00000000e8e00000| Untracked 
| 143|0x00000000e8f00000, 0x00000000e8f00000, 0x00000000e9000000|  0%| F|  |TAMS 0x00000000e8f00000, 0x00000000e8f00000| Untracked 
| 144|0x00000000e9000000, 0x00000000e9000000, 0x00000000e9100000|  0%| F|  |TAMS 0x00000000e9000000, 0x00000000e9000000| Untracked 
| 145|0x00000000e9100000, 0x00000000e9100000, 0x00000000e9200000|  0%| F|  |TAMS 0x00000000e9100000, 0x00000000e9100000| Untracked 
| 146|0x00000000e9200000, 0x00000000e9200000, 0x00000000e9300000|  0%| F|  |TAMS 0x00000000e9200000, 0x00000000e9200000| Untracked 
| 147|0x00000000e9300000, 0x00000000e9300000, 0x00000000e9400000|  0%| F|  |TAMS 0x00000000e9300000, 0x00000000e9300000| Untracked 
| 148|0x00000000e9400000, 0x00000000e9400000, 0x00000000e9500000|  0%| F|  |TAMS 0x00000000e9400000, 0x00000000e9400000| Untracked 
| 149|0x00000000e9500000, 0x00000000e9500000, 0x00000000e9600000|  0%| F|  |TAMS 0x00000000e9500000, 0x00000000e9500000| Untracked 
| 150|0x00000000e9600000, 0x00000000e9600000, 0x00000000e9700000|  0%| F|  |TAMS 0x00000000e9600000, 0x00000000e9600000| Untracked 
| 151|0x00000000e9700000, 0x00000000e9700000, 0x00000000e9800000|  0%| F|  |TAMS 0x00000000e9700000, 0x00000000e9700000| Untracked 
| 152|0x00000000e9800000, 0x00000000e9800000, 0x00000000e9900000|  0%| F|  |TAMS 0x00000000e9800000, 0x00000000e9800000| Untracked 
| 153|0x00000000e9900000, 0x00000000e9900000, 0x00000000e9a00000|  0%| F|  |TAMS 0x00000000e9900000, 0x00000000e9900000| Untracked 
| 154|0x00000000e9a00000, 0x00000000e9a00000, 0x00000000e9b00000|  0%| F|  |TAMS 0x00000000e9a00000, 0x00000000e9a00000| Untracked 
| 155|0x00000000e9b00000, 0x00000000e9b00000, 0x00000000e9c00000|  0%| F|  |TAMS 0x00000000e9b00000, 0x00000000e9b00000| Untracked 
| 156|0x00000000e9c00000, 0x00000000e9c00000, 0x00000000e9d00000|  0%| F|  |TAMS 0x00000000e9c00000, 0x00000000e9c00000| Untracked 
| 157|0x00000000e9d00000, 0x00000000e9d00000, 0x00000000e9e00000|  0%| F|  |TAMS 0x00000000e9d00000, 0x00000000e9d00000| Untracked 
| 158|0x00000000e9e00000, 0x00000000e9e00000, 0x00000000e9f00000|  0%| F|  |TAMS 0x00000000e9e00000, 0x00000000e9e00000| Untracked 
| 159|0x00000000e9f00000, 0x00000000e9f00000, 0x00000000ea000000|  0%| F|  |TAMS 0x00000000e9f00000, 0x00000000e9f00000| Untracked 
| 160|0x00000000ea000000, 0x00000000ea000000, 0x00000000ea100000|  0%| F|  |TAMS 0x00000000ea000000, 0x00000000ea000000| Untracked 
| 161|0x00000000ea100000, 0x00000000ea100000, 0x00000000ea200000|  0%| F|  |TAMS 0x00000000ea100000, 0x00000000ea100000| Untracked 
| 162|0x00000000ea200000, 0x00000000ea200000, 0x00000000ea300000|  0%| F|  |TAMS 0x00000000ea200000, 0x00000000ea200000| Untracked 
| 163|0x00000000ea300000, 0x00000000ea300000, 0x00000000ea400000|  0%| F|  |TAMS 0x00000000ea300000, 0x00000000ea300000| Untracked 
| 164|0x00000000ea400000, 0x00000000ea400000, 0x00000000ea500000|  0%| F|  |TAMS 0x00000000ea400000, 0x00000000ea400000| Untracked 
| 165|0x00000000ea500000, 0x00000000ea500000, 0x00000000ea600000|  0%| F|  |TAMS 0x00000000ea500000, 0x00000000ea500000| Untracked 
| 166|0x00000000ea600000, 0x00000000ea600000, 0x00000000ea700000|  0%| F|  |TAMS 0x00000000ea600000, 0x00000000ea600000| Untracked 
| 167|0x00000000ea700000, 0x00000000ea700000, 0x00000000ea800000|  0%| F|  |TAMS 0x00000000ea700000, 0x00000000ea700000| Untracked 
| 168|0x00000000ea800000, 0x00000000ea800000, 0x00000000ea900000|  0%| F|  |TAMS 0x00000000ea800000, 0x00000000ea800000| Untracked 
| 169|0x00000000ea900000, 0x00000000ea900000, 0x00000000eaa00000|  0%| F|  |TAMS 0x00000000ea900000, 0x00000000ea900000| Untracked 
| 170|0x00000000eaa00000, 0x00000000eaa00000, 0x00000000eab00000|  0%| F|  |TAMS 0x00000000eaa00000, 0x00000000eaa00000| Untracked 
| 171|0x00000000eab00000, 0x00000000eab00000, 0x00000000eac00000|  0%| F|  |TAMS 0x00000000eab00000, 0x00000000eab00000| Untracked 
| 172|0x00000000eac00000, 0x00000000eac00000, 0x00000000ead00000|  0%| F|  |TAMS 0x00000000eac00000, 0x00000000eac00000| Untracked 
| 173|0x00000000ead00000, 0x00000000ead00000, 0x00000000eae00000|  0%| F|  |TAMS 0x00000000ead00000, 0x00000000ead00000| Untracked 
| 174|0x00000000eae00000, 0x00000000eae00000, 0x00000000eaf00000|  0%| F|  |TAMS 0x00000000eae00000, 0x00000000eae00000| Untracked 
| 175|0x00000000eaf00000, 0x00000000eaf00000, 0x00000000eb000000|  0%| F|  |TAMS 0x00000000eaf00000, 0x00000000eaf00000| Untracked 
| 176|0x00000000eb000000, 0x00000000eb000000, 0x00000000eb100000|  0%| F|  |TAMS 0x00000000eb000000, 0x00000000eb000000| Untracked 
| 177|0x00000000eb100000, 0x00000000eb100000, 0x00000000eb200000|  0%| F|  |TAMS 0x00000000eb100000, 0x00000000eb100000| Untracked 
| 178|0x00000000eb200000, 0x00000000eb200000, 0x00000000eb300000|  0%| F|  |TAMS 0x00000000eb200000, 0x00000000eb200000| Untracked 
| 179|0x00000000eb300000, 0x00000000eb300000, 0x00000000eb400000|  0%| F|  |TAMS 0x00000000eb300000, 0x00000000eb300000| Untracked 
| 180|0x00000000eb400000, 0x00000000eb400000, 0x00000000eb500000|  0%| F|  |TAMS 0x00000000eb400000, 0x00000000eb400000| Untracked 
| 181|0x00000000eb500000, 0x00000000eb500000, 0x00000000eb600000|  0%| F|  |TAMS 0x00000000eb500000, 0x00000000eb500000| Untracked 
| 182|0x00000000eb600000, 0x00000000eb600000, 0x00000000eb700000|  0%| F|  |TAMS 0x00000000eb600000, 0x00000000eb600000| Untracked 
| 183|0x00000000eb700000, 0x00000000eb700000, 0x00000000eb800000|  0%| F|  |TAMS 0x00000000eb700000, 0x00000000eb700000| Untracked 
| 184|0x00000000eb800000, 0x00000000eb800000, 0x00000000eb900000|  0%| F|  |TAMS 0x00000000eb800000, 0x00000000eb800000| Untracked 
| 185|0x00000000eb900000, 0x00000000eb900000, 0x00000000eba00000|  0%| F|  |TAMS 0x00000000eb900000, 0x00000000eb900000| Untracked 
| 186|0x00000000eba00000, 0x00000000eba00000, 0x00000000ebb00000|  0%| F|  |TAMS 0x00000000eba00000, 0x00000000eba00000| Untracked 
| 187|0x00000000ebb00000, 0x00000000ebb00000, 0x00000000ebc00000|  0%| F|  |TAMS 0x00000000ebb00000, 0x00000000ebb00000| Untracked 
| 188|0x00000000ebc00000, 0x00000000ebc00000, 0x00000000ebd00000|  0%| F|  |TAMS 0x00000000ebc00000, 0x00000000ebc00000| Untracked 
| 189|0x00000000ebd00000, 0x00000000ebd00000, 0x00000000ebe00000|  0%| F|  |TAMS 0x00000000ebd00000, 0x00000000ebd00000| Untracked 
| 190|0x00000000ebe00000, 0x00000000ebe00000, 0x00000000ebf00000|  0%| F|  |TAMS 0x00000000ebe00000, 0x00000000ebe00000| Untracked 
| 191|0x00000000ebf00000, 0x00000000ebf00000, 0x00000000ec000000|  0%| F|  |TAMS 0x00000000ebf00000, 0x00000000ebf00000| Untracked 
| 192|0x00000000ec000000, 0x00000000ec000000, 0x00000000ec100000|  0%| F|  |TAMS 0x00000000ec000000, 0x00000000ec000000| Untracked 
| 193|0x00000000ec100000, 0x00000000ec100000, 0x00000000ec200000|  0%| F|  |TAMS 0x00000000ec100000, 0x00000000ec100000| Untracked 
| 194|0x00000000ec200000, 0x00000000ec200000, 0x00000000ec300000|  0%| F|  |TAMS 0x00000000ec200000, 0x00000000ec200000| Untracked 
| 195|0x00000000ec300000, 0x00000000ec300000, 0x00000000ec400000|  0%| F|  |TAMS 0x00000000ec300000, 0x00000000ec300000| Untracked 
| 196|0x00000000ec400000, 0x00000000ec400000, 0x00000000ec500000|  0%| F|  |TAMS 0x00000000ec400000, 0x00000000ec400000| Untracked 
| 197|0x00000000ec500000, 0x00000000ec500000, 0x00000000ec600000|  0%| F|  |TAMS 0x00000000ec500000, 0x00000000ec500000| Untracked 
| 198|0x00000000ec600000, 0x00000000ec600000, 0x00000000ec700000|  0%| F|  |TAMS 0x00000000ec600000, 0x00000000ec600000| Untracked 
| 199|0x00000000ec700000, 0x00000000ec700000, 0x00000000ec800000|  0%| F|  |TAMS 0x00000000ec700000, 0x00000000ec700000| Untracked 
| 200|0x00000000ec800000, 0x00000000ec800000, 0x00000000ec900000|  0%| F|  |TAMS 0x00000000ec800000, 0x00000000ec800000| Untracked 
| 201|0x00000000ec900000, 0x00000000ec900000, 0x00000000eca00000|  0%| F|  |TAMS 0x00000000ec900000, 0x00000000ec900000| Untracked 
| 202|0x00000000eca00000, 0x00000000eca00000, 0x00000000ecb00000|  0%| F|  |TAMS 0x00000000eca00000, 0x00000000eca00000| Untracked 
| 203|0x00000000ecb00000, 0x00000000ecb00000, 0x00000000ecc00000|  0%| F|  |TAMS 0x00000000ecb00000, 0x00000000ecb00000| Untracked 
| 204|0x00000000ecc00000, 0x00000000ecc00000, 0x00000000ecd00000|  0%| F|  |TAMS 0x00000000ecc00000, 0x00000000ecc00000| Untracked 
| 205|0x00000000ecd00000, 0x00000000ecd00000, 0x00000000ece00000|  0%| F|  |TAMS 0x00000000ecd00000, 0x00000000ecd00000| Untracked 
| 206|0x00000000ece00000, 0x00000000ece00000, 0x00000000ecf00000|  0%| F|  |TAMS 0x00000000ece00000, 0x00000000ece00000| Untracked 
| 207|0x00000000ecf00000, 0x00000000ecf00000, 0x00000000ed000000|  0%| F|  |TAMS 0x00000000ecf00000, 0x00000000ecf00000| Untracked 
| 208|0x00000000ed000000, 0x00000000ed000000, 0x00000000ed100000|  0%| F|  |TAMS 0x00000000ed000000, 0x00000000ed000000| Untracked 
| 209|0x00000000ed100000, 0x00000000ed100000, 0x00000000ed200000|  0%| F|  |TAMS 0x00000000ed100000, 0x00000000ed100000| Untracked 
| 210|0x00000000ed200000, 0x00000000ed200000, 0x00000000ed300000|  0%| F|  |TAMS 0x00000000ed200000, 0x00000000ed200000| Untracked 
| 211|0x00000000ed300000, 0x00000000ed300000, 0x00000000ed400000|  0%| F|  |TAMS 0x00000000ed300000, 0x00000000ed300000| Untracked 
| 212|0x00000000ed400000, 0x00000000ed400000, 0x00000000ed500000|  0%| F|  |TAMS 0x00000000ed400000, 0x00000000ed400000| Untracked 
| 213|0x00000000ed500000, 0x00000000ed500000, 0x00000000ed600000|  0%| F|  |TAMS 0x00000000ed500000, 0x00000000ed500000| Untracked 
| 214|0x00000000ed600000, 0x00000000ed600000, 0x00000000ed700000|  0%| F|  |TAMS 0x00000000ed600000, 0x00000000ed600000| Untracked 
| 215|0x00000000ed700000, 0x00000000ed700000, 0x00000000ed800000|  0%| F|  |TAMS 0x00000000ed700000, 0x00000000ed700000| Untracked 
| 216|0x00000000ed800000, 0x00000000ed800000, 0x00000000ed900000|  0%| F|  |TAMS 0x00000000ed800000, 0x00000000ed800000| Untracked 
| 217|0x00000000ed900000, 0x00000000ed900000, 0x00000000eda00000|  0%| F|  |TAMS 0x00000000ed900000, 0x00000000ed900000| Untracked 
| 218|0x00000000eda00000, 0x00000000eda00000, 0x00000000edb00000|  0%| F|  |TAMS 0x00000000eda00000, 0x00000000eda00000| Untracked 
| 219|0x00000000edb00000, 0x00000000edb00000, 0x00000000edc00000|  0%| F|  |TAMS 0x00000000edb00000, 0x00000000edb00000| Untracked 
| 220|0x00000000edc00000, 0x00000000edc00000, 0x00000000edd00000|  0%| F|  |TAMS 0x00000000edc00000, 0x00000000edc00000| Untracked 
| 221|0x00000000edd00000, 0x00000000edd00000, 0x00000000ede00000|  0%| F|  |TAMS 0x00000000edd00000, 0x00000000edd00000| Untracked 
| 222|0x00000000ede00000, 0x00000000ede00000, 0x00000000edf00000|  0%| F|  |TAMS 0x00000000ede00000, 0x00000000ede00000| Untracked 
| 223|0x00000000edf00000, 0x00000000edf00000, 0x00000000ee000000|  0%| F|  |TAMS 0x00000000edf00000, 0x00000000edf00000| Untracked 
| 224|0x00000000ee000000, 0x00000000ee000000, 0x00000000ee100000|  0%| F|  |TAMS 0x00000000ee000000, 0x00000000ee000000| Untracked 
| 225|0x00000000ee100000, 0x00000000ee100000, 0x00000000ee200000|  0%| F|  |TAMS 0x00000000ee100000, 0x00000000ee100000| Untracked 
| 226|0x00000000ee200000, 0x00000000ee200000, 0x00000000ee300000|  0%| F|  |TAMS 0x00000000ee200000, 0x00000000ee200000| Untracked 
| 227|0x00000000ee300000, 0x00000000ee321bd8, 0x00000000ee400000| 13%| E|  |TAMS 0x00000000ee300000, 0x00000000ee300000| Complete 
| 228|0x00000000ee400000, 0x00000000ee500000, 0x00000000ee500000|100%| E|CS|TAMS 0x00000000ee400000, 0x00000000ee400000| Complete 
| 229|0x00000000ee500000, 0x00000000ee600000, 0x00000000ee600000|100%| E|CS|TAMS 0x00000000ee500000, 0x00000000ee500000| Complete 
| 230|0x00000000ee600000, 0x00000000ee700000, 0x00000000ee700000|100%| E|CS|TAMS 0x00000000ee600000, 0x00000000ee600000| Complete 
| 231|0x00000000ee700000, 0x00000000ee800000, 0x00000000ee800000|100%| E|CS|TAMS 0x00000000ee700000, 0x00000000ee700000| Complete 
| 232|0x00000000ee800000, 0x00000000ee900000, 0x00000000ee900000|100%| E|CS|TAMS 0x00000000ee800000, 0x00000000ee800000| Complete 
| 233|0x00000000ee900000, 0x00000000eea00000, 0x00000000eea00000|100%| E|CS|TAMS 0x00000000ee900000, 0x00000000ee900000| Complete 
| 234|0x00000000eea00000, 0x00000000eeb00000, 0x00000000eeb00000|100%| E|CS|TAMS 0x00000000eea00000, 0x00000000eea00000| Complete 
| 235|0x00000000eeb00000, 0x00000000eec00000, 0x00000000eec00000|100%| E|CS|TAMS 0x00000000eeb00000, 0x00000000eeb00000| Complete 
| 236|0x00000000eec00000, 0x00000000eed00000, 0x00000000eed00000|100%| E|CS|TAMS 0x00000000eec00000, 0x00000000eec00000| Complete 
| 237|0x00000000eed00000, 0x00000000eee00000, 0x00000000eee00000|100%| E|CS|TAMS 0x00000000eed00000, 0x00000000eed00000| Complete 
| 238|0x00000000eee00000, 0x00000000eef00000, 0x00000000eef00000|100%| E|CS|TAMS 0x00000000eee00000, 0x00000000eee00000| Complete 
| 239|0x00000000eef00000, 0x00000000ef000000, 0x00000000ef000000|100%| E|  |TAMS 0x00000000eef00000, 0x00000000eef00000| Complete 
| 240|0x00000000ef000000, 0x00000000ef100000, 0x00000000ef100000|100%| E|CS|TAMS 0x00000000ef000000, 0x00000000ef000000| Complete 
| 241|0x00000000ef100000, 0x00000000ef200000, 0x00000000ef200000|100%| E|CS|TAMS 0x00000000ef100000, 0x00000000ef100000| Complete 
| 242|0x00000000ef200000, 0x00000000ef300000, 0x00000000ef300000|100%| E|CS|TAMS 0x00000000ef200000, 0x00000000ef200000| Complete 
| 243|0x00000000ef300000, 0x00000000ef400000, 0x00000000ef400000|100%| E|CS|TAMS 0x00000000ef300000, 0x00000000ef300000| Complete 
| 244|0x00000000ef400000, 0x00000000ef500000, 0x00000000ef500000|100%| E|CS|TAMS 0x00000000ef400000, 0x00000000ef400000| Complete 
| 245|0x00000000ef500000, 0x00000000ef600000, 0x00000000ef600000|100%| E|CS|TAMS 0x00000000ef500000, 0x00000000ef500000| Complete 
| 246|0x00000000ef600000, 0x00000000ef700000, 0x00000000ef700000|100%| E|CS|TAMS 0x00000000ef600000, 0x00000000ef600000| Complete 
| 247|0x00000000ef700000, 0x00000000ef800000, 0x00000000ef800000|100%| E|CS|TAMS 0x00000000ef700000, 0x00000000ef700000| Complete 
| 248|0x00000000ef800000, 0x00000000ef900000, 0x00000000ef900000|100%| E|CS|TAMS 0x00000000ef800000, 0x00000000ef800000| Complete 
| 249|0x00000000ef900000, 0x00000000efa00000, 0x00000000efa00000|100%| E|CS|TAMS 0x00000000ef900000, 0x00000000ef900000| Complete 
| 250|0x00000000efa00000, 0x00000000efb00000, 0x00000000efb00000|100%| E|CS|TAMS 0x00000000efa00000, 0x00000000efa00000| Complete 
| 251|0x00000000efb00000, 0x00000000efc00000, 0x00000000efc00000|100%| E|CS|TAMS 0x00000000efb00000, 0x00000000efb00000| Complete 
| 252|0x00000000efc00000, 0x00000000efd00000, 0x00000000efd00000|100%| E|CS|TAMS 0x00000000efc00000, 0x00000000efc00000| Complete 
| 253|0x00000000efd00000, 0x00000000efe00000, 0x00000000efe00000|100%| E|CS|TAMS 0x00000000efd00000, 0x00000000efd00000| Complete 
| 254|0x00000000efe00000, 0x00000000eff00000, 0x00000000eff00000|100%| E|CS|TAMS 0x00000000efe00000, 0x00000000efe00000| Complete 
| 255|0x00000000eff00000, 0x00000000f0000000, 0x00000000f0000000|100%| E|CS|TAMS 0x00000000eff00000, 0x00000000eff00000| Complete 

Card table byte_map: [0x000001ce7ae10000,0x000001ce7af10000] _byte_map_base: 0x000001ce7a710000

Marking Bits (Prev, Next): (CMBitMap*) 0x000001ce63f35130, (CMBitMap*) 0x000001ce63f35170
 Prev Bits: [0x000001ce7b010000, 0x000001ce7b810000)
 Next Bits: [0x000001ce7b810000, 0x000001ce7c010000)

Polling page: 0x000001ce61eb0000

Metaspace:

Usage:
  Non-class:     46.48 MB used.
      Class:      7.34 MB used.
       Both:     53.82 MB used.

Virtual space:
  Non-class space:       64.00 MB reserved,      46.75 MB ( 73%) committed,  1 nodes.
      Class space:      320.00 MB reserved,       7.62 MB (  2%) committed,  1 nodes.
             Both:      384.00 MB reserved,      54.38 MB ( 14%) committed. 

Chunk freelists:
   Non-Class:  289.00 KB
       Class:  8.28 MB
        Both:  8.56 MB

MaxMetaspaceSize: 384.00 MB
CompressedClassSpaceSize: 320.00 MB
Initial GC threshold: 21.00 MB
Current GC threshold: 59.19 MB
CDS: on
MetaspaceReclaimPolicy: balanced
 - commit_granule_bytes: 65536.
 - commit_granule_words: 8192.
 - virtual_space_node_default_size: 8388608.
 - enlarge_chunks_in_place: 1.
 - new_chunks_are_fully_committed: 0.
 - uncommit_free_chunks: 1.
 - use_allocation_guard: 0.
 - handle_deallocations: 1.


Internal statistics:

num_allocs_failed_limit: 9.
num_arena_births: 770.
num_arena_deaths: 0.
num_vsnodes_births: 2.
num_vsnodes_deaths: 0.
num_space_committed: 870.
num_space_uncommitted: 0.
num_chunks_returned_to_freelist: 9.
num_chunks_taken_from_freelist: 3101.
num_chunk_merges: 9.
num_chunk_splits: 1962.
num_chunks_enlarged: 1215.
num_inconsistent_stats: 0.

CodeHeap 'non-profiled nmethods': size=120000Kb used=5920Kb max_used=6282Kb free=114079Kb
 bounds [0x000001ce73290000, 0x000001ce738c0000, 0x000001ce7a7c0000]
CodeHeap 'profiled nmethods': size=120000Kb used=20167Kb max_used=21643Kb free=99832Kb
 bounds [0x000001ce6b7c0000, 0x000001ce6ccf0000, 0x000001ce72cf0000]
CodeHeap 'non-nmethods': size=5760Kb used=2323Kb max_used=2429Kb free=3436Kb
 bounds [0x000001ce72cf0000, 0x000001ce72f70000, 0x000001ce73290000]
 total_blobs=10708 nmethods=9869 adapters=749
 compilation: enabled
              stopped_count=0, restarted_count=0
 full_count=0

Compilation events (20 events):
Event: 151.343 Thread 0x000001ce7ec848c0 11317       4       org.gradle.internal.service.DefaultServiceRegistry$SingletonService::getService (18 bytes)
Event: 151.350 Thread 0x000001ce7ec8d690 11356       1       org.gradle.internal.component.external.model.AbstractMutableModuleComponentResolveMetadata$FileImpl::getName (5 bytes)
Event: 151.350 Thread 0x000001ce7ec8d690 nmethod 11356 0x000001ce73364410 code [0x000001ce733645a0, 0x000001ce73364678]
Event: 151.350 Thread 0x000001ce7ec8d690 11357       1       org.gradle.internal.component.external.model.AbstractMutableModuleComponentResolveMetadata$FileImpl::getUri (5 bytes)
Event: 151.350 Thread 0x000001ce7ec8d690 nmethod 11357 0x000001ce73364110 code [0x000001ce733642a0, 0x000001ce73364378]
Event: 151.350 Thread 0x000001ce7ec8d690 11358       1       org.gradle.internal.component.external.model.UrlBackedArtifactMetadata::getComponentId (5 bytes)
Event: 151.351 Thread 0x000001ce7ec8d690 nmethod 11358 0x000001ce7361cf90 code [0x000001ce7361d120, 0x000001ce7361d1f8]
Event: 151.351 Thread 0x000001ce7ec848c0 nmethod 11317 0x000001ce735e7610 code [0x000001ce735e7800, 0x000001ce735e8238]
Event: 151.351 Thread 0x000001ce7ec848c0 11320       4       org.gradle.internal.service.DefaultServiceRegistry$ManagedObjectServiceProvider::requiredBy (20 bytes)
Event: 151.352 Thread 0x000001ce7ec8d690 11359       3       com.google.common.collect.Lists::newArrayList (36 bytes)
Event: 151.353 Thread 0x000001ce7ec8d690 nmethod 11359 0x000001ce6b8ba210 code [0x000001ce6b8ba440, 0x000001ce6b8badd8]
Event: 151.353 Thread 0x000001ce7ec8d690 11360       3       java.util.concurrent.ThreadLocalRandom::getProbe (13 bytes)
Event: 151.353 Thread 0x000001ce7ec8d690 nmethod 11360 0x000001ce6bb42c90 code [0x000001ce6bb42e20, 0x000001ce6bb42f38]
Event: 151.358 Thread 0x000001ce7ec848c0 nmethod 11320 0x000001ce73662510 code [0x000001ce736626a0, 0x000001ce73662ab8]
Event: 151.358 Thread 0x000001ce7ec848c0 11323       4       java.util.Collections$EmptyList::iterator (4 bytes)
Event: 151.358 Thread 0x000001ce7ec848c0 nmethod 11323 0x000001ce7361cc90 code [0x000001ce7361ce00, 0x000001ce7361ce78]
Event: 151.358 Thread 0x000001ce7ec848c0 11338       4       org.gradle.api.internal.artifacts.ivyservice.resolveengine.result.FileDependencyCollectingGraphVisitor::visitNode (1 bytes)
Event: 151.358 Thread 0x000001ce7ec848c0 nmethod 11338 0x000001ce7361c890 code [0x000001ce7361ca00, 0x000001ce7361ca78]
Event: 151.358 Thread 0x000001ce7ec848c0 11312       4       org.gradle.internal.event.DefaultListenerManager::getAnnotations (4 bytes)
Event: 151.359 Thread 0x000001ce7ec848c0 nmethod 11312 0x000001ce73459810 code [0x000001ce73459980, 0x000001ce734599f8]

GC Heap History (20 events):
Event: 1.467 GC heap before
{Heap before GC invocations=1 (full 0):
 garbage-first heap   total 262144K, used 39865K [0x00000000e0000000, 0x0000000100000000)
  region size 1024K, 30 young (30720K), 3 survivors (3072K)
 Metaspace       used 4055K, committed 4224K, reserved 393216K
  class space    used 492K, committed 576K, reserved 327680K
}
Event: 1.471 GC heap after
{Heap after GC invocations=2 (full 0):
 garbage-first heap   total 262144K, used 15210K [0x00000000e0000000, 0x0000000100000000)
  region size 1024K, 4 young (4096K), 4 survivors (4096K)
 Metaspace       used 4055K, committed 4224K, reserved 393216K
  class space    used 492K, committed 576K, reserved 327680K
}
Event: 5.779 GC heap before
{Heap before GC invocations=2 (full 0):
 garbage-first heap   total 262144K, used 121706K [0x00000000e0000000, 0x0000000100000000)
  region size 1024K, 109 young (111616K), 4 survivors (4096K)
 Metaspace       used 21226K, committed 21504K, reserved 393216K
  class space    used 3130K, committed 3264K, reserved 327680K
}
Event: 5.787 GC heap after
{Heap after GC invocations=3 (full 0):
 garbage-first heap   total 262144K, used 22892K [0x00000000e0000000, 0x0000000100000000)
  region size 1024K, 12 young (12288K), 12 survivors (12288K)
 Metaspace       used 21226K, committed 21504K, reserved 393216K
  class space    used 3130K, committed 3264K, reserved 327680K
}
Event: 11.275 GC heap before
{Heap before GC invocations=4 (full 0):
 garbage-first heap   total 262144K, used 138604K [0x00000000e0000000, 0x0000000100000000)
  region size 1024K, 122 young (124928K), 12 survivors (12288K)
 Metaspace       used 35579K, committed 35968K, reserved 393216K
  class space    used 4980K, committed 5184K, reserved 327680K
}
Event: 11.307 GC heap after
{Heap after GC invocations=5 (full 0):
 garbage-first heap   total 262144K, used 31338K [0x00000000e0000000, 0x0000000100000000)
  region size 1024K, 16 young (16384K), 16 survivors (16384K)
 Metaspace       used 35579K, committed 35968K, reserved 393216K
  class space    used 4980K, committed 5184K, reserved 327680K
}
Event: 11.382 GC heap before
{Heap before GC invocations=5 (full 0):
 garbage-first heap   total 262144K, used 32362K [0x00000000e0000000, 0x0000000100000000)
  region size 1024K, 17 young (17408K), 16 survivors (16384K)
 Metaspace       used 35772K, committed 36224K, reserved 393216K
  class space    used 5005K, committed 5248K, reserved 327680K
}
Event: 11.399 GC heap after
{Heap after GC invocations=6 (full 0):
 garbage-first heap   total 262144K, used 32041K [0x00000000e0000000, 0x0000000100000000)
  region size 1024K, 2 young (2048K), 2 survivors (2048K)
 Metaspace       used 35772K, committed 36224K, reserved 393216K
  class space    used 5005K, committed 5248K, reserved 327680K
}
Event: 11.424 GC heap before
{Heap before GC invocations=6 (full 0):
 garbage-first heap   total 262144K, used 33065K [0x00000000e0000000, 0x0000000100000000)
  region size 1024K, 4 young (4096K), 2 survivors (2048K)
 Metaspace       used 35900K, committed 36288K, reserved 393216K
  class space    used 5024K, committed 5248K, reserved 327680K
}
Event: 11.425 GC heap after
{Heap after GC invocations=7 (full 0):
 garbage-first heap   total 262144K, used 30528K [0x00000000e0000000, 0x0000000100000000)
  region size 1024K, 1 young (1024K), 1 survivors (1024K)
 Metaspace       used 35900K, committed 36288K, reserved 393216K
  class space    used 5024K, committed 5248K, reserved 327680K
}
Event: 29.340 GC heap before
{Heap before GC invocations=8 (full 0):
 garbage-first heap   total 262144K, used 187200K [0x00000000e0000000, 0x0000000100000000)
  region size 1024K, 153 young (156672K), 1 survivors (1024K)
 Metaspace       used 48872K, committed 49408K, reserved 393216K
  class space    used 7046K, committed 7296K, reserved 327680K
}
Event: 29.348 GC heap after
{Heap after GC invocations=9 (full 0):
 garbage-first heap   total 262144K, used 39750K [0x00000000e0000000, 0x0000000100000000)
  region size 1024K, 10 young (10240K), 10 survivors (10240K)
 Metaspace       used 48872K, committed 49408K, reserved 393216K
  class space    used 7046K, committed 7296K, reserved 327680K
}
Event: 29.740 GC heap before
{Heap before GC invocations=9 (full 0):
 garbage-first heap   total 262144K, used 41798K [0x00000000e0000000, 0x0000000100000000)
  region size 1024K, 12 young (12288K), 10 survivors (10240K)
 Metaspace       used 48937K, committed 49472K, reserved 393216K
  class space    used 7053K, committed 7296K, reserved 327680K
}
Event: 29.746 GC heap after
{Heap after GC invocations=10 (full 0):
 garbage-first heap   total 262144K, used 41169K [0x00000000e0000000, 0x0000000100000000)
  region size 1024K, 2 young (2048K), 2 survivors (2048K)
 Metaspace       used 48937K, committed 49472K, reserved 393216K
  class space    used 7053K, committed 7296K, reserved 327680K
}
Event: 147.569 GC heap before
{Heap before GC invocations=10 (full 0):
 garbage-first heap   total 262144K, used 194769K [0x00000000e0000000, 0x0000000100000000)
  region size 1024K, 153 young (156672K), 2 survivors (2048K)
 Metaspace       used 52960K, committed 53504K, reserved 393216K
  class space    used 7413K, committed 7680K, reserved 327680K
}
Event: 147.573 GC heap after
{Heap after GC invocations=11 (full 0):
 garbage-first heap   total 262144K, used 45512K [0x00000000e0000000, 0x0000000100000000)
  region size 1024K, 6 young (6144K), 6 survivors (6144K)
 Metaspace       used 52960K, committed 53504K, reserved 393216K
  class space    used 7413K, committed 7680K, reserved 327680K
}
Event: 149.647 GC heap before
{Heap before GC invocations=11 (full 0):
 garbage-first heap   total 262144K, used 195016K [0x00000000e0000000, 0x0000000100000000)
  region size 1024K, 153 young (156672K), 6 survivors (6144K)
 Metaspace       used 54296K, committed 54912K, reserved 393216K
  class space    used 7475K, committed 7744K, reserved 327680K
}
Event: 149.656 GC heap after
{Heap after GC invocations=12 (full 0):
 garbage-first heap   total 262144K, used 51326K [0x00000000e0000000, 0x0000000100000000)
  region size 1024K, 12 young (12288K), 12 survivors (12288K)
 Metaspace       used 54296K, committed 54912K, reserved 393216K
  class space    used 7475K, committed 7744K, reserved 327680K
}
Event: 150.896 GC heap before
{Heap before GC invocations=12 (full 0):
 garbage-first heap   total 262144K, used 195710K [0x00000000e0000000, 0x0000000100000000)
  region size 1024K, 153 young (156672K), 12 survivors (12288K)
 Metaspace       used 54733K, committed 55296K, reserved 393216K
  class space    used 7483K, committed 7744K, reserved 327680K
}
Event: 150.908 GC heap after
{Heap after GC invocations=13 (full 0):
 garbage-first heap   total 262144K, used 59865K [0x00000000e0000000, 0x0000000100000000)
  region size 1024K, 16 young (16384K), 16 survivors (16384K)
 Metaspace       used 54733K, committed 55296K, reserved 393216K
  class space    used 7483K, committed 7744K, reserved 327680K
}

Deoptimization events (20 events):
Event: 150.940 Thread 0x000001ce7f1c1f30 Uncommon trap: trap_request=0xffffff45 fr.pc=0x000001ce7373126c relative=0x00000000000007cc
Event: 150.940 Thread 0x000001ce7f1c1f30 Uncommon trap: reason=unstable_if action=reinterpret pc=0x000001ce7373126c method=java.util.concurrent.ConcurrentHashMap.addCount(JI)V @ 110 c2
Event: 150.940 Thread 0x000001ce7f1c1f30 DEOPT PACKING pc=0x000001ce7373126c sp=0x00000045712fe9f0
Event: 150.940 Thread 0x000001ce7f1c1f30 DEOPT UNPACKING pc=0x000001ce72d423a3 sp=0x00000045712fe8b8 mode 2
Event: 150.940 Thread 0x000001ce7f1c1f30 Uncommon trap: trap_request=0xffffff45 fr.pc=0x000001ce738ab8e0 relative=0x0000000000000060
Event: 150.940 Thread 0x000001ce7f1c1f30 Uncommon trap: reason=unstable_if action=reinterpret pc=0x000001ce738ab8e0 method=java.util.concurrent.ConcurrentHashMap.sumCount()J @ 11 c2
Event: 150.940 Thread 0x000001ce7f1c1f30 DEOPT PACKING pc=0x000001ce738ab8e0 sp=0x00000045712fe8b0
Event: 150.940 Thread 0x000001ce7f1c1f30 DEOPT UNPACKING pc=0x000001ce72d423a3 sp=0x00000045712fe818 mode 2
Event: 150.973 Thread 0x000001ce1a457220 Uncommon trap: trap_request=0xffffffc6 fr.pc=0x000001ce7335f0a8 relative=0x0000000000000068
Event: 150.973 Thread 0x000001ce1a457220 Uncommon trap: reason=bimorphic_or_optimized_type_check action=maybe_recompile pc=0x000001ce7335f0a8 method=com.google.common.collect.ImmutableList.copyOf(Ljava/util/Collection;)Lcom/google/common/collect/ImmutableList; @ 16 c2
Event: 150.973 Thread 0x000001ce1a457220 DEOPT PACKING pc=0x000001ce7335f0a8 sp=0x000000456dafa1c0
Event: 150.973 Thread 0x000001ce1a457220 DEOPT UNPACKING pc=0x000001ce72d423a3 sp=0x000000456dafa168 mode 2
Event: 151.255 Thread 0x000001ce1a72aa20 Uncommon trap: trap_request=0xffffffc6 fr.pc=0x000001ce734ed9b8 relative=0x00000000000007d8
Event: 151.255 Thread 0x000001ce1a72aa20 Uncommon trap: reason=bimorphic_or_optimized_type_check action=maybe_recompile pc=0x000001ce734ed9b8 method=java.util.stream.MatchOps$MatchOp.evaluateSequential(Ljava/util/stream/PipelineHelper;Ljava/util/Spliterator;)Ljava/lang/Boolean; @ 14 c2
Event: 151.255 Thread 0x000001ce1a72aa20 DEOPT PACKING pc=0x000001ce734ed9b8 sp=0x000000456a9fb970
Event: 151.255 Thread 0x000001ce1a72aa20 DEOPT UNPACKING pc=0x000001ce72d423a3 sp=0x000000456a9fb8a8 mode 2
Event: 151.261 Thread 0x000001ce1a72aa20 Uncommon trap: trap_request=0xfffffff4 fr.pc=0x000001ce73822e04 relative=0x00000000000000e4
Event: 151.261 Thread 0x000001ce1a72aa20 Uncommon trap: reason=null_check action=make_not_entrant pc=0x000001ce73822e04 method=org.gradle.tooling.internal.provider.runner.ClientBuildEventGenerator$Disabled.accept(Lorg/gradle/internal/operations/BuildOperationDescriptor;)Lorg/gradle/tooling/inter
Event: 151.261 Thread 0x000001ce1a72aa20 DEOPT PACKING pc=0x000001ce73822e04 sp=0x000000456a9fb220
Event: 151.261 Thread 0x000001ce1a72aa20 DEOPT UNPACKING pc=0x000001ce72d423a3 sp=0x000000456a9fb1a8 mode 2

Classes unloaded (0 events):
No events

Classes redefined (0 events):
No events

Internal exceptions (20 events):
Event: 148.889 Thread 0x000001ce1a72aa20 Exception <a 'sun/nio/fs/WindowsException'{0x00000000ea0411b0}> (0x00000000ea0411b0) 
thrown [s\open\src\hotspot\share\prims\jni.cpp, line 516]
Event: 148.889 Thread 0x000001ce1a72aa20 Exception <a 'sun/nio/fs/WindowsException'{0x00000000ea042578}> (0x00000000ea042578) 
thrown [s\open\src\hotspot\share\prims\jni.cpp, line 516]
Event: 148.889 Thread 0x000001ce1a72aa20 Exception <a 'sun/nio/fs/WindowsException'{0x00000000ea043d30}> (0x00000000ea043d30) 
thrown [s\open\src\hotspot\share\prims\jni.cpp, line 516]
Event: 148.889 Thread 0x000001ce1a72aa20 Exception <a 'sun/nio/fs/WindowsException'{0x00000000ea045258}> (0x00000000ea045258) 
thrown [s\open\src\hotspot\share\prims\jni.cpp, line 516]
Event: 148.896 Thread 0x000001ce1a72aa20 Exception <a 'java/lang/ClassNotFoundException'{0x00000000ea0ed5a0}: settings_1dq2vovsykgvqc6alv28s5ly6BeanInfo> (0x00000000ea0ed5a0) 
thrown [s\open\src\hotspot\share\classfile\systemDictionary.cpp, line 256]
Event: 148.897 Thread 0x000001ce1a72aa20 Exception <a 'java/lang/ClassNotFoundException'{0x00000000ea0f3f18}: settings_1dq2vovsykgvqc6alv28s5ly6Customizer> (0x00000000ea0f3f18) 
thrown [s\open\src\hotspot\share\classfile\systemDictionary.cpp, line 256]
Event: 148.966 Thread 0x000001ce1a72aa20 Exception <a 'java/lang/ClassNotFoundException'{0x00000000e9e894b0}: build_4je6ebxsqd17m7msx0f7864spBeanInfo> (0x00000000e9e894b0) 
thrown [s\open\src\hotspot\share\classfile\systemDictionary.cpp, line 256]
Event: 148.966 Thread 0x000001ce1a72aa20 Exception <a 'java/lang/ClassNotFoundException'{0x00000000e9e8fe10}: build_4je6ebxsqd17m7msx0f7864spCustomizer> (0x00000000e9e8fe10) 
thrown [s\open\src\hotspot\share\classfile\systemDictionary.cpp, line 256]
Event: 149.040 Thread 0x000001ce1a72aa20 Exception <a 'java/lang/NoClassDefFoundError'{0x00000000e981fb78}: org/jetbrains/kotlin/gradle/plugin/KotlinPluginWrapper> (0x00000000e981fb78) 
thrown [s\open\src\hotspot\share\oops\constantPool.cpp, line 835]
Event: 149.040 Thread 0x000001ce1a72aa20 Exception <a 'java/lang/NoClassDefFoundError'{0x00000000e9822420}: org/graalvm/buildtools/gradle/NativeImagePlugin> (0x00000000e9822420) 
thrown [s\open\src\hotspot\share\oops\constantPool.cpp, line 835]
Event: 149.049 Thread 0x000001ce1a72aa20 Exception <a 'java/lang/ClassNotFoundException'{0x00000000e98cff80}: build_4je6ebxsqd17m7msx0f7864spBeanInfo> (0x00000000e98cff80) 
thrown [s\open\src\hotspot\share\classfile\systemDictionary.cpp, line 256]
Event: 149.049 Thread 0x000001ce1a72aa20 Exception <a 'java/lang/ClassNotFoundException'{0x00000000e98d6880}: build_4je6ebxsqd17m7msx0f7864spCustomizer> (0x00000000e98d6880) 
thrown [s\open\src\hotspot\share\classfile\systemDictionary.cpp, line 256]
Event: 150.948 Thread 0x000001ce7f1c1510 Exception <a 'java/lang/NoSuchMethodError'{0x00000000ef2ea588}: 'void java.lang.invoke.DirectMethodHandle$Holder.invokeVirtual(java.lang.Object, java.lang.Object)'> (0x00000000ef2ea588) 
thrown [s\open\src\hotspot\share\interpreter\linkResolver.cpp, line 759]
Event: 150.949 Thread 0x000001ce1c536f80 Exception <a 'java/lang/NoSuchMethodError'{0x00000000ef292958}: 'void java.lang.invoke.DirectMethodHandle$Holder.invokeVirtual(java.lang.Object, java.lang.Object)'> (0x00000000ef292958) 
thrown [s\open\src\hotspot\share\interpreter\linkResolver.cpp, line 759]
Event: 151.246 Thread 0x000001ce1da1e7d0 Exception <a 'sun/net/ConnectionResetException'{0x00000000ee9ccf88}: Connection reset> (0x00000000ee9ccf88) 
thrown [s\open\src\hotspot\share\prims\jni.cpp, line 535]
Event: 151.261 Thread 0x000001ce1a72aa20 Implicit null exception at 0x000001ce73822d60 to 0x000001ce73822df8
Event: 151.276 Thread 0x000001ce1a72aa20 Exception <a 'sun/nio/fs/WindowsException'{0x00000000ee8d7020}> (0x00000000ee8d7020) 
thrown [s\open\src\hotspot\share\prims\jni.cpp, line 516]
Event: 151.277 Thread 0x000001ce1a72aa20 Exception <a 'sun/nio/fs/WindowsException'{0x00000000ee8d83e8}> (0x00000000ee8d83e8) 
thrown [s\open\src\hotspot\share\prims\jni.cpp, line 516]
Event: 151.277 Thread 0x000001ce1a72aa20 Exception <a 'sun/nio/fs/WindowsException'{0x00000000ee8d9940}> (0x00000000ee8d9940) 
thrown [s\open\src\hotspot\share\prims\jni.cpp, line 516]
Event: 151.277 Thread 0x000001ce1a72aa20 Exception <a 'sun/nio/fs/WindowsException'{0x00000000ee8dae68}> (0x00000000ee8dae68) 
thrown [s\open\src\hotspot\share\prims\jni.cpp, line 516]

VM Operations (20 events):
Event: 148.969 Executing VM operation: ICBufferFull
Event: 148.969 Executing VM operation: ICBufferFull done
Event: 149.217 Executing VM operation: ICBufferFull
Event: 149.218 Executing VM operation: ICBufferFull done
Event: 149.646 Executing VM operation: G1CollectForAllocation
Event: 149.656 Executing VM operation: G1CollectForAllocation done
Event: 150.622 Executing VM operation: ICBufferFull
Event: 150.623 Executing VM operation: ICBufferFull done
Event: 150.708 Executing VM operation: HandshakeAllThreads
Event: 150.708 Executing VM operation: HandshakeAllThreads done
Event: 150.729 Executing VM operation: HandshakeAllThreads
Event: 150.729 Executing VM operation: HandshakeAllThreads done
Event: 150.747 Executing VM operation: HandshakeAllThreads
Event: 150.747 Executing VM operation: HandshakeAllThreads done
Event: 150.805 Executing VM operation: ICBufferFull
Event: 150.805 Executing VM operation: ICBufferFull done
Event: 150.896 Executing VM operation: G1CollectForAllocation
Event: 150.908 Executing VM operation: G1CollectForAllocation done
Event: 151.295 Executing VM operation: ICBufferFull
Event: 151.297 Executing VM operation: ICBufferFull done

Events (20 events):
Event: 151.239 Thread 0x000001ce1da1b020 Thread added: 0x000001ce1da1b020
Event: 151.241 Thread 0x000001ce1da1b020 Thread exited: 0x000001ce1da1b020
Event: 151.242 loading class sun/net/ConnectionResetException
Event: 151.242 Thread 0x000001ce1da20120 Thread added: 0x000001ce1da20120
Event: 151.243 Thread 0x000001ce1da1c460 Thread added: 0x000001ce1da1c460
Event: 151.244 Thread 0x000001ce1da20630 Thread added: 0x000001ce1da20630
Event: 151.245 loading class sun/net/ConnectionResetException done
Event: 151.246 Thread 0x000001ce1da1e7d0 Thread exited: 0x000001ce1da1e7d0
Event: 151.263 Thread 0x000001ce1da1d8a0 Thread added: 0x000001ce1da1d8a0
Event: 151.265 Thread 0x000001ce1da1f700 Thread added: 0x000001ce1da1f700
Event: 151.267 Thread 0x000001ce1da1b020 Thread added: 0x000001ce1da1b020
Event: 151.268 Thread 0x000001ce1da1e2c0 Thread added: 0x000001ce1da1e2c0
Event: 151.282 Thread 0x000001ce1da20b40 Thread added: 0x000001ce1da20b40
Event: 151.327 Thread 0x000001ce1da21050 Thread added: 0x000001ce1da21050
Event: 151.352 Thread 0x000001ce1da1e7d0 Thread added: 0x000001ce1da1e7d0
Event: 151.352 Thread 0x000001ce1da1ce80 Thread added: 0x000001ce1da1ce80
Event: 151.352 Thread 0x000001ce1da21a70 Thread added: 0x000001ce1da21a70
Event: 151.352 Thread 0x000001ce1da1bf50 Thread added: 0x000001ce1da1bf50
Event: 151.352 Thread 0x000001ce1da1b530 Thread added: 0x000001ce1da1b530
Event: 151.352 Thread 0x000001ce1da1fc10 Thread added: 0x000001ce1da1fc10


Dynamic libraries:
0x00007ff7381f0000 - 0x00007ff738200000 	C:\Java\jdk-17.0.10\bin\java.exe
0x00007fff414d0000 - 0x00007fff416c5000 	C:\Windows\SYSTEM32\ntdll.dll
0x00007fff3f7d0000 - 0x00007fff3f88d000 	C:\Windows\System32\KERNEL32.DLL
0x00007fff3f050000 - 0x00007fff3f319000 	C:\Windows\System32\KERNELBASE.dll
0x00007fff3ee40000 - 0x00007fff3ef40000 	C:\Windows\System32\ucrtbase.dll
0x00007fff3a6f0000 - 0x00007fff3a70b000 	C:\Java\jdk-17.0.10\bin\VCRUNTIME140.dll
0x00007fff3a7c0000 - 0x00007fff3a7d9000 	C:\Java\jdk-17.0.10\bin\jli.dll
0x00007fff40410000 - 0x00007fff404bc000 	C:\Windows\System32\ADVAPI32.dll
0x00007fff3fb80000 - 0x00007fff3fc1e000 	C:\Windows\System32\msvcrt.dll
0x00007fff3f680000 - 0x00007fff3f71c000 	C:\Windows\System32\sechost.dll
0x00007fff3f550000 - 0x00007fff3f67b000 	C:\Windows\System32\RPCRT4.dll
0x00007fff40c10000 - 0x00007fff40db0000 	C:\Windows\System32\USER32.dll
0x00007fff3ee10000 - 0x00007fff3ee32000 	C:\Windows\System32\win32u.dll
0x00007fff40f50000 - 0x00007fff40f7a000 	C:\Windows\System32\GDI32.dll
0x00007fff269a0000 - 0x00007fff26c3a000 	C:\Windows\WinSxS\amd64_microsoft.windows.common-controls_6595b64144ccf1df_6.0.19041.844_none_ca00b6081b84eb1d\COMCTL32.dll
0x00007fff3ef40000 - 0x00007fff3f04b000 	C:\Windows\System32\gdi32full.dll
0x00007fff3ec60000 - 0x00007fff3ecfd000 	C:\Windows\System32\msvcp_win.dll
0x00007fff38030000 - 0x00007fff3803a000 	C:\Windows\SYSTEM32\VERSION.dll
0x00007fff40f20000 - 0x00007fff40f50000 	C:\Windows\System32\IMM32.DLL
0x00007fff3a8f0000 - 0x00007fff3a8fc000 	C:\Java\jdk-17.0.10\bin\vcruntime140_1.dll
0x00007fff0ae00000 - 0x00007fff0ae8e000 	C:\Java\jdk-17.0.10\bin\msvcp140.dll
0x00007ffefd680000 - 0x00007ffefe25f000 	C:\Java\jdk-17.0.10\bin\server\jvm.dll
0x00007fff41480000 - 0x00007fff41488000 	C:\Windows\System32\PSAPI.DLL
0x00007fff30340000 - 0x00007fff30349000 	C:\Windows\SYSTEM32\WSOCK32.dll
0x00007fff311d0000 - 0x00007fff311f7000 	C:\Windows\SYSTEM32\WINMM.dll
0x00007fff403a0000 - 0x00007fff4040b000 	C:\Windows\System32\WS2_32.dll
0x00007fff3ca70000 - 0x00007fff3ca82000 	C:\Windows\SYSTEM32\kernel.appcore.dll
0x00007fff3a690000 - 0x00007fff3a69a000 	C:\Java\jdk-17.0.10\bin\jimage.dll
0x00007fff31f80000 - 0x00007fff32164000 	C:\Windows\SYSTEM32\DBGHELP.DLL
0x00007fff32a90000 - 0x00007fff32abc000 	C:\Windows\SYSTEM32\dbgcore.DLL
0x00007fff3f350000 - 0x00007fff3f3d0000 	C:\Windows\System32\bcryptPrimitives.dll
0x00007fff38050000 - 0x00007fff3805e000 	C:\Java\jdk-17.0.10\bin\instrument.dll
0x00007fff3a660000 - 0x00007fff3a685000 	C:\Java\jdk-17.0.10\bin\java.dll
0x00007fff09e20000 - 0x00007fff09ef7000 	C:\Java\jdk-17.0.10\bin\jsvml.dll
0x00007fff404c0000 - 0x00007fff40c02000 	C:\Windows\System32\SHELL32.dll
0x00007fff3cd50000 - 0x00007fff3d4e0000 	C:\Windows\SYSTEM32\windows.storage.dll
0x00007fff40f80000 - 0x00007fff412d5000 	C:\Windows\System32\combase.dll
0x00007fff3e4f0000 - 0x00007fff3e51c000 	C:\Windows\SYSTEM32\Wldp.dll
0x00007fff40150000 - 0x00007fff401fe000 	C:\Windows\System32\SHCORE.dll
0x00007fff3fc20000 - 0x00007fff3fc75000 	C:\Windows\System32\shlwapi.dll
0x00007fff3eb50000 - 0x00007fff3eb6f000 	C:\Windows\SYSTEM32\profapi.dll
0x00007fff3a4d0000 - 0x00007fff3a4e8000 	C:\Java\jdk-17.0.10\bin\zip.dll
0x00007fff3a560000 - 0x00007fff3a579000 	C:\Java\jdk-17.0.10\bin\net.dll
0x00007fff38840000 - 0x00007fff3894c000 	C:\Windows\SYSTEM32\WINHTTP.dll
0x00007fff3e2d0000 - 0x00007fff3e33a000 	C:\Windows\system32\mswsock.dll
0x00007fff3a540000 - 0x00007fff3a556000 	C:\Java\jdk-17.0.10\bin\nio.dll
0x00007fff395d0000 - 0x00007fff395e0000 	C:\Java\jdk-17.0.10\bin\verify.dll
0x00007fff39140000 - 0x00007fff39167000 	C:\Java\gradle-8.5\native\c067742578af261105cb4f569cf0c3c89f3d7b1fecec35dd04571415982c5e48\windows-amd64\native-platform.dll
0x00007fff09080000 - 0x00007fff091c4000 	C:\Java\gradle-8.5\native\38dada09dfb8b06ba9b0570ebf7e218e3eb74d4ef43ca46872605cf95ebc2f47\windows-amd64\native-platform-file-events.dll
0x00007fff360f0000 - 0x00007fff360fa000 	C:\Java\jdk-17.0.10\bin\management.dll
0x00007fff33490000 - 0x00007fff3349b000 	C:\Java\jdk-17.0.10\bin\management_ext.dll
0x00007fff3e560000 - 0x00007fff3e578000 	C:\Windows\SYSTEM32\CRYPTSP.dll
0x00007fff3dc90000 - 0x00007fff3dcc4000 	C:\Windows\system32\rsaenh.dll
0x00007fff3f320000 - 0x00007fff3f347000 	C:\Windows\System32\bcrypt.dll
0x00007fff3eb10000 - 0x00007fff3eb3e000 	C:\Windows\SYSTEM32\USERENV.dll
0x00007fff3e450000 - 0x00007fff3e45c000 	C:\Windows\SYSTEM32\CRYPTBASE.dll
0x00007fff3dfe0000 - 0x00007fff3e01b000 	C:\Windows\SYSTEM32\IPHLPAPI.DLL
0x00007fff40200000 - 0x00007fff40208000 	C:\Windows\System32\NSI.dll
0x00007fff38820000 - 0x00007fff38837000 	C:\Windows\SYSTEM32\dhcpcsvc6.DLL
0x00007fff38780000 - 0x00007fff3879d000 	C:\Windows\SYSTEM32\dhcpcsvc.DLL
0x00007fff3e020000 - 0x00007fff3e0eb000 	C:\Windows\SYSTEM32\DNSAPI.dll
0x00007fff33480000 - 0x00007fff3348e000 	C:\Java\jdk-17.0.10\bin\sunmscapi.dll
0x00007fff3f3d0000 - 0x00007fff3f52f000 	C:\Windows\System32\CRYPT32.dll
0x00007fff3e5a0000 - 0x00007fff3e5c7000 	C:\Windows\SYSTEM32\ncrypt.dll
0x00007fff3e520000 - 0x00007fff3e55b000 	C:\Windows\SYSTEM32\NTASN1.dll
0x00007fff3a4c0000 - 0x00007fff3a4c7000 	C:\Windows\system32\wshunix.dll

dbghelp: loaded successfully - version: 4.0.5 - missing functions: none
symbol engine: initialized successfully - sym options: 0x614 - pdb path: .;C:\Java\jdk-17.0.10\bin;C:\Windows\SYSTEM32;C:\Windows\WinSxS\amd64_microsoft.windows.common-controls_6595b64144ccf1df_6.0.19041.844_none_ca00b6081b84eb1d;C:\Java\jdk-17.0.10\bin\server;C:\Java\gradle-8.5\native\c067742578af261105cb4f569cf0c3c89f3d7b1fecec35dd04571415982c5e48\windows-amd64;C:\Java\gradle-8.5\native\38dada09dfb8b06ba9b0570ebf7e218e3eb74d4ef43ca46872605cf95ebc2f47\windows-amd64

VM Arguments:
jvm_args: --add-opens=java.base/java.util=ALL-UNNAMED --add-opens=java.base/java.lang=ALL-UNNAMED --add-opens=java.base/java.lang.invoke=ALL-UNNAMED --add-opens=java.prefs/java.util.prefs=ALL-UNNAMED --add-opens=java.base/java.nio.charset=ALL-UNNAMED --add-opens=java.base/java.net=ALL-UNNAMED --add-opens=java.base/java.util.concurrent.atomic=ALL-UNNAMED -XX:MaxMetaspaceSize=384m -XX:+HeapDumpOnOutOfMemoryError -Xms256m -Xmx512m -Dfile.encoding=windows-1252 -Duser.country=US -Duser.language=en -Duser.variant -javaagent:C:\Java\gradle-8.5\lib\agents\gradle-instrumentation-agent-8.5.jar 
java_command: org.gradle.launcher.daemon.bootstrap.GradleDaemon 8.5
java_class_path (initial): C:\Java\gradle-8.5\lib\gradle-launcher-8.5.jar
Launcher Type: SUN_STANDARD

[Global flags]
     intx CICompilerCount                          = 4                                         {product} {ergonomic}
   size_t CompressedClassSpaceSize                 = 335544320                                 {product} {ergonomic}
     uint ConcGCThreads                            = 3                                         {product} {ergonomic}
     uint G1ConcRefinementThreads                  = 10                                        {product} {ergonomic}
   size_t G1HeapRegionSize                         = 1048576                                   {product} {ergonomic}
    uintx GCDrainStackTargetSize                   = 64                                        {product} {ergonomic}
     bool HeapDumpOnOutOfMemoryError               = true                                   {manageable} {command line}
   size_t InitialHeapSize                          = 268435456                                 {product} {command line}
   size_t MarkStackSize                            = 4194304                                   {product} {ergonomic}
   size_t MaxHeapSize                              = 536870912                                 {product} {command line}
   size_t MaxMetaspaceSize                         = 402653184                                 {product} {command line}
   size_t MaxNewSize                               = 321912832                                 {product} {ergonomic}
   size_t MinHeapDeltaBytes                        = 1048576                                   {product} {ergonomic}
   size_t MinHeapSize                              = 268435456                                 {product} {command line}
    uintx NonNMethodCodeHeapSize                   = 5839372                                {pd product} {ergonomic}
    uintx NonProfiledCodeHeapSize                  = 122909434                              {pd product} {ergonomic}
    uintx ProfiledCodeHeapSize                     = 122909434                              {pd product} {ergonomic}
    uintx ReservedCodeCacheSize                    = 251658240                              {pd product} {ergonomic}
     bool SegmentedCodeCache                       = true                                      {product} {ergonomic}
   size_t SoftMaxHeapSize                          = 536870912                              {manageable} {ergonomic}
     bool UseCompressedClassPointers               = true                           {product lp64_product} {ergonomic}
     bool UseCompressedOops                        = true                           {product lp64_product} {ergonomic}
     bool UseG1GC                                  = true                                      {product} {ergonomic}
     bool UseLargePagesIndividualAllocation        = false                                  {pd product} {ergonomic}

Logging:
Log output configuration:
 #0: stdout all=warning uptime,level,tags
 #1: stderr all=off uptime,level,tags

Environment Variables:
JAVA_HOME=C:\Java\jdk-17.0.10
PATH=C:\Python\Python312\Scripts\;C:\Python\Python312\;C:\Program Files\Common Files\Oracle\Java\javapath;C:\Program Files\copasi.org\COPASI 4.30.240\bin;C:\Program Files (x86)\Common Files\Intel\Shared Files\cpp\bin\Intel64;C:\ProgramData\Anaconda3;C:\ProgramData\Anaconda3\Library\mingw-w64\bin;C:\ProgramData\Anaconda3\Library\usr\bin;C:\ProgramData\Anaconda3\Library\bin;C:\ProgramData\Anaconda3\Scripts;C:\Windows\system32;C:\Windows;C:\Windows\System32\Wbem;C:\Windows\System32\WindowsPowerShell\v1.0\;C:\Windows\System32\OpenSSH\;C:\Program Files\MATLAB\R2013a\runtime\win64;C:\Program Files\MATLAB\R2013a\bin;C:\Program Files\java\jdk-11.0.9\bin;C:\Program Files\MongoDB\Server\4.4\bin;C:\Program Files\Git\cmd;C:\Program Files (x86)\Microsoft SQL Server\Client SDK\ODBC\110\Tools\Binn\;C:\Program Files (x86)\Microsoft SQL Server\120\Tools\Binn\;C:\Program Files (x86)\Microsoft SQL Server\120\DTS\Binn\;C:\Program Files\Microsoft SQL Server\130\Tools\Binn\;C:\Program Files\dotnet\;C:\Program Files\Microsoft SQL Server\Client SDK\ODBC\170\Tools\Binn\;C:\Program Files (x86)\Microsoft SQL Server\150\Tools\Binn\;C:\Program Files\Microsoft SQL Server\150\Tools\Binn\;C:\Program Files (x86)\Microsoft SQL Server\150\DTS\Binn\;C:\Program Files\Microsoft SQL Server\150\DTS\Binn\;C:\Program Files\Azure Data Studio\bin;C:\Program Files\Docker\Docker\resources\bin;C:\Users\Student\AppData\Local\Microsoft\WindowsApps;;C:\Users\Student\AppData\Local\Programs\Microsoft VS Code\bin;C:\Users\Student\.dotnet\tools;C:\Program Files\Azure Data Studio\bin;C:\Users\Student\AppData\Local\Programs\mongosh\
USERNAME=Student
OS=Windows_NT
PROCESSOR_IDENTIFIER=Intel64 Family 6 Model 165 Stepping 3, GenuineIntel



---------------  S Y S T E M  ---------------

OS:
 Windows 10 , 64 bit Build 19041 (10.0.19041.804)
OS uptime: 0 days 2:45 hours
Hyper-V role detected

CPU: total 12 (initial active 12) (6 cores per cpu, 2 threads per core) family 6 model 165 stepping 3 microcode 0xe0, cx8, cmov, fxsr, ht, mmx, 3dnowpref, sse, sse2, sse3, ssse3, sse4.1, sse4.2, popcnt, lzcnt, tsc, tscinvbit, avx, avx2, aes, erms, clmul, bmi1, bmi2, adx, fma, vzeroupper, clflush, clflushopt, hv

Memory: 4k page, system-wide physical 7939M (741M free)
TotalPageFile size 11539M (AvailPageFile size 2M)
current process WorkingSet (physical memory assigned to process): 420M, peak: 426M
current process commit charge ("private bytes"): 510M, peak: 522M

vm_info: Java HotSpot(TM) 64-Bit Server VM (17.0.10+11-LTS-240) for windows-amd64 JRE (17.0.10+11-LTS-240), built on Dec 19 2023 21:47:25 by "mach5one" with MS VC++ 17.1 (VS2022)

END.
